[2022-08-22 00:00:05,258] {processor.py:153} INFO - Started process (PID=1113) to work on /opt/airflow/dags/dbConnector.py
[2022-08-22 00:00:05,258] {processor.py:641} INFO - Processing file /opt/airflow/dags/dbConnector.py for tasks to queue
[2022-08-22 00:00:05,259] {logging_mixin.py:115} INFO - [2022-08-22 00:00:05,259] {dagbag.py:508} INFO - Filling up the DagBag from /opt/airflow/dags/dbConnector.py
[2022-08-22 00:00:05,590] {processor.py:653} WARNING - No viable dags retrieved from /opt/airflow/dags/dbConnector.py
[2022-08-22 00:00:05,604] {processor.py:161} INFO - Processing /opt/airflow/dags/dbConnector.py took 0.351 seconds
[2022-08-22 00:00:35,696] {processor.py:153} INFO - Started process (PID=1137) to work on /opt/airflow/dags/dbConnector.py
[2022-08-22 00:00:35,703] {processor.py:641} INFO - Processing file /opt/airflow/dags/dbConnector.py for tasks to queue
[2022-08-22 00:00:35,704] {logging_mixin.py:115} INFO - [2022-08-22 00:00:35,704] {dagbag.py:508} INFO - Filling up the DagBag from /opt/airflow/dags/dbConnector.py
[2022-08-22 00:00:36,011] {processor.py:653} WARNING - No viable dags retrieved from /opt/airflow/dags/dbConnector.py
[2022-08-22 00:00:36,025] {processor.py:161} INFO - Processing /opt/airflow/dags/dbConnector.py took 0.334 seconds
[2022-08-22 00:01:06,111] {processor.py:153} INFO - Started process (PID=1170) to work on /opt/airflow/dags/dbConnector.py
[2022-08-22 00:01:06,119] {processor.py:641} INFO - Processing file /opt/airflow/dags/dbConnector.py for tasks to queue
[2022-08-22 00:01:06,120] {logging_mixin.py:115} INFO - [2022-08-22 00:01:06,120] {dagbag.py:508} INFO - Filling up the DagBag from /opt/airflow/dags/dbConnector.py
[2022-08-22 00:01:06,431] {processor.py:653} WARNING - No viable dags retrieved from /opt/airflow/dags/dbConnector.py
[2022-08-22 00:01:06,446] {processor.py:161} INFO - Processing /opt/airflow/dags/dbConnector.py took 0.339 seconds
[2022-08-22 00:01:36,546] {processor.py:153} INFO - Started process (PID=1203) to work on /opt/airflow/dags/dbConnector.py
[2022-08-22 00:01:36,561] {processor.py:641} INFO - Processing file /opt/airflow/dags/dbConnector.py for tasks to queue
[2022-08-22 00:01:36,561] {logging_mixin.py:115} INFO - [2022-08-22 00:01:36,561] {dagbag.py:508} INFO - Filling up the DagBag from /opt/airflow/dags/dbConnector.py
[2022-08-22 00:01:36,890] {processor.py:653} WARNING - No viable dags retrieved from /opt/airflow/dags/dbConnector.py
[2022-08-22 00:01:36,901] {processor.py:161} INFO - Processing /opt/airflow/dags/dbConnector.py took 0.357 seconds
[2022-08-22 00:02:06,984] {processor.py:153} INFO - Started process (PID=1227) to work on /opt/airflow/dags/dbConnector.py
[2022-08-22 00:02:06,994] {processor.py:641} INFO - Processing file /opt/airflow/dags/dbConnector.py for tasks to queue
[2022-08-22 00:02:06,994] {logging_mixin.py:115} INFO - [2022-08-22 00:02:06,994] {dagbag.py:508} INFO - Filling up the DagBag from /opt/airflow/dags/dbConnector.py
[2022-08-22 00:02:07,293] {processor.py:653} WARNING - No viable dags retrieved from /opt/airflow/dags/dbConnector.py
[2022-08-22 00:02:07,306] {processor.py:161} INFO - Processing /opt/airflow/dags/dbConnector.py took 0.326 seconds
[2022-08-22 00:02:37,421] {processor.py:153} INFO - Started process (PID=1260) to work on /opt/airflow/dags/dbConnector.py
[2022-08-22 00:02:37,426] {processor.py:641} INFO - Processing file /opt/airflow/dags/dbConnector.py for tasks to queue
[2022-08-22 00:02:37,427] {logging_mixin.py:115} INFO - [2022-08-22 00:02:37,427] {dagbag.py:508} INFO - Filling up the DagBag from /opt/airflow/dags/dbConnector.py
[2022-08-22 00:02:37,731] {processor.py:653} WARNING - No viable dags retrieved from /opt/airflow/dags/dbConnector.py
[2022-08-22 00:02:37,743] {processor.py:161} INFO - Processing /opt/airflow/dags/dbConnector.py took 0.324 seconds
[2022-08-22 00:03:07,859] {processor.py:153} INFO - Started process (PID=1284) to work on /opt/airflow/dags/dbConnector.py
[2022-08-22 00:03:07,868] {processor.py:641} INFO - Processing file /opt/airflow/dags/dbConnector.py for tasks to queue
[2022-08-22 00:03:07,868] {logging_mixin.py:115} INFO - [2022-08-22 00:03:07,868] {dagbag.py:508} INFO - Filling up the DagBag from /opt/airflow/dags/dbConnector.py
[2022-08-22 00:03:08,184] {processor.py:653} WARNING - No viable dags retrieved from /opt/airflow/dags/dbConnector.py
[2022-08-22 00:03:08,195] {processor.py:161} INFO - Processing /opt/airflow/dags/dbConnector.py took 0.340 seconds
[2022-08-22 00:03:38,302] {processor.py:153} INFO - Started process (PID=1317) to work on /opt/airflow/dags/dbConnector.py
[2022-08-22 00:03:38,319] {processor.py:641} INFO - Processing file /opt/airflow/dags/dbConnector.py for tasks to queue
[2022-08-22 00:03:38,320] {logging_mixin.py:115} INFO - [2022-08-22 00:03:38,320] {dagbag.py:508} INFO - Filling up the DagBag from /opt/airflow/dags/dbConnector.py
[2022-08-22 00:03:38,629] {processor.py:653} WARNING - No viable dags retrieved from /opt/airflow/dags/dbConnector.py
[2022-08-22 00:03:38,645] {processor.py:161} INFO - Processing /opt/airflow/dags/dbConnector.py took 0.348 seconds
[2022-08-22 00:04:08,731] {processor.py:153} INFO - Started process (PID=1350) to work on /opt/airflow/dags/dbConnector.py
[2022-08-22 00:04:08,735] {processor.py:641} INFO - Processing file /opt/airflow/dags/dbConnector.py for tasks to queue
[2022-08-22 00:04:08,735] {logging_mixin.py:115} INFO - [2022-08-22 00:04:08,735] {dagbag.py:508} INFO - Filling up the DagBag from /opt/airflow/dags/dbConnector.py
[2022-08-22 00:04:09,027] {processor.py:653} WARNING - No viable dags retrieved from /opt/airflow/dags/dbConnector.py
[2022-08-22 00:04:09,042] {processor.py:161} INFO - Processing /opt/airflow/dags/dbConnector.py took 0.315 seconds
[2022-08-22 00:04:39,488] {processor.py:153} INFO - Started process (PID=1375) to work on /opt/airflow/dags/dbConnector.py
[2022-08-22 00:04:39,492] {processor.py:641} INFO - Processing file /opt/airflow/dags/dbConnector.py for tasks to queue
[2022-08-22 00:04:39,493] {logging_mixin.py:115} INFO - [2022-08-22 00:04:39,493] {dagbag.py:508} INFO - Filling up the DagBag from /opt/airflow/dags/dbConnector.py
[2022-08-22 00:04:39,791] {processor.py:653} WARNING - No viable dags retrieved from /opt/airflow/dags/dbConnector.py
[2022-08-22 00:04:39,803] {processor.py:161} INFO - Processing /opt/airflow/dags/dbConnector.py took 0.317 seconds
[2022-08-22 00:05:09,991] {processor.py:153} INFO - Started process (PID=1408) to work on /opt/airflow/dags/dbConnector.py
[2022-08-22 00:05:09,992] {processor.py:641} INFO - Processing file /opt/airflow/dags/dbConnector.py for tasks to queue
[2022-08-22 00:05:09,993] {logging_mixin.py:115} INFO - [2022-08-22 00:05:09,992] {dagbag.py:508} INFO - Filling up the DagBag from /opt/airflow/dags/dbConnector.py
[2022-08-22 00:05:10,285] {processor.py:653} WARNING - No viable dags retrieved from /opt/airflow/dags/dbConnector.py
[2022-08-22 00:05:10,293] {processor.py:161} INFO - Processing /opt/airflow/dags/dbConnector.py took 0.306 seconds
[2022-08-22 00:05:40,537] {processor.py:153} INFO - Started process (PID=1441) to work on /opt/airflow/dags/dbConnector.py
[2022-08-22 00:05:40,538] {processor.py:641} INFO - Processing file /opt/airflow/dags/dbConnector.py for tasks to queue
[2022-08-22 00:05:40,538] {logging_mixin.py:115} INFO - [2022-08-22 00:05:40,538] {dagbag.py:508} INFO - Filling up the DagBag from /opt/airflow/dags/dbConnector.py
[2022-08-22 00:05:40,830] {processor.py:653} WARNING - No viable dags retrieved from /opt/airflow/dags/dbConnector.py
[2022-08-22 00:05:40,845] {processor.py:161} INFO - Processing /opt/airflow/dags/dbConnector.py took 0.309 seconds
[2022-08-22 00:06:11,006] {processor.py:153} INFO - Started process (PID=1465) to work on /opt/airflow/dags/dbConnector.py
[2022-08-22 00:06:11,006] {processor.py:641} INFO - Processing file /opt/airflow/dags/dbConnector.py for tasks to queue
[2022-08-22 00:06:11,006] {logging_mixin.py:115} INFO - [2022-08-22 00:06:11,006] {dagbag.py:508} INFO - Filling up the DagBag from /opt/airflow/dags/dbConnector.py
[2022-08-22 00:06:11,324] {processor.py:653} WARNING - No viable dags retrieved from /opt/airflow/dags/dbConnector.py
[2022-08-22 00:06:11,339] {processor.py:161} INFO - Processing /opt/airflow/dags/dbConnector.py took 0.338 seconds
[2022-08-22 00:06:41,504] {processor.py:153} INFO - Started process (PID=1498) to work on /opt/airflow/dags/dbConnector.py
[2022-08-22 00:06:41,517] {processor.py:641} INFO - Processing file /opt/airflow/dags/dbConnector.py for tasks to queue
[2022-08-22 00:06:41,518] {logging_mixin.py:115} INFO - [2022-08-22 00:06:41,517] {dagbag.py:508} INFO - Filling up the DagBag from /opt/airflow/dags/dbConnector.py
[2022-08-22 00:06:41,811] {processor.py:653} WARNING - No viable dags retrieved from /opt/airflow/dags/dbConnector.py
[2022-08-22 00:06:41,827] {processor.py:161} INFO - Processing /opt/airflow/dags/dbConnector.py took 0.326 seconds
[2022-08-22 00:07:12,071] {processor.py:153} INFO - Started process (PID=1532) to work on /opt/airflow/dags/dbConnector.py
[2022-08-22 00:07:12,093] {processor.py:641} INFO - Processing file /opt/airflow/dags/dbConnector.py for tasks to queue
[2022-08-22 00:07:12,094] {logging_mixin.py:115} INFO - [2022-08-22 00:07:12,094] {dagbag.py:508} INFO - Filling up the DagBag from /opt/airflow/dags/dbConnector.py
[2022-08-22 00:07:12,519] {processor.py:653} WARNING - No viable dags retrieved from /opt/airflow/dags/dbConnector.py
[2022-08-22 00:07:12,534] {processor.py:161} INFO - Processing /opt/airflow/dags/dbConnector.py took 0.523 seconds
[2022-08-22 00:07:42,594] {processor.py:153} INFO - Started process (PID=1556) to work on /opt/airflow/dags/dbConnector.py
[2022-08-22 00:07:42,595] {processor.py:641} INFO - Processing file /opt/airflow/dags/dbConnector.py for tasks to queue
[2022-08-22 00:07:42,595] {logging_mixin.py:115} INFO - [2022-08-22 00:07:42,595] {dagbag.py:508} INFO - Filling up the DagBag from /opt/airflow/dags/dbConnector.py
[2022-08-22 00:07:42,878] {processor.py:653} WARNING - No viable dags retrieved from /opt/airflow/dags/dbConnector.py
[2022-08-22 00:07:42,893] {processor.py:161} INFO - Processing /opt/airflow/dags/dbConnector.py took 0.302 seconds
[2022-08-22 00:08:12,996] {processor.py:153} INFO - Started process (PID=1589) to work on /opt/airflow/dags/dbConnector.py
[2022-08-22 00:08:12,997] {processor.py:641} INFO - Processing file /opt/airflow/dags/dbConnector.py for tasks to queue
[2022-08-22 00:08:12,998] {logging_mixin.py:115} INFO - [2022-08-22 00:08:12,998] {dagbag.py:508} INFO - Filling up the DagBag from /opt/airflow/dags/dbConnector.py
[2022-08-22 00:08:13,286] {processor.py:653} WARNING - No viable dags retrieved from /opt/airflow/dags/dbConnector.py
[2022-08-22 00:08:13,301] {processor.py:161} INFO - Processing /opt/airflow/dags/dbConnector.py took 0.309 seconds
[2022-08-22 00:08:43,499] {processor.py:153} INFO - Started process (PID=1620) to work on /opt/airflow/dags/dbConnector.py
[2022-08-22 00:08:43,499] {processor.py:641} INFO - Processing file /opt/airflow/dags/dbConnector.py for tasks to queue
[2022-08-22 00:08:43,499] {logging_mixin.py:115} INFO - [2022-08-22 00:08:43,499] {dagbag.py:508} INFO - Filling up the DagBag from /opt/airflow/dags/dbConnector.py
[2022-08-22 00:08:43,798] {processor.py:653} WARNING - No viable dags retrieved from /opt/airflow/dags/dbConnector.py
[2022-08-22 00:08:43,811] {processor.py:161} INFO - Processing /opt/airflow/dags/dbConnector.py took 0.314 seconds
[2022-08-22 00:09:14,071] {processor.py:153} INFO - Started process (PID=1646) to work on /opt/airflow/dags/dbConnector.py
[2022-08-22 00:09:14,072] {processor.py:641} INFO - Processing file /opt/airflow/dags/dbConnector.py for tasks to queue
[2022-08-22 00:09:14,073] {logging_mixin.py:115} INFO - [2022-08-22 00:09:14,072] {dagbag.py:508} INFO - Filling up the DagBag from /opt/airflow/dags/dbConnector.py
[2022-08-22 00:09:14,374] {processor.py:653} WARNING - No viable dags retrieved from /opt/airflow/dags/dbConnector.py
[2022-08-22 00:09:14,390] {processor.py:161} INFO - Processing /opt/airflow/dags/dbConnector.py took 0.323 seconds
[2022-08-22 00:09:44,520] {processor.py:153} INFO - Started process (PID=1679) to work on /opt/airflow/dags/dbConnector.py
[2022-08-22 00:09:44,521] {processor.py:641} INFO - Processing file /opt/airflow/dags/dbConnector.py for tasks to queue
[2022-08-22 00:09:44,522] {logging_mixin.py:115} INFO - [2022-08-22 00:09:44,522] {dagbag.py:508} INFO - Filling up the DagBag from /opt/airflow/dags/dbConnector.py
[2022-08-22 00:09:44,833] {processor.py:653} WARNING - No viable dags retrieved from /opt/airflow/dags/dbConnector.py
[2022-08-22 00:09:44,849] {processor.py:161} INFO - Processing /opt/airflow/dags/dbConnector.py took 0.332 seconds
[2022-08-22 00:10:15,016] {processor.py:153} INFO - Started process (PID=1703) to work on /opt/airflow/dags/dbConnector.py
[2022-08-22 00:10:15,017] {processor.py:641} INFO - Processing file /opt/airflow/dags/dbConnector.py for tasks to queue
[2022-08-22 00:10:15,017] {logging_mixin.py:115} INFO - [2022-08-22 00:10:15,017] {dagbag.py:508} INFO - Filling up the DagBag from /opt/airflow/dags/dbConnector.py
[2022-08-22 00:10:15,325] {processor.py:653} WARNING - No viable dags retrieved from /opt/airflow/dags/dbConnector.py
[2022-08-22 00:10:15,339] {processor.py:161} INFO - Processing /opt/airflow/dags/dbConnector.py took 0.328 seconds
[2022-08-22 00:10:45,486] {processor.py:153} INFO - Started process (PID=1736) to work on /opt/airflow/dags/dbConnector.py
[2022-08-22 00:10:45,486] {processor.py:641} INFO - Processing file /opt/airflow/dags/dbConnector.py for tasks to queue
[2022-08-22 00:10:45,487] {logging_mixin.py:115} INFO - [2022-08-22 00:10:45,486] {dagbag.py:508} INFO - Filling up the DagBag from /opt/airflow/dags/dbConnector.py
[2022-08-22 00:10:45,771] {processor.py:653} WARNING - No viable dags retrieved from /opt/airflow/dags/dbConnector.py
[2022-08-22 00:10:45,783] {processor.py:161} INFO - Processing /opt/airflow/dags/dbConnector.py took 0.302 seconds
[2022-08-22 00:11:15,986] {processor.py:153} INFO - Started process (PID=1769) to work on /opt/airflow/dags/dbConnector.py
[2022-08-22 00:11:15,986] {processor.py:641} INFO - Processing file /opt/airflow/dags/dbConnector.py for tasks to queue
[2022-08-22 00:11:15,987] {logging_mixin.py:115} INFO - [2022-08-22 00:11:15,987] {dagbag.py:508} INFO - Filling up the DagBag from /opt/airflow/dags/dbConnector.py
[2022-08-22 00:11:16,267] {processor.py:653} WARNING - No viable dags retrieved from /opt/airflow/dags/dbConnector.py
[2022-08-22 00:11:16,280] {processor.py:161} INFO - Processing /opt/airflow/dags/dbConnector.py took 0.297 seconds
[2022-08-22 00:11:46,395] {processor.py:153} INFO - Started process (PID=1793) to work on /opt/airflow/dags/dbConnector.py
[2022-08-22 00:11:46,395] {processor.py:641} INFO - Processing file /opt/airflow/dags/dbConnector.py for tasks to queue
[2022-08-22 00:11:46,396] {logging_mixin.py:115} INFO - [2022-08-22 00:11:46,395] {dagbag.py:508} INFO - Filling up the DagBag from /opt/airflow/dags/dbConnector.py
[2022-08-22 00:11:46,667] {processor.py:653} WARNING - No viable dags retrieved from /opt/airflow/dags/dbConnector.py
[2022-08-22 00:11:46,677] {processor.py:161} INFO - Processing /opt/airflow/dags/dbConnector.py took 0.286 seconds
[2022-08-22 00:12:16,870] {processor.py:153} INFO - Started process (PID=1826) to work on /opt/airflow/dags/dbConnector.py
[2022-08-22 00:12:16,873] {processor.py:641} INFO - Processing file /opt/airflow/dags/dbConnector.py for tasks to queue
[2022-08-22 00:12:16,874] {logging_mixin.py:115} INFO - [2022-08-22 00:12:16,873] {dagbag.py:508} INFO - Filling up the DagBag from /opt/airflow/dags/dbConnector.py
[2022-08-22 00:12:17,167] {processor.py:653} WARNING - No viable dags retrieved from /opt/airflow/dags/dbConnector.py
[2022-08-22 00:12:17,179] {processor.py:161} INFO - Processing /opt/airflow/dags/dbConnector.py took 0.313 seconds
[2022-08-22 00:12:47,376] {processor.py:153} INFO - Started process (PID=1859) to work on /opt/airflow/dags/dbConnector.py
[2022-08-22 00:12:47,395] {processor.py:641} INFO - Processing file /opt/airflow/dags/dbConnector.py for tasks to queue
[2022-08-22 00:12:47,396] {logging_mixin.py:115} INFO - [2022-08-22 00:12:47,396] {dagbag.py:508} INFO - Filling up the DagBag from /opt/airflow/dags/dbConnector.py
[2022-08-22 00:12:47,679] {processor.py:653} WARNING - No viable dags retrieved from /opt/airflow/dags/dbConnector.py
[2022-08-22 00:12:47,693] {processor.py:161} INFO - Processing /opt/airflow/dags/dbConnector.py took 0.319 seconds
[2022-08-22 00:13:18,092] {processor.py:153} INFO - Started process (PID=1883) to work on /opt/airflow/dags/dbConnector.py
[2022-08-22 00:13:18,110] {processor.py:641} INFO - Processing file /opt/airflow/dags/dbConnector.py for tasks to queue
[2022-08-22 00:13:18,111] {logging_mixin.py:115} INFO - [2022-08-22 00:13:18,111] {dagbag.py:508} INFO - Filling up the DagBag from /opt/airflow/dags/dbConnector.py
[2022-08-22 00:13:18,404] {processor.py:653} WARNING - No viable dags retrieved from /opt/airflow/dags/dbConnector.py
[2022-08-22 00:13:18,420] {processor.py:161} INFO - Processing /opt/airflow/dags/dbConnector.py took 0.332 seconds
[2022-08-22 00:13:48,590] {processor.py:153} INFO - Started process (PID=1916) to work on /opt/airflow/dags/dbConnector.py
[2022-08-22 00:13:48,591] {processor.py:641} INFO - Processing file /opt/airflow/dags/dbConnector.py for tasks to queue
[2022-08-22 00:13:48,591] {logging_mixin.py:115} INFO - [2022-08-22 00:13:48,591] {dagbag.py:508} INFO - Filling up the DagBag from /opt/airflow/dags/dbConnector.py
[2022-08-22 00:13:48,870] {processor.py:653} WARNING - No viable dags retrieved from /opt/airflow/dags/dbConnector.py
[2022-08-22 00:13:48,885] {processor.py:161} INFO - Processing /opt/airflow/dags/dbConnector.py took 0.299 seconds
[2022-08-22 00:14:19,037] {processor.py:153} INFO - Started process (PID=1949) to work on /opt/airflow/dags/dbConnector.py
[2022-08-22 00:14:19,038] {processor.py:641} INFO - Processing file /opt/airflow/dags/dbConnector.py for tasks to queue
[2022-08-22 00:14:19,038] {logging_mixin.py:115} INFO - [2022-08-22 00:14:19,038] {dagbag.py:508} INFO - Filling up the DagBag from /opt/airflow/dags/dbConnector.py
[2022-08-22 00:14:19,354] {processor.py:653} WARNING - No viable dags retrieved from /opt/airflow/dags/dbConnector.py
[2022-08-22 00:14:19,368] {processor.py:161} INFO - Processing /opt/airflow/dags/dbConnector.py took 0.335 seconds
[2022-08-22 00:14:49,514] {processor.py:153} INFO - Started process (PID=1973) to work on /opt/airflow/dags/dbConnector.py
[2022-08-22 00:14:49,514] {processor.py:641} INFO - Processing file /opt/airflow/dags/dbConnector.py for tasks to queue
[2022-08-22 00:14:49,515] {logging_mixin.py:115} INFO - [2022-08-22 00:14:49,515] {dagbag.py:508} INFO - Filling up the DagBag from /opt/airflow/dags/dbConnector.py
[2022-08-22 00:14:49,805] {processor.py:653} WARNING - No viable dags retrieved from /opt/airflow/dags/dbConnector.py
[2022-08-22 00:14:49,822] {processor.py:161} INFO - Processing /opt/airflow/dags/dbConnector.py took 0.312 seconds
[2022-08-22 00:15:20,014] {processor.py:153} INFO - Started process (PID=2006) to work on /opt/airflow/dags/dbConnector.py
[2022-08-22 00:15:20,015] {processor.py:641} INFO - Processing file /opt/airflow/dags/dbConnector.py for tasks to queue
[2022-08-22 00:15:20,015] {logging_mixin.py:115} INFO - [2022-08-22 00:15:20,015] {dagbag.py:508} INFO - Filling up the DagBag from /opt/airflow/dags/dbConnector.py
[2022-08-22 00:15:20,318] {processor.py:653} WARNING - No viable dags retrieved from /opt/airflow/dags/dbConnector.py
[2022-08-22 00:15:20,333] {processor.py:161} INFO - Processing /opt/airflow/dags/dbConnector.py took 0.323 seconds
[2022-08-22 00:15:50,505] {processor.py:153} INFO - Started process (PID=2030) to work on /opt/airflow/dags/dbConnector.py
[2022-08-22 00:15:50,506] {processor.py:641} INFO - Processing file /opt/airflow/dags/dbConnector.py for tasks to queue
[2022-08-22 00:15:50,506] {logging_mixin.py:115} INFO - [2022-08-22 00:15:50,506] {dagbag.py:508} INFO - Filling up the DagBag from /opt/airflow/dags/dbConnector.py
[2022-08-22 00:15:50,808] {processor.py:653} WARNING - No viable dags retrieved from /opt/airflow/dags/dbConnector.py
[2022-08-22 00:15:50,825] {processor.py:161} INFO - Processing /opt/airflow/dags/dbConnector.py took 0.324 seconds
[2022-08-22 00:16:21,114] {processor.py:153} INFO - Started process (PID=2063) to work on /opt/airflow/dags/dbConnector.py
[2022-08-22 00:16:21,114] {processor.py:641} INFO - Processing file /opt/airflow/dags/dbConnector.py for tasks to queue
[2022-08-22 00:16:21,115] {logging_mixin.py:115} INFO - [2022-08-22 00:16:21,115] {dagbag.py:508} INFO - Filling up the DagBag from /opt/airflow/dags/dbConnector.py
[2022-08-22 00:16:21,456] {processor.py:653} WARNING - No viable dags retrieved from /opt/airflow/dags/dbConnector.py
[2022-08-22 00:16:21,467] {processor.py:161} INFO - Processing /opt/airflow/dags/dbConnector.py took 0.356 seconds
[2022-08-22 00:16:51,679] {processor.py:153} INFO - Started process (PID=2096) to work on /opt/airflow/dags/dbConnector.py
[2022-08-22 00:16:51,687] {processor.py:641} INFO - Processing file /opt/airflow/dags/dbConnector.py for tasks to queue
[2022-08-22 00:16:51,687] {logging_mixin.py:115} INFO - [2022-08-22 00:16:51,687] {dagbag.py:508} INFO - Filling up the DagBag from /opt/airflow/dags/dbConnector.py
[2022-08-22 00:16:52,027] {processor.py:653} WARNING - No viable dags retrieved from /opt/airflow/dags/dbConnector.py
[2022-08-22 00:16:52,038] {processor.py:161} INFO - Processing /opt/airflow/dags/dbConnector.py took 0.364 seconds
[2022-08-22 00:17:22,174] {processor.py:153} INFO - Started process (PID=2120) to work on /opt/airflow/dags/dbConnector.py
[2022-08-22 00:17:22,175] {processor.py:641} INFO - Processing file /opt/airflow/dags/dbConnector.py for tasks to queue
[2022-08-22 00:17:22,175] {logging_mixin.py:115} INFO - [2022-08-22 00:17:22,175] {dagbag.py:508} INFO - Filling up the DagBag from /opt/airflow/dags/dbConnector.py
[2022-08-22 00:17:22,660] {processor.py:653} WARNING - No viable dags retrieved from /opt/airflow/dags/dbConnector.py
[2022-08-22 00:17:22,676] {processor.py:161} INFO - Processing /opt/airflow/dags/dbConnector.py took 0.506 seconds
[2022-08-22 00:17:52,749] {processor.py:153} INFO - Started process (PID=2156) to work on /opt/airflow/dags/dbConnector.py
[2022-08-22 00:17:52,770] {processor.py:641} INFO - Processing file /opt/airflow/dags/dbConnector.py for tasks to queue
[2022-08-22 00:17:52,834] {logging_mixin.py:115} INFO - [2022-08-22 00:17:52,834] {dagbag.py:508} INFO - Filling up the DagBag from /opt/airflow/dags/dbConnector.py
[2022-08-22 00:17:53,276] {processor.py:653} WARNING - No viable dags retrieved from /opt/airflow/dags/dbConnector.py
[2022-08-22 00:17:53,287] {processor.py:161} INFO - Processing /opt/airflow/dags/dbConnector.py took 0.551 seconds
[2022-08-22 00:18:24,203] {processor.py:153} INFO - Started process (PID=2189) to work on /opt/airflow/dags/dbConnector.py
[2022-08-22 00:18:24,267] {processor.py:641} INFO - Processing file /opt/airflow/dags/dbConnector.py for tasks to queue
[2022-08-22 00:18:24,268] {logging_mixin.py:115} INFO - [2022-08-22 00:18:24,268] {dagbag.py:508} INFO - Filling up the DagBag from /opt/airflow/dags/dbConnector.py
[2022-08-22 00:18:24,596] {processor.py:653} WARNING - No viable dags retrieved from /opt/airflow/dags/dbConnector.py
[2022-08-22 00:18:24,611] {processor.py:161} INFO - Processing /opt/airflow/dags/dbConnector.py took 0.410 seconds
[2022-08-22 00:18:54,700] {processor.py:153} INFO - Started process (PID=2214) to work on /opt/airflow/dags/dbConnector.py
[2022-08-22 00:18:54,701] {processor.py:641} INFO - Processing file /opt/airflow/dags/dbConnector.py for tasks to queue
[2022-08-22 00:18:54,702] {logging_mixin.py:115} INFO - [2022-08-22 00:18:54,702] {dagbag.py:508} INFO - Filling up the DagBag from /opt/airflow/dags/dbConnector.py
[2022-08-22 00:18:55,019] {processor.py:653} WARNING - No viable dags retrieved from /opt/airflow/dags/dbConnector.py
[2022-08-22 00:18:55,032] {processor.py:161} INFO - Processing /opt/airflow/dags/dbConnector.py took 0.336 seconds
[2022-08-22 00:19:25,231] {processor.py:153} INFO - Started process (PID=2247) to work on /opt/airflow/dags/dbConnector.py
[2022-08-22 00:19:25,241] {processor.py:641} INFO - Processing file /opt/airflow/dags/dbConnector.py for tasks to queue
[2022-08-22 00:19:25,241] {logging_mixin.py:115} INFO - [2022-08-22 00:19:25,241] {dagbag.py:508} INFO - Filling up the DagBag from /opt/airflow/dags/dbConnector.py
[2022-08-22 00:19:25,629] {processor.py:653} WARNING - No viable dags retrieved from /opt/airflow/dags/dbConnector.py
[2022-08-22 00:19:25,645] {processor.py:161} INFO - Processing /opt/airflow/dags/dbConnector.py took 0.418 seconds
[2022-08-22 00:19:55,764] {processor.py:153} INFO - Started process (PID=2281) to work on /opt/airflow/dags/dbConnector.py
[2022-08-22 00:19:55,780] {processor.py:641} INFO - Processing file /opt/airflow/dags/dbConnector.py for tasks to queue
[2022-08-22 00:19:55,781] {logging_mixin.py:115} INFO - [2022-08-22 00:19:55,780] {dagbag.py:508} INFO - Filling up the DagBag from /opt/airflow/dags/dbConnector.py
[2022-08-22 00:19:56,113] {processor.py:653} WARNING - No viable dags retrieved from /opt/airflow/dags/dbConnector.py
[2022-08-22 00:19:56,127] {processor.py:161} INFO - Processing /opt/airflow/dags/dbConnector.py took 0.367 seconds
[2022-08-22 00:20:26,313] {processor.py:153} INFO - Started process (PID=2305) to work on /opt/airflow/dags/dbConnector.py
[2022-08-22 00:20:26,329] {processor.py:641} INFO - Processing file /opt/airflow/dags/dbConnector.py for tasks to queue
[2022-08-22 00:20:26,330] {logging_mixin.py:115} INFO - [2022-08-22 00:20:26,330] {dagbag.py:508} INFO - Filling up the DagBag from /opt/airflow/dags/dbConnector.py
[2022-08-22 00:20:26,687] {processor.py:653} WARNING - No viable dags retrieved from /opt/airflow/dags/dbConnector.py
[2022-08-22 00:20:26,703] {processor.py:161} INFO - Processing /opt/airflow/dags/dbConnector.py took 0.392 seconds
[2022-08-22 00:20:56,977] {processor.py:153} INFO - Started process (PID=2339) to work on /opt/airflow/dags/dbConnector.py
[2022-08-22 00:20:56,987] {processor.py:641} INFO - Processing file /opt/airflow/dags/dbConnector.py for tasks to queue
[2022-08-22 00:20:56,988] {logging_mixin.py:115} INFO - [2022-08-22 00:20:56,988] {dagbag.py:508} INFO - Filling up the DagBag from /opt/airflow/dags/dbConnector.py
[2022-08-22 00:20:57,324] {processor.py:653} WARNING - No viable dags retrieved from /opt/airflow/dags/dbConnector.py
[2022-08-22 00:20:57,339] {processor.py:161} INFO - Processing /opt/airflow/dags/dbConnector.py took 0.367 seconds
[2022-08-22 00:21:27,481] {processor.py:153} INFO - Started process (PID=2363) to work on /opt/airflow/dags/dbConnector.py
[2022-08-22 00:21:27,495] {processor.py:641} INFO - Processing file /opt/airflow/dags/dbConnector.py for tasks to queue
[2022-08-22 00:21:27,496] {logging_mixin.py:115} INFO - [2022-08-22 00:21:27,496] {dagbag.py:508} INFO - Filling up the DagBag from /opt/airflow/dags/dbConnector.py
[2022-08-22 00:21:27,780] {processor.py:653} WARNING - No viable dags retrieved from /opt/airflow/dags/dbConnector.py
[2022-08-22 00:21:27,794] {processor.py:161} INFO - Processing /opt/airflow/dags/dbConnector.py took 0.315 seconds
[2022-08-22 00:21:57,961] {processor.py:153} INFO - Started process (PID=2396) to work on /opt/airflow/dags/dbConnector.py
[2022-08-22 00:21:57,962] {processor.py:641} INFO - Processing file /opt/airflow/dags/dbConnector.py for tasks to queue
[2022-08-22 00:21:57,963] {logging_mixin.py:115} INFO - [2022-08-22 00:21:57,963] {dagbag.py:508} INFO - Filling up the DagBag from /opt/airflow/dags/dbConnector.py
[2022-08-22 00:21:58,251] {processor.py:653} WARNING - No viable dags retrieved from /opt/airflow/dags/dbConnector.py
[2022-08-22 00:21:58,263] {processor.py:161} INFO - Processing /opt/airflow/dags/dbConnector.py took 0.307 seconds
[2022-08-22 00:22:28,495] {processor.py:153} INFO - Started process (PID=2429) to work on /opt/airflow/dags/dbConnector.py
[2022-08-22 00:22:28,496] {processor.py:641} INFO - Processing file /opt/airflow/dags/dbConnector.py for tasks to queue
[2022-08-22 00:22:28,497] {logging_mixin.py:115} INFO - [2022-08-22 00:22:28,497] {dagbag.py:508} INFO - Filling up the DagBag from /opt/airflow/dags/dbConnector.py
[2022-08-22 00:22:28,841] {processor.py:653} WARNING - No viable dags retrieved from /opt/airflow/dags/dbConnector.py
[2022-08-22 00:22:28,853] {processor.py:161} INFO - Processing /opt/airflow/dags/dbConnector.py took 0.362 seconds
[2022-08-22 00:22:59,062] {processor.py:153} INFO - Started process (PID=2453) to work on /opt/airflow/dags/dbConnector.py
[2022-08-22 00:22:59,062] {processor.py:641} INFO - Processing file /opt/airflow/dags/dbConnector.py for tasks to queue
[2022-08-22 00:22:59,063] {logging_mixin.py:115} INFO - [2022-08-22 00:22:59,063] {dagbag.py:508} INFO - Filling up the DagBag from /opt/airflow/dags/dbConnector.py
[2022-08-22 00:22:59,360] {processor.py:653} WARNING - No viable dags retrieved from /opt/airflow/dags/dbConnector.py
[2022-08-22 00:22:59,376] {processor.py:161} INFO - Processing /opt/airflow/dags/dbConnector.py took 0.319 seconds
[2022-08-22 00:23:29,592] {processor.py:153} INFO - Started process (PID=2486) to work on /opt/airflow/dags/dbConnector.py
[2022-08-22 00:23:29,593] {processor.py:641} INFO - Processing file /opt/airflow/dags/dbConnector.py for tasks to queue
[2022-08-22 00:23:29,594] {logging_mixin.py:115} INFO - [2022-08-22 00:23:29,594] {dagbag.py:508} INFO - Filling up the DagBag from /opt/airflow/dags/dbConnector.py
[2022-08-22 00:23:29,955] {processor.py:653} WARNING - No viable dags retrieved from /opt/airflow/dags/dbConnector.py
[2022-08-22 00:23:29,970] {processor.py:161} INFO - Processing /opt/airflow/dags/dbConnector.py took 0.397 seconds
[2022-08-22 00:24:00,057] {processor.py:153} INFO - Started process (PID=2510) to work on /opt/airflow/dags/dbConnector.py
[2022-08-22 00:24:00,058] {processor.py:641} INFO - Processing file /opt/airflow/dags/dbConnector.py for tasks to queue
[2022-08-22 00:24:00,059] {logging_mixin.py:115} INFO - [2022-08-22 00:24:00,059] {dagbag.py:508} INFO - Filling up the DagBag from /opt/airflow/dags/dbConnector.py
[2022-08-22 00:24:00,460] {processor.py:653} WARNING - No viable dags retrieved from /opt/airflow/dags/dbConnector.py
[2022-08-22 00:24:00,470] {processor.py:161} INFO - Processing /opt/airflow/dags/dbConnector.py took 0.417 seconds
[2022-08-22 00:24:30,596] {processor.py:153} INFO - Started process (PID=2543) to work on /opt/airflow/dags/dbConnector.py
[2022-08-22 00:24:30,597] {processor.py:641} INFO - Processing file /opt/airflow/dags/dbConnector.py for tasks to queue
[2022-08-22 00:24:30,598] {logging_mixin.py:115} INFO - [2022-08-22 00:24:30,597] {dagbag.py:508} INFO - Filling up the DagBag from /opt/airflow/dags/dbConnector.py
[2022-08-22 00:24:30,904] {processor.py:653} WARNING - No viable dags retrieved from /opt/airflow/dags/dbConnector.py
[2022-08-22 00:24:30,920] {processor.py:161} INFO - Processing /opt/airflow/dags/dbConnector.py took 0.346 seconds
[2022-08-22 00:25:01,254] {processor.py:153} INFO - Started process (PID=2577) to work on /opt/airflow/dags/dbConnector.py
[2022-08-22 00:25:01,267] {processor.py:641} INFO - Processing file /opt/airflow/dags/dbConnector.py for tasks to queue
[2022-08-22 00:25:01,268] {logging_mixin.py:115} INFO - [2022-08-22 00:25:01,268] {dagbag.py:508} INFO - Filling up the DagBag from /opt/airflow/dags/dbConnector.py
[2022-08-22 00:25:02,025] {processor.py:653} WARNING - No viable dags retrieved from /opt/airflow/dags/dbConnector.py
[2022-08-22 00:25:02,042] {processor.py:161} INFO - Processing /opt/airflow/dags/dbConnector.py took 0.791 seconds
[2022-08-22 00:25:32,918] {processor.py:153} INFO - Started process (PID=2601) to work on /opt/airflow/dags/dbConnector.py
[2022-08-22 00:25:32,925] {processor.py:641} INFO - Processing file /opt/airflow/dags/dbConnector.py for tasks to queue
[2022-08-22 00:25:32,925] {logging_mixin.py:115} INFO - [2022-08-22 00:25:32,925] {dagbag.py:508} INFO - Filling up the DagBag from /opt/airflow/dags/dbConnector.py
[2022-08-22 00:25:33,325] {processor.py:653} WARNING - No viable dags retrieved from /opt/airflow/dags/dbConnector.py
[2022-08-22 00:25:33,340] {processor.py:161} INFO - Processing /opt/airflow/dags/dbConnector.py took 0.426 seconds
[2022-08-22 00:26:03,802] {processor.py:153} INFO - Started process (PID=2634) to work on /opt/airflow/dags/dbConnector.py
[2022-08-22 00:26:03,816] {processor.py:641} INFO - Processing file /opt/airflow/dags/dbConnector.py for tasks to queue
[2022-08-22 00:26:03,817] {logging_mixin.py:115} INFO - [2022-08-22 00:26:03,817] {dagbag.py:508} INFO - Filling up the DagBag from /opt/airflow/dags/dbConnector.py
[2022-08-22 00:26:04,112] {processor.py:653} WARNING - No viable dags retrieved from /opt/airflow/dags/dbConnector.py
[2022-08-22 00:26:04,125] {processor.py:161} INFO - Processing /opt/airflow/dags/dbConnector.py took 0.326 seconds
[2022-08-22 00:26:34,373] {processor.py:153} INFO - Started process (PID=2667) to work on /opt/airflow/dags/dbConnector.py
[2022-08-22 00:26:34,383] {processor.py:641} INFO - Processing file /opt/airflow/dags/dbConnector.py for tasks to queue
[2022-08-22 00:26:34,384] {logging_mixin.py:115} INFO - [2022-08-22 00:26:34,383] {dagbag.py:508} INFO - Filling up the DagBag from /opt/airflow/dags/dbConnector.py
[2022-08-22 00:26:34,722] {processor.py:653} WARNING - No viable dags retrieved from /opt/airflow/dags/dbConnector.py
[2022-08-22 00:26:34,737] {processor.py:161} INFO - Processing /opt/airflow/dags/dbConnector.py took 0.368 seconds
[2022-08-22 00:27:04,851] {processor.py:153} INFO - Started process (PID=2691) to work on /opt/airflow/dags/dbConnector.py
[2022-08-22 00:27:04,852] {processor.py:641} INFO - Processing file /opt/airflow/dags/dbConnector.py for tasks to queue
[2022-08-22 00:27:04,853] {logging_mixin.py:115} INFO - [2022-08-22 00:27:04,853] {dagbag.py:508} INFO - Filling up the DagBag from /opt/airflow/dags/dbConnector.py
[2022-08-22 00:27:05,170] {processor.py:653} WARNING - No viable dags retrieved from /opt/airflow/dags/dbConnector.py
[2022-08-22 00:27:05,182] {processor.py:161} INFO - Processing /opt/airflow/dags/dbConnector.py took 0.336 seconds
[2022-08-22 00:27:35,390] {processor.py:153} INFO - Started process (PID=2725) to work on /opt/airflow/dags/dbConnector.py
[2022-08-22 00:27:35,391] {processor.py:641} INFO - Processing file /opt/airflow/dags/dbConnector.py for tasks to queue
[2022-08-22 00:27:35,391] {logging_mixin.py:115} INFO - [2022-08-22 00:27:35,391] {dagbag.py:508} INFO - Filling up the DagBag from /opt/airflow/dags/dbConnector.py
[2022-08-22 00:27:35,723] {processor.py:653} WARNING - No viable dags retrieved from /opt/airflow/dags/dbConnector.py
[2022-08-22 00:27:35,735] {processor.py:161} INFO - Processing /opt/airflow/dags/dbConnector.py took 0.349 seconds
[2022-08-22 00:28:05,877] {processor.py:153} INFO - Started process (PID=2749) to work on /opt/airflow/dags/dbConnector.py
[2022-08-22 00:28:05,878] {processor.py:641} INFO - Processing file /opt/airflow/dags/dbConnector.py for tasks to queue
[2022-08-22 00:28:05,878] {logging_mixin.py:115} INFO - [2022-08-22 00:28:05,878] {dagbag.py:508} INFO - Filling up the DagBag from /opt/airflow/dags/dbConnector.py
[2022-08-22 00:28:06,200] {processor.py:653} WARNING - No viable dags retrieved from /opt/airflow/dags/dbConnector.py
[2022-08-22 00:28:06,214] {processor.py:161} INFO - Processing /opt/airflow/dags/dbConnector.py took 0.342 seconds
[2022-08-22 00:28:36,313] {processor.py:153} INFO - Started process (PID=2782) to work on /opt/airflow/dags/dbConnector.py
[2022-08-22 00:28:36,314] {processor.py:641} INFO - Processing file /opt/airflow/dags/dbConnector.py for tasks to queue
[2022-08-22 00:28:36,315] {logging_mixin.py:115} INFO - [2022-08-22 00:28:36,314] {dagbag.py:508} INFO - Filling up the DagBag from /opt/airflow/dags/dbConnector.py
[2022-08-22 00:28:36,613] {processor.py:653} WARNING - No viable dags retrieved from /opt/airflow/dags/dbConnector.py
[2022-08-22 00:28:36,630] {processor.py:161} INFO - Processing /opt/airflow/dags/dbConnector.py took 0.321 seconds
[2022-08-22 00:29:06,813] {processor.py:153} INFO - Started process (PID=2815) to work on /opt/airflow/dags/dbConnector.py
[2022-08-22 00:29:06,826] {processor.py:641} INFO - Processing file /opt/airflow/dags/dbConnector.py for tasks to queue
[2022-08-22 00:29:06,827] {logging_mixin.py:115} INFO - [2022-08-22 00:29:06,826] {dagbag.py:508} INFO - Filling up the DagBag from /opt/airflow/dags/dbConnector.py
[2022-08-22 00:29:07,150] {processor.py:653} WARNING - No viable dags retrieved from /opt/airflow/dags/dbConnector.py
[2022-08-22 00:29:07,166] {processor.py:161} INFO - Processing /opt/airflow/dags/dbConnector.py took 0.358 seconds
[2022-08-22 00:29:37,391] {processor.py:153} INFO - Started process (PID=2839) to work on /opt/airflow/dags/dbConnector.py
[2022-08-22 00:29:37,392] {processor.py:641} INFO - Processing file /opt/airflow/dags/dbConnector.py for tasks to queue
[2022-08-22 00:29:37,392] {logging_mixin.py:115} INFO - [2022-08-22 00:29:37,392] {dagbag.py:508} INFO - Filling up the DagBag from /opt/airflow/dags/dbConnector.py
[2022-08-22 00:29:37,688] {processor.py:653} WARNING - No viable dags retrieved from /opt/airflow/dags/dbConnector.py
[2022-08-22 00:29:37,700] {processor.py:161} INFO - Processing /opt/airflow/dags/dbConnector.py took 0.314 seconds
[2022-08-22 00:30:07,851] {processor.py:153} INFO - Started process (PID=2871) to work on /opt/airflow/dags/dbConnector.py
[2022-08-22 00:30:07,852] {processor.py:641} INFO - Processing file /opt/airflow/dags/dbConnector.py for tasks to queue
[2022-08-22 00:30:07,852] {logging_mixin.py:115} INFO - [2022-08-22 00:30:07,852] {dagbag.py:508} INFO - Filling up the DagBag from /opt/airflow/dags/dbConnector.py
[2022-08-22 00:30:08,172] {processor.py:653} WARNING - No viable dags retrieved from /opt/airflow/dags/dbConnector.py
[2022-08-22 00:30:08,188] {processor.py:161} INFO - Processing /opt/airflow/dags/dbConnector.py took 0.339 seconds
[2022-08-22 00:30:38,316] {processor.py:153} INFO - Started process (PID=2904) to work on /opt/airflow/dags/dbConnector.py
[2022-08-22 00:30:38,317] {processor.py:641} INFO - Processing file /opt/airflow/dags/dbConnector.py for tasks to queue
[2022-08-22 00:30:38,318] {logging_mixin.py:115} INFO - [2022-08-22 00:30:38,318] {dagbag.py:508} INFO - Filling up the DagBag from /opt/airflow/dags/dbConnector.py
[2022-08-22 00:30:38,627] {processor.py:653} WARNING - No viable dags retrieved from /opt/airflow/dags/dbConnector.py
[2022-08-22 00:30:38,640] {processor.py:161} INFO - Processing /opt/airflow/dags/dbConnector.py took 0.328 seconds
[2022-08-22 00:31:08,842] {processor.py:153} INFO - Started process (PID=2928) to work on /opt/airflow/dags/dbConnector.py
[2022-08-22 00:31:08,843] {processor.py:641} INFO - Processing file /opt/airflow/dags/dbConnector.py for tasks to queue
[2022-08-22 00:31:08,844] {logging_mixin.py:115} INFO - [2022-08-22 00:31:08,844] {dagbag.py:508} INFO - Filling up the DagBag from /opt/airflow/dags/dbConnector.py
[2022-08-22 00:31:09,157] {processor.py:653} WARNING - No viable dags retrieved from /opt/airflow/dags/dbConnector.py
[2022-08-22 00:31:09,172] {processor.py:161} INFO - Processing /opt/airflow/dags/dbConnector.py took 0.334 seconds
[2022-08-22 00:31:39,345] {processor.py:153} INFO - Started process (PID=2962) to work on /opt/airflow/dags/dbConnector.py
[2022-08-22 00:31:39,345] {processor.py:641} INFO - Processing file /opt/airflow/dags/dbConnector.py for tasks to queue
[2022-08-22 00:31:39,346] {logging_mixin.py:115} INFO - [2022-08-22 00:31:39,346] {dagbag.py:508} INFO - Filling up the DagBag from /opt/airflow/dags/dbConnector.py
[2022-08-22 00:31:39,667] {processor.py:653} WARNING - No viable dags retrieved from /opt/airflow/dags/dbConnector.py
[2022-08-22 00:31:39,679] {processor.py:161} INFO - Processing /opt/airflow/dags/dbConnector.py took 0.339 seconds
[2022-08-22 00:32:09,874] {processor.py:153} INFO - Started process (PID=2985) to work on /opt/airflow/dags/dbConnector.py
[2022-08-22 00:32:09,875] {processor.py:641} INFO - Processing file /opt/airflow/dags/dbConnector.py for tasks to queue
[2022-08-22 00:32:09,875] {logging_mixin.py:115} INFO - [2022-08-22 00:32:09,875] {dagbag.py:508} INFO - Filling up the DagBag from /opt/airflow/dags/dbConnector.py
[2022-08-22 00:32:10,187] {processor.py:653} WARNING - No viable dags retrieved from /opt/airflow/dags/dbConnector.py
[2022-08-22 00:32:10,196] {processor.py:161} INFO - Processing /opt/airflow/dags/dbConnector.py took 0.328 seconds
[2022-08-22 00:32:40,465] {processor.py:153} INFO - Started process (PID=3019) to work on /opt/airflow/dags/dbConnector.py
[2022-08-22 00:32:40,466] {processor.py:641} INFO - Processing file /opt/airflow/dags/dbConnector.py for tasks to queue
[2022-08-22 00:32:40,467] {logging_mixin.py:115} INFO - [2022-08-22 00:32:40,467] {dagbag.py:508} INFO - Filling up the DagBag from /opt/airflow/dags/dbConnector.py
[2022-08-22 00:32:40,760] {processor.py:653} WARNING - No viable dags retrieved from /opt/airflow/dags/dbConnector.py
[2022-08-22 00:32:40,775] {processor.py:161} INFO - Processing /opt/airflow/dags/dbConnector.py took 0.314 seconds
[2022-08-22 00:33:10,973] {processor.py:153} INFO - Started process (PID=3052) to work on /opt/airflow/dags/dbConnector.py
[2022-08-22 00:33:10,982] {processor.py:641} INFO - Processing file /opt/airflow/dags/dbConnector.py for tasks to queue
[2022-08-22 00:33:10,983] {logging_mixin.py:115} INFO - [2022-08-22 00:33:10,983] {dagbag.py:508} INFO - Filling up the DagBag from /opt/airflow/dags/dbConnector.py
[2022-08-22 00:33:11,345] {processor.py:653} WARNING - No viable dags retrieved from /opt/airflow/dags/dbConnector.py
[2022-08-22 00:33:11,360] {processor.py:161} INFO - Processing /opt/airflow/dags/dbConnector.py took 0.391 seconds
[2022-08-22 00:33:41,437] {processor.py:153} INFO - Started process (PID=3076) to work on /opt/airflow/dags/dbConnector.py
[2022-08-22 00:33:41,438] {processor.py:641} INFO - Processing file /opt/airflow/dags/dbConnector.py for tasks to queue
[2022-08-22 00:33:41,438] {logging_mixin.py:115} INFO - [2022-08-22 00:33:41,438] {dagbag.py:508} INFO - Filling up the DagBag from /opt/airflow/dags/dbConnector.py
[2022-08-22 00:33:41,781] {processor.py:653} WARNING - No viable dags retrieved from /opt/airflow/dags/dbConnector.py
[2022-08-22 00:33:41,796] {processor.py:161} INFO - Processing /opt/airflow/dags/dbConnector.py took 0.361 seconds
[2022-08-22 00:34:11,913] {processor.py:153} INFO - Started process (PID=3109) to work on /opt/airflow/dags/dbConnector.py
[2022-08-22 00:34:11,914] {processor.py:641} INFO - Processing file /opt/airflow/dags/dbConnector.py for tasks to queue
[2022-08-22 00:34:11,915] {logging_mixin.py:115} INFO - [2022-08-22 00:34:11,914] {dagbag.py:508} INFO - Filling up the DagBag from /opt/airflow/dags/dbConnector.py
[2022-08-22 00:34:12,220] {processor.py:653} WARNING - No viable dags retrieved from /opt/airflow/dags/dbConnector.py
[2022-08-22 00:34:12,236] {processor.py:161} INFO - Processing /opt/airflow/dags/dbConnector.py took 0.327 seconds
[2022-08-22 00:34:42,372] {processor.py:153} INFO - Started process (PID=3132) to work on /opt/airflow/dags/dbConnector.py
[2022-08-22 00:34:42,375] {processor.py:641} INFO - Processing file /opt/airflow/dags/dbConnector.py for tasks to queue
[2022-08-22 00:34:42,376] {logging_mixin.py:115} INFO - [2022-08-22 00:34:42,376] {dagbag.py:508} INFO - Filling up the DagBag from /opt/airflow/dags/dbConnector.py
[2022-08-22 00:34:42,677] {processor.py:653} WARNING - No viable dags retrieved from /opt/airflow/dags/dbConnector.py
[2022-08-22 00:34:42,689] {processor.py:161} INFO - Processing /opt/airflow/dags/dbConnector.py took 0.321 seconds
[2022-08-22 00:35:12,832] {processor.py:153} INFO - Started process (PID=3164) to work on /opt/airflow/dags/dbConnector.py
[2022-08-22 00:35:12,841] {processor.py:641} INFO - Processing file /opt/airflow/dags/dbConnector.py for tasks to queue
[2022-08-22 00:35:12,842] {logging_mixin.py:115} INFO - [2022-08-22 00:35:12,842] {dagbag.py:508} INFO - Filling up the DagBag from /opt/airflow/dags/dbConnector.py
[2022-08-22 00:35:13,151] {processor.py:653} WARNING - No viable dags retrieved from /opt/airflow/dags/dbConnector.py
[2022-08-22 00:35:13,168] {processor.py:161} INFO - Processing /opt/airflow/dags/dbConnector.py took 0.340 seconds
[2022-08-22 00:35:43,266] {processor.py:153} INFO - Started process (PID=3197) to work on /opt/airflow/dags/dbConnector.py
[2022-08-22 00:35:43,267] {processor.py:641} INFO - Processing file /opt/airflow/dags/dbConnector.py for tasks to queue
[2022-08-22 00:35:43,268] {logging_mixin.py:115} INFO - [2022-08-22 00:35:43,268] {dagbag.py:508} INFO - Filling up the DagBag from /opt/airflow/dags/dbConnector.py
[2022-08-22 00:35:43,550] {processor.py:653} WARNING - No viable dags retrieved from /opt/airflow/dags/dbConnector.py
[2022-08-22 00:35:43,564] {processor.py:161} INFO - Processing /opt/airflow/dags/dbConnector.py took 0.302 seconds
[2022-08-22 00:36:13,762] {processor.py:153} INFO - Started process (PID=3222) to work on /opt/airflow/dags/dbConnector.py
[2022-08-22 00:36:13,763] {processor.py:641} INFO - Processing file /opt/airflow/dags/dbConnector.py for tasks to queue
[2022-08-22 00:36:13,764] {logging_mixin.py:115} INFO - [2022-08-22 00:36:13,764] {dagbag.py:508} INFO - Filling up the DagBag from /opt/airflow/dags/dbConnector.py
[2022-08-22 00:36:14,060] {processor.py:653} WARNING - No viable dags retrieved from /opt/airflow/dags/dbConnector.py
[2022-08-22 00:36:14,074] {processor.py:161} INFO - Processing /opt/airflow/dags/dbConnector.py took 0.317 seconds
[2022-08-22 00:36:44,254] {processor.py:153} INFO - Started process (PID=3255) to work on /opt/airflow/dags/dbConnector.py
[2022-08-22 00:36:44,254] {processor.py:641} INFO - Processing file /opt/airflow/dags/dbConnector.py for tasks to queue
[2022-08-22 00:36:44,255] {logging_mixin.py:115} INFO - [2022-08-22 00:36:44,255] {dagbag.py:508} INFO - Filling up the DagBag from /opt/airflow/dags/dbConnector.py
[2022-08-22 00:36:44,559] {processor.py:653} WARNING - No viable dags retrieved from /opt/airflow/dags/dbConnector.py
[2022-08-22 00:36:44,575] {processor.py:161} INFO - Processing /opt/airflow/dags/dbConnector.py took 0.326 seconds
[2022-08-22 00:37:14,738] {processor.py:153} INFO - Started process (PID=3288) to work on /opt/airflow/dags/dbConnector.py
[2022-08-22 00:37:14,738] {processor.py:641} INFO - Processing file /opt/airflow/dags/dbConnector.py for tasks to queue
[2022-08-22 00:37:14,739] {logging_mixin.py:115} INFO - [2022-08-22 00:37:14,739] {dagbag.py:508} INFO - Filling up the DagBag from /opt/airflow/dags/dbConnector.py
[2022-08-22 00:37:15,055] {processor.py:653} WARNING - No viable dags retrieved from /opt/airflow/dags/dbConnector.py
[2022-08-22 00:37:15,070] {processor.py:161} INFO - Processing /opt/airflow/dags/dbConnector.py took 0.336 seconds
[2022-08-22 00:37:45,239] {processor.py:153} INFO - Started process (PID=3312) to work on /opt/airflow/dags/dbConnector.py
[2022-08-22 00:37:45,253] {processor.py:641} INFO - Processing file /opt/airflow/dags/dbConnector.py for tasks to queue
[2022-08-22 00:37:45,253] {logging_mixin.py:115} INFO - [2022-08-22 00:37:45,253] {dagbag.py:508} INFO - Filling up the DagBag from /opt/airflow/dags/dbConnector.py
[2022-08-22 00:37:45,579] {processor.py:653} WARNING - No viable dags retrieved from /opt/airflow/dags/dbConnector.py
[2022-08-22 00:37:45,590] {processor.py:161} INFO - Processing /opt/airflow/dags/dbConnector.py took 0.356 seconds
[2022-08-22 00:38:15,939] {processor.py:153} INFO - Started process (PID=3345) to work on /opt/airflow/dags/dbConnector.py
[2022-08-22 00:38:15,940] {processor.py:641} INFO - Processing file /opt/airflow/dags/dbConnector.py for tasks to queue
[2022-08-22 00:38:15,940] {logging_mixin.py:115} INFO - [2022-08-22 00:38:15,940] {dagbag.py:508} INFO - Filling up the DagBag from /opt/airflow/dags/dbConnector.py
[2022-08-22 00:38:16,276] {processor.py:653} WARNING - No viable dags retrieved from /opt/airflow/dags/dbConnector.py
[2022-08-22 00:38:16,290] {processor.py:161} INFO - Processing /opt/airflow/dags/dbConnector.py took 0.353 seconds
[2022-08-22 00:38:46,414] {processor.py:153} INFO - Started process (PID=3378) to work on /opt/airflow/dags/dbConnector.py
[2022-08-22 00:38:46,426] {processor.py:641} INFO - Processing file /opt/airflow/dags/dbConnector.py for tasks to queue
[2022-08-22 00:38:46,427] {logging_mixin.py:115} INFO - [2022-08-22 00:38:46,427] {dagbag.py:508} INFO - Filling up the DagBag from /opt/airflow/dags/dbConnector.py
[2022-08-22 00:38:46,731] {processor.py:653} WARNING - No viable dags retrieved from /opt/airflow/dags/dbConnector.py
[2022-08-22 00:38:46,741] {processor.py:161} INFO - Processing /opt/airflow/dags/dbConnector.py took 0.332 seconds
[2022-08-22 00:39:16,870] {processor.py:153} INFO - Started process (PID=3402) to work on /opt/airflow/dags/dbConnector.py
[2022-08-22 00:39:16,871] {processor.py:641} INFO - Processing file /opt/airflow/dags/dbConnector.py for tasks to queue
[2022-08-22 00:39:16,871] {logging_mixin.py:115} INFO - [2022-08-22 00:39:16,871] {dagbag.py:508} INFO - Filling up the DagBag from /opt/airflow/dags/dbConnector.py
[2022-08-22 00:39:17,149] {processor.py:653} WARNING - No viable dags retrieved from /opt/airflow/dags/dbConnector.py
[2022-08-22 00:39:17,163] {processor.py:161} INFO - Processing /opt/airflow/dags/dbConnector.py took 0.297 seconds
[2022-08-22 00:39:47,403] {processor.py:153} INFO - Started process (PID=3435) to work on /opt/airflow/dags/dbConnector.py
[2022-08-22 00:39:47,425] {processor.py:641} INFO - Processing file /opt/airflow/dags/dbConnector.py for tasks to queue
[2022-08-22 00:39:47,426] {logging_mixin.py:115} INFO - [2022-08-22 00:39:47,426] {dagbag.py:508} INFO - Filling up the DagBag from /opt/airflow/dags/dbConnector.py
[2022-08-22 00:39:47,729] {processor.py:653} WARNING - No viable dags retrieved from /opt/airflow/dags/dbConnector.py
[2022-08-22 00:39:47,742] {processor.py:161} INFO - Processing /opt/airflow/dags/dbConnector.py took 0.343 seconds
[2022-08-22 00:40:17,917] {processor.py:153} INFO - Started process (PID=3459) to work on /opt/airflow/dags/dbConnector.py
[2022-08-22 00:40:17,918] {processor.py:641} INFO - Processing file /opt/airflow/dags/dbConnector.py for tasks to queue
[2022-08-22 00:40:17,918] {logging_mixin.py:115} INFO - [2022-08-22 00:40:17,918] {dagbag.py:508} INFO - Filling up the DagBag from /opt/airflow/dags/dbConnector.py
[2022-08-22 00:40:18,226] {processor.py:653} WARNING - No viable dags retrieved from /opt/airflow/dags/dbConnector.py
[2022-08-22 00:40:18,243] {processor.py:161} INFO - Processing /opt/airflow/dags/dbConnector.py took 0.330 seconds
[2022-08-22 00:40:48,430] {processor.py:153} INFO - Started process (PID=3491) to work on /opt/airflow/dags/dbConnector.py
[2022-08-22 00:40:48,431] {processor.py:641} INFO - Processing file /opt/airflow/dags/dbConnector.py for tasks to queue
[2022-08-22 00:40:48,432] {logging_mixin.py:115} INFO - [2022-08-22 00:40:48,432] {dagbag.py:508} INFO - Filling up the DagBag from /opt/airflow/dags/dbConnector.py
[2022-08-22 00:40:48,746] {processor.py:653} WARNING - No viable dags retrieved from /opt/airflow/dags/dbConnector.py
[2022-08-22 00:40:48,761] {processor.py:161} INFO - Processing /opt/airflow/dags/dbConnector.py took 0.334 seconds
[2022-08-22 00:41:18,908] {processor.py:153} INFO - Started process (PID=3524) to work on /opt/airflow/dags/dbConnector.py
[2022-08-22 00:41:18,924] {processor.py:641} INFO - Processing file /opt/airflow/dags/dbConnector.py for tasks to queue
[2022-08-22 00:41:18,924] {logging_mixin.py:115} INFO - [2022-08-22 00:41:18,924] {dagbag.py:508} INFO - Filling up the DagBag from /opt/airflow/dags/dbConnector.py
[2022-08-22 00:41:19,275] {processor.py:653} WARNING - No viable dags retrieved from /opt/airflow/dags/dbConnector.py
[2022-08-22 00:41:19,293] {processor.py:161} INFO - Processing /opt/airflow/dags/dbConnector.py took 0.389 seconds
[2022-08-22 00:41:49,411] {processor.py:153} INFO - Started process (PID=3548) to work on /opt/airflow/dags/dbConnector.py
[2022-08-22 00:41:49,425] {processor.py:641} INFO - Processing file /opt/airflow/dags/dbConnector.py for tasks to queue
[2022-08-22 00:41:49,426] {logging_mixin.py:115} INFO - [2022-08-22 00:41:49,426] {dagbag.py:508} INFO - Filling up the DagBag from /opt/airflow/dags/dbConnector.py
[2022-08-22 00:41:49,773] {processor.py:653} WARNING - No viable dags retrieved from /opt/airflow/dags/dbConnector.py
[2022-08-22 00:41:49,784] {processor.py:161} INFO - Processing /opt/airflow/dags/dbConnector.py took 0.378 seconds
[2022-08-22 00:42:19,893] {processor.py:153} INFO - Started process (PID=3581) to work on /opt/airflow/dags/dbConnector.py
[2022-08-22 00:42:19,893] {processor.py:641} INFO - Processing file /opt/airflow/dags/dbConnector.py for tasks to queue
[2022-08-22 00:42:19,894] {logging_mixin.py:115} INFO - [2022-08-22 00:42:19,894] {dagbag.py:508} INFO - Filling up the DagBag from /opt/airflow/dags/dbConnector.py
[2022-08-22 00:42:20,202] {processor.py:653} WARNING - No viable dags retrieved from /opt/airflow/dags/dbConnector.py
[2022-08-22 00:42:20,217] {processor.py:161} INFO - Processing /opt/airflow/dags/dbConnector.py took 0.329 seconds
[2022-08-22 00:42:50,355] {processor.py:153} INFO - Started process (PID=3612) to work on /opt/airflow/dags/dbConnector.py
[2022-08-22 00:42:50,382] {processor.py:641} INFO - Processing file /opt/airflow/dags/dbConnector.py for tasks to queue
[2022-08-22 00:42:50,383] {logging_mixin.py:115} INFO - [2022-08-22 00:42:50,383] {dagbag.py:508} INFO - Filling up the DagBag from /opt/airflow/dags/dbConnector.py
[2022-08-22 00:42:50,704] {processor.py:653} WARNING - No viable dags retrieved from /opt/airflow/dags/dbConnector.py
[2022-08-22 00:42:50,716] {processor.py:161} INFO - Processing /opt/airflow/dags/dbConnector.py took 0.366 seconds
[2022-08-22 00:43:20,847] {processor.py:153} INFO - Started process (PID=3639) to work on /opt/airflow/dags/dbConnector.py
[2022-08-22 00:43:20,855] {processor.py:641} INFO - Processing file /opt/airflow/dags/dbConnector.py for tasks to queue
[2022-08-22 00:43:20,856] {logging_mixin.py:115} INFO - [2022-08-22 00:43:20,856] {dagbag.py:508} INFO - Filling up the DagBag from /opt/airflow/dags/dbConnector.py
[2022-08-22 00:43:21,149] {processor.py:653} WARNING - No viable dags retrieved from /opt/airflow/dags/dbConnector.py
[2022-08-22 00:43:21,163] {processor.py:161} INFO - Processing /opt/airflow/dags/dbConnector.py took 0.319 seconds
[2022-08-22 00:43:51,342] {processor.py:153} INFO - Started process (PID=3672) to work on /opt/airflow/dags/dbConnector.py
[2022-08-22 00:43:51,343] {processor.py:641} INFO - Processing file /opt/airflow/dags/dbConnector.py for tasks to queue
[2022-08-22 00:43:51,344] {logging_mixin.py:115} INFO - [2022-08-22 00:43:51,344] {dagbag.py:508} INFO - Filling up the DagBag from /opt/airflow/dags/dbConnector.py
[2022-08-22 00:43:51,629] {processor.py:653} WARNING - No viable dags retrieved from /opt/airflow/dags/dbConnector.py
[2022-08-22 00:43:51,641] {processor.py:161} INFO - Processing /opt/airflow/dags/dbConnector.py took 0.304 seconds
[2022-08-22 00:44:21,872] {processor.py:153} INFO - Started process (PID=3696) to work on /opt/airflow/dags/dbConnector.py
[2022-08-22 00:44:21,873] {processor.py:641} INFO - Processing file /opt/airflow/dags/dbConnector.py for tasks to queue
[2022-08-22 00:44:21,873] {logging_mixin.py:115} INFO - [2022-08-22 00:44:21,873] {dagbag.py:508} INFO - Filling up the DagBag from /opt/airflow/dags/dbConnector.py
[2022-08-22 00:44:22,163] {processor.py:653} WARNING - No viable dags retrieved from /opt/airflow/dags/dbConnector.py
[2022-08-22 00:44:22,178] {processor.py:161} INFO - Processing /opt/airflow/dags/dbConnector.py took 0.310 seconds
[2022-08-22 00:44:52,396] {processor.py:153} INFO - Started process (PID=3729) to work on /opt/airflow/dags/dbConnector.py
[2022-08-22 00:44:52,456] {processor.py:641} INFO - Processing file /opt/airflow/dags/dbConnector.py for tasks to queue
[2022-08-22 00:44:52,479] {logging_mixin.py:115} INFO - [2022-08-22 00:44:52,478] {dagbag.py:508} INFO - Filling up the DagBag from /opt/airflow/dags/dbConnector.py
[2022-08-22 00:44:52,783] {processor.py:653} WARNING - No viable dags retrieved from /opt/airflow/dags/dbConnector.py
[2022-08-22 00:44:52,799] {processor.py:161} INFO - Processing /opt/airflow/dags/dbConnector.py took 0.407 seconds
[2022-08-22 00:45:22,923] {processor.py:153} INFO - Started process (PID=3761) to work on /opt/airflow/dags/dbConnector.py
[2022-08-22 00:45:22,939] {processor.py:641} INFO - Processing file /opt/airflow/dags/dbConnector.py for tasks to queue
[2022-08-22 00:45:22,939] {logging_mixin.py:115} INFO - [2022-08-22 00:45:22,939] {dagbag.py:508} INFO - Filling up the DagBag from /opt/airflow/dags/dbConnector.py
[2022-08-22 00:45:23,297] {processor.py:653} WARNING - No viable dags retrieved from /opt/airflow/dags/dbConnector.py
[2022-08-22 00:45:23,312] {processor.py:161} INFO - Processing /opt/airflow/dags/dbConnector.py took 0.392 seconds
[2022-08-22 00:45:53,350] {processor.py:153} INFO - Started process (PID=3785) to work on /opt/airflow/dags/dbConnector.py
[2022-08-22 00:45:53,351] {processor.py:641} INFO - Processing file /opt/airflow/dags/dbConnector.py for tasks to queue
[2022-08-22 00:45:53,351] {logging_mixin.py:115} INFO - [2022-08-22 00:45:53,351] {dagbag.py:508} INFO - Filling up the DagBag from /opt/airflow/dags/dbConnector.py
[2022-08-22 00:45:53,672] {processor.py:653} WARNING - No viable dags retrieved from /opt/airflow/dags/dbConnector.py
[2022-08-22 00:45:53,683] {processor.py:161} INFO - Processing /opt/airflow/dags/dbConnector.py took 0.336 seconds
[2022-08-22 00:46:23,896] {processor.py:153} INFO - Started process (PID=3818) to work on /opt/airflow/dags/dbConnector.py
[2022-08-22 00:46:23,897] {processor.py:641} INFO - Processing file /opt/airflow/dags/dbConnector.py for tasks to queue
[2022-08-22 00:46:23,898] {logging_mixin.py:115} INFO - [2022-08-22 00:46:23,897] {dagbag.py:508} INFO - Filling up the DagBag from /opt/airflow/dags/dbConnector.py
[2022-08-22 00:46:24,221] {processor.py:653} WARNING - No viable dags retrieved from /opt/airflow/dags/dbConnector.py
[2022-08-22 00:46:24,233] {processor.py:161} INFO - Processing /opt/airflow/dags/dbConnector.py took 0.341 seconds
[2022-08-22 00:46:54,376] {processor.py:153} INFO - Started process (PID=3842) to work on /opt/airflow/dags/dbConnector.py
[2022-08-22 00:46:54,377] {processor.py:641} INFO - Processing file /opt/airflow/dags/dbConnector.py for tasks to queue
[2022-08-22 00:46:54,377] {logging_mixin.py:115} INFO - [2022-08-22 00:46:54,377] {dagbag.py:508} INFO - Filling up the DagBag from /opt/airflow/dags/dbConnector.py
[2022-08-22 00:46:54,711] {processor.py:653} WARNING - No viable dags retrieved from /opt/airflow/dags/dbConnector.py
[2022-08-22 00:46:54,723] {processor.py:161} INFO - Processing /opt/airflow/dags/dbConnector.py took 0.351 seconds
[2022-08-22 00:47:24,845] {processor.py:153} INFO - Started process (PID=3875) to work on /opt/airflow/dags/dbConnector.py
[2022-08-22 00:47:24,846] {processor.py:641} INFO - Processing file /opt/airflow/dags/dbConnector.py for tasks to queue
[2022-08-22 00:47:24,846] {logging_mixin.py:115} INFO - [2022-08-22 00:47:24,846] {dagbag.py:508} INFO - Filling up the DagBag from /opt/airflow/dags/dbConnector.py
[2022-08-22 00:47:25,131] {processor.py:653} WARNING - No viable dags retrieved from /opt/airflow/dags/dbConnector.py
[2022-08-22 00:47:25,143] {processor.py:161} INFO - Processing /opt/airflow/dags/dbConnector.py took 0.303 seconds
[2022-08-22 00:47:55,384] {processor.py:153} INFO - Started process (PID=3909) to work on /opt/airflow/dags/dbConnector.py
[2022-08-22 00:47:55,396] {processor.py:641} INFO - Processing file /opt/airflow/dags/dbConnector.py for tasks to queue
[2022-08-22 00:47:55,397] {logging_mixin.py:115} INFO - [2022-08-22 00:47:55,396] {dagbag.py:508} INFO - Filling up the DagBag from /opt/airflow/dags/dbConnector.py
[2022-08-22 00:47:55,774] {processor.py:653} WARNING - No viable dags retrieved from /opt/airflow/dags/dbConnector.py
[2022-08-22 00:47:55,790] {processor.py:161} INFO - Processing /opt/airflow/dags/dbConnector.py took 0.410 seconds
[2022-08-22 00:48:25,846] {processor.py:153} INFO - Started process (PID=3933) to work on /opt/airflow/dags/dbConnector.py
[2022-08-22 00:48:25,846] {processor.py:641} INFO - Processing file /opt/airflow/dags/dbConnector.py for tasks to queue
[2022-08-22 00:48:25,847] {logging_mixin.py:115} INFO - [2022-08-22 00:48:25,847] {dagbag.py:508} INFO - Filling up the DagBag from /opt/airflow/dags/dbConnector.py
[2022-08-22 00:48:26,160] {processor.py:653} WARNING - No viable dags retrieved from /opt/airflow/dags/dbConnector.py
[2022-08-22 00:48:26,175] {processor.py:161} INFO - Processing /opt/airflow/dags/dbConnector.py took 0.334 seconds
[2022-08-22 00:48:56,310] {processor.py:153} INFO - Started process (PID=3966) to work on /opt/airflow/dags/dbConnector.py
[2022-08-22 00:48:56,310] {processor.py:641} INFO - Processing file /opt/airflow/dags/dbConnector.py for tasks to queue
[2022-08-22 00:48:56,311] {logging_mixin.py:115} INFO - [2022-08-22 00:48:56,311] {dagbag.py:508} INFO - Filling up the DagBag from /opt/airflow/dags/dbConnector.py
[2022-08-22 00:48:56,584] {processor.py:653} WARNING - No viable dags retrieved from /opt/airflow/dags/dbConnector.py
[2022-08-22 00:48:56,596] {processor.py:161} INFO - Processing /opt/airflow/dags/dbConnector.py took 0.290 seconds
[2022-08-22 00:49:26,795] {processor.py:153} INFO - Started process (PID=3998) to work on /opt/airflow/dags/dbConnector.py
[2022-08-22 00:49:26,796] {processor.py:641} INFO - Processing file /opt/airflow/dags/dbConnector.py for tasks to queue
[2022-08-22 00:49:26,796] {logging_mixin.py:115} INFO - [2022-08-22 00:49:26,796] {dagbag.py:508} INFO - Filling up the DagBag from /opt/airflow/dags/dbConnector.py
[2022-08-22 00:49:27,097] {processor.py:653} WARNING - No viable dags retrieved from /opt/airflow/dags/dbConnector.py
[2022-08-22 00:49:27,110] {processor.py:161} INFO - Processing /opt/airflow/dags/dbConnector.py took 0.319 seconds
[2022-08-22 00:49:57,261] {processor.py:153} INFO - Started process (PID=4024) to work on /opt/airflow/dags/dbConnector.py
[2022-08-22 00:49:57,262] {processor.py:641} INFO - Processing file /opt/airflow/dags/dbConnector.py for tasks to queue
[2022-08-22 00:49:57,262] {logging_mixin.py:115} INFO - [2022-08-22 00:49:57,262] {dagbag.py:508} INFO - Filling up the DagBag from /opt/airflow/dags/dbConnector.py
[2022-08-22 00:49:57,603] {processor.py:653} WARNING - No viable dags retrieved from /opt/airflow/dags/dbConnector.py
[2022-08-22 00:49:57,617] {processor.py:161} INFO - Processing /opt/airflow/dags/dbConnector.py took 0.360 seconds
[2022-08-22 00:50:27,709] {processor.py:153} INFO - Started process (PID=4057) to work on /opt/airflow/dags/dbConnector.py
[2022-08-22 00:50:27,709] {processor.py:641} INFO - Processing file /opt/airflow/dags/dbConnector.py for tasks to queue
[2022-08-22 00:50:27,710] {logging_mixin.py:115} INFO - [2022-08-22 00:50:27,710] {dagbag.py:508} INFO - Filling up the DagBag from /opt/airflow/dags/dbConnector.py
[2022-08-22 00:50:28,012] {processor.py:653} WARNING - No viable dags retrieved from /opt/airflow/dags/dbConnector.py
[2022-08-22 00:50:28,025] {processor.py:161} INFO - Processing /opt/airflow/dags/dbConnector.py took 0.320 seconds
[2022-08-22 00:50:58,254] {processor.py:153} INFO - Started process (PID=4081) to work on /opt/airflow/dags/dbConnector.py
[2022-08-22 00:50:58,268] {processor.py:641} INFO - Processing file /opt/airflow/dags/dbConnector.py for tasks to queue
[2022-08-22 00:50:58,268] {logging_mixin.py:115} INFO - [2022-08-22 00:50:58,268] {dagbag.py:508} INFO - Filling up the DagBag from /opt/airflow/dags/dbConnector.py
[2022-08-22 00:50:58,549] {processor.py:653} WARNING - No viable dags retrieved from /opt/airflow/dags/dbConnector.py
[2022-08-22 00:50:58,564] {processor.py:161} INFO - Processing /opt/airflow/dags/dbConnector.py took 0.315 seconds
[2022-08-22 00:51:28,794] {processor.py:153} INFO - Started process (PID=4114) to work on /opt/airflow/dags/dbConnector.py
[2022-08-22 00:51:28,794] {processor.py:641} INFO - Processing file /opt/airflow/dags/dbConnector.py for tasks to queue
[2022-08-22 00:51:28,794] {logging_mixin.py:115} INFO - [2022-08-22 00:51:28,794] {dagbag.py:508} INFO - Filling up the DagBag from /opt/airflow/dags/dbConnector.py
[2022-08-22 00:51:29,110] {processor.py:653} WARNING - No viable dags retrieved from /opt/airflow/dags/dbConnector.py
[2022-08-22 00:51:29,125] {processor.py:161} INFO - Processing /opt/airflow/dags/dbConnector.py took 0.336 seconds
[2022-08-22 00:51:59,281] {processor.py:153} INFO - Started process (PID=4147) to work on /opt/airflow/dags/dbConnector.py
[2022-08-22 00:51:59,282] {processor.py:641} INFO - Processing file /opt/airflow/dags/dbConnector.py for tasks to queue
[2022-08-22 00:51:59,283] {logging_mixin.py:115} INFO - [2022-08-22 00:51:59,283] {dagbag.py:508} INFO - Filling up the DagBag from /opt/airflow/dags/dbConnector.py
[2022-08-22 00:51:59,611] {processor.py:653} WARNING - No viable dags retrieved from /opt/airflow/dags/dbConnector.py
[2022-08-22 00:51:59,626] {processor.py:161} INFO - Processing /opt/airflow/dags/dbConnector.py took 0.348 seconds
