[2022-08-18 16:43:35,249] {taskinstance.py:1179} INFO - Dependencies all met for <TaskInstance: Satellite_Data.load_into_json manual__2022-08-18T16:43:27.921731+00:00 [queued]>
[2022-08-18 16:43:35,266] {taskinstance.py:1179} INFO - Dependencies all met for <TaskInstance: Satellite_Data.load_into_json manual__2022-08-18T16:43:27.921731+00:00 [queued]>
[2022-08-18 16:43:35,266] {taskinstance.py:1376} INFO - 
--------------------------------------------------------------------------------
[2022-08-18 16:43:35,266] {taskinstance.py:1377} INFO - Starting attempt 1 of 2
[2022-08-18 16:43:35,266] {taskinstance.py:1378} INFO - 
--------------------------------------------------------------------------------
[2022-08-18 16:43:35,288] {taskinstance.py:1397} INFO - Executing <Task(BashOperator): load_into_json> on 2022-08-18 16:43:27.921731+00:00
[2022-08-18 16:43:35,300] {standard_task_runner.py:52} INFO - Started process 1849 to run task
[2022-08-18 16:43:35,304] {standard_task_runner.py:79} INFO - Running: ['***', 'tasks', 'run', 'Satellite_Data', 'load_into_json', 'manual__2022-08-18T16:43:27.921731+00:00', '--job-id', '80', '--raw', '--subdir', 'DAGS_FOLDER/data_loader.py', '--cfg-path', '/tmp/tmpfdbxeqny', '--error-file', '/tmp/tmpzig6mqki']
[2022-08-18 16:43:35,305] {standard_task_runner.py:80} INFO - Job 80: Subtask load_into_json
[2022-08-18 16:43:35,398] {task_command.py:371} INFO - Running <TaskInstance: Satellite_Data.load_into_json manual__2022-08-18T16:43:27.921731+00:00 [running]> on host b4db7d4790c9
[2022-08-18 16:43:35,607] {taskinstance.py:1591} INFO - Exporting the following env vars:
AIRFLOW_CTX_DAG_OWNER=***
AIRFLOW_CTX_DAG_ID=Satellite_Data
AIRFLOW_CTX_TASK_ID=load_into_json
AIRFLOW_CTX_EXECUTION_DATE=2022-08-18T16:43:27.921731+00:00
AIRFLOW_CTX_TRY_NUMBER=1
AIRFLOW_CTX_DAG_RUN_ID=manual__2022-08-18T16:43:27.921731+00:00
[2022-08-18 16:43:35,608] {subprocess.py:62} INFO - Tmp dir root location: 
 /tmp
[2022-08-18 16:43:35,609] {subprocess.py:74} INFO - Running command: ['bash', '-c', 'python3 /opt/***/dags/satelliteTrack.py']
[2022-08-18 16:43:35,628] {subprocess.py:85} INFO - Output:
[2022-08-18 16:43:41,569] {subprocess.py:92} INFO - Completed session
[2022-08-18 16:43:41,570] {subprocess.py:92} INFO - ccsds_omm_vers
[2022-08-18 16:43:41,570] {subprocess.py:92} INFO - comment
[2022-08-18 16:43:41,570] {subprocess.py:92} INFO - creation_date
[2022-08-18 16:43:41,570] {subprocess.py:92} INFO - originator
[2022-08-18 16:43:41,570] {subprocess.py:92} INFO - object_name
[2022-08-18 16:43:41,571] {subprocess.py:92} INFO - object_id
[2022-08-18 16:43:41,571] {subprocess.py:92} INFO - center_name
[2022-08-18 16:43:41,571] {subprocess.py:92} INFO - ref_frame
[2022-08-18 16:43:41,571] {subprocess.py:92} INFO - time_system
[2022-08-18 16:43:41,571] {subprocess.py:92} INFO - mean_element_theory
[2022-08-18 16:43:41,571] {subprocess.py:92} INFO - epoch
[2022-08-18 16:43:41,572] {subprocess.py:92} INFO - mean_motion
[2022-08-18 16:43:41,572] {subprocess.py:92} INFO - eccentricity
[2022-08-18 16:43:41,572] {subprocess.py:92} INFO - inclination
[2022-08-18 16:43:41,572] {subprocess.py:92} INFO - ra_of_asc_node
[2022-08-18 16:43:41,572] {subprocess.py:92} INFO - arg_of_pericenter
[2022-08-18 16:43:41,572] {subprocess.py:92} INFO - mean_anomaly
[2022-08-18 16:43:41,573] {subprocess.py:92} INFO - ephemeris_type
[2022-08-18 16:43:41,573] {subprocess.py:92} INFO - classification_type
[2022-08-18 16:43:41,573] {subprocess.py:92} INFO - norad_cat_id
[2022-08-18 16:43:41,573] {subprocess.py:92} INFO - element_set_no
[2022-08-18 16:43:41,573] {subprocess.py:92} INFO - rev_at_epoch
[2022-08-18 16:43:41,574] {subprocess.py:92} INFO - bstar
[2022-08-18 16:43:41,574] {subprocess.py:92} INFO - mean_motion_dot
[2022-08-18 16:43:41,574] {subprocess.py:92} INFO - mean_motion_ddot
[2022-08-18 16:43:41,574] {subprocess.py:92} INFO - semimajor_axis
[2022-08-18 16:43:41,574] {subprocess.py:92} INFO - period
[2022-08-18 16:43:41,574] {subprocess.py:92} INFO - apoapsis
[2022-08-18 16:43:41,574] {subprocess.py:92} INFO - periapsis
[2022-08-18 16:43:41,575] {subprocess.py:92} INFO - object_type
[2022-08-18 16:43:41,575] {subprocess.py:92} INFO - rcs_size
[2022-08-18 16:43:41,575] {subprocess.py:92} INFO - country_code
[2022-08-18 16:43:41,575] {subprocess.py:92} INFO - launch_date
[2022-08-18 16:43:41,575] {subprocess.py:92} INFO - site
[2022-08-18 16:43:41,575] {subprocess.py:92} INFO - decay_date
[2022-08-18 16:43:41,575] {subprocess.py:92} INFO - file
[2022-08-18 16:43:41,576] {subprocess.py:92} INFO - gp_id
[2022-08-18 16:43:41,576] {subprocess.py:92} INFO - tle_line0
[2022-08-18 16:43:41,576] {subprocess.py:92} INFO - tle_line1
[2022-08-18 16:43:41,576] {subprocess.py:92} INFO - tle_line2
[2022-08-18 16:43:41,653] {subprocess.py:96} INFO - Command exited with return code 0
[2022-08-18 16:43:41,828] {taskinstance.py:1420} INFO - Marking task as SUCCESS. dag_id=Satellite_Data, task_id=load_into_json, execution_date=20220818T164327, start_date=20220818T164335, end_date=20220818T164341
[2022-08-18 16:43:41,874] {local_task_job.py:156} INFO - Task exited with return code 0
[2022-08-18 16:43:41,913] {local_task_job.py:273} INFO - 0 downstream tasks scheduled from follow-on schedule check
