[2022-08-21 23:42:29,438] {processor.py:153} INFO - Started process (PID=102) to work on /opt/airflow/dags/data_loader.py
[2022-08-21 23:42:29,439] {processor.py:641} INFO - Processing file /opt/airflow/dags/data_loader.py for tasks to queue
[2022-08-21 23:42:29,439] {logging_mixin.py:115} INFO - [2022-08-21 23:42:29,439] {dagbag.py:508} INFO - Filling up the DagBag from /opt/airflow/dags/data_loader.py
[2022-08-21 23:42:45,571] {logging_mixin.py:115} INFO - [2022-08-21 23:42:45,503] {dagbag.py:321} ERROR - Failed to import: /opt/airflow/dags/data_loader.py
Traceback (most recent call last):
  File "/home/airflow/.local/lib/python3.7/site-packages/airflow/models/dagbag.py", line 318, in parse
    loader.exec_module(new_module)
  File "<frozen importlib._bootstrap_external>", line 728, in exec_module
  File "<frozen importlib._bootstrap>", line 219, in _call_with_frames_removed
  File "/opt/airflow/dags/data_loader.py", line 15, in <module>
    from Streaming.read_data import consume_streaming_data
ModuleNotFoundError: No module named 'Streaming'
[2022-08-21 23:42:45,571] {processor.py:653} WARNING - No viable dags retrieved from /opt/airflow/dags/data_loader.py
[2022-08-21 23:42:45,639] {processor.py:161} INFO - Processing /opt/airflow/dags/data_loader.py took 16.205 seconds
[2022-08-21 23:43:15,727] {processor.py:153} INFO - Started process (PID=144) to work on /opt/airflow/dags/data_loader.py
[2022-08-21 23:43:15,736] {processor.py:641} INFO - Processing file /opt/airflow/dags/data_loader.py for tasks to queue
[2022-08-21 23:43:15,737] {logging_mixin.py:115} INFO - [2022-08-21 23:43:15,737] {dagbag.py:508} INFO - Filling up the DagBag from /opt/airflow/dags/data_loader.py
[2022-08-21 23:43:16,052] {logging_mixin.py:115} INFO - [2022-08-21 23:43:16,051] {dagbag.py:321} ERROR - Failed to import: /opt/airflow/dags/data_loader.py
Traceback (most recent call last):
  File "/home/airflow/.local/lib/python3.7/site-packages/airflow/models/dagbag.py", line 318, in parse
    loader.exec_module(new_module)
  File "<frozen importlib._bootstrap_external>", line 728, in exec_module
  File "<frozen importlib._bootstrap>", line 219, in _call_with_frames_removed
  File "/opt/airflow/dags/data_loader.py", line 15, in <module>
    from Streaming.read_data import consume_streaming_data
ModuleNotFoundError: No module named 'Streaming'
[2022-08-21 23:43:16,052] {processor.py:653} WARNING - No viable dags retrieved from /opt/airflow/dags/data_loader.py
[2022-08-21 23:43:16,080] {processor.py:161} INFO - Processing /opt/airflow/dags/data_loader.py took 0.358 seconds
[2022-08-21 23:43:28,132] {processor.py:153} INFO - Started process (PID=159) to work on /opt/airflow/dags/data_loader.py
[2022-08-21 23:43:28,136] {processor.py:641} INFO - Processing file /opt/airflow/dags/data_loader.py for tasks to queue
[2022-08-21 23:43:28,137] {logging_mixin.py:115} INFO - [2022-08-21 23:43:28,137] {dagbag.py:508} INFO - Filling up the DagBag from /opt/airflow/dags/data_loader.py
[2022-08-21 23:43:28,458] {processor.py:651} INFO - DAG(s) dict_keys(['Satellite_Data']) retrieved from /opt/airflow/dags/data_loader.py
[2022-08-21 23:43:28,730] {logging_mixin.py:115} INFO - [2022-08-21 23:43:28,729] {dag.py:2420} INFO - Sync 1 DAGs
[2022-08-21 23:43:28,769] {logging_mixin.py:115} INFO - [2022-08-21 23:43:28,768] {dag.py:2972} INFO - Setting next_dagrun for Satellite_Data to 2023-08-17T00:00:00+00:00, run_after=2023-08-18T00:00:00+00:00
[2022-08-21 23:43:28,822] {processor.py:161} INFO - Processing /opt/airflow/dags/data_loader.py took 0.695 seconds
[2022-08-21 23:43:59,830] {processor.py:153} INFO - Started process (PID=193) to work on /opt/airflow/dags/data_loader.py
[2022-08-21 23:43:59,836] {processor.py:641} INFO - Processing file /opt/airflow/dags/data_loader.py for tasks to queue
[2022-08-21 23:43:59,836] {logging_mixin.py:115} INFO - [2022-08-21 23:43:59,836] {dagbag.py:508} INFO - Filling up the DagBag from /opt/airflow/dags/data_loader.py
[2022-08-21 23:44:00,124] {processor.py:651} INFO - DAG(s) dict_keys(['Satellite_Data']) retrieved from /opt/airflow/dags/data_loader.py
[2022-08-21 23:44:00,146] {logging_mixin.py:115} INFO - [2022-08-21 23:44:00,146] {dag.py:2420} INFO - Sync 1 DAGs
[2022-08-21 23:44:00,167] {logging_mixin.py:115} INFO - [2022-08-21 23:44:00,167] {dag.py:2972} INFO - Setting next_dagrun for Satellite_Data to 2023-08-17T00:00:00+00:00, run_after=2023-08-18T00:00:00+00:00
[2022-08-21 23:44:00,186] {processor.py:161} INFO - Processing /opt/airflow/dags/data_loader.py took 0.360 seconds
[2022-08-21 23:44:30,276] {processor.py:153} INFO - Started process (PID=217) to work on /opt/airflow/dags/data_loader.py
[2022-08-21 23:44:30,288] {processor.py:641} INFO - Processing file /opt/airflow/dags/data_loader.py for tasks to queue
[2022-08-21 23:44:30,289] {logging_mixin.py:115} INFO - [2022-08-21 23:44:30,289] {dagbag.py:508} INFO - Filling up the DagBag from /opt/airflow/dags/data_loader.py
[2022-08-21 23:44:30,581] {processor.py:651} INFO - DAG(s) dict_keys(['Satellite_Data']) retrieved from /opt/airflow/dags/data_loader.py
[2022-08-21 23:44:30,608] {logging_mixin.py:115} INFO - [2022-08-21 23:44:30,607] {dag.py:2420} INFO - Sync 1 DAGs
[2022-08-21 23:44:30,629] {logging_mixin.py:115} INFO - [2022-08-21 23:44:30,629] {dag.py:2972} INFO - Setting next_dagrun for Satellite_Data to 2023-08-17T00:00:00+00:00, run_after=2023-08-18T00:00:00+00:00
[2022-08-21 23:44:30,655] {processor.py:161} INFO - Processing /opt/airflow/dags/data_loader.py took 0.383 seconds
[2022-08-21 23:45:00,724] {processor.py:153} INFO - Started process (PID=250) to work on /opt/airflow/dags/data_loader.py
[2022-08-21 23:45:00,738] {processor.py:641} INFO - Processing file /opt/airflow/dags/data_loader.py for tasks to queue
[2022-08-21 23:45:00,739] {logging_mixin.py:115} INFO - [2022-08-21 23:45:00,738] {dagbag.py:508} INFO - Filling up the DagBag from /opt/airflow/dags/data_loader.py
[2022-08-21 23:45:01,025] {processor.py:651} INFO - DAG(s) dict_keys(['Satellite_Data']) retrieved from /opt/airflow/dags/data_loader.py
[2022-08-21 23:45:01,048] {logging_mixin.py:115} INFO - [2022-08-21 23:45:01,048] {dag.py:2420} INFO - Sync 1 DAGs
[2022-08-21 23:45:01,068] {logging_mixin.py:115} INFO - [2022-08-21 23:45:01,068] {dag.py:2972} INFO - Setting next_dagrun for Satellite_Data to 2023-08-17T00:00:00+00:00, run_after=2023-08-18T00:00:00+00:00
[2022-08-21 23:45:01,094] {processor.py:161} INFO - Processing /opt/airflow/dags/data_loader.py took 0.374 seconds
[2022-08-21 23:45:31,153] {processor.py:153} INFO - Started process (PID=273) to work on /opt/airflow/dags/data_loader.py
[2022-08-21 23:45:31,162] {processor.py:641} INFO - Processing file /opt/airflow/dags/data_loader.py for tasks to queue
[2022-08-21 23:45:31,163] {logging_mixin.py:115} INFO - [2022-08-21 23:45:31,163] {dagbag.py:508} INFO - Filling up the DagBag from /opt/airflow/dags/data_loader.py
[2022-08-21 23:45:31,462] {processor.py:651} INFO - DAG(s) dict_keys(['Satellite_Data']) retrieved from /opt/airflow/dags/data_loader.py
[2022-08-21 23:45:31,487] {logging_mixin.py:115} INFO - [2022-08-21 23:45:31,487] {dag.py:2420} INFO - Sync 1 DAGs
[2022-08-21 23:45:31,510] {logging_mixin.py:115} INFO - [2022-08-21 23:45:31,509] {dag.py:2972} INFO - Setting next_dagrun for Satellite_Data to 2023-08-17T00:00:00+00:00, run_after=2023-08-18T00:00:00+00:00
[2022-08-21 23:45:31,536] {processor.py:161} INFO - Processing /opt/airflow/dags/data_loader.py took 0.386 seconds
[2022-08-21 23:46:01,577] {processor.py:153} INFO - Started process (PID=307) to work on /opt/airflow/dags/data_loader.py
[2022-08-21 23:46:01,587] {processor.py:641} INFO - Processing file /opt/airflow/dags/data_loader.py for tasks to queue
[2022-08-21 23:46:01,587] {logging_mixin.py:115} INFO - [2022-08-21 23:46:01,587] {dagbag.py:508} INFO - Filling up the DagBag from /opt/airflow/dags/data_loader.py
[2022-08-21 23:46:01,901] {processor.py:651} INFO - DAG(s) dict_keys(['Satellite_Data']) retrieved from /opt/airflow/dags/data_loader.py
[2022-08-21 23:46:01,918] {logging_mixin.py:115} INFO - [2022-08-21 23:46:01,917] {dag.py:2420} INFO - Sync 1 DAGs
[2022-08-21 23:46:01,938] {logging_mixin.py:115} INFO - [2022-08-21 23:46:01,938] {dag.py:2972} INFO - Setting next_dagrun for Satellite_Data to 2023-08-17T00:00:00+00:00, run_after=2023-08-18T00:00:00+00:00
[2022-08-21 23:46:01,981] {processor.py:161} INFO - Processing /opt/airflow/dags/data_loader.py took 0.409 seconds
[2022-08-21 23:46:32,025] {processor.py:153} INFO - Started process (PID=340) to work on /opt/airflow/dags/data_loader.py
[2022-08-21 23:46:32,026] {processor.py:641} INFO - Processing file /opt/airflow/dags/data_loader.py for tasks to queue
[2022-08-21 23:46:32,026] {logging_mixin.py:115} INFO - [2022-08-21 23:46:32,026] {dagbag.py:508} INFO - Filling up the DagBag from /opt/airflow/dags/data_loader.py
[2022-08-21 23:46:32,331] {processor.py:651} INFO - DAG(s) dict_keys(['Satellite_Data']) retrieved from /opt/airflow/dags/data_loader.py
[2022-08-21 23:46:32,355] {logging_mixin.py:115} INFO - [2022-08-21 23:46:32,355] {dag.py:2420} INFO - Sync 1 DAGs
[2022-08-21 23:46:32,376] {logging_mixin.py:115} INFO - [2022-08-21 23:46:32,376] {dag.py:2972} INFO - Setting next_dagrun for Satellite_Data to 2023-08-17T00:00:00+00:00, run_after=2023-08-18T00:00:00+00:00
[2022-08-21 23:46:32,400] {processor.py:161} INFO - Processing /opt/airflow/dags/data_loader.py took 0.379 seconds
[2022-08-21 23:47:02,467] {processor.py:153} INFO - Started process (PID=364) to work on /opt/airflow/dags/data_loader.py
[2022-08-21 23:47:02,479] {processor.py:641} INFO - Processing file /opt/airflow/dags/data_loader.py for tasks to queue
[2022-08-21 23:47:02,479] {logging_mixin.py:115} INFO - [2022-08-21 23:47:02,479] {dagbag.py:508} INFO - Filling up the DagBag from /opt/airflow/dags/data_loader.py
[2022-08-21 23:47:02,787] {processor.py:651} INFO - DAG(s) dict_keys(['Satellite_Data']) retrieved from /opt/airflow/dags/data_loader.py
[2022-08-21 23:47:02,812] {logging_mixin.py:115} INFO - [2022-08-21 23:47:02,812] {dag.py:2420} INFO - Sync 1 DAGs
[2022-08-21 23:47:02,833] {logging_mixin.py:115} INFO - [2022-08-21 23:47:02,833] {dag.py:2972} INFO - Setting next_dagrun for Satellite_Data to 2023-08-17T00:00:00+00:00, run_after=2023-08-18T00:00:00+00:00
[2022-08-21 23:47:02,858] {processor.py:161} INFO - Processing /opt/airflow/dags/data_loader.py took 0.396 seconds
[2022-08-21 23:47:33,038] {processor.py:153} INFO - Started process (PID=397) to work on /opt/airflow/dags/data_loader.py
[2022-08-21 23:47:33,045] {processor.py:641} INFO - Processing file /opt/airflow/dags/data_loader.py for tasks to queue
[2022-08-21 23:47:33,045] {logging_mixin.py:115} INFO - [2022-08-21 23:47:33,045] {dagbag.py:508} INFO - Filling up the DagBag from /opt/airflow/dags/data_loader.py
[2022-08-21 23:47:33,360] {processor.py:651} INFO - DAG(s) dict_keys(['Satellite_Data']) retrieved from /opt/airflow/dags/data_loader.py
[2022-08-21 23:47:33,385] {logging_mixin.py:115} INFO - [2022-08-21 23:47:33,385] {dag.py:2420} INFO - Sync 1 DAGs
[2022-08-21 23:47:33,415] {logging_mixin.py:115} INFO - [2022-08-21 23:47:33,415] {dag.py:2972} INFO - Setting next_dagrun for Satellite_Data to 2023-08-17T00:00:00+00:00, run_after=2023-08-18T00:00:00+00:00
[2022-08-21 23:47:33,499] {processor.py:161} INFO - Processing /opt/airflow/dags/data_loader.py took 0.466 seconds
[2022-08-21 23:48:04,478] {processor.py:153} INFO - Started process (PID=422) to work on /opt/airflow/dags/data_loader.py
[2022-08-21 23:48:04,520] {processor.py:641} INFO - Processing file /opt/airflow/dags/data_loader.py for tasks to queue
[2022-08-21 23:48:04,521] {logging_mixin.py:115} INFO - [2022-08-21 23:48:04,520] {dagbag.py:508} INFO - Filling up the DagBag from /opt/airflow/dags/data_loader.py
[2022-08-21 23:48:04,824] {processor.py:651} INFO - DAG(s) dict_keys(['Satellite_Data']) retrieved from /opt/airflow/dags/data_loader.py
[2022-08-21 23:48:04,846] {logging_mixin.py:115} INFO - [2022-08-21 23:48:04,846] {dag.py:2420} INFO - Sync 1 DAGs
[2022-08-21 23:48:04,867] {logging_mixin.py:115} INFO - [2022-08-21 23:48:04,867] {dag.py:2972} INFO - Setting next_dagrun for Satellite_Data to 2023-08-17T00:00:00+00:00, run_after=2023-08-18T00:00:00+00:00
[2022-08-21 23:48:04,906] {processor.py:161} INFO - Processing /opt/airflow/dags/data_loader.py took 0.432 seconds
[2022-08-21 23:48:35,815] {processor.py:153} INFO - Started process (PID=455) to work on /opt/airflow/dags/data_loader.py
[2022-08-21 23:48:35,827] {processor.py:641} INFO - Processing file /opt/airflow/dags/data_loader.py for tasks to queue
[2022-08-21 23:48:35,828] {logging_mixin.py:115} INFO - [2022-08-21 23:48:35,827] {dagbag.py:508} INFO - Filling up the DagBag from /opt/airflow/dags/data_loader.py
[2022-08-21 23:48:36,186] {processor.py:651} INFO - DAG(s) dict_keys(['Satellite_Data']) retrieved from /opt/airflow/dags/data_loader.py
[2022-08-21 23:48:36,211] {logging_mixin.py:115} INFO - [2022-08-21 23:48:36,210] {dag.py:2420} INFO - Sync 1 DAGs
[2022-08-21 23:48:36,255] {logging_mixin.py:115} INFO - [2022-08-21 23:48:36,255] {dag.py:2972} INFO - Setting next_dagrun for Satellite_Data to 2023-08-17T00:00:00+00:00, run_after=2023-08-18T00:00:00+00:00
[2022-08-21 23:48:36,285] {processor.py:161} INFO - Processing /opt/airflow/dags/data_loader.py took 0.473 seconds
[2022-08-21 23:49:07,269] {processor.py:153} INFO - Started process (PID=479) to work on /opt/airflow/dags/data_loader.py
[2022-08-21 23:49:07,277] {processor.py:641} INFO - Processing file /opt/airflow/dags/data_loader.py for tasks to queue
[2022-08-21 23:49:07,277] {logging_mixin.py:115} INFO - [2022-08-21 23:49:07,277] {dagbag.py:508} INFO - Filling up the DagBag from /opt/airflow/dags/data_loader.py
[2022-08-21 23:49:07,570] {processor.py:651} INFO - DAG(s) dict_keys(['Satellite_Data']) retrieved from /opt/airflow/dags/data_loader.py
[2022-08-21 23:49:07,595] {logging_mixin.py:115} INFO - [2022-08-21 23:49:07,595] {dag.py:2420} INFO - Sync 1 DAGs
[2022-08-21 23:49:07,616] {logging_mixin.py:115} INFO - [2022-08-21 23:49:07,615] {dag.py:2972} INFO - Setting next_dagrun for Satellite_Data to 2023-08-17T00:00:00+00:00, run_after=2023-08-18T00:00:00+00:00
[2022-08-21 23:49:07,641] {processor.py:161} INFO - Processing /opt/airflow/dags/data_loader.py took 0.376 seconds
[2022-08-21 23:49:37,719] {processor.py:153} INFO - Started process (PID=513) to work on /opt/airflow/dags/data_loader.py
[2022-08-21 23:49:37,727] {processor.py:641} INFO - Processing file /opt/airflow/dags/data_loader.py for tasks to queue
[2022-08-21 23:49:37,728] {logging_mixin.py:115} INFO - [2022-08-21 23:49:37,728] {dagbag.py:508} INFO - Filling up the DagBag from /opt/airflow/dags/data_loader.py
[2022-08-21 23:49:38,052] {processor.py:651} INFO - DAG(s) dict_keys(['Satellite_Data']) retrieved from /opt/airflow/dags/data_loader.py
[2022-08-21 23:49:38,076] {logging_mixin.py:115} INFO - [2022-08-21 23:49:38,075] {dag.py:2420} INFO - Sync 1 DAGs
[2022-08-21 23:49:38,099] {logging_mixin.py:115} INFO - [2022-08-21 23:49:38,098] {dag.py:2972} INFO - Setting next_dagrun for Satellite_Data to 2023-08-17T00:00:00+00:00, run_after=2023-08-18T00:00:00+00:00
[2022-08-21 23:49:38,126] {processor.py:161} INFO - Processing /opt/airflow/dags/data_loader.py took 0.410 seconds
[2022-08-21 23:50:08,194] {processor.py:153} INFO - Started process (PID=546) to work on /opt/airflow/dags/data_loader.py
[2022-08-21 23:50:08,209] {processor.py:641} INFO - Processing file /opt/airflow/dags/data_loader.py for tasks to queue
[2022-08-21 23:50:08,210] {logging_mixin.py:115} INFO - [2022-08-21 23:50:08,210] {dagbag.py:508} INFO - Filling up the DagBag from /opt/airflow/dags/data_loader.py
[2022-08-21 23:50:08,509] {processor.py:651} INFO - DAG(s) dict_keys(['Satellite_Data']) retrieved from /opt/airflow/dags/data_loader.py
[2022-08-21 23:50:08,531] {logging_mixin.py:115} INFO - [2022-08-21 23:50:08,531] {dag.py:2420} INFO - Sync 1 DAGs
[2022-08-21 23:50:08,552] {logging_mixin.py:115} INFO - [2022-08-21 23:50:08,552] {dag.py:2972} INFO - Setting next_dagrun for Satellite_Data to 2023-08-17T00:00:00+00:00, run_after=2023-08-18T00:00:00+00:00
[2022-08-21 23:50:08,574] {processor.py:161} INFO - Processing /opt/airflow/dags/data_loader.py took 0.385 seconds
[2022-08-21 23:50:38,617] {processor.py:153} INFO - Started process (PID=570) to work on /opt/airflow/dags/data_loader.py
[2022-08-21 23:50:38,625] {processor.py:641} INFO - Processing file /opt/airflow/dags/data_loader.py for tasks to queue
[2022-08-21 23:50:38,626] {logging_mixin.py:115} INFO - [2022-08-21 23:50:38,626] {dagbag.py:508} INFO - Filling up the DagBag from /opt/airflow/dags/data_loader.py
[2022-08-21 23:50:38,926] {processor.py:651} INFO - DAG(s) dict_keys(['Satellite_Data']) retrieved from /opt/airflow/dags/data_loader.py
[2022-08-21 23:50:38,953] {logging_mixin.py:115} INFO - [2022-08-21 23:50:38,953] {dag.py:2420} INFO - Sync 1 DAGs
[2022-08-21 23:50:38,973] {logging_mixin.py:115} INFO - [2022-08-21 23:50:38,973] {dag.py:2972} INFO - Setting next_dagrun for Satellite_Data to 2023-08-17T00:00:00+00:00, run_after=2023-08-18T00:00:00+00:00
[2022-08-21 23:50:38,999] {processor.py:161} INFO - Processing /opt/airflow/dags/data_loader.py took 0.386 seconds
[2022-08-21 23:51:09,061] {processor.py:153} INFO - Started process (PID=603) to work on /opt/airflow/dags/data_loader.py
[2022-08-21 23:51:09,074] {processor.py:641} INFO - Processing file /opt/airflow/dags/data_loader.py for tasks to queue
[2022-08-21 23:51:09,074] {logging_mixin.py:115} INFO - [2022-08-21 23:51:09,074] {dagbag.py:508} INFO - Filling up the DagBag from /opt/airflow/dags/data_loader.py
[2022-08-21 23:51:09,398] {processor.py:651} INFO - DAG(s) dict_keys(['Satellite_Data']) retrieved from /opt/airflow/dags/data_loader.py
[2022-08-21 23:51:09,426] {logging_mixin.py:115} INFO - [2022-08-21 23:51:09,426] {dag.py:2420} INFO - Sync 1 DAGs
[2022-08-21 23:51:09,448] {logging_mixin.py:115} INFO - [2022-08-21 23:51:09,448] {dag.py:2972} INFO - Setting next_dagrun for Satellite_Data to 2023-08-17T00:00:00+00:00, run_after=2023-08-18T00:00:00+00:00
[2022-08-21 23:51:09,480] {processor.py:161} INFO - Processing /opt/airflow/dags/data_loader.py took 0.423 seconds
[2022-08-21 23:51:40,472] {processor.py:153} INFO - Started process (PID=636) to work on /opt/airflow/dags/data_loader.py
[2022-08-21 23:51:40,490] {processor.py:641} INFO - Processing file /opt/airflow/dags/data_loader.py for tasks to queue
[2022-08-21 23:51:40,491] {logging_mixin.py:115} INFO - [2022-08-21 23:51:40,490] {dagbag.py:508} INFO - Filling up the DagBag from /opt/airflow/dags/data_loader.py
[2022-08-21 23:51:40,774] {processor.py:651} INFO - DAG(s) dict_keys(['Satellite_Data']) retrieved from /opt/airflow/dags/data_loader.py
[2022-08-21 23:51:40,796] {logging_mixin.py:115} INFO - [2022-08-21 23:51:40,795] {dag.py:2420} INFO - Sync 1 DAGs
[2022-08-21 23:51:40,816] {logging_mixin.py:115} INFO - [2022-08-21 23:51:40,816] {dag.py:2972} INFO - Setting next_dagrun for Satellite_Data to 2023-08-17T00:00:00+00:00, run_after=2023-08-18T00:00:00+00:00
[2022-08-21 23:51:40,830] {processor.py:161} INFO - Processing /opt/airflow/dags/data_loader.py took 0.362 seconds
[2022-08-21 23:52:10,912] {processor.py:153} INFO - Started process (PID=660) to work on /opt/airflow/dags/data_loader.py
[2022-08-21 23:52:10,923] {processor.py:641} INFO - Processing file /opt/airflow/dags/data_loader.py for tasks to queue
[2022-08-21 23:52:10,924] {logging_mixin.py:115} INFO - [2022-08-21 23:52:10,924] {dagbag.py:508} INFO - Filling up the DagBag from /opt/airflow/dags/data_loader.py
[2022-08-21 23:52:11,247] {processor.py:651} INFO - DAG(s) dict_keys(['Satellite_Data']) retrieved from /opt/airflow/dags/data_loader.py
[2022-08-21 23:52:11,271] {logging_mixin.py:115} INFO - [2022-08-21 23:52:11,270] {dag.py:2420} INFO - Sync 1 DAGs
[2022-08-21 23:52:11,292] {logging_mixin.py:115} INFO - [2022-08-21 23:52:11,292] {dag.py:2972} INFO - Setting next_dagrun for Satellite_Data to 2023-08-17T00:00:00+00:00, run_after=2023-08-18T00:00:00+00:00
[2022-08-21 23:52:11,357] {processor.py:161} INFO - Processing /opt/airflow/dags/data_loader.py took 0.449 seconds
[2022-08-21 23:52:42,348] {processor.py:153} INFO - Started process (PID=693) to work on /opt/airflow/dags/data_loader.py
[2022-08-21 23:52:42,356] {processor.py:641} INFO - Processing file /opt/airflow/dags/data_loader.py for tasks to queue
[2022-08-21 23:52:42,356] {logging_mixin.py:115} INFO - [2022-08-21 23:52:42,356] {dagbag.py:508} INFO - Filling up the DagBag from /opt/airflow/dags/data_loader.py
[2022-08-21 23:52:42,664] {processor.py:651} INFO - DAG(s) dict_keys(['Satellite_Data']) retrieved from /opt/airflow/dags/data_loader.py
[2022-08-21 23:52:42,686] {logging_mixin.py:115} INFO - [2022-08-21 23:52:42,685] {dag.py:2420} INFO - Sync 1 DAGs
[2022-08-21 23:52:42,707] {logging_mixin.py:115} INFO - [2022-08-21 23:52:42,707] {dag.py:2972} INFO - Setting next_dagrun for Satellite_Data to 2023-08-17T00:00:00+00:00, run_after=2023-08-18T00:00:00+00:00
[2022-08-21 23:52:42,722] {processor.py:161} INFO - Processing /opt/airflow/dags/data_loader.py took 0.378 seconds
[2022-08-21 23:53:12,776] {processor.py:153} INFO - Started process (PID=717) to work on /opt/airflow/dags/data_loader.py
[2022-08-21 23:53:12,797] {processor.py:641} INFO - Processing file /opt/airflow/dags/data_loader.py for tasks to queue
[2022-08-21 23:53:12,798] {logging_mixin.py:115} INFO - [2022-08-21 23:53:12,798] {dagbag.py:508} INFO - Filling up the DagBag from /opt/airflow/dags/data_loader.py
[2022-08-21 23:53:13,114] {processor.py:651} INFO - DAG(s) dict_keys(['Satellite_Data']) retrieved from /opt/airflow/dags/data_loader.py
[2022-08-21 23:53:13,136] {logging_mixin.py:115} INFO - [2022-08-21 23:53:13,136] {dag.py:2420} INFO - Sync 1 DAGs
[2022-08-21 23:53:13,159] {logging_mixin.py:115} INFO - [2022-08-21 23:53:13,159] {dag.py:2972} INFO - Setting next_dagrun for Satellite_Data to 2023-08-17T00:00:00+00:00, run_after=2023-08-18T00:00:00+00:00
[2022-08-21 23:53:13,190] {processor.py:161} INFO - Processing /opt/airflow/dags/data_loader.py took 0.419 seconds
[2022-08-21 23:53:43,263] {processor.py:153} INFO - Started process (PID=749) to work on /opt/airflow/dags/data_loader.py
[2022-08-21 23:53:43,280] {processor.py:641} INFO - Processing file /opt/airflow/dags/data_loader.py for tasks to queue
[2022-08-21 23:53:43,310] {logging_mixin.py:115} INFO - [2022-08-21 23:53:43,310] {dagbag.py:508} INFO - Filling up the DagBag from /opt/airflow/dags/data_loader.py
[2022-08-21 23:53:43,606] {processor.py:651} INFO - DAG(s) dict_keys(['Satellite_Data']) retrieved from /opt/airflow/dags/data_loader.py
[2022-08-21 23:53:43,624] {logging_mixin.py:115} INFO - [2022-08-21 23:53:43,624] {dag.py:2420} INFO - Sync 1 DAGs
[2022-08-21 23:53:43,646] {logging_mixin.py:115} INFO - [2022-08-21 23:53:43,645] {dag.py:2972} INFO - Setting next_dagrun for Satellite_Data to 2023-08-17T00:00:00+00:00, run_after=2023-08-18T00:00:00+00:00
[2022-08-21 23:53:43,681] {processor.py:161} INFO - Processing /opt/airflow/dags/data_loader.py took 0.422 seconds
[2022-08-21 23:54:13,768] {processor.py:153} INFO - Started process (PID=773) to work on /opt/airflow/dags/data_loader.py
[2022-08-21 23:54:13,843] {processor.py:641} INFO - Processing file /opt/airflow/dags/data_loader.py for tasks to queue
[2022-08-21 23:54:13,844] {logging_mixin.py:115} INFO - [2022-08-21 23:54:13,843] {dagbag.py:508} INFO - Filling up the DagBag from /opt/airflow/dags/data_loader.py
[2022-08-21 23:54:16,543] {processor.py:651} INFO - DAG(s) dict_keys(['Satellite_Data']) retrieved from /opt/airflow/dags/data_loader.py
[2022-08-21 23:54:16,612] {logging_mixin.py:115} INFO - [2022-08-21 23:54:16,612] {dag.py:2420} INFO - Sync 1 DAGs
[2022-08-21 23:54:16,635] {logging_mixin.py:115} INFO - [2022-08-21 23:54:16,635] {dag.py:2972} INFO - Setting next_dagrun for Satellite_Data to 2023-08-17T00:00:00+00:00, run_after=2023-08-18T00:00:00+00:00
[2022-08-21 23:54:16,742] {processor.py:161} INFO - Processing /opt/airflow/dags/data_loader.py took 2.978 seconds
[2022-08-21 23:54:47,054] {processor.py:153} INFO - Started process (PID=806) to work on /opt/airflow/dags/data_loader.py
[2022-08-21 23:54:47,096] {processor.py:641} INFO - Processing file /opt/airflow/dags/data_loader.py for tasks to queue
[2022-08-21 23:54:47,096] {logging_mixin.py:115} INFO - [2022-08-21 23:54:47,096] {dagbag.py:508} INFO - Filling up the DagBag from /opt/airflow/dags/data_loader.py
[2022-08-21 23:54:47,803] {processor.py:651} INFO - DAG(s) dict_keys(['Satellite_Data']) retrieved from /opt/airflow/dags/data_loader.py
[2022-08-21 23:54:47,827] {logging_mixin.py:115} INFO - [2022-08-21 23:54:47,826] {dag.py:2420} INFO - Sync 1 DAGs
[2022-08-21 23:54:47,850] {logging_mixin.py:115} INFO - [2022-08-21 23:54:47,850] {dag.py:2972} INFO - Setting next_dagrun for Satellite_Data to 2023-08-17T00:00:00+00:00, run_after=2023-08-18T00:00:00+00:00
[2022-08-21 23:54:47,943] {processor.py:161} INFO - Processing /opt/airflow/dags/data_loader.py took 1.045 seconds
[2022-08-21 23:55:18,745] {processor.py:153} INFO - Started process (PID=830) to work on /opt/airflow/dags/data_loader.py
[2022-08-21 23:55:18,765] {processor.py:641} INFO - Processing file /opt/airflow/dags/data_loader.py for tasks to queue
[2022-08-21 23:55:18,766] {logging_mixin.py:115} INFO - [2022-08-21 23:55:18,766] {dagbag.py:508} INFO - Filling up the DagBag from /opt/airflow/dags/data_loader.py
[2022-08-21 23:55:20,100] {processor.py:651} INFO - DAG(s) dict_keys(['Satellite_Data']) retrieved from /opt/airflow/dags/data_loader.py
[2022-08-21 23:55:20,116] {logging_mixin.py:115} INFO - [2022-08-21 23:55:20,115] {dag.py:2420} INFO - Sync 1 DAGs
[2022-08-21 23:55:20,138] {logging_mixin.py:115} INFO - [2022-08-21 23:55:20,138] {dag.py:2972} INFO - Setting next_dagrun for Satellite_Data to 2023-08-17T00:00:00+00:00, run_after=2023-08-18T00:00:00+00:00
[2022-08-21 23:55:20,173] {processor.py:161} INFO - Processing /opt/airflow/dags/data_loader.py took 1.441 seconds
[2022-08-21 23:55:51,116] {processor.py:153} INFO - Started process (PID=863) to work on /opt/airflow/dags/data_loader.py
[2022-08-21 23:55:51,140] {processor.py:641} INFO - Processing file /opt/airflow/dags/data_loader.py for tasks to queue
[2022-08-21 23:55:51,146] {logging_mixin.py:115} INFO - [2022-08-21 23:55:51,145] {dagbag.py:508} INFO - Filling up the DagBag from /opt/airflow/dags/data_loader.py
[2022-08-21 23:55:51,523] {processor.py:651} INFO - DAG(s) dict_keys(['Satellite_Data']) retrieved from /opt/airflow/dags/data_loader.py
[2022-08-21 23:55:51,546] {logging_mixin.py:115} INFO - [2022-08-21 23:55:51,546] {dag.py:2420} INFO - Sync 1 DAGs
[2022-08-21 23:55:51,572] {logging_mixin.py:115} INFO - [2022-08-21 23:55:51,572] {dag.py:2972} INFO - Setting next_dagrun for Satellite_Data to 2023-08-17T00:00:00+00:00, run_after=2023-08-18T00:00:00+00:00
[2022-08-21 23:55:51,628] {processor.py:161} INFO - Processing /opt/airflow/dags/data_loader.py took 0.516 seconds
[2022-08-21 23:56:22,563] {processor.py:153} INFO - Started process (PID=896) to work on /opt/airflow/dags/data_loader.py
[2022-08-21 23:56:22,572] {processor.py:641} INFO - Processing file /opt/airflow/dags/data_loader.py for tasks to queue
[2022-08-21 23:56:22,573] {logging_mixin.py:115} INFO - [2022-08-21 23:56:22,572] {dagbag.py:508} INFO - Filling up the DagBag from /opt/airflow/dags/data_loader.py
[2022-08-21 23:56:22,874] {processor.py:651} INFO - DAG(s) dict_keys(['Satellite_Data']) retrieved from /opt/airflow/dags/data_loader.py
[2022-08-21 23:56:22,892] {logging_mixin.py:115} INFO - [2022-08-21 23:56:22,892] {dag.py:2420} INFO - Sync 1 DAGs
[2022-08-21 23:56:22,912] {logging_mixin.py:115} INFO - [2022-08-21 23:56:22,912] {dag.py:2972} INFO - Setting next_dagrun for Satellite_Data to 2023-08-17T00:00:00+00:00, run_after=2023-08-18T00:00:00+00:00
[2022-08-21 23:56:22,939] {processor.py:161} INFO - Processing /opt/airflow/dags/data_loader.py took 0.380 seconds
[2022-08-21 23:56:53,041] {processor.py:153} INFO - Started process (PID=920) to work on /opt/airflow/dags/data_loader.py
[2022-08-21 23:56:53,055] {processor.py:641} INFO - Processing file /opt/airflow/dags/data_loader.py for tasks to queue
[2022-08-21 23:56:53,056] {logging_mixin.py:115} INFO - [2022-08-21 23:56:53,056] {dagbag.py:508} INFO - Filling up the DagBag from /opt/airflow/dags/data_loader.py
[2022-08-21 23:56:53,640] {processor.py:651} INFO - DAG(s) dict_keys(['Satellite_Data']) retrieved from /opt/airflow/dags/data_loader.py
[2022-08-21 23:56:53,668] {logging_mixin.py:115} INFO - [2022-08-21 23:56:53,667] {dag.py:2420} INFO - Sync 1 DAGs
[2022-08-21 23:56:53,717] {logging_mixin.py:115} INFO - [2022-08-21 23:56:53,717] {dag.py:2972} INFO - Setting next_dagrun for Satellite_Data to 2023-08-17T00:00:00+00:00, run_after=2023-08-18T00:00:00+00:00
[2022-08-21 23:56:53,744] {processor.py:161} INFO - Processing /opt/airflow/dags/data_loader.py took 0.706 seconds
[2022-08-21 23:57:23,818] {processor.py:153} INFO - Started process (PID=953) to work on /opt/airflow/dags/data_loader.py
[2022-08-21 23:57:23,840] {processor.py:641} INFO - Processing file /opt/airflow/dags/data_loader.py for tasks to queue
[2022-08-21 23:57:23,841] {logging_mixin.py:115} INFO - [2022-08-21 23:57:23,841] {dagbag.py:508} INFO - Filling up the DagBag from /opt/airflow/dags/data_loader.py
[2022-08-21 23:57:24,386] {processor.py:651} INFO - DAG(s) dict_keys(['Satellite_Data']) retrieved from /opt/airflow/dags/data_loader.py
[2022-08-21 23:57:24,411] {logging_mixin.py:115} INFO - [2022-08-21 23:57:24,410] {dag.py:2420} INFO - Sync 1 DAGs
[2022-08-21 23:57:24,431] {logging_mixin.py:115} INFO - [2022-08-21 23:57:24,431] {dag.py:2972} INFO - Setting next_dagrun for Satellite_Data to 2023-08-17T00:00:00+00:00, run_after=2023-08-18T00:00:00+00:00
[2022-08-21 23:57:24,462] {processor.py:161} INFO - Processing /opt/airflow/dags/data_loader.py took 0.664 seconds
[2022-08-21 23:57:55,283] {processor.py:153} INFO - Started process (PID=988) to work on /opt/airflow/dags/data_loader.py
[2022-08-21 23:57:55,289] {processor.py:641} INFO - Processing file /opt/airflow/dags/data_loader.py for tasks to queue
[2022-08-21 23:57:55,290] {logging_mixin.py:115} INFO - [2022-08-21 23:57:55,290] {dagbag.py:508} INFO - Filling up the DagBag from /opt/airflow/dags/data_loader.py
[2022-08-21 23:57:55,619] {processor.py:651} INFO - DAG(s) dict_keys(['Satellite_Data']) retrieved from /opt/airflow/dags/data_loader.py
[2022-08-21 23:57:55,641] {logging_mixin.py:115} INFO - [2022-08-21 23:57:55,640] {dag.py:2420} INFO - Sync 1 DAGs
[2022-08-21 23:57:55,665] {logging_mixin.py:115} INFO - [2022-08-21 23:57:55,665] {dag.py:2972} INFO - Setting next_dagrun for Satellite_Data to 2023-08-17T00:00:00+00:00, run_after=2023-08-18T00:00:00+00:00
[2022-08-21 23:57:55,687] {processor.py:161} INFO - Processing /opt/airflow/dags/data_loader.py took 0.406 seconds
[2022-08-21 23:58:25,759] {processor.py:153} INFO - Started process (PID=1012) to work on /opt/airflow/dags/data_loader.py
[2022-08-21 23:58:25,773] {processor.py:641} INFO - Processing file /opt/airflow/dags/data_loader.py for tasks to queue
[2022-08-21 23:58:25,773] {logging_mixin.py:115} INFO - [2022-08-21 23:58:25,773] {dagbag.py:508} INFO - Filling up the DagBag from /opt/airflow/dags/data_loader.py
[2022-08-21 23:58:26,092] {processor.py:651} INFO - DAG(s) dict_keys(['Satellite_Data']) retrieved from /opt/airflow/dags/data_loader.py
[2022-08-21 23:58:26,115] {logging_mixin.py:115} INFO - [2022-08-21 23:58:26,115] {dag.py:2420} INFO - Sync 1 DAGs
[2022-08-21 23:58:26,137] {logging_mixin.py:115} INFO - [2022-08-21 23:58:26,136] {dag.py:2972} INFO - Setting next_dagrun for Satellite_Data to 2023-08-17T00:00:00+00:00, run_after=2023-08-18T00:00:00+00:00
[2022-08-21 23:58:26,156] {processor.py:161} INFO - Processing /opt/airflow/dags/data_loader.py took 0.401 seconds
[2022-08-21 23:58:56,251] {processor.py:153} INFO - Started process (PID=1045) to work on /opt/airflow/dags/data_loader.py
[2022-08-21 23:58:56,264] {processor.py:641} INFO - Processing file /opt/airflow/dags/data_loader.py for tasks to queue
[2022-08-21 23:58:56,265] {logging_mixin.py:115} INFO - [2022-08-21 23:58:56,265] {dagbag.py:508} INFO - Filling up the DagBag from /opt/airflow/dags/data_loader.py
[2022-08-21 23:58:56,580] {processor.py:651} INFO - DAG(s) dict_keys(['Satellite_Data']) retrieved from /opt/airflow/dags/data_loader.py
[2022-08-21 23:58:56,598] {logging_mixin.py:115} INFO - [2022-08-21 23:58:56,598] {dag.py:2420} INFO - Sync 1 DAGs
[2022-08-21 23:58:56,617] {logging_mixin.py:115} INFO - [2022-08-21 23:58:56,616] {dag.py:2972} INFO - Setting next_dagrun for Satellite_Data to 2023-08-17T00:00:00+00:00, run_after=2023-08-18T00:00:00+00:00
[2022-08-21 23:58:56,662] {processor.py:161} INFO - Processing /opt/airflow/dags/data_loader.py took 0.415 seconds
[2022-08-21 23:59:26,711] {processor.py:153} INFO - Started process (PID=1068) to work on /opt/airflow/dags/data_loader.py
[2022-08-21 23:59:26,730] {processor.py:641} INFO - Processing file /opt/airflow/dags/data_loader.py for tasks to queue
[2022-08-21 23:59:26,731] {logging_mixin.py:115} INFO - [2022-08-21 23:59:26,731] {dagbag.py:508} INFO - Filling up the DagBag from /opt/airflow/dags/data_loader.py
[2022-08-21 23:59:27,135] {processor.py:651} INFO - DAG(s) dict_keys(['Satellite_Data']) retrieved from /opt/airflow/dags/data_loader.py
[2022-08-21 23:59:27,154] {logging_mixin.py:115} INFO - [2022-08-21 23:59:27,153] {dag.py:2420} INFO - Sync 1 DAGs
[2022-08-21 23:59:27,204] {logging_mixin.py:115} INFO - [2022-08-21 23:59:27,204] {dag.py:2972} INFO - Setting next_dagrun for Satellite_Data to 2023-08-17T00:00:00+00:00, run_after=2023-08-18T00:00:00+00:00
[2022-08-21 23:59:27,249] {processor.py:161} INFO - Processing /opt/airflow/dags/data_loader.py took 0.542 seconds
[2022-08-21 23:59:58,166] {processor.py:153} INFO - Started process (PID=1101) to work on /opt/airflow/dags/data_loader.py
[2022-08-21 23:59:58,172] {processor.py:641} INFO - Processing file /opt/airflow/dags/data_loader.py for tasks to queue
[2022-08-21 23:59:58,172] {logging_mixin.py:115} INFO - [2022-08-21 23:59:58,172] {dagbag.py:508} INFO - Filling up the DagBag from /opt/airflow/dags/data_loader.py
[2022-08-21 23:59:58,482] {processor.py:651} INFO - DAG(s) dict_keys(['Satellite_Data']) retrieved from /opt/airflow/dags/data_loader.py
[2022-08-21 23:59:58,504] {logging_mixin.py:115} INFO - [2022-08-21 23:59:58,504] {dag.py:2420} INFO - Sync 1 DAGs
[2022-08-21 23:59:58,527] {logging_mixin.py:115} INFO - [2022-08-21 23:59:58,526] {dag.py:2972} INFO - Setting next_dagrun for Satellite_Data to 2023-08-17T00:00:00+00:00, run_after=2023-08-18T00:00:00+00:00
[2022-08-21 23:59:58,547] {processor.py:161} INFO - Processing /opt/airflow/dags/data_loader.py took 0.386 seconds
