[2022-08-21 23:42:29,442] {processor.py:153} INFO - Started process (PID=103) to work on /opt/airflow/dags/satelliteTrack.py
[2022-08-21 23:42:29,442] {processor.py:641} INFO - Processing file /opt/airflow/dags/satelliteTrack.py for tasks to queue
[2022-08-21 23:42:29,443] {logging_mixin.py:115} INFO - [2022-08-21 23:42:29,443] {dagbag.py:508} INFO - Filling up the DagBag from /opt/airflow/dags/satelliteTrack.py
[2022-08-21 23:42:45,502] {processor.py:653} WARNING - No viable dags retrieved from /opt/airflow/dags/satelliteTrack.py
[2022-08-21 23:42:45,513] {processor.py:161} INFO - Processing /opt/airflow/dags/satelliteTrack.py took 16.075 seconds
[2022-08-21 23:43:15,731] {processor.py:153} INFO - Started process (PID=145) to work on /opt/airflow/dags/satelliteTrack.py
[2022-08-21 23:43:15,736] {processor.py:641} INFO - Processing file /opt/airflow/dags/satelliteTrack.py for tasks to queue
[2022-08-21 23:43:15,737] {logging_mixin.py:115} INFO - [2022-08-21 23:43:15,736] {dagbag.py:508} INFO - Filling up the DagBag from /opt/airflow/dags/satelliteTrack.py
[2022-08-21 23:43:16,044] {processor.py:653} WARNING - No viable dags retrieved from /opt/airflow/dags/satelliteTrack.py
[2022-08-21 23:43:16,059] {processor.py:161} INFO - Processing /opt/airflow/dags/satelliteTrack.py took 0.332 seconds
[2022-08-21 23:43:46,462] {processor.py:153} INFO - Started process (PID=170) to work on /opt/airflow/dags/satelliteTrack.py
[2022-08-21 23:43:46,469] {processor.py:641} INFO - Processing file /opt/airflow/dags/satelliteTrack.py for tasks to queue
[2022-08-21 23:43:46,469] {logging_mixin.py:115} INFO - [2022-08-21 23:43:46,469] {dagbag.py:508} INFO - Filling up the DagBag from /opt/airflow/dags/satelliteTrack.py
[2022-08-21 23:43:46,762] {processor.py:653} WARNING - No viable dags retrieved from /opt/airflow/dags/satelliteTrack.py
[2022-08-21 23:43:46,776] {processor.py:161} INFO - Processing /opt/airflow/dags/satelliteTrack.py took 0.318 seconds
[2022-08-21 23:44:16,869] {processor.py:153} INFO - Started process (PID=204) to work on /opt/airflow/dags/satelliteTrack.py
[2022-08-21 23:44:16,869] {processor.py:641} INFO - Processing file /opt/airflow/dags/satelliteTrack.py for tasks to queue
[2022-08-21 23:44:16,870] {logging_mixin.py:115} INFO - [2022-08-21 23:44:16,870] {dagbag.py:508} INFO - Filling up the DagBag from /opt/airflow/dags/satelliteTrack.py
[2022-08-21 23:44:17,236] {processor.py:653} WARNING - No viable dags retrieved from /opt/airflow/dags/satelliteTrack.py
[2022-08-21 23:44:17,254] {processor.py:161} INFO - Processing /opt/airflow/dags/satelliteTrack.py took 0.389 seconds
[2022-08-21 23:44:47,329] {processor.py:153} INFO - Started process (PID=237) to work on /opt/airflow/dags/satelliteTrack.py
[2022-08-21 23:44:47,343] {processor.py:641} INFO - Processing file /opt/airflow/dags/satelliteTrack.py for tasks to queue
[2022-08-21 23:44:47,343] {logging_mixin.py:115} INFO - [2022-08-21 23:44:47,343] {dagbag.py:508} INFO - Filling up the DagBag from /opt/airflow/dags/satelliteTrack.py
[2022-08-21 23:44:47,655] {processor.py:653} WARNING - No viable dags retrieved from /opt/airflow/dags/satelliteTrack.py
[2022-08-21 23:44:47,666] {processor.py:161} INFO - Processing /opt/airflow/dags/satelliteTrack.py took 0.341 seconds
[2022-08-21 23:45:17,768] {processor.py:153} INFO - Started process (PID=260) to work on /opt/airflow/dags/satelliteTrack.py
[2022-08-21 23:45:17,776] {processor.py:641} INFO - Processing file /opt/airflow/dags/satelliteTrack.py for tasks to queue
[2022-08-21 23:45:17,776] {logging_mixin.py:115} INFO - [2022-08-21 23:45:17,776] {dagbag.py:508} INFO - Filling up the DagBag from /opt/airflow/dags/satelliteTrack.py
[2022-08-21 23:45:18,088] {processor.py:653} WARNING - No viable dags retrieved from /opt/airflow/dags/satelliteTrack.py
[2022-08-21 23:45:18,101] {processor.py:161} INFO - Processing /opt/airflow/dags/satelliteTrack.py took 0.337 seconds
[2022-08-21 23:45:48,195] {processor.py:153} INFO - Started process (PID=293) to work on /opt/airflow/dags/satelliteTrack.py
[2022-08-21 23:45:48,200] {processor.py:641} INFO - Processing file /opt/airflow/dags/satelliteTrack.py for tasks to queue
[2022-08-21 23:45:48,201] {logging_mixin.py:115} INFO - [2022-08-21 23:45:48,201] {dagbag.py:508} INFO - Filling up the DagBag from /opt/airflow/dags/satelliteTrack.py
[2022-08-21 23:45:48,504] {processor.py:653} WARNING - No viable dags retrieved from /opt/airflow/dags/satelliteTrack.py
[2022-08-21 23:45:48,518] {processor.py:161} INFO - Processing /opt/airflow/dags/satelliteTrack.py took 0.327 seconds
[2022-08-21 23:46:18,623] {processor.py:153} INFO - Started process (PID=327) to work on /opt/airflow/dags/satelliteTrack.py
[2022-08-21 23:46:18,646] {processor.py:641} INFO - Processing file /opt/airflow/dags/satelliteTrack.py for tasks to queue
[2022-08-21 23:46:18,647] {logging_mixin.py:115} INFO - [2022-08-21 23:46:18,647] {dagbag.py:508} INFO - Filling up the DagBag from /opt/airflow/dags/satelliteTrack.py
[2022-08-21 23:46:18,949] {processor.py:653} WARNING - No viable dags retrieved from /opt/airflow/dags/satelliteTrack.py
[2022-08-21 23:46:18,965] {processor.py:161} INFO - Processing /opt/airflow/dags/satelliteTrack.py took 0.345 seconds
[2022-08-21 23:46:49,076] {processor.py:153} INFO - Started process (PID=351) to work on /opt/airflow/dags/satelliteTrack.py
[2022-08-21 23:46:49,087] {processor.py:641} INFO - Processing file /opt/airflow/dags/satelliteTrack.py for tasks to queue
[2022-08-21 23:46:49,087] {logging_mixin.py:115} INFO - [2022-08-21 23:46:49,087] {dagbag.py:508} INFO - Filling up the DagBag from /opt/airflow/dags/satelliteTrack.py
[2022-08-21 23:46:49,403] {processor.py:653} WARNING - No viable dags retrieved from /opt/airflow/dags/satelliteTrack.py
[2022-08-21 23:46:49,418] {processor.py:161} INFO - Processing /opt/airflow/dags/satelliteTrack.py took 0.346 seconds
[2022-08-21 23:47:19,499] {processor.py:153} INFO - Started process (PID=384) to work on /opt/airflow/dags/satelliteTrack.py
[2022-08-21 23:47:19,529] {processor.py:641} INFO - Processing file /opt/airflow/dags/satelliteTrack.py for tasks to queue
[2022-08-21 23:47:19,529] {logging_mixin.py:115} INFO - [2022-08-21 23:47:19,529] {dagbag.py:508} INFO - Filling up the DagBag from /opt/airflow/dags/satelliteTrack.py
[2022-08-21 23:47:19,942] {processor.py:653} WARNING - No viable dags retrieved from /opt/airflow/dags/satelliteTrack.py
[2022-08-21 23:47:19,953] {processor.py:161} INFO - Processing /opt/airflow/dags/satelliteTrack.py took 0.457 seconds
[2022-08-21 23:47:50,080] {processor.py:153} INFO - Started process (PID=409) to work on /opt/airflow/dags/satelliteTrack.py
[2022-08-21 23:47:50,086] {processor.py:641} INFO - Processing file /opt/airflow/dags/satelliteTrack.py for tasks to queue
[2022-08-21 23:47:50,087] {logging_mixin.py:115} INFO - [2022-08-21 23:47:50,087] {dagbag.py:508} INFO - Filling up the DagBag from /opt/airflow/dags/satelliteTrack.py
[2022-08-21 23:47:50,434] {processor.py:653} WARNING - No viable dags retrieved from /opt/airflow/dags/satelliteTrack.py
[2022-08-21 23:47:50,447] {processor.py:161} INFO - Processing /opt/airflow/dags/satelliteTrack.py took 0.372 seconds
[2022-08-21 23:48:20,996] {processor.py:153} INFO - Started process (PID=433) to work on /opt/airflow/dags/satelliteTrack.py
[2022-08-21 23:48:21,036] {processor.py:641} INFO - Processing file /opt/airflow/dags/satelliteTrack.py for tasks to queue
[2022-08-21 23:48:21,068] {logging_mixin.py:115} INFO - [2022-08-21 23:48:21,068] {dagbag.py:508} INFO - Filling up the DagBag from /opt/airflow/dags/satelliteTrack.py
[2022-08-21 23:48:21,722] {processor.py:653} WARNING - No viable dags retrieved from /opt/airflow/dags/satelliteTrack.py
[2022-08-21 23:48:21,750] {processor.py:161} INFO - Processing /opt/airflow/dags/satelliteTrack.py took 0.756 seconds
[2022-08-21 23:48:51,850] {processor.py:153} INFO - Started process (PID=466) to work on /opt/airflow/dags/satelliteTrack.py
[2022-08-21 23:48:51,861] {processor.py:641} INFO - Processing file /opt/airflow/dags/satelliteTrack.py for tasks to queue
[2022-08-21 23:48:51,861] {logging_mixin.py:115} INFO - [2022-08-21 23:48:51,861] {dagbag.py:508} INFO - Filling up the DagBag from /opt/airflow/dags/satelliteTrack.py
[2022-08-21 23:48:52,191] {processor.py:653} WARNING - No viable dags retrieved from /opt/airflow/dags/satelliteTrack.py
[2022-08-21 23:48:52,204] {processor.py:161} INFO - Processing /opt/airflow/dags/satelliteTrack.py took 0.356 seconds
[2022-08-21 23:49:22,304] {processor.py:153} INFO - Started process (PID=500) to work on /opt/airflow/dags/satelliteTrack.py
[2022-08-21 23:49:22,317] {processor.py:641} INFO - Processing file /opt/airflow/dags/satelliteTrack.py for tasks to queue
[2022-08-21 23:49:22,318] {logging_mixin.py:115} INFO - [2022-08-21 23:49:22,318] {dagbag.py:508} INFO - Filling up the DagBag from /opt/airflow/dags/satelliteTrack.py
[2022-08-21 23:49:22,648] {processor.py:653} WARNING - No viable dags retrieved from /opt/airflow/dags/satelliteTrack.py
[2022-08-21 23:49:22,657] {processor.py:161} INFO - Processing /opt/airflow/dags/satelliteTrack.py took 0.357 seconds
[2022-08-21 23:49:52,754] {processor.py:153} INFO - Started process (PID=524) to work on /opt/airflow/dags/satelliteTrack.py
[2022-08-21 23:49:52,783] {processor.py:641} INFO - Processing file /opt/airflow/dags/satelliteTrack.py for tasks to queue
[2022-08-21 23:49:52,784] {logging_mixin.py:115} INFO - [2022-08-21 23:49:52,784] {dagbag.py:508} INFO - Filling up the DagBag from /opt/airflow/dags/satelliteTrack.py
[2022-08-21 23:49:53,120] {processor.py:653} WARNING - No viable dags retrieved from /opt/airflow/dags/satelliteTrack.py
[2022-08-21 23:49:53,131] {processor.py:161} INFO - Processing /opt/airflow/dags/satelliteTrack.py took 0.381 seconds
[2022-08-21 23:50:23,227] {processor.py:153} INFO - Started process (PID=557) to work on /opt/airflow/dags/satelliteTrack.py
[2022-08-21 23:50:23,228] {processor.py:641} INFO - Processing file /opt/airflow/dags/satelliteTrack.py for tasks to queue
[2022-08-21 23:50:23,228] {logging_mixin.py:115} INFO - [2022-08-21 23:50:23,228] {dagbag.py:508} INFO - Filling up the DagBag from /opt/airflow/dags/satelliteTrack.py
[2022-08-21 23:50:23,534] {processor.py:653} WARNING - No viable dags retrieved from /opt/airflow/dags/satelliteTrack.py
[2022-08-21 23:50:23,549] {processor.py:161} INFO - Processing /opt/airflow/dags/satelliteTrack.py took 0.326 seconds
[2022-08-21 23:50:53,654] {processor.py:153} INFO - Started process (PID=581) to work on /opt/airflow/dags/satelliteTrack.py
[2022-08-21 23:50:53,665] {processor.py:641} INFO - Processing file /opt/airflow/dags/satelliteTrack.py for tasks to queue
[2022-08-21 23:50:53,666] {logging_mixin.py:115} INFO - [2022-08-21 23:50:53,666] {dagbag.py:508} INFO - Filling up the DagBag from /opt/airflow/dags/satelliteTrack.py
[2022-08-21 23:50:53,985] {processor.py:653} WARNING - No viable dags retrieved from /opt/airflow/dags/satelliteTrack.py
[2022-08-21 23:50:54,000] {processor.py:161} INFO - Processing /opt/airflow/dags/satelliteTrack.py took 0.350 seconds
[2022-08-21 23:51:24,111] {processor.py:153} INFO - Started process (PID=614) to work on /opt/airflow/dags/satelliteTrack.py
[2022-08-21 23:51:24,112] {processor.py:641} INFO - Processing file /opt/airflow/dags/satelliteTrack.py for tasks to queue
[2022-08-21 23:51:24,113] {logging_mixin.py:115} INFO - [2022-08-21 23:51:24,113] {dagbag.py:508} INFO - Filling up the DagBag from /opt/airflow/dags/satelliteTrack.py
[2022-08-21 23:51:24,389] {processor.py:653} WARNING - No viable dags retrieved from /opt/airflow/dags/satelliteTrack.py
[2022-08-21 23:51:24,403] {processor.py:161} INFO - Processing /opt/airflow/dags/satelliteTrack.py took 0.296 seconds
[2022-08-21 23:51:54,508] {processor.py:153} INFO - Started process (PID=647) to work on /opt/airflow/dags/satelliteTrack.py
[2022-08-21 23:51:54,515] {processor.py:641} INFO - Processing file /opt/airflow/dags/satelliteTrack.py for tasks to queue
[2022-08-21 23:51:54,515] {logging_mixin.py:115} INFO - [2022-08-21 23:51:54,515] {dagbag.py:508} INFO - Filling up the DagBag from /opt/airflow/dags/satelliteTrack.py
[2022-08-21 23:51:54,855] {processor.py:653} WARNING - No viable dags retrieved from /opt/airflow/dags/satelliteTrack.py
[2022-08-21 23:51:54,869] {processor.py:161} INFO - Processing /opt/airflow/dags/satelliteTrack.py took 0.365 seconds
[2022-08-21 23:52:24,946] {processor.py:153} INFO - Started process (PID=671) to work on /opt/airflow/dags/satelliteTrack.py
[2022-08-21 23:52:24,947] {processor.py:641} INFO - Processing file /opt/airflow/dags/satelliteTrack.py for tasks to queue
[2022-08-21 23:52:24,948] {logging_mixin.py:115} INFO - [2022-08-21 23:52:24,948] {dagbag.py:508} INFO - Filling up the DagBag from /opt/airflow/dags/satelliteTrack.py
[2022-08-21 23:52:25,248] {processor.py:653} WARNING - No viable dags retrieved from /opt/airflow/dags/satelliteTrack.py
[2022-08-21 23:52:25,259] {processor.py:161} INFO - Processing /opt/airflow/dags/satelliteTrack.py took 0.317 seconds
[2022-08-21 23:52:55,379] {processor.py:153} INFO - Started process (PID=704) to work on /opt/airflow/dags/satelliteTrack.py
[2022-08-21 23:52:55,379] {processor.py:641} INFO - Processing file /opt/airflow/dags/satelliteTrack.py for tasks to queue
[2022-08-21 23:52:55,379] {logging_mixin.py:115} INFO - [2022-08-21 23:52:55,379] {dagbag.py:508} INFO - Filling up the DagBag from /opt/airflow/dags/satelliteTrack.py
[2022-08-21 23:52:55,695] {processor.py:653} WARNING - No viable dags retrieved from /opt/airflow/dags/satelliteTrack.py
[2022-08-21 23:52:55,709] {processor.py:161} INFO - Processing /opt/airflow/dags/satelliteTrack.py took 0.334 seconds
[2022-08-21 23:53:25,803] {processor.py:153} INFO - Started process (PID=736) to work on /opt/airflow/dags/satelliteTrack.py
[2022-08-21 23:53:25,855] {processor.py:641} INFO - Processing file /opt/airflow/dags/satelliteTrack.py for tasks to queue
[2022-08-21 23:53:25,856] {logging_mixin.py:115} INFO - [2022-08-21 23:53:25,856] {dagbag.py:508} INFO - Filling up the DagBag from /opt/airflow/dags/satelliteTrack.py
[2022-08-21 23:53:26,180] {processor.py:653} WARNING - No viable dags retrieved from /opt/airflow/dags/satelliteTrack.py
[2022-08-21 23:53:26,197] {processor.py:161} INFO - Processing /opt/airflow/dags/satelliteTrack.py took 0.396 seconds
[2022-08-21 23:53:56,420] {processor.py:153} INFO - Started process (PID=760) to work on /opt/airflow/dags/satelliteTrack.py
[2022-08-21 23:53:56,488] {processor.py:641} INFO - Processing file /opt/airflow/dags/satelliteTrack.py for tasks to queue
[2022-08-21 23:53:56,489] {logging_mixin.py:115} INFO - [2022-08-21 23:53:56,489] {dagbag.py:508} INFO - Filling up the DagBag from /opt/airflow/dags/satelliteTrack.py
[2022-08-21 23:53:57,567] {processor.py:653} WARNING - No viable dags retrieved from /opt/airflow/dags/satelliteTrack.py
[2022-08-21 23:53:57,691] {processor.py:161} INFO - Processing /opt/airflow/dags/satelliteTrack.py took 1.276 seconds
[2022-08-21 23:54:27,849] {processor.py:153} INFO - Started process (PID=784) to work on /opt/airflow/dags/satelliteTrack.py
[2022-08-21 23:54:27,887] {processor.py:641} INFO - Processing file /opt/airflow/dags/satelliteTrack.py for tasks to queue
[2022-08-21 23:54:27,888] {logging_mixin.py:115} INFO - [2022-08-21 23:54:27,888] {dagbag.py:508} INFO - Filling up the DagBag from /opt/airflow/dags/satelliteTrack.py
[2022-08-21 23:54:29,341] {processor.py:653} WARNING - No viable dags retrieved from /opt/airflow/dags/satelliteTrack.py
[2022-08-21 23:54:29,368] {processor.py:161} INFO - Processing /opt/airflow/dags/satelliteTrack.py took 1.551 seconds
[2022-08-21 23:55:00,039] {processor.py:153} INFO - Started process (PID=817) to work on /opt/airflow/dags/satelliteTrack.py
[2022-08-21 23:55:00,112] {processor.py:641} INFO - Processing file /opt/airflow/dags/satelliteTrack.py for tasks to queue
[2022-08-21 23:55:00,113] {logging_mixin.py:115} INFO - [2022-08-21 23:55:00,113] {dagbag.py:508} INFO - Filling up the DagBag from /opt/airflow/dags/satelliteTrack.py
[2022-08-21 23:55:00,582] {processor.py:653} WARNING - No viable dags retrieved from /opt/airflow/dags/satelliteTrack.py
[2022-08-21 23:55:00,593] {processor.py:161} INFO - Processing /opt/airflow/dags/satelliteTrack.py took 0.645 seconds
[2022-08-21 23:55:30,717] {processor.py:153} INFO - Started process (PID=841) to work on /opt/airflow/dags/satelliteTrack.py
[2022-08-21 23:55:30,728] {processor.py:641} INFO - Processing file /opt/airflow/dags/satelliteTrack.py for tasks to queue
[2022-08-21 23:55:30,729] {logging_mixin.py:115} INFO - [2022-08-21 23:55:30,729] {dagbag.py:508} INFO - Filling up the DagBag from /opt/airflow/dags/satelliteTrack.py
[2022-08-21 23:55:31,039] {processor.py:653} WARNING - No viable dags retrieved from /opt/airflow/dags/satelliteTrack.py
[2022-08-21 23:55:31,051] {processor.py:161} INFO - Processing /opt/airflow/dags/satelliteTrack.py took 0.338 seconds
[2022-08-21 23:56:01,141] {processor.py:153} INFO - Started process (PID=874) to work on /opt/airflow/dags/satelliteTrack.py
[2022-08-21 23:56:01,155] {processor.py:641} INFO - Processing file /opt/airflow/dags/satelliteTrack.py for tasks to queue
[2022-08-21 23:56:01,156] {logging_mixin.py:115} INFO - [2022-08-21 23:56:01,156] {dagbag.py:508} INFO - Filling up the DagBag from /opt/airflow/dags/satelliteTrack.py
[2022-08-21 23:56:01,477] {processor.py:653} WARNING - No viable dags retrieved from /opt/airflow/dags/satelliteTrack.py
[2022-08-21 23:56:01,491] {processor.py:161} INFO - Processing /opt/airflow/dags/satelliteTrack.py took 0.354 seconds
[2022-08-21 23:56:31,586] {processor.py:153} INFO - Started process (PID=907) to work on /opt/airflow/dags/satelliteTrack.py
[2022-08-21 23:56:31,596] {processor.py:641} INFO - Processing file /opt/airflow/dags/satelliteTrack.py for tasks to queue
[2022-08-21 23:56:31,596] {logging_mixin.py:115} INFO - [2022-08-21 23:56:31,596] {dagbag.py:508} INFO - Filling up the DagBag from /opt/airflow/dags/satelliteTrack.py
[2022-08-21 23:56:31,959] {processor.py:653} WARNING - No viable dags retrieved from /opt/airflow/dags/satelliteTrack.py
[2022-08-21 23:56:31,969] {processor.py:161} INFO - Processing /opt/airflow/dags/satelliteTrack.py took 0.386 seconds
[2022-08-21 23:57:02,145] {processor.py:153} INFO - Started process (PID=931) to work on /opt/airflow/dags/satelliteTrack.py
[2022-08-21 23:57:02,162] {processor.py:641} INFO - Processing file /opt/airflow/dags/satelliteTrack.py for tasks to queue
[2022-08-21 23:57:02,163] {logging_mixin.py:115} INFO - [2022-08-21 23:57:02,163] {dagbag.py:508} INFO - Filling up the DagBag from /opt/airflow/dags/satelliteTrack.py
[2022-08-21 23:57:02,699] {processor.py:653} WARNING - No viable dags retrieved from /opt/airflow/dags/satelliteTrack.py
[2022-08-21 23:57:02,722] {processor.py:161} INFO - Processing /opt/airflow/dags/satelliteTrack.py took 0.579 seconds
[2022-08-21 23:57:32,851] {processor.py:153} INFO - Started process (PID=965) to work on /opt/airflow/dags/satelliteTrack.py
[2022-08-21 23:57:32,870] {processor.py:641} INFO - Processing file /opt/airflow/dags/satelliteTrack.py for tasks to queue
[2022-08-21 23:57:32,871] {logging_mixin.py:115} INFO - [2022-08-21 23:57:32,871] {dagbag.py:508} INFO - Filling up the DagBag from /opt/airflow/dags/satelliteTrack.py
[2022-08-21 23:57:33,191] {processor.py:653} WARNING - No viable dags retrieved from /opt/airflow/dags/satelliteTrack.py
[2022-08-21 23:57:33,203] {processor.py:161} INFO - Processing /opt/airflow/dags/satelliteTrack.py took 0.357 seconds
[2022-08-21 23:58:03,312] {processor.py:153} INFO - Started process (PID=990) to work on /opt/airflow/dags/satelliteTrack.py
[2022-08-21 23:58:03,328] {processor.py:641} INFO - Processing file /opt/airflow/dags/satelliteTrack.py for tasks to queue
[2022-08-21 23:58:03,329] {logging_mixin.py:115} INFO - [2022-08-21 23:58:03,329] {dagbag.py:508} INFO - Filling up the DagBag from /opt/airflow/dags/satelliteTrack.py
[2022-08-21 23:58:03,663] {processor.py:653} WARNING - No viable dags retrieved from /opt/airflow/dags/satelliteTrack.py
[2022-08-21 23:58:03,678] {processor.py:161} INFO - Processing /opt/airflow/dags/satelliteTrack.py took 0.370 seconds
[2022-08-21 23:58:33,776] {processor.py:153} INFO - Started process (PID=1023) to work on /opt/airflow/dags/satelliteTrack.py
[2022-08-21 23:58:33,820] {processor.py:641} INFO - Processing file /opt/airflow/dags/satelliteTrack.py for tasks to queue
[2022-08-21 23:58:33,820] {logging_mixin.py:115} INFO - [2022-08-21 23:58:33,820] {dagbag.py:508} INFO - Filling up the DagBag from /opt/airflow/dags/satelliteTrack.py
[2022-08-21 23:58:34,148] {processor.py:653} WARNING - No viable dags retrieved from /opt/airflow/dags/satelliteTrack.py
[2022-08-21 23:58:34,169] {processor.py:161} INFO - Processing /opt/airflow/dags/satelliteTrack.py took 0.395 seconds
[2022-08-21 23:59:04,273] {processor.py:153} INFO - Started process (PID=1047) to work on /opt/airflow/dags/satelliteTrack.py
[2022-08-21 23:59:04,288] {processor.py:641} INFO - Processing file /opt/airflow/dags/satelliteTrack.py for tasks to queue
[2022-08-21 23:59:04,288] {logging_mixin.py:115} INFO - [2022-08-21 23:59:04,288] {dagbag.py:508} INFO - Filling up the DagBag from /opt/airflow/dags/satelliteTrack.py
[2022-08-21 23:59:04,616] {processor.py:653} WARNING - No viable dags retrieved from /opt/airflow/dags/satelliteTrack.py
[2022-08-21 23:59:04,627] {processor.py:161} INFO - Processing /opt/airflow/dags/satelliteTrack.py took 0.358 seconds
[2022-08-21 23:59:34,723] {processor.py:153} INFO - Started process (PID=1079) to work on /opt/airflow/dags/satelliteTrack.py
[2022-08-21 23:59:34,735] {processor.py:641} INFO - Processing file /opt/airflow/dags/satelliteTrack.py for tasks to queue
[2022-08-21 23:59:34,736] {logging_mixin.py:115} INFO - [2022-08-21 23:59:34,736] {dagbag.py:508} INFO - Filling up the DagBag from /opt/airflow/dags/satelliteTrack.py
[2022-08-21 23:59:35,065] {processor.py:653} WARNING - No viable dags retrieved from /opt/airflow/dags/satelliteTrack.py
[2022-08-21 23:59:35,081] {processor.py:161} INFO - Processing /opt/airflow/dags/satelliteTrack.py took 0.362 seconds
