[2022-08-30 16:54:12,410] {taskinstance.py:1179} INFO - Dependencies all met for <TaskInstance: Satellite_Data.load_into_json scheduled__2022-08-28T00:00:00+00:00 [queued]>
[2022-08-30 16:54:12,421] {taskinstance.py:1179} INFO - Dependencies all met for <TaskInstance: Satellite_Data.load_into_json scheduled__2022-08-28T00:00:00+00:00 [queued]>
[2022-08-30 16:54:12,422] {taskinstance.py:1376} INFO - 
--------------------------------------------------------------------------------
[2022-08-30 16:54:12,422] {taskinstance.py:1377} INFO - Starting attempt 1 of 2
[2022-08-30 16:54:12,422] {taskinstance.py:1378} INFO - 
--------------------------------------------------------------------------------
[2022-08-30 16:54:12,543] {taskinstance.py:1397} INFO - Executing <Task(BashOperator): load_into_json> on 2022-08-28 00:00:00+00:00
[2022-08-30 16:54:12,615] {standard_task_runner.py:52} INFO - Started process 91 to run task
[2022-08-30 16:54:12,618] {standard_task_runner.py:79} INFO - Running: ['***', 'tasks', 'run', 'Satellite_Data', 'load_into_json', 'scheduled__2022-08-28T00:00:00+00:00', '--job-id', '197', '--raw', '--subdir', 'DAGS_FOLDER/data_loader.py', '--cfg-path', '/tmp/tmpe28miq5z', '--error-file', '/tmp/tmpjef3w14s']
[2022-08-30 16:54:12,619] {standard_task_runner.py:80} INFO - Job 197: Subtask load_into_json
[2022-08-30 16:54:12,981] {task_command.py:371} INFO - Running <TaskInstance: Satellite_Data.load_into_json scheduled__2022-08-28T00:00:00+00:00 [running]> on host f5b4d724c3bb
[2022-08-30 16:54:13,969] {taskinstance.py:1591} INFO - Exporting the following env vars:
AIRFLOW_CTX_DAG_OWNER=***
AIRFLOW_CTX_DAG_ID=Satellite_Data
AIRFLOW_CTX_TASK_ID=load_into_json
AIRFLOW_CTX_EXECUTION_DATE=2022-08-28T00:00:00+00:00
AIRFLOW_CTX_TRY_NUMBER=1
AIRFLOW_CTX_DAG_RUN_ID=scheduled__2022-08-28T00:00:00+00:00
[2022-08-30 16:54:13,971] {subprocess.py:62} INFO - Tmp dir root location: 
 /tmp
[2022-08-30 16:54:13,972] {subprocess.py:74} INFO - Running command: ['bash', '-c', 'python3 /opt/***/dags/satelliteTrack.py']
[2022-08-30 16:54:14,277] {subprocess.py:85} INFO - Output:
