[2022-08-19 18:19:34,055] {taskinstance.py:1179} INFO - Dependencies all met for <TaskInstance: Satellite_Data.load_into_json manual__2022-08-19T18:19:26.975904+00:00 [queued]>
[2022-08-19 18:19:34,065] {taskinstance.py:1179} INFO - Dependencies all met for <TaskInstance: Satellite_Data.load_into_json manual__2022-08-19T18:19:26.975904+00:00 [queued]>
[2022-08-19 18:19:34,065] {taskinstance.py:1376} INFO - 
--------------------------------------------------------------------------------
[2022-08-19 18:19:34,065] {taskinstance.py:1377} INFO - Starting attempt 1 of 2
[2022-08-19 18:19:34,065] {taskinstance.py:1378} INFO - 
--------------------------------------------------------------------------------
[2022-08-19 18:19:34,119] {taskinstance.py:1397} INFO - Executing <Task(BashOperator): load_into_json> on 2022-08-19 18:19:26.975904+00:00
[2022-08-19 18:19:34,126] {standard_task_runner.py:52} INFO - Started process 825 to run task
[2022-08-19 18:19:34,129] {standard_task_runner.py:79} INFO - Running: ['***', 'tasks', 'run', 'Satellite_Data', 'load_into_json', 'manual__2022-08-19T18:19:26.975904+00:00', '--job-id', '127', '--raw', '--subdir', 'DAGS_FOLDER/data_loader.py', '--cfg-path', '/tmp/tmppi_4xorw', '--error-file', '/tmp/tmpenmnvrip']
[2022-08-19 18:19:34,130] {standard_task_runner.py:80} INFO - Job 127: Subtask load_into_json
[2022-08-19 18:19:34,232] {task_command.py:371} INFO - Running <TaskInstance: Satellite_Data.load_into_json manual__2022-08-19T18:19:26.975904+00:00 [running]> on host 3a5c2d0be6af
[2022-08-19 18:19:34,431] {taskinstance.py:1591} INFO - Exporting the following env vars:
AIRFLOW_CTX_DAG_OWNER=***
AIRFLOW_CTX_DAG_ID=Satellite_Data
AIRFLOW_CTX_TASK_ID=load_into_json
AIRFLOW_CTX_EXECUTION_DATE=2022-08-19T18:19:26.975904+00:00
AIRFLOW_CTX_TRY_NUMBER=1
AIRFLOW_CTX_DAG_RUN_ID=manual__2022-08-19T18:19:26.975904+00:00
[2022-08-19 18:19:34,433] {subprocess.py:62} INFO - Tmp dir root location: 
 /tmp
[2022-08-19 18:19:34,433] {subprocess.py:74} INFO - Running command: ['bash', '-c', 'python3 /opt/***/dags/satelliteTrack.py']
[2022-08-19 18:19:34,450] {subprocess.py:85} INFO - Output:
[2022-08-19 18:19:40,221] {subprocess.py:92} INFO - Completed session
[2022-08-19 18:19:40,291] {subprocess.py:92} INFO - ccsds_omm_vers
[2022-08-19 18:19:40,291] {subprocess.py:92} INFO - comment
[2022-08-19 18:19:40,291] {subprocess.py:92} INFO - creation_date
[2022-08-19 18:19:40,292] {subprocess.py:92} INFO - originator
[2022-08-19 18:19:40,292] {subprocess.py:92} INFO - object_name
[2022-08-19 18:19:40,292] {subprocess.py:92} INFO - object_id
[2022-08-19 18:19:40,292] {subprocess.py:92} INFO - center_name
[2022-08-19 18:19:40,292] {subprocess.py:92} INFO - ref_frame
[2022-08-19 18:19:40,292] {subprocess.py:92} INFO - time_system
[2022-08-19 18:19:40,292] {subprocess.py:92} INFO - mean_element_theory
[2022-08-19 18:19:40,292] {subprocess.py:92} INFO - epoch
[2022-08-19 18:19:40,293] {subprocess.py:92} INFO - mean_motion
[2022-08-19 18:19:40,293] {subprocess.py:92} INFO - eccentricity
[2022-08-19 18:19:40,293] {subprocess.py:92} INFO - inclination
[2022-08-19 18:19:40,293] {subprocess.py:92} INFO - ra_of_asc_node
[2022-08-19 18:19:40,293] {subprocess.py:92} INFO - arg_of_pericenter
[2022-08-19 18:19:40,293] {subprocess.py:92} INFO - mean_anomaly
[2022-08-19 18:19:40,294] {subprocess.py:92} INFO - ephemeris_type
[2022-08-19 18:19:40,294] {subprocess.py:92} INFO - classification_type
[2022-08-19 18:19:40,294] {subprocess.py:92} INFO - norad_cat_id
[2022-08-19 18:19:40,294] {subprocess.py:92} INFO - element_set_no
[2022-08-19 18:19:40,294] {subprocess.py:92} INFO - rev_at_epoch
[2022-08-19 18:19:40,294] {subprocess.py:92} INFO - bstar
[2022-08-19 18:19:40,294] {subprocess.py:92} INFO - mean_motion_dot
[2022-08-19 18:19:40,295] {subprocess.py:92} INFO - mean_motion_ddot
[2022-08-19 18:19:40,295] {subprocess.py:92} INFO - semimajor_axis
[2022-08-19 18:19:40,295] {subprocess.py:92} INFO - period
[2022-08-19 18:19:40,295] {subprocess.py:92} INFO - apoapsis
[2022-08-19 18:19:40,295] {subprocess.py:92} INFO - periapsis
[2022-08-19 18:19:40,295] {subprocess.py:92} INFO - object_type
[2022-08-19 18:19:40,295] {subprocess.py:92} INFO - rcs_size
[2022-08-19 18:19:40,295] {subprocess.py:92} INFO - country_code
[2022-08-19 18:19:40,296] {subprocess.py:92} INFO - launch_date
[2022-08-19 18:19:40,296] {subprocess.py:92} INFO - site
[2022-08-19 18:19:40,296] {subprocess.py:92} INFO - decay_date
[2022-08-19 18:19:40,296] {subprocess.py:92} INFO - file
[2022-08-19 18:19:40,296] {subprocess.py:92} INFO - gp_id
[2022-08-19 18:19:40,297] {subprocess.py:92} INFO - tle_line0
[2022-08-19 18:19:40,297] {subprocess.py:92} INFO - tle_line1
[2022-08-19 18:19:40,297] {subprocess.py:92} INFO - tle_line2
[2022-08-19 18:19:40,311] {subprocess.py:96} INFO - Command exited with return code 0
[2022-08-19 18:19:40,396] {taskinstance.py:1420} INFO - Marking task as SUCCESS. dag_id=Satellite_Data, task_id=load_into_json, execution_date=20220819T181926, start_date=20220819T181934, end_date=20220819T181940
[2022-08-19 18:19:40,458] {local_task_job.py:156} INFO - Task exited with return code 0
[2022-08-19 18:19:40,503] {local_task_job.py:273} INFO - 0 downstream tasks scheduled from follow-on schedule check
