[2022-08-30 16:54:12,417] {taskinstance.py:1179} INFO - Dependencies all met for <TaskInstance: Satellite_Data.load_into_json scheduled__2022-08-29T16:53:21.965962+00:00 [queued]>
[2022-08-30 16:54:12,427] {taskinstance.py:1179} INFO - Dependencies all met for <TaskInstance: Satellite_Data.load_into_json scheduled__2022-08-29T16:53:21.965962+00:00 [queued]>
[2022-08-30 16:54:12,427] {taskinstance.py:1376} INFO - 
--------------------------------------------------------------------------------
[2022-08-30 16:54:12,427] {taskinstance.py:1377} INFO - Starting attempt 1 of 2
[2022-08-30 16:54:12,427] {taskinstance.py:1378} INFO - 
--------------------------------------------------------------------------------
[2022-08-30 16:54:12,660] {taskinstance.py:1397} INFO - Executing <Task(BashOperator): load_into_json> on 2022-08-29 16:53:21.965962+00:00
[2022-08-30 16:54:12,671] {standard_task_runner.py:52} INFO - Started process 92 to run task
[2022-08-30 16:54:12,673] {standard_task_runner.py:79} INFO - Running: ['***', 'tasks', 'run', 'Satellite_Data', 'load_into_json', 'scheduled__2022-08-29T16:53:21.965962+00:00', '--job-id', '198', '--raw', '--subdir', 'DAGS_FOLDER/data_loader.py', '--cfg-path', '/tmp/tmp1gnnmak3', '--error-file', '/tmp/tmp8kmcnxrj']
[2022-08-30 16:54:12,673] {standard_task_runner.py:80} INFO - Job 198: Subtask load_into_json
[2022-08-30 16:54:12,976] {task_command.py:371} INFO - Running <TaskInstance: Satellite_Data.load_into_json scheduled__2022-08-29T16:53:21.965962+00:00 [running]> on host f5b4d724c3bb
[2022-08-30 16:54:14,130] {taskinstance.py:1591} INFO - Exporting the following env vars:
AIRFLOW_CTX_DAG_OWNER=***
AIRFLOW_CTX_DAG_ID=Satellite_Data
AIRFLOW_CTX_TASK_ID=load_into_json
AIRFLOW_CTX_EXECUTION_DATE=2022-08-29T16:53:21.965962+00:00
AIRFLOW_CTX_TRY_NUMBER=1
AIRFLOW_CTX_DAG_RUN_ID=scheduled__2022-08-29T16:53:21.965962+00:00
[2022-08-30 16:54:14,133] {subprocess.py:62} INFO - Tmp dir root location: 
 /tmp
[2022-08-30 16:54:14,133] {subprocess.py:74} INFO - Running command: ['bash', '-c', 'python3 /opt/***/dags/satelliteTrack.py']
[2022-08-30 16:54:14,277] {subprocess.py:85} INFO - Output:
