[2022-08-18 16:21:47,033] {taskinstance.py:1179} INFO - Dependencies all met for <TaskInstance: Satellite_Data.load_into_json scheduled__2022-06-29T00:00:00+00:00 [queued]>
[2022-08-18 16:21:47,048] {taskinstance.py:1179} INFO - Dependencies all met for <TaskInstance: Satellite_Data.load_into_json scheduled__2022-06-29T00:00:00+00:00 [queued]>
[2022-08-18 16:21:47,048] {taskinstance.py:1376} INFO - 
--------------------------------------------------------------------------------
[2022-08-18 16:21:47,048] {taskinstance.py:1377} INFO - Starting attempt 1 of 2
[2022-08-18 16:21:47,048] {taskinstance.py:1378} INFO - 
--------------------------------------------------------------------------------
[2022-08-18 16:21:47,469] {taskinstance.py:1397} INFO - Executing <Task(BashOperator): load_into_json> on 2022-06-29 00:00:00+00:00
[2022-08-18 16:21:47,499] {standard_task_runner.py:52} INFO - Started process 203 to run task
[2022-08-18 16:21:47,505] {standard_task_runner.py:79} INFO - Running: ['***', 'tasks', 'run', 'Satellite_Data', 'load_into_json', 'scheduled__2022-06-29T00:00:00+00:00', '--job-id', '17', '--raw', '--subdir', 'DAGS_FOLDER/data_loader.py', '--cfg-path', '/tmp/tmpe9pn8tkb', '--error-file', '/tmp/tmph7487lsj']
[2022-08-18 16:21:47,506] {standard_task_runner.py:80} INFO - Job 17: Subtask load_into_json
[2022-08-18 16:21:47,892] {task_command.py:371} INFO - Running <TaskInstance: Satellite_Data.load_into_json scheduled__2022-06-29T00:00:00+00:00 [running]> on host b4db7d4790c9
[2022-08-18 16:21:48,946] {taskinstance.py:1591} INFO - Exporting the following env vars:
AIRFLOW_CTX_DAG_OWNER=***
AIRFLOW_CTX_DAG_ID=Satellite_Data
AIRFLOW_CTX_TASK_ID=load_into_json
AIRFLOW_CTX_EXECUTION_DATE=2022-06-29T00:00:00+00:00
AIRFLOW_CTX_TRY_NUMBER=1
AIRFLOW_CTX_DAG_RUN_ID=scheduled__2022-06-29T00:00:00+00:00
[2022-08-18 16:21:48,947] {subprocess.py:62} INFO - Tmp dir root location: 
 /tmp
[2022-08-18 16:21:49,230] {subprocess.py:74} INFO - Running command: ['bash', '-c', 'python3 /opt/***/dags/satelliteTrack.py']
[2022-08-18 16:21:49,396] {subprocess.py:85} INFO - Output:
[2022-08-18 16:22:10,581] {subprocess.py:92} INFO - Completed session
[2022-08-18 16:22:10,785] {subprocess.py:92} INFO - ccsds_omm_vers
[2022-08-18 16:22:10,785] {subprocess.py:92} INFO - comment
[2022-08-18 16:22:10,785] {subprocess.py:92} INFO - creation_date
[2022-08-18 16:22:10,785] {subprocess.py:92} INFO - originator
[2022-08-18 16:22:10,785] {subprocess.py:92} INFO - object_name
[2022-08-18 16:22:10,786] {subprocess.py:92} INFO - object_id
[2022-08-18 16:22:10,786] {subprocess.py:92} INFO - center_name
[2022-08-18 16:22:10,786] {subprocess.py:92} INFO - ref_frame
[2022-08-18 16:22:10,786] {subprocess.py:92} INFO - time_system
[2022-08-18 16:22:10,786] {subprocess.py:92} INFO - mean_element_theory
[2022-08-18 16:22:10,786] {subprocess.py:92} INFO - epoch
[2022-08-18 16:22:10,787] {subprocess.py:92} INFO - mean_motion
[2022-08-18 16:22:10,787] {subprocess.py:92} INFO - eccentricity
[2022-08-18 16:22:10,787] {subprocess.py:92} INFO - inclination
[2022-08-18 16:22:10,787] {subprocess.py:92} INFO - ra_of_asc_node
[2022-08-18 16:22:10,787] {subprocess.py:92} INFO - arg_of_pericenter
[2022-08-18 16:22:10,787] {subprocess.py:92} INFO - mean_anomaly
[2022-08-18 16:22:10,787] {subprocess.py:92} INFO - ephemeris_type
[2022-08-18 16:22:10,787] {subprocess.py:92} INFO - classification_type
[2022-08-18 16:22:10,788] {subprocess.py:92} INFO - norad_cat_id
[2022-08-18 16:22:10,788] {subprocess.py:92} INFO - element_set_no
[2022-08-18 16:22:10,788] {subprocess.py:92} INFO - rev_at_epoch
[2022-08-18 16:22:10,788] {subprocess.py:92} INFO - bstar
[2022-08-18 16:22:10,788] {subprocess.py:92} INFO - mean_motion_dot
[2022-08-18 16:22:10,788] {subprocess.py:92} INFO - mean_motion_ddot
[2022-08-18 16:22:10,789] {subprocess.py:92} INFO - semimajor_axis
[2022-08-18 16:22:10,789] {subprocess.py:92} INFO - period
[2022-08-18 16:22:10,789] {subprocess.py:92} INFO - apoapsis
[2022-08-18 16:22:10,789] {subprocess.py:92} INFO - periapsis
[2022-08-18 16:22:10,789] {subprocess.py:92} INFO - object_type
[2022-08-18 16:22:10,789] {subprocess.py:92} INFO - rcs_size
[2022-08-18 16:22:10,790] {subprocess.py:92} INFO - country_code
[2022-08-18 16:22:10,790] {subprocess.py:92} INFO - launch_date
[2022-08-18 16:22:10,790] {subprocess.py:92} INFO - site
[2022-08-18 16:22:10,790] {subprocess.py:92} INFO - decay_date
[2022-08-18 16:22:10,790] {subprocess.py:92} INFO - file
[2022-08-18 16:22:10,790] {subprocess.py:92} INFO - gp_id
[2022-08-18 16:22:10,791] {subprocess.py:92} INFO - tle_line0
[2022-08-18 16:22:10,791] {subprocess.py:92} INFO - tle_line1
[2022-08-18 16:22:10,791] {subprocess.py:92} INFO - tle_line2
[2022-08-18 16:22:10,791] {subprocess.py:96} INFO - Command exited with return code 0
[2022-08-18 16:22:11,262] {taskinstance.py:1420} INFO - Marking task as SUCCESS. dag_id=Satellite_Data, task_id=load_into_json, execution_date=20220629T000000, start_date=20220818T162147, end_date=20220818T162211
[2022-08-18 16:22:11,570] {local_task_job.py:156} INFO - Task exited with return code 0
[2022-08-18 16:22:11,859] {local_task_job.py:273} INFO - 1 downstream tasks scheduled from follow-on schedule check
