[2022-08-19 18:09:01,147] {processor.py:153} INFO - Started process (PID=356) to work on /opt/airflow/dags/jdbc_driver/postgresql-42.4.2.jar
[2022-08-19 18:09:01,147] {processor.py:641} INFO - Processing file /opt/airflow/dags/jdbc_driver/postgresql-42.4.2.jar for tasks to queue
[2022-08-19 18:09:01,148] {logging_mixin.py:115} INFO - [2022-08-19 18:09:01,148] {dagbag.py:508} INFO - Filling up the DagBag from /opt/airflow/dags/jdbc_driver/postgresql-42.4.2.jar
[2022-08-19 18:09:01,160] {processor.py:653} WARNING - No viable dags retrieved from /opt/airflow/dags/jdbc_driver/postgresql-42.4.2.jar
[2022-08-19 18:09:01,178] {processor.py:161} INFO - Processing /opt/airflow/dags/jdbc_driver/postgresql-42.4.2.jar took 0.034 seconds
[2022-08-19 18:09:32,202] {processor.py:153} INFO - Started process (PID=400) to work on /opt/airflow/dags/jdbc_driver/postgresql-42.4.2.jar
[2022-08-19 18:09:32,217] {processor.py:641} INFO - Processing file /opt/airflow/dags/jdbc_driver/postgresql-42.4.2.jar for tasks to queue
[2022-08-19 18:09:32,218] {logging_mixin.py:115} INFO - [2022-08-19 18:09:32,218] {dagbag.py:508} INFO - Filling up the DagBag from /opt/airflow/dags/jdbc_driver/postgresql-42.4.2.jar
[2022-08-19 18:09:32,229] {processor.py:653} WARNING - No viable dags retrieved from /opt/airflow/dags/jdbc_driver/postgresql-42.4.2.jar
[2022-08-19 18:09:32,241] {processor.py:161} INFO - Processing /opt/airflow/dags/jdbc_driver/postgresql-42.4.2.jar took 0.042 seconds
[2022-08-19 18:10:07,676] {processor.py:153} INFO - Started process (PID=448) to work on /opt/airflow/dags/jdbc_driver/postgresql-42.4.2.jar
[2022-08-19 18:10:07,692] {processor.py:641} INFO - Processing file /opt/airflow/dags/jdbc_driver/postgresql-42.4.2.jar for tasks to queue
[2022-08-19 18:10:07,693] {logging_mixin.py:115} INFO - [2022-08-19 18:10:07,692] {dagbag.py:508} INFO - Filling up the DagBag from /opt/airflow/dags/jdbc_driver/postgresql-42.4.2.jar
[2022-08-19 18:10:07,702] {processor.py:653} WARNING - No viable dags retrieved from /opt/airflow/dags/jdbc_driver/postgresql-42.4.2.jar
[2022-08-19 18:10:07,715] {processor.py:161} INFO - Processing /opt/airflow/dags/jdbc_driver/postgresql-42.4.2.jar took 0.043 seconds
[2022-08-19 18:10:43,039] {processor.py:153} INFO - Started process (PID=500) to work on /opt/airflow/dags/jdbc_driver/postgresql-42.4.2.jar
[2022-08-19 18:10:43,058] {processor.py:641} INFO - Processing file /opt/airflow/dags/jdbc_driver/postgresql-42.4.2.jar for tasks to queue
[2022-08-19 18:10:43,059] {logging_mixin.py:115} INFO - [2022-08-19 18:10:43,058] {dagbag.py:508} INFO - Filling up the DagBag from /opt/airflow/dags/jdbc_driver/postgresql-42.4.2.jar
[2022-08-19 18:10:43,069] {processor.py:653} WARNING - No viable dags retrieved from /opt/airflow/dags/jdbc_driver/postgresql-42.4.2.jar
[2022-08-19 18:10:43,088] {processor.py:161} INFO - Processing /opt/airflow/dags/jdbc_driver/postgresql-42.4.2.jar took 0.052 seconds
[2022-08-19 18:11:19,922] {processor.py:153} INFO - Started process (PID=3484) to work on /opt/airflow/dags/jdbc_driver/postgresql-42.4.2.jar
[2022-08-19 18:11:19,940] {processor.py:641} INFO - Processing file /opt/airflow/dags/jdbc_driver/postgresql-42.4.2.jar for tasks to queue
[2022-08-19 18:11:19,941] {logging_mixin.py:115} INFO - [2022-08-19 18:11:19,941] {dagbag.py:508} INFO - Filling up the DagBag from /opt/airflow/dags/jdbc_driver/postgresql-42.4.2.jar
[2022-08-19 18:11:19,953] {processor.py:653} WARNING - No viable dags retrieved from /opt/airflow/dags/jdbc_driver/postgresql-42.4.2.jar
[2022-08-19 18:11:19,967] {processor.py:161} INFO - Processing /opt/airflow/dags/jdbc_driver/postgresql-42.4.2.jar took 0.047 seconds
[2022-08-19 18:11:57,434] {processor.py:153} INFO - Started process (PID=5735) to work on /opt/airflow/dags/jdbc_driver/postgresql-42.4.2.jar
[2022-08-19 18:11:57,448] {processor.py:641} INFO - Processing file /opt/airflow/dags/jdbc_driver/postgresql-42.4.2.jar for tasks to queue
[2022-08-19 18:11:57,449] {logging_mixin.py:115} INFO - [2022-08-19 18:11:57,448] {dagbag.py:508} INFO - Filling up the DagBag from /opt/airflow/dags/jdbc_driver/postgresql-42.4.2.jar
[2022-08-19 18:11:57,457] {processor.py:653} WARNING - No viable dags retrieved from /opt/airflow/dags/jdbc_driver/postgresql-42.4.2.jar
[2022-08-19 18:11:57,467] {processor.py:161} INFO - Processing /opt/airflow/dags/jdbc_driver/postgresql-42.4.2.jar took 0.036 seconds
[2022-08-19 18:12:27,725] {processor.py:153} INFO - Started process (PID=8424) to work on /opt/airflow/dags/jdbc_driver/postgresql-42.4.2.jar
[2022-08-19 18:12:27,742] {processor.py:641} INFO - Processing file /opt/airflow/dags/jdbc_driver/postgresql-42.4.2.jar for tasks to queue
[2022-08-19 18:12:27,743] {logging_mixin.py:115} INFO - [2022-08-19 18:12:27,742] {dagbag.py:508} INFO - Filling up the DagBag from /opt/airflow/dags/jdbc_driver/postgresql-42.4.2.jar
[2022-08-19 18:12:27,752] {processor.py:653} WARNING - No viable dags retrieved from /opt/airflow/dags/jdbc_driver/postgresql-42.4.2.jar
[2022-08-19 18:12:27,768] {processor.py:161} INFO - Processing /opt/airflow/dags/jdbc_driver/postgresql-42.4.2.jar took 0.048 seconds
[2022-08-19 18:12:58,396] {processor.py:153} INFO - Started process (PID=9780) to work on /opt/airflow/dags/jdbc_driver/postgresql-42.4.2.jar
[2022-08-19 18:12:58,396] {processor.py:641} INFO - Processing file /opt/airflow/dags/jdbc_driver/postgresql-42.4.2.jar for tasks to queue
[2022-08-19 18:12:58,397] {logging_mixin.py:115} INFO - [2022-08-19 18:12:58,397] {dagbag.py:508} INFO - Filling up the DagBag from /opt/airflow/dags/jdbc_driver/postgresql-42.4.2.jar
[2022-08-19 18:12:58,403] {processor.py:653} WARNING - No viable dags retrieved from /opt/airflow/dags/jdbc_driver/postgresql-42.4.2.jar
[2022-08-19 18:12:58,420] {processor.py:161} INFO - Processing /opt/airflow/dags/jdbc_driver/postgresql-42.4.2.jar took 0.026 seconds
[2022-08-19 18:13:28,536] {processor.py:153} INFO - Started process (PID=12467) to work on /opt/airflow/dags/jdbc_driver/postgresql-42.4.2.jar
[2022-08-19 18:13:28,558] {processor.py:641} INFO - Processing file /opt/airflow/dags/jdbc_driver/postgresql-42.4.2.jar for tasks to queue
[2022-08-19 18:13:28,559] {logging_mixin.py:115} INFO - [2022-08-19 18:13:28,559] {dagbag.py:508} INFO - Filling up the DagBag from /opt/airflow/dags/jdbc_driver/postgresql-42.4.2.jar
[2022-08-19 18:13:28,575] {processor.py:653} WARNING - No viable dags retrieved from /opt/airflow/dags/jdbc_driver/postgresql-42.4.2.jar
[2022-08-19 18:13:28,590] {processor.py:161} INFO - Processing /opt/airflow/dags/jdbc_driver/postgresql-42.4.2.jar took 0.058 seconds
[2022-08-19 18:13:59,356] {processor.py:153} INFO - Started process (PID=13828) to work on /opt/airflow/dags/jdbc_driver/postgresql-42.4.2.jar
[2022-08-19 18:13:59,356] {processor.py:641} INFO - Processing file /opt/airflow/dags/jdbc_driver/postgresql-42.4.2.jar for tasks to queue
[2022-08-19 18:13:59,357] {logging_mixin.py:115} INFO - [2022-08-19 18:13:59,357] {dagbag.py:508} INFO - Filling up the DagBag from /opt/airflow/dags/jdbc_driver/postgresql-42.4.2.jar
[2022-08-19 18:13:59,364] {processor.py:653} WARNING - No viable dags retrieved from /opt/airflow/dags/jdbc_driver/postgresql-42.4.2.jar
[2022-08-19 18:13:59,383] {processor.py:161} INFO - Processing /opt/airflow/dags/jdbc_driver/postgresql-42.4.2.jar took 0.031 seconds
[2022-08-19 18:14:29,925] {processor.py:153} INFO - Started process (PID=16514) to work on /opt/airflow/dags/jdbc_driver/postgresql-42.4.2.jar
[2022-08-19 18:14:29,940] {processor.py:641} INFO - Processing file /opt/airflow/dags/jdbc_driver/postgresql-42.4.2.jar for tasks to queue
[2022-08-19 18:14:29,941] {logging_mixin.py:115} INFO - [2022-08-19 18:14:29,941] {dagbag.py:508} INFO - Filling up the DagBag from /opt/airflow/dags/jdbc_driver/postgresql-42.4.2.jar
[2022-08-19 18:14:29,950] {processor.py:653} WARNING - No viable dags retrieved from /opt/airflow/dags/jdbc_driver/postgresql-42.4.2.jar
[2022-08-19 18:14:29,966] {processor.py:161} INFO - Processing /opt/airflow/dags/jdbc_driver/postgresql-42.4.2.jar took 0.045 seconds
[2022-08-19 18:15:04,671] {processor.py:153} INFO - Started process (PID=18463) to work on /opt/airflow/dags/jdbc_driver/postgresql-42.4.2.jar
[2022-08-19 18:15:04,698] {processor.py:641} INFO - Processing file /opt/airflow/dags/jdbc_driver/postgresql-42.4.2.jar for tasks to queue
[2022-08-19 18:15:04,698] {logging_mixin.py:115} INFO - [2022-08-19 18:15:04,698] {dagbag.py:508} INFO - Filling up the DagBag from /opt/airflow/dags/jdbc_driver/postgresql-42.4.2.jar
[2022-08-19 18:15:04,710] {processor.py:653} WARNING - No viable dags retrieved from /opt/airflow/dags/jdbc_driver/postgresql-42.4.2.jar
[2022-08-19 18:15:04,725] {processor.py:161} INFO - Processing /opt/airflow/dags/jdbc_driver/postgresql-42.4.2.jar took 0.057 seconds
[2022-08-19 18:15:35,596] {processor.py:153} INFO - Started process (PID=20539) to work on /opt/airflow/dags/jdbc_driver/postgresql-42.4.2.jar
[2022-08-19 18:15:35,597] {processor.py:641} INFO - Processing file /opt/airflow/dags/jdbc_driver/postgresql-42.4.2.jar for tasks to queue
[2022-08-19 18:15:35,598] {logging_mixin.py:115} INFO - [2022-08-19 18:15:35,598] {dagbag.py:508} INFO - Filling up the DagBag from /opt/airflow/dags/jdbc_driver/postgresql-42.4.2.jar
[2022-08-19 18:15:35,609] {processor.py:653} WARNING - No viable dags retrieved from /opt/airflow/dags/jdbc_driver/postgresql-42.4.2.jar
[2022-08-19 18:15:35,626] {processor.py:161} INFO - Processing /opt/airflow/dags/jdbc_driver/postgresql-42.4.2.jar took 0.034 seconds
[2022-08-19 18:16:05,949] {processor.py:153} INFO - Started process (PID=20573) to work on /opt/airflow/dags/jdbc_driver/postgresql-42.4.2.jar
[2022-08-19 18:16:05,962] {processor.py:641} INFO - Processing file /opt/airflow/dags/jdbc_driver/postgresql-42.4.2.jar for tasks to queue
[2022-08-19 18:16:05,962] {logging_mixin.py:115} INFO - [2022-08-19 18:16:05,962] {dagbag.py:508} INFO - Filling up the DagBag from /opt/airflow/dags/jdbc_driver/postgresql-42.4.2.jar
[2022-08-19 18:16:05,973] {processor.py:653} WARNING - No viable dags retrieved from /opt/airflow/dags/jdbc_driver/postgresql-42.4.2.jar
[2022-08-19 18:16:05,990] {processor.py:161} INFO - Processing /opt/airflow/dags/jdbc_driver/postgresql-42.4.2.jar took 0.046 seconds
[2022-08-19 18:16:36,454] {processor.py:153} INFO - Started process (PID=20597) to work on /opt/airflow/dags/jdbc_driver/postgresql-42.4.2.jar
[2022-08-19 18:16:36,470] {processor.py:641} INFO - Processing file /opt/airflow/dags/jdbc_driver/postgresql-42.4.2.jar for tasks to queue
[2022-08-19 18:16:36,470] {logging_mixin.py:115} INFO - [2022-08-19 18:16:36,470] {dagbag.py:508} INFO - Filling up the DagBag from /opt/airflow/dags/jdbc_driver/postgresql-42.4.2.jar
[2022-08-19 18:16:36,480] {processor.py:653} WARNING - No viable dags retrieved from /opt/airflow/dags/jdbc_driver/postgresql-42.4.2.jar
[2022-08-19 18:16:36,495] {processor.py:161} INFO - Processing /opt/airflow/dags/jdbc_driver/postgresql-42.4.2.jar took 0.045 seconds
[2022-08-19 18:17:06,596] {processor.py:153} INFO - Started process (PID=20635) to work on /opt/airflow/dags/jdbc_driver/postgresql-42.4.2.jar
[2022-08-19 18:17:06,603] {processor.py:641} INFO - Processing file /opt/airflow/dags/jdbc_driver/postgresql-42.4.2.jar for tasks to queue
[2022-08-19 18:17:06,603] {logging_mixin.py:115} INFO - [2022-08-19 18:17:06,603] {dagbag.py:508} INFO - Filling up the DagBag from /opt/airflow/dags/jdbc_driver/postgresql-42.4.2.jar
[2022-08-19 18:17:06,614] {processor.py:653} WARNING - No viable dags retrieved from /opt/airflow/dags/jdbc_driver/postgresql-42.4.2.jar
[2022-08-19 18:17:06,630] {processor.py:161} INFO - Processing /opt/airflow/dags/jdbc_driver/postgresql-42.4.2.jar took 0.037 seconds
[2022-08-19 18:17:36,675] {processor.py:153} INFO - Started process (PID=20670) to work on /opt/airflow/dags/jdbc_driver/postgresql-42.4.2.jar
[2022-08-19 18:17:36,694] {processor.py:641} INFO - Processing file /opt/airflow/dags/jdbc_driver/postgresql-42.4.2.jar for tasks to queue
[2022-08-19 18:17:36,695] {logging_mixin.py:115} INFO - [2022-08-19 18:17:36,695] {dagbag.py:508} INFO - Filling up the DagBag from /opt/airflow/dags/jdbc_driver/postgresql-42.4.2.jar
[2022-08-19 18:17:36,708] {processor.py:653} WARNING - No viable dags retrieved from /opt/airflow/dags/jdbc_driver/postgresql-42.4.2.jar
[2022-08-19 18:17:36,722] {processor.py:161} INFO - Processing /opt/airflow/dags/jdbc_driver/postgresql-42.4.2.jar took 0.050 seconds
[2022-08-19 18:18:06,864] {processor.py:153} INFO - Started process (PID=20699) to work on /opt/airflow/dags/jdbc_driver/postgresql-42.4.2.jar
[2022-08-19 18:18:06,877] {processor.py:641} INFO - Processing file /opt/airflow/dags/jdbc_driver/postgresql-42.4.2.jar for tasks to queue
[2022-08-19 18:18:06,878] {logging_mixin.py:115} INFO - [2022-08-19 18:18:06,878] {dagbag.py:508} INFO - Filling up the DagBag from /opt/airflow/dags/jdbc_driver/postgresql-42.4.2.jar
[2022-08-19 18:18:06,890] {processor.py:653} WARNING - No viable dags retrieved from /opt/airflow/dags/jdbc_driver/postgresql-42.4.2.jar
[2022-08-19 18:18:06,904] {processor.py:161} INFO - Processing /opt/airflow/dags/jdbc_driver/postgresql-42.4.2.jar took 0.045 seconds
[2022-08-19 18:18:37,007] {processor.py:153} INFO - Started process (PID=20735) to work on /opt/airflow/dags/jdbc_driver/postgresql-42.4.2.jar
[2022-08-19 18:18:37,018] {processor.py:641} INFO - Processing file /opt/airflow/dags/jdbc_driver/postgresql-42.4.2.jar for tasks to queue
[2022-08-19 18:18:37,019] {logging_mixin.py:115} INFO - [2022-08-19 18:18:37,019] {dagbag.py:508} INFO - Filling up the DagBag from /opt/airflow/dags/jdbc_driver/postgresql-42.4.2.jar
[2022-08-19 18:18:37,029] {processor.py:653} WARNING - No viable dags retrieved from /opt/airflow/dags/jdbc_driver/postgresql-42.4.2.jar
[2022-08-19 18:18:37,046] {processor.py:161} INFO - Processing /opt/airflow/dags/jdbc_driver/postgresql-42.4.2.jar took 0.043 seconds
[2022-08-19 18:19:07,175] {processor.py:153} INFO - Started process (PID=20763) to work on /opt/airflow/dags/jdbc_driver/postgresql-42.4.2.jar
[2022-08-19 18:19:07,185] {processor.py:641} INFO - Processing file /opt/airflow/dags/jdbc_driver/postgresql-42.4.2.jar for tasks to queue
[2022-08-19 18:19:07,186] {logging_mixin.py:115} INFO - [2022-08-19 18:19:07,186] {dagbag.py:508} INFO - Filling up the DagBag from /opt/airflow/dags/jdbc_driver/postgresql-42.4.2.jar
[2022-08-19 18:19:07,196] {processor.py:653} WARNING - No viable dags retrieved from /opt/airflow/dags/jdbc_driver/postgresql-42.4.2.jar
[2022-08-19 18:19:07,211] {processor.py:161} INFO - Processing /opt/airflow/dags/jdbc_driver/postgresql-42.4.2.jar took 0.039 seconds
[2022-08-19 18:19:37,479] {processor.py:153} INFO - Started process (PID=20802) to work on /opt/airflow/dags/jdbc_driver/postgresql-42.4.2.jar
[2022-08-19 18:19:37,943] {processor.py:641} INFO - Processing file /opt/airflow/dags/jdbc_driver/postgresql-42.4.2.jar for tasks to queue
[2022-08-19 18:19:37,944] {logging_mixin.py:115} INFO - [2022-08-19 18:19:37,943] {dagbag.py:508} INFO - Filling up the DagBag from /opt/airflow/dags/jdbc_driver/postgresql-42.4.2.jar
[2022-08-19 18:19:37,954] {processor.py:653} WARNING - No viable dags retrieved from /opt/airflow/dags/jdbc_driver/postgresql-42.4.2.jar
[2022-08-19 18:19:37,969] {processor.py:161} INFO - Processing /opt/airflow/dags/jdbc_driver/postgresql-42.4.2.jar took 0.494 seconds
[2022-08-19 18:20:08,858] {processor.py:153} INFO - Started process (PID=20839) to work on /opt/airflow/dags/jdbc_driver/postgresql-42.4.2.jar
[2022-08-19 18:20:08,884] {processor.py:641} INFO - Processing file /opt/airflow/dags/jdbc_driver/postgresql-42.4.2.jar for tasks to queue
[2022-08-19 18:20:08,885] {logging_mixin.py:115} INFO - [2022-08-19 18:20:08,885] {dagbag.py:508} INFO - Filling up the DagBag from /opt/airflow/dags/jdbc_driver/postgresql-42.4.2.jar
[2022-08-19 18:20:08,895] {processor.py:653} WARNING - No viable dags retrieved from /opt/airflow/dags/jdbc_driver/postgresql-42.4.2.jar
[2022-08-19 18:20:08,909] {processor.py:161} INFO - Processing /opt/airflow/dags/jdbc_driver/postgresql-42.4.2.jar took 0.056 seconds
[2022-08-19 18:20:39,210] {processor.py:153} INFO - Started process (PID=20866) to work on /opt/airflow/dags/jdbc_driver/postgresql-42.4.2.jar
[2022-08-19 18:20:39,225] {processor.py:641} INFO - Processing file /opt/airflow/dags/jdbc_driver/postgresql-42.4.2.jar for tasks to queue
[2022-08-19 18:20:39,226] {logging_mixin.py:115} INFO - [2022-08-19 18:20:39,226] {dagbag.py:508} INFO - Filling up the DagBag from /opt/airflow/dags/jdbc_driver/postgresql-42.4.2.jar
[2022-08-19 18:20:39,237] {processor.py:653} WARNING - No viable dags retrieved from /opt/airflow/dags/jdbc_driver/postgresql-42.4.2.jar
[2022-08-19 18:20:39,254] {processor.py:161} INFO - Processing /opt/airflow/dags/jdbc_driver/postgresql-42.4.2.jar took 0.049 seconds
[2022-08-19 18:21:09,385] {processor.py:153} INFO - Started process (PID=20902) to work on /opt/airflow/dags/jdbc_driver/postgresql-42.4.2.jar
[2022-08-19 18:21:09,402] {processor.py:641} INFO - Processing file /opt/airflow/dags/jdbc_driver/postgresql-42.4.2.jar for tasks to queue
[2022-08-19 18:21:09,402] {logging_mixin.py:115} INFO - [2022-08-19 18:21:09,402] {dagbag.py:508} INFO - Filling up the DagBag from /opt/airflow/dags/jdbc_driver/postgresql-42.4.2.jar
[2022-08-19 18:21:09,414] {processor.py:653} WARNING - No viable dags retrieved from /opt/airflow/dags/jdbc_driver/postgresql-42.4.2.jar
[2022-08-19 18:21:09,430] {processor.py:161} INFO - Processing /opt/airflow/dags/jdbc_driver/postgresql-42.4.2.jar took 0.050 seconds
[2022-08-19 18:21:39,783] {processor.py:153} INFO - Started process (PID=20938) to work on /opt/airflow/dags/jdbc_driver/postgresql-42.4.2.jar
[2022-08-19 18:21:39,793] {processor.py:641} INFO - Processing file /opt/airflow/dags/jdbc_driver/postgresql-42.4.2.jar for tasks to queue
[2022-08-19 18:21:39,794] {logging_mixin.py:115} INFO - [2022-08-19 18:21:39,794] {dagbag.py:508} INFO - Filling up the DagBag from /opt/airflow/dags/jdbc_driver/postgresql-42.4.2.jar
[2022-08-19 18:21:39,805] {processor.py:653} WARNING - No viable dags retrieved from /opt/airflow/dags/jdbc_driver/postgresql-42.4.2.jar
[2022-08-19 18:21:39,820] {processor.py:161} INFO - Processing /opt/airflow/dags/jdbc_driver/postgresql-42.4.2.jar took 0.041 seconds
[2022-08-19 18:22:09,936] {processor.py:153} INFO - Started process (PID=20965) to work on /opt/airflow/dags/jdbc_driver/postgresql-42.4.2.jar
[2022-08-19 18:22:09,951] {processor.py:641} INFO - Processing file /opt/airflow/dags/jdbc_driver/postgresql-42.4.2.jar for tasks to queue
[2022-08-19 18:22:09,952] {logging_mixin.py:115} INFO - [2022-08-19 18:22:09,952] {dagbag.py:508} INFO - Filling up the DagBag from /opt/airflow/dags/jdbc_driver/postgresql-42.4.2.jar
[2022-08-19 18:22:09,967] {processor.py:653} WARNING - No viable dags retrieved from /opt/airflow/dags/jdbc_driver/postgresql-42.4.2.jar
[2022-08-19 18:22:09,985] {processor.py:161} INFO - Processing /opt/airflow/dags/jdbc_driver/postgresql-42.4.2.jar took 0.054 seconds
[2022-08-19 18:22:40,130] {processor.py:153} INFO - Started process (PID=21000) to work on /opt/airflow/dags/jdbc_driver/postgresql-42.4.2.jar
[2022-08-19 18:22:40,132] {processor.py:641} INFO - Processing file /opt/airflow/dags/jdbc_driver/postgresql-42.4.2.jar for tasks to queue
[2022-08-19 18:22:40,133] {logging_mixin.py:115} INFO - [2022-08-19 18:22:40,133] {dagbag.py:508} INFO - Filling up the DagBag from /opt/airflow/dags/jdbc_driver/postgresql-42.4.2.jar
[2022-08-19 18:22:40,142] {processor.py:653} WARNING - No viable dags retrieved from /opt/airflow/dags/jdbc_driver/postgresql-42.4.2.jar
[2022-08-19 18:22:40,156] {processor.py:161} INFO - Processing /opt/airflow/dags/jdbc_driver/postgresql-42.4.2.jar took 0.031 seconds
[2022-08-19 18:23:10,277] {processor.py:153} INFO - Started process (PID=21026) to work on /opt/airflow/dags/jdbc_driver/postgresql-42.4.2.jar
[2022-08-19 18:23:10,292] {processor.py:641} INFO - Processing file /opt/airflow/dags/jdbc_driver/postgresql-42.4.2.jar for tasks to queue
[2022-08-19 18:23:10,292] {logging_mixin.py:115} INFO - [2022-08-19 18:23:10,292] {dagbag.py:508} INFO - Filling up the DagBag from /opt/airflow/dags/jdbc_driver/postgresql-42.4.2.jar
[2022-08-19 18:23:10,307] {processor.py:653} WARNING - No viable dags retrieved from /opt/airflow/dags/jdbc_driver/postgresql-42.4.2.jar
[2022-08-19 18:23:10,321] {processor.py:161} INFO - Processing /opt/airflow/dags/jdbc_driver/postgresql-42.4.2.jar took 0.047 seconds
[2022-08-19 18:23:41,056] {processor.py:153} INFO - Started process (PID=21060) to work on /opt/airflow/dags/jdbc_driver/postgresql-42.4.2.jar
[2022-08-19 18:23:41,066] {processor.py:641} INFO - Processing file /opt/airflow/dags/jdbc_driver/postgresql-42.4.2.jar for tasks to queue
[2022-08-19 18:23:41,067] {logging_mixin.py:115} INFO - [2022-08-19 18:23:41,067] {dagbag.py:508} INFO - Filling up the DagBag from /opt/airflow/dags/jdbc_driver/postgresql-42.4.2.jar
[2022-08-19 18:23:41,077] {processor.py:653} WARNING - No viable dags retrieved from /opt/airflow/dags/jdbc_driver/postgresql-42.4.2.jar
[2022-08-19 18:23:41,095] {processor.py:161} INFO - Processing /opt/airflow/dags/jdbc_driver/postgresql-42.4.2.jar took 0.043 seconds
[2022-08-19 18:24:11,493] {processor.py:153} INFO - Started process (PID=21096) to work on /opt/airflow/dags/jdbc_driver/postgresql-42.4.2.jar
[2022-08-19 18:24:11,507] {processor.py:641} INFO - Processing file /opt/airflow/dags/jdbc_driver/postgresql-42.4.2.jar for tasks to queue
[2022-08-19 18:24:11,508] {logging_mixin.py:115} INFO - [2022-08-19 18:24:11,508] {dagbag.py:508} INFO - Filling up the DagBag from /opt/airflow/dags/jdbc_driver/postgresql-42.4.2.jar
[2022-08-19 18:24:11,518] {processor.py:653} WARNING - No viable dags retrieved from /opt/airflow/dags/jdbc_driver/postgresql-42.4.2.jar
[2022-08-19 18:24:11,533] {processor.py:161} INFO - Processing /opt/airflow/dags/jdbc_driver/postgresql-42.4.2.jar took 0.045 seconds
[2022-08-19 18:24:41,697] {processor.py:153} INFO - Started process (PID=21123) to work on /opt/airflow/dags/jdbc_driver/postgresql-42.4.2.jar
[2022-08-19 18:24:41,715] {processor.py:641} INFO - Processing file /opt/airflow/dags/jdbc_driver/postgresql-42.4.2.jar for tasks to queue
[2022-08-19 18:24:41,715] {logging_mixin.py:115} INFO - [2022-08-19 18:24:41,715] {dagbag.py:508} INFO - Filling up the DagBag from /opt/airflow/dags/jdbc_driver/postgresql-42.4.2.jar
[2022-08-19 18:24:41,730] {processor.py:653} WARNING - No viable dags retrieved from /opt/airflow/dags/jdbc_driver/postgresql-42.4.2.jar
[2022-08-19 18:24:41,746] {processor.py:161} INFO - Processing /opt/airflow/dags/jdbc_driver/postgresql-42.4.2.jar took 0.052 seconds
[2022-08-19 18:25:11,850] {processor.py:153} INFO - Started process (PID=21160) to work on /opt/airflow/dags/jdbc_driver/postgresql-42.4.2.jar
[2022-08-19 18:25:11,864] {processor.py:641} INFO - Processing file /opt/airflow/dags/jdbc_driver/postgresql-42.4.2.jar for tasks to queue
[2022-08-19 18:25:11,864] {logging_mixin.py:115} INFO - [2022-08-19 18:25:11,864] {dagbag.py:508} INFO - Filling up the DagBag from /opt/airflow/dags/jdbc_driver/postgresql-42.4.2.jar
[2022-08-19 18:25:11,875] {processor.py:653} WARNING - No viable dags retrieved from /opt/airflow/dags/jdbc_driver/postgresql-42.4.2.jar
[2022-08-19 18:25:11,891] {processor.py:161} INFO - Processing /opt/airflow/dags/jdbc_driver/postgresql-42.4.2.jar took 0.045 seconds
[2022-08-19 18:25:42,350] {processor.py:153} INFO - Started process (PID=21196) to work on /opt/airflow/dags/jdbc_driver/postgresql-42.4.2.jar
[2022-08-19 18:25:42,372] {processor.py:641} INFO - Processing file /opt/airflow/dags/jdbc_driver/postgresql-42.4.2.jar for tasks to queue
[2022-08-19 18:25:42,373] {logging_mixin.py:115} INFO - [2022-08-19 18:25:42,373] {dagbag.py:508} INFO - Filling up the DagBag from /opt/airflow/dags/jdbc_driver/postgresql-42.4.2.jar
[2022-08-19 18:25:42,387] {processor.py:653} WARNING - No viable dags retrieved from /opt/airflow/dags/jdbc_driver/postgresql-42.4.2.jar
[2022-08-19 18:25:42,398] {processor.py:161} INFO - Processing /opt/airflow/dags/jdbc_driver/postgresql-42.4.2.jar took 0.053 seconds
[2022-08-19 18:26:12,523] {processor.py:153} INFO - Started process (PID=21223) to work on /opt/airflow/dags/jdbc_driver/postgresql-42.4.2.jar
[2022-08-19 18:26:12,538] {processor.py:641} INFO - Processing file /opt/airflow/dags/jdbc_driver/postgresql-42.4.2.jar for tasks to queue
[2022-08-19 18:26:12,539] {logging_mixin.py:115} INFO - [2022-08-19 18:26:12,539] {dagbag.py:508} INFO - Filling up the DagBag from /opt/airflow/dags/jdbc_driver/postgresql-42.4.2.jar
[2022-08-19 18:26:12,554] {processor.py:653} WARNING - No viable dags retrieved from /opt/airflow/dags/jdbc_driver/postgresql-42.4.2.jar
[2022-08-19 18:26:12,572] {processor.py:161} INFO - Processing /opt/airflow/dags/jdbc_driver/postgresql-42.4.2.jar took 0.053 seconds
[2022-08-19 18:26:42,680] {processor.py:153} INFO - Started process (PID=21257) to work on /opt/airflow/dags/jdbc_driver/postgresql-42.4.2.jar
[2022-08-19 18:26:42,771] {processor.py:641} INFO - Processing file /opt/airflow/dags/jdbc_driver/postgresql-42.4.2.jar for tasks to queue
[2022-08-19 18:26:42,794] {logging_mixin.py:115} INFO - [2022-08-19 18:26:42,794] {dagbag.py:508} INFO - Filling up the DagBag from /opt/airflow/dags/jdbc_driver/postgresql-42.4.2.jar
[2022-08-19 18:26:42,804] {processor.py:653} WARNING - No viable dags retrieved from /opt/airflow/dags/jdbc_driver/postgresql-42.4.2.jar
[2022-08-19 18:26:42,820] {processor.py:161} INFO - Processing /opt/airflow/dags/jdbc_driver/postgresql-42.4.2.jar took 0.143 seconds
[2022-08-19 18:27:12,882] {processor.py:153} INFO - Started process (PID=21282) to work on /opt/airflow/dags/jdbc_driver/postgresql-42.4.2.jar
[2022-08-19 18:27:12,896] {processor.py:641} INFO - Processing file /opt/airflow/dags/jdbc_driver/postgresql-42.4.2.jar for tasks to queue
[2022-08-19 18:27:12,897] {logging_mixin.py:115} INFO - [2022-08-19 18:27:12,897] {dagbag.py:508} INFO - Filling up the DagBag from /opt/airflow/dags/jdbc_driver/postgresql-42.4.2.jar
[2022-08-19 18:27:12,911] {processor.py:653} WARNING - No viable dags retrieved from /opt/airflow/dags/jdbc_driver/postgresql-42.4.2.jar
[2022-08-19 18:27:12,928] {processor.py:161} INFO - Processing /opt/airflow/dags/jdbc_driver/postgresql-42.4.2.jar took 0.051 seconds
[2022-08-19 18:27:43,381] {processor.py:153} INFO - Started process (PID=21318) to work on /opt/airflow/dags/jdbc_driver/postgresql-42.4.2.jar
[2022-08-19 18:27:43,429] {processor.py:641} INFO - Processing file /opt/airflow/dags/jdbc_driver/postgresql-42.4.2.jar for tasks to queue
[2022-08-19 18:27:43,430] {logging_mixin.py:115} INFO - [2022-08-19 18:27:43,430] {dagbag.py:508} INFO - Filling up the DagBag from /opt/airflow/dags/jdbc_driver/postgresql-42.4.2.jar
[2022-08-19 18:27:43,440] {processor.py:653} WARNING - No viable dags retrieved from /opt/airflow/dags/jdbc_driver/postgresql-42.4.2.jar
[2022-08-19 18:27:43,452] {processor.py:161} INFO - Processing /opt/airflow/dags/jdbc_driver/postgresql-42.4.2.jar took 0.076 seconds
[2022-08-19 18:28:13,582] {processor.py:153} INFO - Started process (PID=21354) to work on /opt/airflow/dags/jdbc_driver/postgresql-42.4.2.jar
[2022-08-19 18:28:13,612] {processor.py:641} INFO - Processing file /opt/airflow/dags/jdbc_driver/postgresql-42.4.2.jar for tasks to queue
[2022-08-19 18:28:13,638] {logging_mixin.py:115} INFO - [2022-08-19 18:28:13,638] {dagbag.py:508} INFO - Filling up the DagBag from /opt/airflow/dags/jdbc_driver/postgresql-42.4.2.jar
[2022-08-19 18:28:13,649] {processor.py:653} WARNING - No viable dags retrieved from /opt/airflow/dags/jdbc_driver/postgresql-42.4.2.jar
[2022-08-19 18:28:13,661] {processor.py:161} INFO - Processing /opt/airflow/dags/jdbc_driver/postgresql-42.4.2.jar took 0.083 seconds
[2022-08-19 18:28:44,098] {processor.py:153} INFO - Started process (PID=21381) to work on /opt/airflow/dags/jdbc_driver/postgresql-42.4.2.jar
[2022-08-19 18:28:44,111] {processor.py:641} INFO - Processing file /opt/airflow/dags/jdbc_driver/postgresql-42.4.2.jar for tasks to queue
[2022-08-19 18:28:44,112] {logging_mixin.py:115} INFO - [2022-08-19 18:28:44,112] {dagbag.py:508} INFO - Filling up the DagBag from /opt/airflow/dags/jdbc_driver/postgresql-42.4.2.jar
[2022-08-19 18:28:44,127] {processor.py:653} WARNING - No viable dags retrieved from /opt/airflow/dags/jdbc_driver/postgresql-42.4.2.jar
[2022-08-19 18:28:44,144] {processor.py:161} INFO - Processing /opt/airflow/dags/jdbc_driver/postgresql-42.4.2.jar took 0.050 seconds
[2022-08-19 18:29:14,582] {processor.py:153} INFO - Started process (PID=21417) to work on /opt/airflow/dags/jdbc_driver/postgresql-42.4.2.jar
[2022-08-19 18:29:14,594] {processor.py:641} INFO - Processing file /opt/airflow/dags/jdbc_driver/postgresql-42.4.2.jar for tasks to queue
[2022-08-19 18:29:14,595] {logging_mixin.py:115} INFO - [2022-08-19 18:29:14,595] {dagbag.py:508} INFO - Filling up the DagBag from /opt/airflow/dags/jdbc_driver/postgresql-42.4.2.jar
[2022-08-19 18:29:14,608] {processor.py:653} WARNING - No viable dags retrieved from /opt/airflow/dags/jdbc_driver/postgresql-42.4.2.jar
[2022-08-19 18:29:14,626] {processor.py:161} INFO - Processing /opt/airflow/dags/jdbc_driver/postgresql-42.4.2.jar took 0.048 seconds
[2022-08-19 18:29:44,771] {processor.py:153} INFO - Started process (PID=21445) to work on /opt/airflow/dags/jdbc_driver/postgresql-42.4.2.jar
[2022-08-19 18:29:44,785] {processor.py:641} INFO - Processing file /opt/airflow/dags/jdbc_driver/postgresql-42.4.2.jar for tasks to queue
[2022-08-19 18:29:44,786] {logging_mixin.py:115} INFO - [2022-08-19 18:29:44,786] {dagbag.py:508} INFO - Filling up the DagBag from /opt/airflow/dags/jdbc_driver/postgresql-42.4.2.jar
[2022-08-19 18:29:44,795] {processor.py:653} WARNING - No viable dags retrieved from /opt/airflow/dags/jdbc_driver/postgresql-42.4.2.jar
[2022-08-19 18:29:44,812] {processor.py:161} INFO - Processing /opt/airflow/dags/jdbc_driver/postgresql-42.4.2.jar took 0.045 seconds
[2022-08-19 18:30:14,880] {processor.py:153} INFO - Started process (PID=21479) to work on /opt/airflow/dags/jdbc_driver/postgresql-42.4.2.jar
[2022-08-19 18:30:14,893] {processor.py:641} INFO - Processing file /opt/airflow/dags/jdbc_driver/postgresql-42.4.2.jar for tasks to queue
[2022-08-19 18:30:14,894] {logging_mixin.py:115} INFO - [2022-08-19 18:30:14,894] {dagbag.py:508} INFO - Filling up the DagBag from /opt/airflow/dags/jdbc_driver/postgresql-42.4.2.jar
[2022-08-19 18:30:14,907] {processor.py:653} WARNING - No viable dags retrieved from /opt/airflow/dags/jdbc_driver/postgresql-42.4.2.jar
[2022-08-19 18:30:14,924] {processor.py:161} INFO - Processing /opt/airflow/dags/jdbc_driver/postgresql-42.4.2.jar took 0.048 seconds
[2022-08-19 18:30:45,101] {processor.py:153} INFO - Started process (PID=21513) to work on /opt/airflow/dags/jdbc_driver/postgresql-42.4.2.jar
[2022-08-19 18:30:45,118] {processor.py:641} INFO - Processing file /opt/airflow/dags/jdbc_driver/postgresql-42.4.2.jar for tasks to queue
[2022-08-19 18:30:45,118] {logging_mixin.py:115} INFO - [2022-08-19 18:30:45,118] {dagbag.py:508} INFO - Filling up the DagBag from /opt/airflow/dags/jdbc_driver/postgresql-42.4.2.jar
[2022-08-19 18:30:45,132] {processor.py:653} WARNING - No viable dags retrieved from /opt/airflow/dags/jdbc_driver/postgresql-42.4.2.jar
[2022-08-19 18:30:45,143] {processor.py:161} INFO - Processing /opt/airflow/dags/jdbc_driver/postgresql-42.4.2.jar took 0.047 seconds
[2022-08-19 18:31:15,257] {processor.py:153} INFO - Started process (PID=21541) to work on /opt/airflow/dags/jdbc_driver/postgresql-42.4.2.jar
[2022-08-19 18:31:15,267] {processor.py:641} INFO - Processing file /opt/airflow/dags/jdbc_driver/postgresql-42.4.2.jar for tasks to queue
[2022-08-19 18:31:15,267] {logging_mixin.py:115} INFO - [2022-08-19 18:31:15,267] {dagbag.py:508} INFO - Filling up the DagBag from /opt/airflow/dags/jdbc_driver/postgresql-42.4.2.jar
[2022-08-19 18:31:15,273] {processor.py:653} WARNING - No viable dags retrieved from /opt/airflow/dags/jdbc_driver/postgresql-42.4.2.jar
[2022-08-19 18:31:15,288] {processor.py:161} INFO - Processing /opt/airflow/dags/jdbc_driver/postgresql-42.4.2.jar took 0.035 seconds
[2022-08-19 18:31:45,547] {processor.py:153} INFO - Started process (PID=21577) to work on /opt/airflow/dags/jdbc_driver/postgresql-42.4.2.jar
[2022-08-19 18:31:45,558] {processor.py:641} INFO - Processing file /opt/airflow/dags/jdbc_driver/postgresql-42.4.2.jar for tasks to queue
[2022-08-19 18:31:45,559] {logging_mixin.py:115} INFO - [2022-08-19 18:31:45,559] {dagbag.py:508} INFO - Filling up the DagBag from /opt/airflow/dags/jdbc_driver/postgresql-42.4.2.jar
[2022-08-19 18:31:45,574] {processor.py:653} WARNING - No viable dags retrieved from /opt/airflow/dags/jdbc_driver/postgresql-42.4.2.jar
[2022-08-19 18:31:45,591] {processor.py:161} INFO - Processing /opt/airflow/dags/jdbc_driver/postgresql-42.4.2.jar took 0.048 seconds
[2022-08-19 18:32:15,611] {processor.py:153} INFO - Started process (PID=21604) to work on /opt/airflow/dags/jdbc_driver/postgresql-42.4.2.jar
[2022-08-19 18:32:15,626] {processor.py:641} INFO - Processing file /opt/airflow/dags/jdbc_driver/postgresql-42.4.2.jar for tasks to queue
[2022-08-19 18:32:15,627] {logging_mixin.py:115} INFO - [2022-08-19 18:32:15,627] {dagbag.py:508} INFO - Filling up the DagBag from /opt/airflow/dags/jdbc_driver/postgresql-42.4.2.jar
[2022-08-19 18:32:15,637] {processor.py:653} WARNING - No viable dags retrieved from /opt/airflow/dags/jdbc_driver/postgresql-42.4.2.jar
[2022-08-19 18:32:15,653] {processor.py:161} INFO - Processing /opt/airflow/dags/jdbc_driver/postgresql-42.4.2.jar took 0.047 seconds
[2022-08-19 18:32:45,906] {processor.py:153} INFO - Started process (PID=21640) to work on /opt/airflow/dags/jdbc_driver/postgresql-42.4.2.jar
[2022-08-19 18:32:45,934] {processor.py:641} INFO - Processing file /opt/airflow/dags/jdbc_driver/postgresql-42.4.2.jar for tasks to queue
[2022-08-19 18:32:45,935] {logging_mixin.py:115} INFO - [2022-08-19 18:32:45,935] {dagbag.py:508} INFO - Filling up the DagBag from /opt/airflow/dags/jdbc_driver/postgresql-42.4.2.jar
[2022-08-19 18:32:45,948] {processor.py:653} WARNING - No viable dags retrieved from /opt/airflow/dags/jdbc_driver/postgresql-42.4.2.jar
[2022-08-19 18:32:45,965] {processor.py:161} INFO - Processing /opt/airflow/dags/jdbc_driver/postgresql-42.4.2.jar took 0.063 seconds
[2022-08-19 18:33:16,091] {processor.py:153} INFO - Started process (PID=21676) to work on /opt/airflow/dags/jdbc_driver/postgresql-42.4.2.jar
[2022-08-19 18:33:16,092] {processor.py:641} INFO - Processing file /opt/airflow/dags/jdbc_driver/postgresql-42.4.2.jar for tasks to queue
[2022-08-19 18:33:16,093] {logging_mixin.py:115} INFO - [2022-08-19 18:33:16,093] {dagbag.py:508} INFO - Filling up the DagBag from /opt/airflow/dags/jdbc_driver/postgresql-42.4.2.jar
[2022-08-19 18:33:16,102] {processor.py:653} WARNING - No viable dags retrieved from /opt/airflow/dags/jdbc_driver/postgresql-42.4.2.jar
[2022-08-19 18:33:16,114] {processor.py:161} INFO - Processing /opt/airflow/dags/jdbc_driver/postgresql-42.4.2.jar took 0.027 seconds
[2022-08-19 18:33:46,237] {processor.py:153} INFO - Started process (PID=21701) to work on /opt/airflow/dags/jdbc_driver/postgresql-42.4.2.jar
[2022-08-19 18:33:46,238] {processor.py:641} INFO - Processing file /opt/airflow/dags/jdbc_driver/postgresql-42.4.2.jar for tasks to queue
[2022-08-19 18:33:46,238] {logging_mixin.py:115} INFO - [2022-08-19 18:33:46,238] {dagbag.py:508} INFO - Filling up the DagBag from /opt/airflow/dags/jdbc_driver/postgresql-42.4.2.jar
[2022-08-19 18:33:46,244] {processor.py:653} WARNING - No viable dags retrieved from /opt/airflow/dags/jdbc_driver/postgresql-42.4.2.jar
[2022-08-19 18:33:46,261] {processor.py:161} INFO - Processing /opt/airflow/dags/jdbc_driver/postgresql-42.4.2.jar took 0.029 seconds
[2022-08-19 18:34:17,052] {processor.py:153} INFO - Started process (PID=21735) to work on /opt/airflow/dags/jdbc_driver/postgresql-42.4.2.jar
[2022-08-19 18:34:17,053] {processor.py:641} INFO - Processing file /opt/airflow/dags/jdbc_driver/postgresql-42.4.2.jar for tasks to queue
[2022-08-19 18:34:17,053] {logging_mixin.py:115} INFO - [2022-08-19 18:34:17,053] {dagbag.py:508} INFO - Filling up the DagBag from /opt/airflow/dags/jdbc_driver/postgresql-42.4.2.jar
[2022-08-19 18:34:17,059] {processor.py:653} WARNING - No viable dags retrieved from /opt/airflow/dags/jdbc_driver/postgresql-42.4.2.jar
[2022-08-19 18:34:17,071] {processor.py:161} INFO - Processing /opt/airflow/dags/jdbc_driver/postgresql-42.4.2.jar took 0.023 seconds
[2022-08-19 18:34:47,291] {processor.py:153} INFO - Started process (PID=21771) to work on /opt/airflow/dags/jdbc_driver/postgresql-42.4.2.jar
[2022-08-19 18:34:47,307] {processor.py:641} INFO - Processing file /opt/airflow/dags/jdbc_driver/postgresql-42.4.2.jar for tasks to queue
[2022-08-19 18:34:47,308] {logging_mixin.py:115} INFO - [2022-08-19 18:34:47,308] {dagbag.py:508} INFO - Filling up the DagBag from /opt/airflow/dags/jdbc_driver/postgresql-42.4.2.jar
[2022-08-19 18:34:47,322] {processor.py:653} WARNING - No viable dags retrieved from /opt/airflow/dags/jdbc_driver/postgresql-42.4.2.jar
[2022-08-19 18:34:47,334] {processor.py:161} INFO - Processing /opt/airflow/dags/jdbc_driver/postgresql-42.4.2.jar took 0.047 seconds
[2022-08-19 18:35:17,398] {processor.py:153} INFO - Started process (PID=21798) to work on /opt/airflow/dags/jdbc_driver/postgresql-42.4.2.jar
[2022-08-19 18:35:17,414] {processor.py:641} INFO - Processing file /opt/airflow/dags/jdbc_driver/postgresql-42.4.2.jar for tasks to queue
[2022-08-19 18:35:17,415] {logging_mixin.py:115} INFO - [2022-08-19 18:35:17,415] {dagbag.py:508} INFO - Filling up the DagBag from /opt/airflow/dags/jdbc_driver/postgresql-42.4.2.jar
[2022-08-19 18:35:17,428] {processor.py:653} WARNING - No viable dags retrieved from /opt/airflow/dags/jdbc_driver/postgresql-42.4.2.jar
[2022-08-19 18:35:17,445] {processor.py:161} INFO - Processing /opt/airflow/dags/jdbc_driver/postgresql-42.4.2.jar took 0.051 seconds
[2022-08-19 18:35:47,759] {processor.py:153} INFO - Started process (PID=21834) to work on /opt/airflow/dags/jdbc_driver/postgresql-42.4.2.jar
[2022-08-19 18:35:47,772] {processor.py:641} INFO - Processing file /opt/airflow/dags/jdbc_driver/postgresql-42.4.2.jar for tasks to queue
[2022-08-19 18:35:47,772] {logging_mixin.py:115} INFO - [2022-08-19 18:35:47,772] {dagbag.py:508} INFO - Filling up the DagBag from /opt/airflow/dags/jdbc_driver/postgresql-42.4.2.jar
[2022-08-19 18:35:47,784] {processor.py:653} WARNING - No viable dags retrieved from /opt/airflow/dags/jdbc_driver/postgresql-42.4.2.jar
[2022-08-19 18:35:47,795] {processor.py:161} INFO - Processing /opt/airflow/dags/jdbc_driver/postgresql-42.4.2.jar took 0.041 seconds
[2022-08-19 18:36:17,831] {processor.py:153} INFO - Started process (PID=21861) to work on /opt/airflow/dags/jdbc_driver/postgresql-42.4.2.jar
[2022-08-19 18:36:17,846] {processor.py:641} INFO - Processing file /opt/airflow/dags/jdbc_driver/postgresql-42.4.2.jar for tasks to queue
[2022-08-19 18:36:17,847] {logging_mixin.py:115} INFO - [2022-08-19 18:36:17,847] {dagbag.py:508} INFO - Filling up the DagBag from /opt/airflow/dags/jdbc_driver/postgresql-42.4.2.jar
[2022-08-19 18:36:17,857] {processor.py:653} WARNING - No viable dags retrieved from /opt/airflow/dags/jdbc_driver/postgresql-42.4.2.jar
[2022-08-19 18:36:17,874] {processor.py:161} INFO - Processing /opt/airflow/dags/jdbc_driver/postgresql-42.4.2.jar took 0.048 seconds
[2022-08-19 18:36:48,004] {processor.py:153} INFO - Started process (PID=21897) to work on /opt/airflow/dags/jdbc_driver/postgresql-42.4.2.jar
[2022-08-19 18:36:48,021] {processor.py:641} INFO - Processing file /opt/airflow/dags/jdbc_driver/postgresql-42.4.2.jar for tasks to queue
[2022-08-19 18:36:48,022] {logging_mixin.py:115} INFO - [2022-08-19 18:36:48,021] {dagbag.py:508} INFO - Filling up the DagBag from /opt/airflow/dags/jdbc_driver/postgresql-42.4.2.jar
[2022-08-19 18:36:48,030] {processor.py:653} WARNING - No viable dags retrieved from /opt/airflow/dags/jdbc_driver/postgresql-42.4.2.jar
[2022-08-19 18:36:48,047] {processor.py:161} INFO - Processing /opt/airflow/dags/jdbc_driver/postgresql-42.4.2.jar took 0.047 seconds
[2022-08-19 18:37:18,189] {processor.py:153} INFO - Started process (PID=21931) to work on /opt/airflow/dags/jdbc_driver/postgresql-42.4.2.jar
[2022-08-19 18:37:18,204] {processor.py:641} INFO - Processing file /opt/airflow/dags/jdbc_driver/postgresql-42.4.2.jar for tasks to queue
[2022-08-19 18:37:18,205] {logging_mixin.py:115} INFO - [2022-08-19 18:37:18,205] {dagbag.py:508} INFO - Filling up the DagBag from /opt/airflow/dags/jdbc_driver/postgresql-42.4.2.jar
[2022-08-19 18:37:18,215] {processor.py:653} WARNING - No viable dags retrieved from /opt/airflow/dags/jdbc_driver/postgresql-42.4.2.jar
[2022-08-19 18:37:18,230] {processor.py:161} INFO - Processing /opt/airflow/dags/jdbc_driver/postgresql-42.4.2.jar took 0.045 seconds
[2022-08-19 18:37:48,701] {processor.py:153} INFO - Started process (PID=21957) to work on /opt/airflow/dags/jdbc_driver/postgresql-42.4.2.jar
[2022-08-19 18:37:48,711] {processor.py:641} INFO - Processing file /opt/airflow/dags/jdbc_driver/postgresql-42.4.2.jar for tasks to queue
[2022-08-19 18:37:48,712] {logging_mixin.py:115} INFO - [2022-08-19 18:37:48,712] {dagbag.py:508} INFO - Filling up the DagBag from /opt/airflow/dags/jdbc_driver/postgresql-42.4.2.jar
[2022-08-19 18:37:48,718] {processor.py:653} WARNING - No viable dags retrieved from /opt/airflow/dags/jdbc_driver/postgresql-42.4.2.jar
[2022-08-19 18:37:48,733] {processor.py:161} INFO - Processing /opt/airflow/dags/jdbc_driver/postgresql-42.4.2.jar took 0.036 seconds
[2022-08-19 18:38:19,188] {processor.py:153} INFO - Started process (PID=21993) to work on /opt/airflow/dags/jdbc_driver/postgresql-42.4.2.jar
[2022-08-19 18:38:19,203] {processor.py:641} INFO - Processing file /opt/airflow/dags/jdbc_driver/postgresql-42.4.2.jar for tasks to queue
[2022-08-19 18:38:19,204] {logging_mixin.py:115} INFO - [2022-08-19 18:38:19,203] {dagbag.py:508} INFO - Filling up the DagBag from /opt/airflow/dags/jdbc_driver/postgresql-42.4.2.jar
[2022-08-19 18:38:19,213] {processor.py:653} WARNING - No viable dags retrieved from /opt/airflow/dags/jdbc_driver/postgresql-42.4.2.jar
[2022-08-19 18:38:19,229] {processor.py:161} INFO - Processing /opt/airflow/dags/jdbc_driver/postgresql-42.4.2.jar took 0.043 seconds
[2022-08-19 18:38:49,378] {processor.py:153} INFO - Started process (PID=22029) to work on /opt/airflow/dags/jdbc_driver/postgresql-42.4.2.jar
[2022-08-19 18:38:49,394] {processor.py:641} INFO - Processing file /opt/airflow/dags/jdbc_driver/postgresql-42.4.2.jar for tasks to queue
[2022-08-19 18:38:49,394] {logging_mixin.py:115} INFO - [2022-08-19 18:38:49,394] {dagbag.py:508} INFO - Filling up the DagBag from /opt/airflow/dags/jdbc_driver/postgresql-42.4.2.jar
[2022-08-19 18:38:49,405] {processor.py:653} WARNING - No viable dags retrieved from /opt/airflow/dags/jdbc_driver/postgresql-42.4.2.jar
[2022-08-19 18:38:49,415] {processor.py:161} INFO - Processing /opt/airflow/dags/jdbc_driver/postgresql-42.4.2.jar took 0.041 seconds
[2022-08-19 18:39:19,863] {processor.py:153} INFO - Started process (PID=22056) to work on /opt/airflow/dags/jdbc_driver/postgresql-42.4.2.jar
[2022-08-19 18:39:19,868] {processor.py:641} INFO - Processing file /opt/airflow/dags/jdbc_driver/postgresql-42.4.2.jar for tasks to queue
[2022-08-19 18:39:19,868] {logging_mixin.py:115} INFO - [2022-08-19 18:39:19,868] {dagbag.py:508} INFO - Filling up the DagBag from /opt/airflow/dags/jdbc_driver/postgresql-42.4.2.jar
[2022-08-19 18:39:19,874] {processor.py:653} WARNING - No viable dags retrieved from /opt/airflow/dags/jdbc_driver/postgresql-42.4.2.jar
[2022-08-19 18:39:19,889] {processor.py:161} INFO - Processing /opt/airflow/dags/jdbc_driver/postgresql-42.4.2.jar took 0.029 seconds
[2022-08-19 18:39:50,058] {processor.py:153} INFO - Started process (PID=22092) to work on /opt/airflow/dags/jdbc_driver/postgresql-42.4.2.jar
[2022-08-19 18:39:50,076] {processor.py:641} INFO - Processing file /opt/airflow/dags/jdbc_driver/postgresql-42.4.2.jar for tasks to queue
[2022-08-19 18:39:50,077] {logging_mixin.py:115} INFO - [2022-08-19 18:39:50,077] {dagbag.py:508} INFO - Filling up the DagBag from /opt/airflow/dags/jdbc_driver/postgresql-42.4.2.jar
[2022-08-19 18:39:50,086] {processor.py:653} WARNING - No viable dags retrieved from /opt/airflow/dags/jdbc_driver/postgresql-42.4.2.jar
[2022-08-19 18:39:50,098] {processor.py:161} INFO - Processing /opt/airflow/dags/jdbc_driver/postgresql-42.4.2.jar took 0.044 seconds
[2022-08-19 18:40:20,337] {processor.py:153} INFO - Started process (PID=22119) to work on /opt/airflow/dags/jdbc_driver/postgresql-42.4.2.jar
[2022-08-19 18:40:20,338] {processor.py:641} INFO - Processing file /opt/airflow/dags/jdbc_driver/postgresql-42.4.2.jar for tasks to queue
[2022-08-19 18:40:20,338] {logging_mixin.py:115} INFO - [2022-08-19 18:40:20,338] {dagbag.py:508} INFO - Filling up the DagBag from /opt/airflow/dags/jdbc_driver/postgresql-42.4.2.jar
[2022-08-19 18:40:20,345] {processor.py:653} WARNING - No viable dags retrieved from /opt/airflow/dags/jdbc_driver/postgresql-42.4.2.jar
[2022-08-19 18:40:20,360] {processor.py:161} INFO - Processing /opt/airflow/dags/jdbc_driver/postgresql-42.4.2.jar took 0.028 seconds
[2022-08-19 18:40:50,479] {processor.py:153} INFO - Started process (PID=22153) to work on /opt/airflow/dags/jdbc_driver/postgresql-42.4.2.jar
[2022-08-19 18:40:50,498] {processor.py:641} INFO - Processing file /opt/airflow/dags/jdbc_driver/postgresql-42.4.2.jar for tasks to queue
[2022-08-19 18:40:50,499] {logging_mixin.py:115} INFO - [2022-08-19 18:40:50,499] {dagbag.py:508} INFO - Filling up the DagBag from /opt/airflow/dags/jdbc_driver/postgresql-42.4.2.jar
[2022-08-19 18:40:50,514] {processor.py:653} WARNING - No viable dags retrieved from /opt/airflow/dags/jdbc_driver/postgresql-42.4.2.jar
[2022-08-19 18:40:50,530] {processor.py:161} INFO - Processing /opt/airflow/dags/jdbc_driver/postgresql-42.4.2.jar took 0.056 seconds
[2022-08-19 18:41:20,822] {processor.py:153} INFO - Started process (PID=22187) to work on /opt/airflow/dags/jdbc_driver/postgresql-42.4.2.jar
[2022-08-19 18:41:20,839] {processor.py:641} INFO - Processing file /opt/airflow/dags/jdbc_driver/postgresql-42.4.2.jar for tasks to queue
[2022-08-19 18:41:20,839] {logging_mixin.py:115} INFO - [2022-08-19 18:41:20,839] {dagbag.py:508} INFO - Filling up the DagBag from /opt/airflow/dags/jdbc_driver/postgresql-42.4.2.jar
[2022-08-19 18:41:20,850] {processor.py:653} WARNING - No viable dags retrieved from /opt/airflow/dags/jdbc_driver/postgresql-42.4.2.jar
[2022-08-19 18:41:20,866] {processor.py:161} INFO - Processing /opt/airflow/dags/jdbc_driver/postgresql-42.4.2.jar took 0.049 seconds
[2022-08-19 18:41:51,098] {processor.py:153} INFO - Started process (PID=22214) to work on /opt/airflow/dags/jdbc_driver/postgresql-42.4.2.jar
[2022-08-19 18:41:51,114] {processor.py:641} INFO - Processing file /opt/airflow/dags/jdbc_driver/postgresql-42.4.2.jar for tasks to queue
[2022-08-19 18:41:51,115] {logging_mixin.py:115} INFO - [2022-08-19 18:41:51,114] {dagbag.py:508} INFO - Filling up the DagBag from /opt/airflow/dags/jdbc_driver/postgresql-42.4.2.jar
[2022-08-19 18:41:51,130] {processor.py:653} WARNING - No viable dags retrieved from /opt/airflow/dags/jdbc_driver/postgresql-42.4.2.jar
[2022-08-19 18:41:51,147] {processor.py:161} INFO - Processing /opt/airflow/dags/jdbc_driver/postgresql-42.4.2.jar took 0.053 seconds
[2022-08-19 18:42:21,265] {processor.py:153} INFO - Started process (PID=22250) to work on /opt/airflow/dags/jdbc_driver/postgresql-42.4.2.jar
[2022-08-19 18:42:21,265] {processor.py:641} INFO - Processing file /opt/airflow/dags/jdbc_driver/postgresql-42.4.2.jar for tasks to queue
[2022-08-19 18:42:21,266] {logging_mixin.py:115} INFO - [2022-08-19 18:42:21,266] {dagbag.py:508} INFO - Filling up the DagBag from /opt/airflow/dags/jdbc_driver/postgresql-42.4.2.jar
[2022-08-19 18:42:21,273] {processor.py:653} WARNING - No viable dags retrieved from /opt/airflow/dags/jdbc_driver/postgresql-42.4.2.jar
[2022-08-19 18:42:21,284] {processor.py:161} INFO - Processing /opt/airflow/dags/jdbc_driver/postgresql-42.4.2.jar took 0.024 seconds
[2022-08-19 18:42:51,417] {processor.py:153} INFO - Started process (PID=22284) to work on /opt/airflow/dags/jdbc_driver/postgresql-42.4.2.jar
[2022-08-19 18:42:51,420] {processor.py:641} INFO - Processing file /opt/airflow/dags/jdbc_driver/postgresql-42.4.2.jar for tasks to queue
[2022-08-19 18:42:51,421] {logging_mixin.py:115} INFO - [2022-08-19 18:42:51,421] {dagbag.py:508} INFO - Filling up the DagBag from /opt/airflow/dags/jdbc_driver/postgresql-42.4.2.jar
[2022-08-19 18:42:51,427] {processor.py:653} WARNING - No viable dags retrieved from /opt/airflow/dags/jdbc_driver/postgresql-42.4.2.jar
[2022-08-19 18:42:51,438] {processor.py:161} INFO - Processing /opt/airflow/dags/jdbc_driver/postgresql-42.4.2.jar took 0.025 seconds
[2022-08-19 18:43:21,539] {processor.py:153} INFO - Started process (PID=22313) to work on /opt/airflow/dags/jdbc_driver/postgresql-42.4.2.jar
[2022-08-19 18:43:21,554] {processor.py:641} INFO - Processing file /opt/airflow/dags/jdbc_driver/postgresql-42.4.2.jar for tasks to queue
[2022-08-19 18:43:21,555] {logging_mixin.py:115} INFO - [2022-08-19 18:43:21,555] {dagbag.py:508} INFO - Filling up the DagBag from /opt/airflow/dags/jdbc_driver/postgresql-42.4.2.jar
[2022-08-19 18:43:21,568] {processor.py:653} WARNING - No viable dags retrieved from /opt/airflow/dags/jdbc_driver/postgresql-42.4.2.jar
[2022-08-19 18:43:21,585] {processor.py:161} INFO - Processing /opt/airflow/dags/jdbc_driver/postgresql-42.4.2.jar took 0.051 seconds
[2022-08-19 18:43:51,813] {processor.py:153} INFO - Started process (PID=22349) to work on /opt/airflow/dags/jdbc_driver/postgresql-42.4.2.jar
[2022-08-19 18:43:51,837] {processor.py:641} INFO - Processing file /opt/airflow/dags/jdbc_driver/postgresql-42.4.2.jar for tasks to queue
[2022-08-19 18:43:51,838] {logging_mixin.py:115} INFO - [2022-08-19 18:43:51,837] {dagbag.py:508} INFO - Filling up the DagBag from /opt/airflow/dags/jdbc_driver/postgresql-42.4.2.jar
[2022-08-19 18:43:51,849] {processor.py:653} WARNING - No viable dags retrieved from /opt/airflow/dags/jdbc_driver/postgresql-42.4.2.jar
[2022-08-19 18:43:51,865] {processor.py:161} INFO - Processing /opt/airflow/dags/jdbc_driver/postgresql-42.4.2.jar took 0.056 seconds
[2022-08-19 18:44:22,035] {processor.py:153} INFO - Started process (PID=22374) to work on /opt/airflow/dags/jdbc_driver/postgresql-42.4.2.jar
[2022-08-19 18:44:22,044] {processor.py:641} INFO - Processing file /opt/airflow/dags/jdbc_driver/postgresql-42.4.2.jar for tasks to queue
[2022-08-19 18:44:22,045] {logging_mixin.py:115} INFO - [2022-08-19 18:44:22,045] {dagbag.py:508} INFO - Filling up the DagBag from /opt/airflow/dags/jdbc_driver/postgresql-42.4.2.jar
[2022-08-19 18:44:22,053] {processor.py:653} WARNING - No viable dags retrieved from /opt/airflow/dags/jdbc_driver/postgresql-42.4.2.jar
[2022-08-19 18:44:22,071] {processor.py:161} INFO - Processing /opt/airflow/dags/jdbc_driver/postgresql-42.4.2.jar took 0.039 seconds
[2022-08-19 18:44:52,239] {processor.py:153} INFO - Started process (PID=22408) to work on /opt/airflow/dags/jdbc_driver/postgresql-42.4.2.jar
[2022-08-19 18:44:52,252] {processor.py:641} INFO - Processing file /opt/airflow/dags/jdbc_driver/postgresql-42.4.2.jar for tasks to queue
[2022-08-19 18:44:52,252] {logging_mixin.py:115} INFO - [2022-08-19 18:44:52,252] {dagbag.py:508} INFO - Filling up the DagBag from /opt/airflow/dags/jdbc_driver/postgresql-42.4.2.jar
[2022-08-19 18:44:52,264] {processor.py:653} WARNING - No viable dags retrieved from /opt/airflow/dags/jdbc_driver/postgresql-42.4.2.jar
[2022-08-19 18:44:52,278] {processor.py:161} INFO - Processing /opt/airflow/dags/jdbc_driver/postgresql-42.4.2.jar took 0.044 seconds
[2022-08-19 18:45:22,383] {processor.py:153} INFO - Started process (PID=22444) to work on /opt/airflow/dags/jdbc_driver/postgresql-42.4.2.jar
[2022-08-19 18:45:22,402] {processor.py:641} INFO - Processing file /opt/airflow/dags/jdbc_driver/postgresql-42.4.2.jar for tasks to queue
[2022-08-19 18:45:22,403] {logging_mixin.py:115} INFO - [2022-08-19 18:45:22,402] {dagbag.py:508} INFO - Filling up the DagBag from /opt/airflow/dags/jdbc_driver/postgresql-42.4.2.jar
[2022-08-19 18:45:22,413] {processor.py:653} WARNING - No viable dags retrieved from /opt/airflow/dags/jdbc_driver/postgresql-42.4.2.jar
[2022-08-19 18:45:22,426] {processor.py:161} INFO - Processing /opt/airflow/dags/jdbc_driver/postgresql-42.4.2.jar took 0.044 seconds
[2022-08-19 18:45:52,466] {processor.py:153} INFO - Started process (PID=22472) to work on /opt/airflow/dags/jdbc_driver/postgresql-42.4.2.jar
[2022-08-19 18:45:52,476] {processor.py:641} INFO - Processing file /opt/airflow/dags/jdbc_driver/postgresql-42.4.2.jar for tasks to queue
[2022-08-19 18:45:52,476] {logging_mixin.py:115} INFO - [2022-08-19 18:45:52,476] {dagbag.py:508} INFO - Filling up the DagBag from /opt/airflow/dags/jdbc_driver/postgresql-42.4.2.jar
[2022-08-19 18:45:52,484] {processor.py:653} WARNING - No viable dags retrieved from /opt/airflow/dags/jdbc_driver/postgresql-42.4.2.jar
[2022-08-19 18:45:52,501] {processor.py:161} INFO - Processing /opt/airflow/dags/jdbc_driver/postgresql-42.4.2.jar took 0.039 seconds
[2022-08-19 18:46:22,773] {processor.py:153} INFO - Started process (PID=22508) to work on /opt/airflow/dags/jdbc_driver/postgresql-42.4.2.jar
[2022-08-19 18:46:22,784] {processor.py:641} INFO - Processing file /opt/airflow/dags/jdbc_driver/postgresql-42.4.2.jar for tasks to queue
[2022-08-19 18:46:22,785] {logging_mixin.py:115} INFO - [2022-08-19 18:46:22,784] {dagbag.py:508} INFO - Filling up the DagBag from /opt/airflow/dags/jdbc_driver/postgresql-42.4.2.jar
[2022-08-19 18:46:22,796] {processor.py:653} WARNING - No viable dags retrieved from /opt/airflow/dags/jdbc_driver/postgresql-42.4.2.jar
[2022-08-19 18:46:22,809] {processor.py:161} INFO - Processing /opt/airflow/dags/jdbc_driver/postgresql-42.4.2.jar took 0.040 seconds
[2022-08-19 18:46:53,008] {processor.py:153} INFO - Started process (PID=22535) to work on /opt/airflow/dags/jdbc_driver/postgresql-42.4.2.jar
[2022-08-19 18:46:53,025] {processor.py:641} INFO - Processing file /opt/airflow/dags/jdbc_driver/postgresql-42.4.2.jar for tasks to queue
[2022-08-19 18:46:53,026] {logging_mixin.py:115} INFO - [2022-08-19 18:46:53,026] {dagbag.py:508} INFO - Filling up the DagBag from /opt/airflow/dags/jdbc_driver/postgresql-42.4.2.jar
[2022-08-19 18:46:53,034] {processor.py:653} WARNING - No viable dags retrieved from /opt/airflow/dags/jdbc_driver/postgresql-42.4.2.jar
[2022-08-19 18:46:53,046] {processor.py:161} INFO - Processing /opt/airflow/dags/jdbc_driver/postgresql-42.4.2.jar took 0.043 seconds
[2022-08-19 18:47:23,432] {processor.py:153} INFO - Started process (PID=22571) to work on /opt/airflow/dags/jdbc_driver/postgresql-42.4.2.jar
[2022-08-19 18:47:23,441] {processor.py:641} INFO - Processing file /opt/airflow/dags/jdbc_driver/postgresql-42.4.2.jar for tasks to queue
[2022-08-19 18:47:23,442] {logging_mixin.py:115} INFO - [2022-08-19 18:47:23,442] {dagbag.py:508} INFO - Filling up the DagBag from /opt/airflow/dags/jdbc_driver/postgresql-42.4.2.jar
[2022-08-19 18:47:23,453] {processor.py:653} WARNING - No viable dags retrieved from /opt/airflow/dags/jdbc_driver/postgresql-42.4.2.jar
[2022-08-19 18:47:23,471] {processor.py:161} INFO - Processing /opt/airflow/dags/jdbc_driver/postgresql-42.4.2.jar took 0.043 seconds
[2022-08-19 18:47:53,840] {processor.py:153} INFO - Started process (PID=22605) to work on /opt/airflow/dags/jdbc_driver/postgresql-42.4.2.jar
[2022-08-19 18:47:53,849] {processor.py:641} INFO - Processing file /opt/airflow/dags/jdbc_driver/postgresql-42.4.2.jar for tasks to queue
[2022-08-19 18:47:53,849] {logging_mixin.py:115} INFO - [2022-08-19 18:47:53,849] {dagbag.py:508} INFO - Filling up the DagBag from /opt/airflow/dags/jdbc_driver/postgresql-42.4.2.jar
[2022-08-19 18:47:53,858] {processor.py:653} WARNING - No viable dags retrieved from /opt/airflow/dags/jdbc_driver/postgresql-42.4.2.jar
[2022-08-19 18:47:53,876] {processor.py:161} INFO - Processing /opt/airflow/dags/jdbc_driver/postgresql-42.4.2.jar took 0.040 seconds
[2022-08-19 18:48:24,794] {processor.py:153} INFO - Started process (PID=22629) to work on /opt/airflow/dags/jdbc_driver/postgresql-42.4.2.jar
[2022-08-19 18:48:24,815] {processor.py:641} INFO - Processing file /opt/airflow/dags/jdbc_driver/postgresql-42.4.2.jar for tasks to queue
[2022-08-19 18:48:24,816] {logging_mixin.py:115} INFO - [2022-08-19 18:48:24,816] {dagbag.py:508} INFO - Filling up the DagBag from /opt/airflow/dags/jdbc_driver/postgresql-42.4.2.jar
[2022-08-19 18:48:24,828] {processor.py:653} WARNING - No viable dags retrieved from /opt/airflow/dags/jdbc_driver/postgresql-42.4.2.jar
[2022-08-19 18:48:24,842] {processor.py:161} INFO - Processing /opt/airflow/dags/jdbc_driver/postgresql-42.4.2.jar took 0.052 seconds
[2022-08-19 18:48:55,159] {processor.py:153} INFO - Started process (PID=22665) to work on /opt/airflow/dags/jdbc_driver/postgresql-42.4.2.jar
[2022-08-19 18:48:55,182] {processor.py:641} INFO - Processing file /opt/airflow/dags/jdbc_driver/postgresql-42.4.2.jar for tasks to queue
[2022-08-19 18:48:55,182] {logging_mixin.py:115} INFO - [2022-08-19 18:48:55,182] {dagbag.py:508} INFO - Filling up the DagBag from /opt/airflow/dags/jdbc_driver/postgresql-42.4.2.jar
[2022-08-19 18:48:55,193] {processor.py:653} WARNING - No viable dags retrieved from /opt/airflow/dags/jdbc_driver/postgresql-42.4.2.jar
[2022-08-19 18:48:55,205] {processor.py:161} INFO - Processing /opt/airflow/dags/jdbc_driver/postgresql-42.4.2.jar took 0.050 seconds
[2022-08-19 18:49:25,431] {processor.py:153} INFO - Started process (PID=22701) to work on /opt/airflow/dags/jdbc_driver/postgresql-42.4.2.jar
[2022-08-19 18:49:25,514] {processor.py:641} INFO - Processing file /opt/airflow/dags/jdbc_driver/postgresql-42.4.2.jar for tasks to queue
[2022-08-19 18:49:25,515] {logging_mixin.py:115} INFO - [2022-08-19 18:49:25,515] {dagbag.py:508} INFO - Filling up the DagBag from /opt/airflow/dags/jdbc_driver/postgresql-42.4.2.jar
[2022-08-19 18:49:25,531] {processor.py:653} WARNING - No viable dags retrieved from /opt/airflow/dags/jdbc_driver/postgresql-42.4.2.jar
[2022-08-19 18:49:25,544] {processor.py:161} INFO - Processing /opt/airflow/dags/jdbc_driver/postgresql-42.4.2.jar took 0.118 seconds
[2022-08-19 18:49:55,577] {processor.py:153} INFO - Started process (PID=22727) to work on /opt/airflow/dags/jdbc_driver/postgresql-42.4.2.jar
[2022-08-19 18:49:55,581] {processor.py:641} INFO - Processing file /opt/airflow/dags/jdbc_driver/postgresql-42.4.2.jar for tasks to queue
[2022-08-19 18:49:55,582] {logging_mixin.py:115} INFO - [2022-08-19 18:49:55,582] {dagbag.py:508} INFO - Filling up the DagBag from /opt/airflow/dags/jdbc_driver/postgresql-42.4.2.jar
[2022-08-19 18:49:55,588] {processor.py:653} WARNING - No viable dags retrieved from /opt/airflow/dags/jdbc_driver/postgresql-42.4.2.jar
[2022-08-19 18:49:55,601] {processor.py:161} INFO - Processing /opt/airflow/dags/jdbc_driver/postgresql-42.4.2.jar took 0.029 seconds
[2022-08-19 18:50:25,727] {processor.py:153} INFO - Started process (PID=22763) to work on /opt/airflow/dags/jdbc_driver/postgresql-42.4.2.jar
[2022-08-19 18:50:25,738] {processor.py:641} INFO - Processing file /opt/airflow/dags/jdbc_driver/postgresql-42.4.2.jar for tasks to queue
[2022-08-19 18:50:25,739] {logging_mixin.py:115} INFO - [2022-08-19 18:50:25,739] {dagbag.py:508} INFO - Filling up the DagBag from /opt/airflow/dags/jdbc_driver/postgresql-42.4.2.jar
[2022-08-19 18:50:25,752] {processor.py:653} WARNING - No viable dags retrieved from /opt/airflow/dags/jdbc_driver/postgresql-42.4.2.jar
[2022-08-19 18:50:25,770] {processor.py:161} INFO - Processing /opt/airflow/dags/jdbc_driver/postgresql-42.4.2.jar took 0.047 seconds
[2022-08-19 18:50:55,896] {processor.py:153} INFO - Started process (PID=22797) to work on /opt/airflow/dags/jdbc_driver/postgresql-42.4.2.jar
[2022-08-19 18:50:55,897] {processor.py:641} INFO - Processing file /opt/airflow/dags/jdbc_driver/postgresql-42.4.2.jar for tasks to queue
[2022-08-19 18:50:55,897] {logging_mixin.py:115} INFO - [2022-08-19 18:50:55,897] {dagbag.py:508} INFO - Filling up the DagBag from /opt/airflow/dags/jdbc_driver/postgresql-42.4.2.jar
[2022-08-19 18:50:55,903] {processor.py:653} WARNING - No viable dags retrieved from /opt/airflow/dags/jdbc_driver/postgresql-42.4.2.jar
[2022-08-19 18:50:55,919] {processor.py:161} INFO - Processing /opt/airflow/dags/jdbc_driver/postgresql-42.4.2.jar took 0.027 seconds
[2022-08-19 18:51:26,061] {processor.py:153} INFO - Started process (PID=22824) to work on /opt/airflow/dags/jdbc_driver/postgresql-42.4.2.jar
[2022-08-19 18:51:26,070] {processor.py:641} INFO - Processing file /opt/airflow/dags/jdbc_driver/postgresql-42.4.2.jar for tasks to queue
[2022-08-19 18:51:26,071] {logging_mixin.py:115} INFO - [2022-08-19 18:51:26,071] {dagbag.py:508} INFO - Filling up the DagBag from /opt/airflow/dags/jdbc_driver/postgresql-42.4.2.jar
[2022-08-19 18:51:26,077] {processor.py:653} WARNING - No viable dags retrieved from /opt/airflow/dags/jdbc_driver/postgresql-42.4.2.jar
[2022-08-19 18:51:26,094] {processor.py:161} INFO - Processing /opt/airflow/dags/jdbc_driver/postgresql-42.4.2.jar took 0.036 seconds
[2022-08-19 18:51:56,314] {processor.py:153} INFO - Started process (PID=22857) to work on /opt/airflow/dags/jdbc_driver/postgresql-42.4.2.jar
[2022-08-19 18:51:56,329] {processor.py:641} INFO - Processing file /opt/airflow/dags/jdbc_driver/postgresql-42.4.2.jar for tasks to queue
[2022-08-19 18:51:56,330] {logging_mixin.py:115} INFO - [2022-08-19 18:51:56,330] {dagbag.py:508} INFO - Filling up the DagBag from /opt/airflow/dags/jdbc_driver/postgresql-42.4.2.jar
[2022-08-19 18:51:56,339] {processor.py:653} WARNING - No viable dags retrieved from /opt/airflow/dags/jdbc_driver/postgresql-42.4.2.jar
[2022-08-19 18:51:56,356] {processor.py:161} INFO - Processing /opt/airflow/dags/jdbc_driver/postgresql-42.4.2.jar took 0.047 seconds
[2022-08-19 18:52:26,743] {processor.py:153} INFO - Started process (PID=22884) to work on /opt/airflow/dags/jdbc_driver/postgresql-42.4.2.jar
[2022-08-19 18:52:26,762] {processor.py:641} INFO - Processing file /opt/airflow/dags/jdbc_driver/postgresql-42.4.2.jar for tasks to queue
[2022-08-19 18:52:26,763] {logging_mixin.py:115} INFO - [2022-08-19 18:52:26,763] {dagbag.py:508} INFO - Filling up the DagBag from /opt/airflow/dags/jdbc_driver/postgresql-42.4.2.jar
[2022-08-19 18:52:26,779] {processor.py:653} WARNING - No viable dags retrieved from /opt/airflow/dags/jdbc_driver/postgresql-42.4.2.jar
[2022-08-19 18:52:26,797] {processor.py:161} INFO - Processing /opt/airflow/dags/jdbc_driver/postgresql-42.4.2.jar took 0.060 seconds
[2022-08-19 18:52:56,926] {processor.py:153} INFO - Started process (PID=22920) to work on /opt/airflow/dags/jdbc_driver/postgresql-42.4.2.jar
[2022-08-19 18:52:56,926] {processor.py:641} INFO - Processing file /opt/airflow/dags/jdbc_driver/postgresql-42.4.2.jar for tasks to queue
[2022-08-19 18:52:56,927] {logging_mixin.py:115} INFO - [2022-08-19 18:52:56,927] {dagbag.py:508} INFO - Filling up the DagBag from /opt/airflow/dags/jdbc_driver/postgresql-42.4.2.jar
[2022-08-19 18:52:56,933] {processor.py:653} WARNING - No viable dags retrieved from /opt/airflow/dags/jdbc_driver/postgresql-42.4.2.jar
[2022-08-19 18:52:56,949] {processor.py:161} INFO - Processing /opt/airflow/dags/jdbc_driver/postgresql-42.4.2.jar took 0.028 seconds
[2022-08-19 18:53:27,077] {processor.py:153} INFO - Started process (PID=22955) to work on /opt/airflow/dags/jdbc_driver/postgresql-42.4.2.jar
[2022-08-19 18:53:27,077] {processor.py:641} INFO - Processing file /opt/airflow/dags/jdbc_driver/postgresql-42.4.2.jar for tasks to queue
[2022-08-19 18:53:27,078] {logging_mixin.py:115} INFO - [2022-08-19 18:53:27,078] {dagbag.py:508} INFO - Filling up the DagBag from /opt/airflow/dags/jdbc_driver/postgresql-42.4.2.jar
[2022-08-19 18:53:27,087] {processor.py:653} WARNING - No viable dags retrieved from /opt/airflow/dags/jdbc_driver/postgresql-42.4.2.jar
[2022-08-19 18:53:27,104] {processor.py:161} INFO - Processing /opt/airflow/dags/jdbc_driver/postgresql-42.4.2.jar took 0.031 seconds
[2022-08-19 18:53:57,125] {processor.py:153} INFO - Started process (PID=22984) to work on /opt/airflow/dags/jdbc_driver/postgresql-42.4.2.jar
[2022-08-19 18:53:57,136] {processor.py:641} INFO - Processing file /opt/airflow/dags/jdbc_driver/postgresql-42.4.2.jar for tasks to queue
[2022-08-19 18:53:57,136] {logging_mixin.py:115} INFO - [2022-08-19 18:53:57,136] {dagbag.py:508} INFO - Filling up the DagBag from /opt/airflow/dags/jdbc_driver/postgresql-42.4.2.jar
[2022-08-19 18:53:57,149] {processor.py:653} WARNING - No viable dags retrieved from /opt/airflow/dags/jdbc_driver/postgresql-42.4.2.jar
[2022-08-19 18:53:57,164] {processor.py:161} INFO - Processing /opt/airflow/dags/jdbc_driver/postgresql-42.4.2.jar took 0.043 seconds
[2022-08-19 18:54:28,808] {processor.py:153} INFO - Started process (PID=23021) to work on /opt/airflow/dags/jdbc_driver/postgresql-42.4.2.jar
[2022-08-19 18:54:28,818] {processor.py:641} INFO - Processing file /opt/airflow/dags/jdbc_driver/postgresql-42.4.2.jar for tasks to queue
[2022-08-19 18:54:28,819] {logging_mixin.py:115} INFO - [2022-08-19 18:54:28,819] {dagbag.py:508} INFO - Filling up the DagBag from /opt/airflow/dags/jdbc_driver/postgresql-42.4.2.jar
[2022-08-19 18:54:28,829] {processor.py:653} WARNING - No viable dags retrieved from /opt/airflow/dags/jdbc_driver/postgresql-42.4.2.jar
[2022-08-19 18:54:28,842] {processor.py:161} INFO - Processing /opt/airflow/dags/jdbc_driver/postgresql-42.4.2.jar took 0.036 seconds
[2022-08-19 18:54:59,253] {processor.py:153} INFO - Started process (PID=23045) to work on /opt/airflow/dags/jdbc_driver/postgresql-42.4.2.jar
[2022-08-19 18:54:59,259] {processor.py:641} INFO - Processing file /opt/airflow/dags/jdbc_driver/postgresql-42.4.2.jar for tasks to queue
[2022-08-19 18:54:59,260] {logging_mixin.py:115} INFO - [2022-08-19 18:54:59,260] {dagbag.py:508} INFO - Filling up the DagBag from /opt/airflow/dags/jdbc_driver/postgresql-42.4.2.jar
[2022-08-19 18:54:59,272] {processor.py:653} WARNING - No viable dags retrieved from /opt/airflow/dags/jdbc_driver/postgresql-42.4.2.jar
[2022-08-19 18:54:59,288] {processor.py:161} INFO - Processing /opt/airflow/dags/jdbc_driver/postgresql-42.4.2.jar took 0.037 seconds
[2022-08-19 18:55:29,557] {processor.py:153} INFO - Started process (PID=23080) to work on /opt/airflow/dags/jdbc_driver/postgresql-42.4.2.jar
[2022-08-19 18:55:29,567] {processor.py:641} INFO - Processing file /opt/airflow/dags/jdbc_driver/postgresql-42.4.2.jar for tasks to queue
[2022-08-19 18:55:29,567] {logging_mixin.py:115} INFO - [2022-08-19 18:55:29,567] {dagbag.py:508} INFO - Filling up the DagBag from /opt/airflow/dags/jdbc_driver/postgresql-42.4.2.jar
[2022-08-19 18:55:29,580] {processor.py:653} WARNING - No viable dags retrieved from /opt/airflow/dags/jdbc_driver/postgresql-42.4.2.jar
[2022-08-19 18:55:29,595] {processor.py:161} INFO - Processing /opt/airflow/dags/jdbc_driver/postgresql-42.4.2.jar took 0.042 seconds
[2022-08-19 18:55:59,766] {processor.py:153} INFO - Started process (PID=23116) to work on /opt/airflow/dags/jdbc_driver/postgresql-42.4.2.jar
[2022-08-19 18:55:59,783] {processor.py:641} INFO - Processing file /opt/airflow/dags/jdbc_driver/postgresql-42.4.2.jar for tasks to queue
[2022-08-19 18:55:59,784] {logging_mixin.py:115} INFO - [2022-08-19 18:55:59,784] {dagbag.py:508} INFO - Filling up the DagBag from /opt/airflow/dags/jdbc_driver/postgresql-42.4.2.jar
[2022-08-19 18:55:59,796] {processor.py:653} WARNING - No viable dags retrieved from /opt/airflow/dags/jdbc_driver/postgresql-42.4.2.jar
[2022-08-19 18:55:59,812] {processor.py:161} INFO - Processing /opt/airflow/dags/jdbc_driver/postgresql-42.4.2.jar took 0.048 seconds
[2022-08-19 18:56:29,840] {processor.py:153} INFO - Started process (PID=23143) to work on /opt/airflow/dags/jdbc_driver/postgresql-42.4.2.jar
[2022-08-19 18:56:29,858] {processor.py:641} INFO - Processing file /opt/airflow/dags/jdbc_driver/postgresql-42.4.2.jar for tasks to queue
[2022-08-19 18:56:29,859] {logging_mixin.py:115} INFO - [2022-08-19 18:56:29,859] {dagbag.py:508} INFO - Filling up the DagBag from /opt/airflow/dags/jdbc_driver/postgresql-42.4.2.jar
[2022-08-19 18:56:29,873] {processor.py:653} WARNING - No viable dags retrieved from /opt/airflow/dags/jdbc_driver/postgresql-42.4.2.jar
[2022-08-19 18:56:29,887] {processor.py:161} INFO - Processing /opt/airflow/dags/jdbc_driver/postgresql-42.4.2.jar took 0.051 seconds
[2022-08-19 18:57:00,258] {processor.py:153} INFO - Started process (PID=23179) to work on /opt/airflow/dags/jdbc_driver/postgresql-42.4.2.jar
[2022-08-19 18:57:00,266] {processor.py:641} INFO - Processing file /opt/airflow/dags/jdbc_driver/postgresql-42.4.2.jar for tasks to queue
[2022-08-19 18:57:00,266] {logging_mixin.py:115} INFO - [2022-08-19 18:57:00,266] {dagbag.py:508} INFO - Filling up the DagBag from /opt/airflow/dags/jdbc_driver/postgresql-42.4.2.jar
[2022-08-19 18:57:00,275] {processor.py:653} WARNING - No viable dags retrieved from /opt/airflow/dags/jdbc_driver/postgresql-42.4.2.jar
[2022-08-19 18:57:00,288] {processor.py:161} INFO - Processing /opt/airflow/dags/jdbc_driver/postgresql-42.4.2.jar took 0.034 seconds
[2022-08-19 18:57:30,417] {processor.py:153} INFO - Started process (PID=23206) to work on /opt/airflow/dags/jdbc_driver/postgresql-42.4.2.jar
[2022-08-19 18:57:30,432] {processor.py:641} INFO - Processing file /opt/airflow/dags/jdbc_driver/postgresql-42.4.2.jar for tasks to queue
[2022-08-19 18:57:30,433] {logging_mixin.py:115} INFO - [2022-08-19 18:57:30,433] {dagbag.py:508} INFO - Filling up the DagBag from /opt/airflow/dags/jdbc_driver/postgresql-42.4.2.jar
[2022-08-19 18:57:30,442] {processor.py:653} WARNING - No viable dags retrieved from /opt/airflow/dags/jdbc_driver/postgresql-42.4.2.jar
[2022-08-19 18:57:30,454] {processor.py:161} INFO - Processing /opt/airflow/dags/jdbc_driver/postgresql-42.4.2.jar took 0.041 seconds
[2022-08-19 18:58:03,907] {processor.py:153} INFO - Started process (PID=23242) to work on /opt/airflow/dags/jdbc_driver/postgresql-42.4.2.jar
[2022-08-19 18:58:03,915] {processor.py:641} INFO - Processing file /opt/airflow/dags/jdbc_driver/postgresql-42.4.2.jar for tasks to queue
[2022-08-19 18:58:03,915] {logging_mixin.py:115} INFO - [2022-08-19 18:58:03,915] {dagbag.py:508} INFO - Filling up the DagBag from /opt/airflow/dags/jdbc_driver/postgresql-42.4.2.jar
[2022-08-19 18:58:03,926] {processor.py:653} WARNING - No viable dags retrieved from /opt/airflow/dags/jdbc_driver/postgresql-42.4.2.jar
[2022-08-19 18:58:03,939] {processor.py:161} INFO - Processing /opt/airflow/dags/jdbc_driver/postgresql-42.4.2.jar took 0.037 seconds
[2022-08-19 18:58:34,077] {processor.py:153} INFO - Started process (PID=23274) to work on /opt/airflow/dags/jdbc_driver/postgresql-42.4.2.jar
[2022-08-19 18:58:34,089] {processor.py:641} INFO - Processing file /opt/airflow/dags/jdbc_driver/postgresql-42.4.2.jar for tasks to queue
[2022-08-19 18:58:34,090] {logging_mixin.py:115} INFO - [2022-08-19 18:58:34,090] {dagbag.py:508} INFO - Filling up the DagBag from /opt/airflow/dags/jdbc_driver/postgresql-42.4.2.jar
[2022-08-19 18:58:34,103] {processor.py:653} WARNING - No viable dags retrieved from /opt/airflow/dags/jdbc_driver/postgresql-42.4.2.jar
[2022-08-19 18:58:34,118] {processor.py:161} INFO - Processing /opt/airflow/dags/jdbc_driver/postgresql-42.4.2.jar took 0.043 seconds
[2022-08-19 18:59:04,631] {processor.py:153} INFO - Started process (PID=23309) to work on /opt/airflow/dags/jdbc_driver/postgresql-42.4.2.jar
[2022-08-19 18:59:04,647] {processor.py:641} INFO - Processing file /opt/airflow/dags/jdbc_driver/postgresql-42.4.2.jar for tasks to queue
[2022-08-19 18:59:04,648] {logging_mixin.py:115} INFO - [2022-08-19 18:59:04,648] {dagbag.py:508} INFO - Filling up the DagBag from /opt/airflow/dags/jdbc_driver/postgresql-42.4.2.jar
[2022-08-19 18:59:04,658] {processor.py:653} WARNING - No viable dags retrieved from /opt/airflow/dags/jdbc_driver/postgresql-42.4.2.jar
[2022-08-19 18:59:04,673] {processor.py:161} INFO - Processing /opt/airflow/dags/jdbc_driver/postgresql-42.4.2.jar took 0.046 seconds
[2022-08-19 19:02:46,780] {processor.py:153} INFO - Started process (PID=58) to work on /opt/airflow/dags/jdbc_driver/postgresql-42.4.2.jar
[2022-08-19 19:02:46,827] {processor.py:641} INFO - Processing file /opt/airflow/dags/jdbc_driver/postgresql-42.4.2.jar for tasks to queue
[2022-08-19 19:02:46,827] {logging_mixin.py:115} INFO - [2022-08-19 19:02:46,827] {dagbag.py:508} INFO - Filling up the DagBag from /opt/airflow/dags/jdbc_driver/postgresql-42.4.2.jar
[2022-08-19 19:02:46,834] {processor.py:653} WARNING - No viable dags retrieved from /opt/airflow/dags/jdbc_driver/postgresql-42.4.2.jar
[2022-08-19 19:02:46,849] {processor.py:161} INFO - Processing /opt/airflow/dags/jdbc_driver/postgresql-42.4.2.jar took 0.163 seconds
[2022-08-19 19:03:23,164] {processor.py:153} INFO - Started process (PID=93) to work on /opt/airflow/dags/jdbc_driver/postgresql-42.4.2.jar
[2022-08-19 19:03:23,210] {processor.py:641} INFO - Processing file /opt/airflow/dags/jdbc_driver/postgresql-42.4.2.jar for tasks to queue
[2022-08-19 19:03:23,211] {logging_mixin.py:115} INFO - [2022-08-19 19:03:23,211] {dagbag.py:508} INFO - Filling up the DagBag from /opt/airflow/dags/jdbc_driver/postgresql-42.4.2.jar
[2022-08-19 19:03:23,227] {processor.py:653} WARNING - No viable dags retrieved from /opt/airflow/dags/jdbc_driver/postgresql-42.4.2.jar
[2022-08-19 19:03:23,243] {processor.py:161} INFO - Processing /opt/airflow/dags/jdbc_driver/postgresql-42.4.2.jar took 0.191 seconds
[2022-08-19 19:03:59,329] {processor.py:153} INFO - Started process (PID=128) to work on /opt/airflow/dags/jdbc_driver/postgresql-42.4.2.jar
[2022-08-19 19:03:59,368] {processor.py:641} INFO - Processing file /opt/airflow/dags/jdbc_driver/postgresql-42.4.2.jar for tasks to queue
[2022-08-19 19:03:59,369] {logging_mixin.py:115} INFO - [2022-08-19 19:03:59,369] {dagbag.py:508} INFO - Filling up the DagBag from /opt/airflow/dags/jdbc_driver/postgresql-42.4.2.jar
[2022-08-19 19:03:59,378] {processor.py:653} WARNING - No viable dags retrieved from /opt/airflow/dags/jdbc_driver/postgresql-42.4.2.jar
[2022-08-19 19:03:59,393] {processor.py:161} INFO - Processing /opt/airflow/dags/jdbc_driver/postgresql-42.4.2.jar took 0.066 seconds
[2022-08-19 19:04:29,482] {processor.py:153} INFO - Started process (PID=161) to work on /opt/airflow/dags/jdbc_driver/postgresql-42.4.2.jar
[2022-08-19 19:04:29,492] {processor.py:641} INFO - Processing file /opt/airflow/dags/jdbc_driver/postgresql-42.4.2.jar for tasks to queue
[2022-08-19 19:04:29,493] {logging_mixin.py:115} INFO - [2022-08-19 19:04:29,493] {dagbag.py:508} INFO - Filling up the DagBag from /opt/airflow/dags/jdbc_driver/postgresql-42.4.2.jar
[2022-08-19 19:04:29,499] {processor.py:653} WARNING - No viable dags retrieved from /opt/airflow/dags/jdbc_driver/postgresql-42.4.2.jar
[2022-08-19 19:04:29,517] {processor.py:161} INFO - Processing /opt/airflow/dags/jdbc_driver/postgresql-42.4.2.jar took 0.038 seconds
[2022-08-19 19:05:00,221] {processor.py:153} INFO - Started process (PID=200) to work on /opt/airflow/dags/jdbc_driver/postgresql-42.4.2.jar
[2022-08-19 19:05:00,233] {processor.py:641} INFO - Processing file /opt/airflow/dags/jdbc_driver/postgresql-42.4.2.jar for tasks to queue
[2022-08-19 19:05:00,234] {logging_mixin.py:115} INFO - [2022-08-19 19:05:00,234] {dagbag.py:508} INFO - Filling up the DagBag from /opt/airflow/dags/jdbc_driver/postgresql-42.4.2.jar
[2022-08-19 19:05:00,246] {processor.py:653} WARNING - No viable dags retrieved from /opt/airflow/dags/jdbc_driver/postgresql-42.4.2.jar
[2022-08-19 19:05:00,261] {processor.py:161} INFO - Processing /opt/airflow/dags/jdbc_driver/postgresql-42.4.2.jar took 0.044 seconds
[2022-08-19 19:05:30,642] {processor.py:153} INFO - Started process (PID=230) to work on /opt/airflow/dags/jdbc_driver/postgresql-42.4.2.jar
[2022-08-19 19:05:30,643] {processor.py:641} INFO - Processing file /opt/airflow/dags/jdbc_driver/postgresql-42.4.2.jar for tasks to queue
[2022-08-19 19:05:30,644] {logging_mixin.py:115} INFO - [2022-08-19 19:05:30,644] {dagbag.py:508} INFO - Filling up the DagBag from /opt/airflow/dags/jdbc_driver/postgresql-42.4.2.jar
[2022-08-19 19:05:30,654] {processor.py:653} WARNING - No viable dags retrieved from /opt/airflow/dags/jdbc_driver/postgresql-42.4.2.jar
[2022-08-19 19:05:30,671] {processor.py:161} INFO - Processing /opt/airflow/dags/jdbc_driver/postgresql-42.4.2.jar took 0.032 seconds
[2022-08-19 19:06:01,026] {processor.py:153} INFO - Started process (PID=265) to work on /opt/airflow/dags/jdbc_driver/postgresql-42.4.2.jar
[2022-08-19 19:06:01,035] {processor.py:641} INFO - Processing file /opt/airflow/dags/jdbc_driver/postgresql-42.4.2.jar for tasks to queue
[2022-08-19 19:06:01,035] {logging_mixin.py:115} INFO - [2022-08-19 19:06:01,035] {dagbag.py:508} INFO - Filling up the DagBag from /opt/airflow/dags/jdbc_driver/postgresql-42.4.2.jar
[2022-08-19 19:06:01,042] {processor.py:653} WARNING - No viable dags retrieved from /opt/airflow/dags/jdbc_driver/postgresql-42.4.2.jar
[2022-08-19 19:06:01,056] {processor.py:161} INFO - Processing /opt/airflow/dags/jdbc_driver/postgresql-42.4.2.jar took 0.035 seconds
[2022-08-19 19:06:31,179] {processor.py:153} INFO - Started process (PID=291) to work on /opt/airflow/dags/jdbc_driver/postgresql-42.4.2.jar
[2022-08-19 19:06:31,180] {processor.py:641} INFO - Processing file /opt/airflow/dags/jdbc_driver/postgresql-42.4.2.jar for tasks to queue
[2022-08-19 19:06:31,180] {logging_mixin.py:115} INFO - [2022-08-19 19:06:31,180] {dagbag.py:508} INFO - Filling up the DagBag from /opt/airflow/dags/jdbc_driver/postgresql-42.4.2.jar
[2022-08-19 19:06:31,187] {processor.py:653} WARNING - No viable dags retrieved from /opt/airflow/dags/jdbc_driver/postgresql-42.4.2.jar
[2022-08-19 19:06:31,201] {processor.py:161} INFO - Processing /opt/airflow/dags/jdbc_driver/postgresql-42.4.2.jar took 0.025 seconds
[2022-08-19 19:07:01,647] {processor.py:153} INFO - Started process (PID=326) to work on /opt/airflow/dags/jdbc_driver/postgresql-42.4.2.jar
[2022-08-19 19:07:01,647] {processor.py:641} INFO - Processing file /opt/airflow/dags/jdbc_driver/postgresql-42.4.2.jar for tasks to queue
[2022-08-19 19:07:01,648] {logging_mixin.py:115} INFO - [2022-08-19 19:07:01,648] {dagbag.py:508} INFO - Filling up the DagBag from /opt/airflow/dags/jdbc_driver/postgresql-42.4.2.jar
[2022-08-19 19:07:01,655] {processor.py:653} WARNING - No viable dags retrieved from /opt/airflow/dags/jdbc_driver/postgresql-42.4.2.jar
[2022-08-19 19:07:01,671] {processor.py:161} INFO - Processing /opt/airflow/dags/jdbc_driver/postgresql-42.4.2.jar took 0.028 seconds
[2022-08-19 19:07:32,039] {processor.py:153} INFO - Started process (PID=359) to work on /opt/airflow/dags/jdbc_driver/postgresql-42.4.2.jar
[2022-08-19 19:07:32,039] {processor.py:641} INFO - Processing file /opt/airflow/dags/jdbc_driver/postgresql-42.4.2.jar for tasks to queue
[2022-08-19 19:07:32,040] {logging_mixin.py:115} INFO - [2022-08-19 19:07:32,040] {dagbag.py:508} INFO - Filling up the DagBag from /opt/airflow/dags/jdbc_driver/postgresql-42.4.2.jar
[2022-08-19 19:07:32,050] {processor.py:653} WARNING - No viable dags retrieved from /opt/airflow/dags/jdbc_driver/postgresql-42.4.2.jar
[2022-08-19 19:07:32,067] {processor.py:161} INFO - Processing /opt/airflow/dags/jdbc_driver/postgresql-42.4.2.jar took 0.033 seconds
[2022-08-19 19:08:02,517] {processor.py:153} INFO - Started process (PID=385) to work on /opt/airflow/dags/jdbc_driver/postgresql-42.4.2.jar
[2022-08-19 19:08:02,534] {processor.py:641} INFO - Processing file /opt/airflow/dags/jdbc_driver/postgresql-42.4.2.jar for tasks to queue
[2022-08-19 19:08:02,534] {logging_mixin.py:115} INFO - [2022-08-19 19:08:02,534] {dagbag.py:508} INFO - Filling up the DagBag from /opt/airflow/dags/jdbc_driver/postgresql-42.4.2.jar
[2022-08-19 19:08:02,548] {processor.py:653} WARNING - No viable dags retrieved from /opt/airflow/dags/jdbc_driver/postgresql-42.4.2.jar
[2022-08-19 19:08:02,564] {processor.py:161} INFO - Processing /opt/airflow/dags/jdbc_driver/postgresql-42.4.2.jar took 0.051 seconds
[2022-08-19 19:08:32,924] {processor.py:153} INFO - Started process (PID=419) to work on /opt/airflow/dags/jdbc_driver/postgresql-42.4.2.jar
[2022-08-19 19:08:32,925] {processor.py:641} INFO - Processing file /opt/airflow/dags/jdbc_driver/postgresql-42.4.2.jar for tasks to queue
[2022-08-19 19:08:32,926] {logging_mixin.py:115} INFO - [2022-08-19 19:08:32,925] {dagbag.py:508} INFO - Filling up the DagBag from /opt/airflow/dags/jdbc_driver/postgresql-42.4.2.jar
[2022-08-19 19:08:32,934] {processor.py:653} WARNING - No viable dags retrieved from /opt/airflow/dags/jdbc_driver/postgresql-42.4.2.jar
[2022-08-19 19:08:32,947] {processor.py:161} INFO - Processing /opt/airflow/dags/jdbc_driver/postgresql-42.4.2.jar took 0.027 seconds
[2022-08-19 19:09:03,305] {processor.py:153} INFO - Started process (PID=453) to work on /opt/airflow/dags/jdbc_driver/postgresql-42.4.2.jar
[2022-08-19 19:09:03,306] {processor.py:641} INFO - Processing file /opt/airflow/dags/jdbc_driver/postgresql-42.4.2.jar for tasks to queue
[2022-08-19 19:09:03,306] {logging_mixin.py:115} INFO - [2022-08-19 19:09:03,306] {dagbag.py:508} INFO - Filling up the DagBag from /opt/airflow/dags/jdbc_driver/postgresql-42.4.2.jar
[2022-08-19 19:09:03,317] {processor.py:653} WARNING - No viable dags retrieved from /opt/airflow/dags/jdbc_driver/postgresql-42.4.2.jar
[2022-08-19 19:09:03,334] {processor.py:161} INFO - Processing /opt/airflow/dags/jdbc_driver/postgresql-42.4.2.jar took 0.033 seconds
[2022-08-19 19:09:33,711] {processor.py:153} INFO - Started process (PID=479) to work on /opt/airflow/dags/jdbc_driver/postgresql-42.4.2.jar
[2022-08-19 19:09:33,712] {processor.py:641} INFO - Processing file /opt/airflow/dags/jdbc_driver/postgresql-42.4.2.jar for tasks to queue
[2022-08-19 19:09:33,712] {logging_mixin.py:115} INFO - [2022-08-19 19:09:33,712] {dagbag.py:508} INFO - Filling up the DagBag from /opt/airflow/dags/jdbc_driver/postgresql-42.4.2.jar
[2022-08-19 19:09:33,718] {processor.py:653} WARNING - No viable dags retrieved from /opt/airflow/dags/jdbc_driver/postgresql-42.4.2.jar
[2022-08-19 19:09:33,736] {processor.py:161} INFO - Processing /opt/airflow/dags/jdbc_driver/postgresql-42.4.2.jar took 0.029 seconds
[2022-08-19 19:10:04,107] {processor.py:153} INFO - Started process (PID=514) to work on /opt/airflow/dags/jdbc_driver/postgresql-42.4.2.jar
[2022-08-19 19:10:04,108] {processor.py:641} INFO - Processing file /opt/airflow/dags/jdbc_driver/postgresql-42.4.2.jar for tasks to queue
[2022-08-19 19:10:04,108] {logging_mixin.py:115} INFO - [2022-08-19 19:10:04,108] {dagbag.py:508} INFO - Filling up the DagBag from /opt/airflow/dags/jdbc_driver/postgresql-42.4.2.jar
[2022-08-19 19:10:04,115] {processor.py:653} WARNING - No viable dags retrieved from /opt/airflow/dags/jdbc_driver/postgresql-42.4.2.jar
[2022-08-19 19:10:04,124] {processor.py:161} INFO - Processing /opt/airflow/dags/jdbc_driver/postgresql-42.4.2.jar took 0.022 seconds
[2022-08-19 19:42:53,718] {processor.py:153} INFO - Started process (PID=57) to work on /opt/airflow/dags/jdbc_driver/postgresql-42.4.2.jar
[2022-08-19 19:42:53,892] {processor.py:641} INFO - Processing file /opt/airflow/dags/jdbc_driver/postgresql-42.4.2.jar for tasks to queue
[2022-08-19 19:42:54,021] {logging_mixin.py:115} INFO - [2022-08-19 19:42:54,021] {dagbag.py:508} INFO - Filling up the DagBag from /opt/airflow/dags/jdbc_driver/postgresql-42.4.2.jar
[2022-08-19 19:42:54,048] {processor.py:653} WARNING - No viable dags retrieved from /opt/airflow/dags/jdbc_driver/postgresql-42.4.2.jar
[2022-08-19 19:42:54,058] {processor.py:161} INFO - Processing /opt/airflow/dags/jdbc_driver/postgresql-42.4.2.jar took 0.345 seconds
[2022-08-19 19:43:29,960] {processor.py:153} INFO - Started process (PID=91) to work on /opt/airflow/dags/jdbc_driver/postgresql-42.4.2.jar
[2022-08-19 19:43:30,100] {processor.py:641} INFO - Processing file /opt/airflow/dags/jdbc_driver/postgresql-42.4.2.jar for tasks to queue
[2022-08-19 19:43:30,101] {logging_mixin.py:115} INFO - [2022-08-19 19:43:30,101] {dagbag.py:508} INFO - Filling up the DagBag from /opt/airflow/dags/jdbc_driver/postgresql-42.4.2.jar
[2022-08-19 19:43:30,110] {processor.py:653} WARNING - No viable dags retrieved from /opt/airflow/dags/jdbc_driver/postgresql-42.4.2.jar
[2022-08-19 19:43:30,125] {processor.py:161} INFO - Processing /opt/airflow/dags/jdbc_driver/postgresql-42.4.2.jar took 0.256 seconds
[2022-08-19 19:44:00,208] {processor.py:153} INFO - Started process (PID=123) to work on /opt/airflow/dags/jdbc_driver/postgresql-42.4.2.jar
[2022-08-19 19:44:00,233] {processor.py:641} INFO - Processing file /opt/airflow/dags/jdbc_driver/postgresql-42.4.2.jar for tasks to queue
[2022-08-19 19:44:00,234] {logging_mixin.py:115} INFO - [2022-08-19 19:44:00,233] {dagbag.py:508} INFO - Filling up the DagBag from /opt/airflow/dags/jdbc_driver/postgresql-42.4.2.jar
[2022-08-19 19:44:00,248] {processor.py:653} WARNING - No viable dags retrieved from /opt/airflow/dags/jdbc_driver/postgresql-42.4.2.jar
[2022-08-19 19:44:00,264] {processor.py:161} INFO - Processing /opt/airflow/dags/jdbc_driver/postgresql-42.4.2.jar took 0.060 seconds
[2022-08-19 19:44:30,295] {processor.py:153} INFO - Started process (PID=147) to work on /opt/airflow/dags/jdbc_driver/postgresql-42.4.2.jar
[2022-08-19 19:44:30,308] {processor.py:641} INFO - Processing file /opt/airflow/dags/jdbc_driver/postgresql-42.4.2.jar for tasks to queue
[2022-08-19 19:44:30,308] {logging_mixin.py:115} INFO - [2022-08-19 19:44:30,308] {dagbag.py:508} INFO - Filling up the DagBag from /opt/airflow/dags/jdbc_driver/postgresql-42.4.2.jar
[2022-08-19 19:44:30,321] {processor.py:653} WARNING - No viable dags retrieved from /opt/airflow/dags/jdbc_driver/postgresql-42.4.2.jar
[2022-08-19 19:44:30,336] {processor.py:161} INFO - Processing /opt/airflow/dags/jdbc_driver/postgresql-42.4.2.jar took 0.045 seconds
[2022-08-19 19:45:00,433] {processor.py:153} INFO - Started process (PID=179) to work on /opt/airflow/dags/jdbc_driver/postgresql-42.4.2.jar
[2022-08-19 19:45:00,490] {processor.py:641} INFO - Processing file /opt/airflow/dags/jdbc_driver/postgresql-42.4.2.jar for tasks to queue
[2022-08-19 19:45:00,491] {logging_mixin.py:115} INFO - [2022-08-19 19:45:00,491] {dagbag.py:508} INFO - Filling up the DagBag from /opt/airflow/dags/jdbc_driver/postgresql-42.4.2.jar
[2022-08-19 19:45:00,500] {processor.py:653} WARNING - No viable dags retrieved from /opt/airflow/dags/jdbc_driver/postgresql-42.4.2.jar
[2022-08-19 19:45:00,514] {processor.py:161} INFO - Processing /opt/airflow/dags/jdbc_driver/postgresql-42.4.2.jar took 0.086 seconds
[2022-08-19 19:45:30,985] {processor.py:153} INFO - Started process (PID=205) to work on /opt/airflow/dags/jdbc_driver/postgresql-42.4.2.jar
[2022-08-19 19:45:30,998] {processor.py:641} INFO - Processing file /opt/airflow/dags/jdbc_driver/postgresql-42.4.2.jar for tasks to queue
[2022-08-19 19:45:30,999] {logging_mixin.py:115} INFO - [2022-08-19 19:45:30,999] {dagbag.py:508} INFO - Filling up the DagBag from /opt/airflow/dags/jdbc_driver/postgresql-42.4.2.jar
[2022-08-19 19:45:31,008] {processor.py:653} WARNING - No viable dags retrieved from /opt/airflow/dags/jdbc_driver/postgresql-42.4.2.jar
[2022-08-19 19:45:31,021] {processor.py:161} INFO - Processing /opt/airflow/dags/jdbc_driver/postgresql-42.4.2.jar took 0.039 seconds
[2022-08-19 19:46:01,082] {processor.py:153} INFO - Started process (PID=238) to work on /opt/airflow/dags/jdbc_driver/postgresql-42.4.2.jar
[2022-08-19 19:46:01,098] {processor.py:641} INFO - Processing file /opt/airflow/dags/jdbc_driver/postgresql-42.4.2.jar for tasks to queue
[2022-08-19 19:46:01,099] {logging_mixin.py:115} INFO - [2022-08-19 19:46:01,099] {dagbag.py:508} INFO - Filling up the DagBag from /opt/airflow/dags/jdbc_driver/postgresql-42.4.2.jar
[2022-08-19 19:46:01,114] {processor.py:653} WARNING - No viable dags retrieved from /opt/airflow/dags/jdbc_driver/postgresql-42.4.2.jar
[2022-08-19 19:46:01,127] {processor.py:161} INFO - Processing /opt/airflow/dags/jdbc_driver/postgresql-42.4.2.jar took 0.048 seconds
[2022-08-19 19:46:31,570] {processor.py:153} INFO - Started process (PID=263) to work on /opt/airflow/dags/jdbc_driver/postgresql-42.4.2.jar
[2022-08-19 19:46:31,590] {processor.py:641} INFO - Processing file /opt/airflow/dags/jdbc_driver/postgresql-42.4.2.jar for tasks to queue
[2022-08-19 19:46:31,590] {logging_mixin.py:115} INFO - [2022-08-19 19:46:31,590] {dagbag.py:508} INFO - Filling up the DagBag from /opt/airflow/dags/jdbc_driver/postgresql-42.4.2.jar
[2022-08-19 19:46:31,599] {processor.py:653} WARNING - No viable dags retrieved from /opt/airflow/dags/jdbc_driver/postgresql-42.4.2.jar
[2022-08-19 19:46:31,616] {processor.py:161} INFO - Processing /opt/airflow/dags/jdbc_driver/postgresql-42.4.2.jar took 0.050 seconds
[2022-08-19 19:47:05,649] {processor.py:153} INFO - Started process (PID=298) to work on /opt/airflow/dags/jdbc_driver/postgresql-42.4.2.jar
[2022-08-19 19:47:05,681] {processor.py:641} INFO - Processing file /opt/airflow/dags/jdbc_driver/postgresql-42.4.2.jar for tasks to queue
[2022-08-19 19:47:05,682] {logging_mixin.py:115} INFO - [2022-08-19 19:47:05,681] {dagbag.py:508} INFO - Filling up the DagBag from /opt/airflow/dags/jdbc_driver/postgresql-42.4.2.jar
[2022-08-19 19:47:05,698] {processor.py:653} WARNING - No viable dags retrieved from /opt/airflow/dags/jdbc_driver/postgresql-42.4.2.jar
[2022-08-19 19:47:05,773] {processor.py:161} INFO - Processing /opt/airflow/dags/jdbc_driver/postgresql-42.4.2.jar took 0.128 seconds
[2022-08-19 19:47:41,794] {processor.py:153} INFO - Started process (PID=331) to work on /opt/airflow/dags/jdbc_driver/postgresql-42.4.2.jar
[2022-08-19 19:47:42,038] {processor.py:641} INFO - Processing file /opt/airflow/dags/jdbc_driver/postgresql-42.4.2.jar for tasks to queue
[2022-08-19 19:47:42,039] {logging_mixin.py:115} INFO - [2022-08-19 19:47:42,039] {dagbag.py:508} INFO - Filling up the DagBag from /opt/airflow/dags/jdbc_driver/postgresql-42.4.2.jar
[2022-08-19 19:47:42,045] {processor.py:653} WARNING - No viable dags retrieved from /opt/airflow/dags/jdbc_driver/postgresql-42.4.2.jar
[2022-08-19 19:47:42,063] {processor.py:161} INFO - Processing /opt/airflow/dags/jdbc_driver/postgresql-42.4.2.jar took 0.273 seconds
