[2022-08-19 18:19:47,997] {taskinstance.py:1179} INFO - Dependencies all met for <TaskInstance: Satellite_Data.using_pyspark_to_analyze_streaming_data manual__2022-08-19T18:19:26.975904+00:00 [queued]>
[2022-08-19 18:19:48,014] {taskinstance.py:1179} INFO - Dependencies all met for <TaskInstance: Satellite_Data.using_pyspark_to_analyze_streaming_data manual__2022-08-19T18:19:26.975904+00:00 [queued]>
[2022-08-19 18:19:48,014] {taskinstance.py:1376} INFO - 
--------------------------------------------------------------------------------
[2022-08-19 18:19:48,014] {taskinstance.py:1377} INFO - Starting attempt 1 of 2
[2022-08-19 18:19:48,015] {taskinstance.py:1378} INFO - 
--------------------------------------------------------------------------------
[2022-08-19 18:19:48,045] {taskinstance.py:1397} INFO - Executing <Task(PythonOperator): using_pyspark_to_analyze_streaming_data> on 2022-08-19 18:19:26.975904+00:00
[2022-08-19 18:19:48,055] {standard_task_runner.py:52} INFO - Started process 854 to run task
[2022-08-19 18:19:48,059] {standard_task_runner.py:79} INFO - Running: ['***', 'tasks', 'run', 'Satellite_Data', 'using_pyspark_to_analyze_streaming_data', 'manual__2022-08-19T18:19:26.975904+00:00', '--job-id', '128', '--raw', '--subdir', 'DAGS_FOLDER/data_loader.py', '--cfg-path', '/tmp/tmpgqupg3mx', '--error-file', '/tmp/tmp_j15t1n4']
[2022-08-19 18:19:48,060] {standard_task_runner.py:80} INFO - Job 128: Subtask using_pyspark_to_analyze_streaming_data
[2022-08-19 18:19:48,481] {task_command.py:371} INFO - Running <TaskInstance: Satellite_Data.using_pyspark_to_analyze_streaming_data manual__2022-08-19T18:19:26.975904+00:00 [running]> on host 3a5c2d0be6af
[2022-08-19 18:19:48,924] {taskinstance.py:1591} INFO - Exporting the following env vars:
AIRFLOW_CTX_DAG_OWNER=***
AIRFLOW_CTX_DAG_ID=Satellite_Data
AIRFLOW_CTX_TASK_ID=using_pyspark_to_analyze_streaming_data
AIRFLOW_CTX_EXECUTION_DATE=2022-08-19T18:19:26.975904+00:00
AIRFLOW_CTX_TRY_NUMBER=1
AIRFLOW_CTX_DAG_RUN_ID=manual__2022-08-19T18:19:26.975904+00:00
[2022-08-19 18:19:49,155] {taskinstance.py:1909} ERROR - Task failed with exception
Traceback (most recent call last):
  File "/home/airflow/.local/lib/python3.7/site-packages/airflow/operators/python.py", line 171, in execute
    return_value = self.execute_callable()
  File "/home/airflow/.local/lib/python3.7/site-packages/airflow/operators/python.py", line 189, in execute_callable
    return self.python_callable(*self.op_args, **self.op_kwargs)
  File "/opt/airflow/dags/Streaming/read_data.py", line 19, in consume_streaming_data
    .config(conf=conf) \
  File "/home/airflow/.local/lib/python3.7/site-packages/pyspark/sql/session.py", line 269, in getOrCreate
    sc = SparkContext.getOrCreate(sparkConf)
  File "/home/airflow/.local/lib/python3.7/site-packages/pyspark/context.py", line 483, in getOrCreate
    SparkContext(conf=conf or SparkConf())
  File "/home/airflow/.local/lib/python3.7/site-packages/pyspark/context.py", line 195, in __init__
    SparkContext._ensure_initialized(self, gateway=gateway, conf=conf)
  File "/home/airflow/.local/lib/python3.7/site-packages/pyspark/context.py", line 417, in _ensure_initialized
    SparkContext._gateway = gateway or launch_gateway(conf)
  File "/home/airflow/.local/lib/python3.7/site-packages/pyspark/java_gateway.py", line 106, in launch_gateway
    raise RuntimeError("Java gateway process exited before sending its port number")
RuntimeError: Java gateway process exited before sending its port number
[2022-08-19 18:19:49,167] {taskinstance.py:1420} INFO - Marking task as UP_FOR_RETRY. dag_id=Satellite_Data, task_id=using_pyspark_to_analyze_streaming_data, execution_date=20220819T181926, start_date=20220819T181947, end_date=20220819T181949
[2022-08-19 18:19:49,250] {standard_task_runner.py:97} ERROR - Failed to execute job 128 for task using_pyspark_to_analyze_streaming_data (Java gateway process exited before sending its port number; 854)
[2022-08-19 18:19:49,274] {local_task_job.py:156} INFO - Task exited with return code 1
[2022-08-19 18:19:49,337] {local_task_job.py:273} INFO - 0 downstream tasks scheduled from follow-on schedule check
