[2022-08-28 18:06:40,127] {taskinstance.py:1179} INFO - Dependencies all met for <TaskInstance: Satellite_Data.load_into_json manual__2022-08-28T18:06:34.164327+00:00 [queued]>
[2022-08-28 18:06:40,145] {taskinstance.py:1179} INFO - Dependencies all met for <TaskInstance: Satellite_Data.load_into_json manual__2022-08-28T18:06:34.164327+00:00 [queued]>
[2022-08-28 18:06:40,145] {taskinstance.py:1376} INFO - 
--------------------------------------------------------------------------------
[2022-08-28 18:06:40,145] {taskinstance.py:1377} INFO - Starting attempt 1 of 2
[2022-08-28 18:06:40,145] {taskinstance.py:1378} INFO - 
--------------------------------------------------------------------------------
[2022-08-28 18:06:40,195] {taskinstance.py:1397} INFO - Executing <Task(BashOperator): load_into_json> on 2022-08-28 18:06:34.164327+00:00
[2022-08-28 18:06:40,203] {standard_task_runner.py:52} INFO - Started process 2523 to run task
[2022-08-28 18:06:40,206] {standard_task_runner.py:79} INFO - Running: ['***', 'tasks', 'run', 'Satellite_Data', 'load_into_json', 'manual__2022-08-28T18:06:34.164327+00:00', '--job-id', '188', '--raw', '--subdir', 'DAGS_FOLDER/data_loader.py', '--cfg-path', '/tmp/tmp9wqpcsrw', '--error-file', '/tmp/tmpr6qk1phb']
[2022-08-28 18:06:40,207] {standard_task_runner.py:80} INFO - Job 188: Subtask load_into_json
[2022-08-28 18:06:40,430] {task_command.py:371} INFO - Running <TaskInstance: Satellite_Data.load_into_json manual__2022-08-28T18:06:34.164327+00:00 [running]> on host b42bb8df931d
[2022-08-28 18:06:40,889] {taskinstance.py:1591} INFO - Exporting the following env vars:
AIRFLOW_CTX_DAG_OWNER=***
AIRFLOW_CTX_DAG_ID=Satellite_Data
AIRFLOW_CTX_TASK_ID=load_into_json
AIRFLOW_CTX_EXECUTION_DATE=2022-08-28T18:06:34.164327+00:00
AIRFLOW_CTX_TRY_NUMBER=1
AIRFLOW_CTX_DAG_RUN_ID=manual__2022-08-28T18:06:34.164327+00:00
[2022-08-28 18:06:40,890] {subprocess.py:62} INFO - Tmp dir root location: 
 /tmp
[2022-08-28 18:06:40,900] {subprocess.py:74} INFO - Running command: ['bash', '-c', 'python3 /opt/***/dags/satelliteTrack.py']
[2022-08-28 18:06:41,692] {subprocess.py:85} INFO - Output:
[2022-08-28 18:06:45,629] {subprocess.py:96} INFO - Command exited with return code 0
[2022-08-28 18:06:45,749] {taskinstance.py:1420} INFO - Marking task as SUCCESS. dag_id=Satellite_Data, task_id=load_into_json, execution_date=20220828T180634, start_date=20220828T180640, end_date=20220828T180645
[2022-08-28 18:06:45,876] {local_task_job.py:156} INFO - Task exited with return code 0
[2022-08-28 18:06:45,962] {local_task_job.py:273} INFO - 1 downstream tasks scheduled from follow-on schedule check
