[2022-08-18 01:19:55,015] {processor.py:153} INFO - Started process (PID=62) to work on /home/airflow/.local/lib/python3.7/site-packages/airflow/example_dags/example_branch_labels.py
[2022-08-18 01:19:55,016] {processor.py:641} INFO - Processing file /home/airflow/.local/lib/python3.7/site-packages/airflow/example_dags/example_branch_labels.py for tasks to queue
[2022-08-18 01:19:55,016] {logging_mixin.py:115} INFO - [2022-08-18 01:19:55,016] {dagbag.py:508} INFO - Filling up the DagBag from /home/airflow/.local/lib/python3.7/site-packages/airflow/example_dags/example_branch_labels.py
[2022-08-18 01:19:55,023] {processor.py:651} INFO - DAG(s) dict_keys(['example_branch_labels']) retrieved from /home/airflow/.local/lib/python3.7/site-packages/airflow/example_dags/example_branch_labels.py
[2022-08-18 01:19:55,151] {logging_mixin.py:115} INFO - [2022-08-18 01:19:55,151] {manager.py:508} INFO - Created Permission View: can edit on DAG:example_branch_labels
[2022-08-18 01:19:55,168] {logging_mixin.py:115} INFO - [2022-08-18 01:19:55,168] {manager.py:508} INFO - Created Permission View: can read on DAG:example_branch_labels
[2022-08-18 01:19:55,185] {logging_mixin.py:115} INFO - [2022-08-18 01:19:55,185] {manager.py:508} INFO - Created Permission View: can delete on DAG:example_branch_labels
[2022-08-18 01:19:55,185] {logging_mixin.py:115} INFO - [2022-08-18 01:19:55,185] {dag.py:2420} INFO - Sync 1 DAGs
[2022-08-18 01:19:55,196] {logging_mixin.py:115} INFO - [2022-08-18 01:19:55,196] {dag.py:2439} INFO - Creating ORM DAG for example_branch_labels
[2022-08-18 01:19:55,212] {logging_mixin.py:115} INFO - [2022-08-18 01:19:55,212] {dag.py:2972} INFO - Setting next_dagrun for example_branch_labels to 2022-08-17T00:00:00+00:00, run_after=2022-08-18T00:00:00+00:00
[2022-08-18 01:19:55,233] {processor.py:161} INFO - Processing /home/airflow/.local/lib/python3.7/site-packages/airflow/example_dags/example_branch_labels.py took 0.219 seconds
[2022-08-18 01:20:26,119] {processor.py:153} INFO - Started process (PID=124) to work on /home/airflow/.local/lib/python3.7/site-packages/airflow/example_dags/example_branch_labels.py
[2022-08-18 01:20:26,128] {processor.py:641} INFO - Processing file /home/airflow/.local/lib/python3.7/site-packages/airflow/example_dags/example_branch_labels.py for tasks to queue
[2022-08-18 01:20:26,129] {logging_mixin.py:115} INFO - [2022-08-18 01:20:26,129] {dagbag.py:508} INFO - Filling up the DagBag from /home/airflow/.local/lib/python3.7/site-packages/airflow/example_dags/example_branch_labels.py
[2022-08-18 01:20:26,141] {processor.py:651} INFO - DAG(s) dict_keys(['example_branch_labels']) retrieved from /home/airflow/.local/lib/python3.7/site-packages/airflow/example_dags/example_branch_labels.py
[2022-08-18 01:20:26,168] {logging_mixin.py:115} INFO - [2022-08-18 01:20:26,168] {dag.py:2420} INFO - Sync 1 DAGs
[2022-08-18 01:20:26,191] {logging_mixin.py:115} INFO - [2022-08-18 01:20:26,191] {dag.py:2972} INFO - Setting next_dagrun for example_branch_labels to 2022-08-17T00:00:00+00:00, run_after=2022-08-18T00:00:00+00:00
[2022-08-18 01:20:26,216] {processor.py:161} INFO - Processing /home/airflow/.local/lib/python3.7/site-packages/airflow/example_dags/example_branch_labels.py took 0.099 seconds
[2022-08-18 01:20:56,354] {processor.py:153} INFO - Started process (PID=176) to work on /home/airflow/.local/lib/python3.7/site-packages/airflow/example_dags/example_branch_labels.py
[2022-08-18 01:20:56,354] {processor.py:641} INFO - Processing file /home/airflow/.local/lib/python3.7/site-packages/airflow/example_dags/example_branch_labels.py for tasks to queue
[2022-08-18 01:20:56,355] {logging_mixin.py:115} INFO - [2022-08-18 01:20:56,355] {dagbag.py:508} INFO - Filling up the DagBag from /home/airflow/.local/lib/python3.7/site-packages/airflow/example_dags/example_branch_labels.py
[2022-08-18 01:20:56,365] {processor.py:651} INFO - DAG(s) dict_keys(['example_branch_labels']) retrieved from /home/airflow/.local/lib/python3.7/site-packages/airflow/example_dags/example_branch_labels.py
[2022-08-18 01:20:56,393] {logging_mixin.py:115} INFO - [2022-08-18 01:20:56,393] {dag.py:2420} INFO - Sync 1 DAGs
[2022-08-18 01:20:56,418] {logging_mixin.py:115} INFO - [2022-08-18 01:20:56,417] {dag.py:2972} INFO - Setting next_dagrun for example_branch_labels to 2022-08-17T00:00:00+00:00, run_after=2022-08-18T00:00:00+00:00
[2022-08-18 01:20:56,474] {processor.py:161} INFO - Processing /home/airflow/.local/lib/python3.7/site-packages/airflow/example_dags/example_branch_labels.py took 0.125 seconds
[2022-08-18 01:21:26,669] {processor.py:153} INFO - Started process (PID=237) to work on /home/airflow/.local/lib/python3.7/site-packages/airflow/example_dags/example_branch_labels.py
[2022-08-18 01:21:26,669] {processor.py:641} INFO - Processing file /home/airflow/.local/lib/python3.7/site-packages/airflow/example_dags/example_branch_labels.py for tasks to queue
[2022-08-18 01:21:26,670] {logging_mixin.py:115} INFO - [2022-08-18 01:21:26,670] {dagbag.py:508} INFO - Filling up the DagBag from /home/airflow/.local/lib/python3.7/site-packages/airflow/example_dags/example_branch_labels.py
[2022-08-18 01:21:26,680] {processor.py:651} INFO - DAG(s) dict_keys(['example_branch_labels']) retrieved from /home/airflow/.local/lib/python3.7/site-packages/airflow/example_dags/example_branch_labels.py
[2022-08-18 01:21:26,703] {logging_mixin.py:115} INFO - [2022-08-18 01:21:26,703] {dag.py:2420} INFO - Sync 1 DAGs
[2022-08-18 01:21:26,727] {logging_mixin.py:115} INFO - [2022-08-18 01:21:26,727] {dag.py:2972} INFO - Setting next_dagrun for example_branch_labels to 2022-08-17T00:00:00+00:00, run_after=2022-08-18T00:00:00+00:00
[2022-08-18 01:21:26,752] {processor.py:161} INFO - Processing /home/airflow/.local/lib/python3.7/site-packages/airflow/example_dags/example_branch_labels.py took 0.087 seconds
[2022-08-18 01:21:56,951] {processor.py:153} INFO - Started process (PID=289) to work on /home/airflow/.local/lib/python3.7/site-packages/airflow/example_dags/example_branch_labels.py
[2022-08-18 01:21:56,951] {processor.py:641} INFO - Processing file /home/airflow/.local/lib/python3.7/site-packages/airflow/example_dags/example_branch_labels.py for tasks to queue
[2022-08-18 01:21:56,952] {logging_mixin.py:115} INFO - [2022-08-18 01:21:56,952] {dagbag.py:508} INFO - Filling up the DagBag from /home/airflow/.local/lib/python3.7/site-packages/airflow/example_dags/example_branch_labels.py
[2022-08-18 01:21:56,961] {processor.py:651} INFO - DAG(s) dict_keys(['example_branch_labels']) retrieved from /home/airflow/.local/lib/python3.7/site-packages/airflow/example_dags/example_branch_labels.py
[2022-08-18 01:21:56,991] {logging_mixin.py:115} INFO - [2022-08-18 01:21:56,991] {dag.py:2420} INFO - Sync 1 DAGs
[2022-08-18 01:21:57,014] {logging_mixin.py:115} INFO - [2022-08-18 01:21:57,014] {dag.py:2972} INFO - Setting next_dagrun for example_branch_labels to 2022-08-17T00:00:00+00:00, run_after=2022-08-18T00:00:00+00:00
[2022-08-18 01:21:57,042] {processor.py:161} INFO - Processing /home/airflow/.local/lib/python3.7/site-packages/airflow/example_dags/example_branch_labels.py took 0.096 seconds
[2022-08-18 01:22:27,262] {processor.py:153} INFO - Started process (PID=350) to work on /home/airflow/.local/lib/python3.7/site-packages/airflow/example_dags/example_branch_labels.py
[2022-08-18 01:22:27,262] {processor.py:641} INFO - Processing file /home/airflow/.local/lib/python3.7/site-packages/airflow/example_dags/example_branch_labels.py for tasks to queue
[2022-08-18 01:22:27,263] {logging_mixin.py:115} INFO - [2022-08-18 01:22:27,263] {dagbag.py:508} INFO - Filling up the DagBag from /home/airflow/.local/lib/python3.7/site-packages/airflow/example_dags/example_branch_labels.py
[2022-08-18 01:22:27,270] {processor.py:651} INFO - DAG(s) dict_keys(['example_branch_labels']) retrieved from /home/airflow/.local/lib/python3.7/site-packages/airflow/example_dags/example_branch_labels.py
[2022-08-18 01:22:27,301] {logging_mixin.py:115} INFO - [2022-08-18 01:22:27,301] {dag.py:2420} INFO - Sync 1 DAGs
[2022-08-18 01:22:27,323] {logging_mixin.py:115} INFO - [2022-08-18 01:22:27,323] {dag.py:2972} INFO - Setting next_dagrun for example_branch_labels to 2022-08-17T00:00:00+00:00, run_after=2022-08-18T00:00:00+00:00
[2022-08-18 01:22:27,352] {processor.py:161} INFO - Processing /home/airflow/.local/lib/python3.7/site-packages/airflow/example_dags/example_branch_labels.py took 0.095 seconds
[2022-08-18 01:22:57,396] {processor.py:153} INFO - Started process (PID=410) to work on /home/airflow/.local/lib/python3.7/site-packages/airflow/example_dags/example_branch_labels.py
[2022-08-18 01:22:57,397] {processor.py:641} INFO - Processing file /home/airflow/.local/lib/python3.7/site-packages/airflow/example_dags/example_branch_labels.py for tasks to queue
[2022-08-18 01:22:57,398] {logging_mixin.py:115} INFO - [2022-08-18 01:22:57,398] {dagbag.py:508} INFO - Filling up the DagBag from /home/airflow/.local/lib/python3.7/site-packages/airflow/example_dags/example_branch_labels.py
[2022-08-18 01:22:57,406] {processor.py:651} INFO - DAG(s) dict_keys(['example_branch_labels']) retrieved from /home/airflow/.local/lib/python3.7/site-packages/airflow/example_dags/example_branch_labels.py
[2022-08-18 01:22:57,425] {logging_mixin.py:115} INFO - [2022-08-18 01:22:57,425] {dag.py:2420} INFO - Sync 1 DAGs
[2022-08-18 01:22:57,455] {logging_mixin.py:115} INFO - [2022-08-18 01:22:57,455] {dag.py:2972} INFO - Setting next_dagrun for example_branch_labels to 2022-08-17T00:00:00+00:00, run_after=2022-08-18T00:00:00+00:00
[2022-08-18 01:22:57,482] {processor.py:161} INFO - Processing /home/airflow/.local/lib/python3.7/site-packages/airflow/example_dags/example_branch_labels.py took 0.090 seconds
[2022-08-18 01:23:27,536] {processor.py:153} INFO - Started process (PID=462) to work on /home/airflow/.local/lib/python3.7/site-packages/airflow/example_dags/example_branch_labels.py
[2022-08-18 01:23:27,537] {processor.py:641} INFO - Processing file /home/airflow/.local/lib/python3.7/site-packages/airflow/example_dags/example_branch_labels.py for tasks to queue
[2022-08-18 01:23:27,538] {logging_mixin.py:115} INFO - [2022-08-18 01:23:27,538] {dagbag.py:508} INFO - Filling up the DagBag from /home/airflow/.local/lib/python3.7/site-packages/airflow/example_dags/example_branch_labels.py
[2022-08-18 01:23:27,545] {processor.py:651} INFO - DAG(s) dict_keys(['example_branch_labels']) retrieved from /home/airflow/.local/lib/python3.7/site-packages/airflow/example_dags/example_branch_labels.py
[2022-08-18 01:23:27,573] {logging_mixin.py:115} INFO - [2022-08-18 01:23:27,573] {dag.py:2420} INFO - Sync 1 DAGs
[2022-08-18 01:23:27,597] {logging_mixin.py:115} INFO - [2022-08-18 01:23:27,597] {dag.py:2972} INFO - Setting next_dagrun for example_branch_labels to 2022-08-17T00:00:00+00:00, run_after=2022-08-18T00:00:00+00:00
[2022-08-18 01:23:27,617] {processor.py:161} INFO - Processing /home/airflow/.local/lib/python3.7/site-packages/airflow/example_dags/example_branch_labels.py took 0.085 seconds
[2022-08-18 01:23:57,859] {processor.py:153} INFO - Started process (PID=523) to work on /home/airflow/.local/lib/python3.7/site-packages/airflow/example_dags/example_branch_labels.py
[2022-08-18 01:23:57,860] {processor.py:641} INFO - Processing file /home/airflow/.local/lib/python3.7/site-packages/airflow/example_dags/example_branch_labels.py for tasks to queue
[2022-08-18 01:23:57,860] {logging_mixin.py:115} INFO - [2022-08-18 01:23:57,860] {dagbag.py:508} INFO - Filling up the DagBag from /home/airflow/.local/lib/python3.7/site-packages/airflow/example_dags/example_branch_labels.py
[2022-08-18 01:23:57,866] {processor.py:651} INFO - DAG(s) dict_keys(['example_branch_labels']) retrieved from /home/airflow/.local/lib/python3.7/site-packages/airflow/example_dags/example_branch_labels.py
[2022-08-18 01:23:57,895] {logging_mixin.py:115} INFO - [2022-08-18 01:23:57,895] {dag.py:2420} INFO - Sync 1 DAGs
[2022-08-18 01:23:57,919] {logging_mixin.py:115} INFO - [2022-08-18 01:23:57,919] {dag.py:2972} INFO - Setting next_dagrun for example_branch_labels to 2022-08-17T00:00:00+00:00, run_after=2022-08-18T00:00:00+00:00
[2022-08-18 01:23:57,942] {processor.py:161} INFO - Processing /home/airflow/.local/lib/python3.7/site-packages/airflow/example_dags/example_branch_labels.py took 0.085 seconds
[2022-08-18 01:24:28,198] {processor.py:153} INFO - Started process (PID=576) to work on /home/airflow/.local/lib/python3.7/site-packages/airflow/example_dags/example_branch_labels.py
[2022-08-18 01:24:28,202] {processor.py:641} INFO - Processing file /home/airflow/.local/lib/python3.7/site-packages/airflow/example_dags/example_branch_labels.py for tasks to queue
[2022-08-18 01:24:28,202] {logging_mixin.py:115} INFO - [2022-08-18 01:24:28,202] {dagbag.py:508} INFO - Filling up the DagBag from /home/airflow/.local/lib/python3.7/site-packages/airflow/example_dags/example_branch_labels.py
[2022-08-18 01:24:28,209] {processor.py:651} INFO - DAG(s) dict_keys(['example_branch_labels']) retrieved from /home/airflow/.local/lib/python3.7/site-packages/airflow/example_dags/example_branch_labels.py
[2022-08-18 01:24:28,241] {logging_mixin.py:115} INFO - [2022-08-18 01:24:28,241] {dag.py:2420} INFO - Sync 1 DAGs
[2022-08-18 01:24:28,272] {logging_mixin.py:115} INFO - [2022-08-18 01:24:28,272] {dag.py:2972} INFO - Setting next_dagrun for example_branch_labels to 2022-08-17T00:00:00+00:00, run_after=2022-08-18T00:00:00+00:00
[2022-08-18 01:24:28,301] {processor.py:161} INFO - Processing /home/airflow/.local/lib/python3.7/site-packages/airflow/example_dags/example_branch_labels.py took 0.107 seconds
[2022-08-18 01:24:58,622] {processor.py:153} INFO - Started process (PID=637) to work on /home/airflow/.local/lib/python3.7/site-packages/airflow/example_dags/example_branch_labels.py
[2022-08-18 01:24:58,631] {processor.py:641} INFO - Processing file /home/airflow/.local/lib/python3.7/site-packages/airflow/example_dags/example_branch_labels.py for tasks to queue
[2022-08-18 01:24:58,631] {logging_mixin.py:115} INFO - [2022-08-18 01:24:58,631] {dagbag.py:508} INFO - Filling up the DagBag from /home/airflow/.local/lib/python3.7/site-packages/airflow/example_dags/example_branch_labels.py
[2022-08-18 01:24:58,644] {processor.py:651} INFO - DAG(s) dict_keys(['example_branch_labels']) retrieved from /home/airflow/.local/lib/python3.7/site-packages/airflow/example_dags/example_branch_labels.py
[2022-08-18 01:24:58,672] {logging_mixin.py:115} INFO - [2022-08-18 01:24:58,672] {dag.py:2420} INFO - Sync 1 DAGs
[2022-08-18 01:24:58,698] {logging_mixin.py:115} INFO - [2022-08-18 01:24:58,698] {dag.py:2972} INFO - Setting next_dagrun for example_branch_labels to 2022-08-17T00:00:00+00:00, run_after=2022-08-18T00:00:00+00:00
[2022-08-18 01:24:58,728] {processor.py:161} INFO - Processing /home/airflow/.local/lib/python3.7/site-packages/airflow/example_dags/example_branch_labels.py took 0.108 seconds
[2022-08-18 01:25:28,909] {processor.py:153} INFO - Started process (PID=699) to work on /home/airflow/.local/lib/python3.7/site-packages/airflow/example_dags/example_branch_labels.py
[2022-08-18 01:25:28,934] {processor.py:641} INFO - Processing file /home/airflow/.local/lib/python3.7/site-packages/airflow/example_dags/example_branch_labels.py for tasks to queue
[2022-08-18 01:25:28,935] {logging_mixin.py:115} INFO - [2022-08-18 01:25:28,935] {dagbag.py:508} INFO - Filling up the DagBag from /home/airflow/.local/lib/python3.7/site-packages/airflow/example_dags/example_branch_labels.py
[2022-08-18 01:25:28,947] {processor.py:651} INFO - DAG(s) dict_keys(['example_branch_labels']) retrieved from /home/airflow/.local/lib/python3.7/site-packages/airflow/example_dags/example_branch_labels.py
[2022-08-18 01:25:28,970] {logging_mixin.py:115} INFO - [2022-08-18 01:25:28,970] {dag.py:2420} INFO - Sync 1 DAGs
[2022-08-18 01:25:28,994] {logging_mixin.py:115} INFO - [2022-08-18 01:25:28,994] {dag.py:2972} INFO - Setting next_dagrun for example_branch_labels to 2022-08-17T00:00:00+00:00, run_after=2022-08-18T00:00:00+00:00
[2022-08-18 01:25:29,006] {processor.py:161} INFO - Processing /home/airflow/.local/lib/python3.7/site-packages/airflow/example_dags/example_branch_labels.py took 0.102 seconds
[2022-08-18 01:25:59,129] {processor.py:153} INFO - Started process (PID=751) to work on /home/airflow/.local/lib/python3.7/site-packages/airflow/example_dags/example_branch_labels.py
[2022-08-18 01:25:59,129] {processor.py:641} INFO - Processing file /home/airflow/.local/lib/python3.7/site-packages/airflow/example_dags/example_branch_labels.py for tasks to queue
[2022-08-18 01:25:59,129] {logging_mixin.py:115} INFO - [2022-08-18 01:25:59,129] {dagbag.py:508} INFO - Filling up the DagBag from /home/airflow/.local/lib/python3.7/site-packages/airflow/example_dags/example_branch_labels.py
[2022-08-18 01:25:59,135] {processor.py:651} INFO - DAG(s) dict_keys(['example_branch_labels']) retrieved from /home/airflow/.local/lib/python3.7/site-packages/airflow/example_dags/example_branch_labels.py
[2022-08-18 01:25:59,155] {logging_mixin.py:115} INFO - [2022-08-18 01:25:59,155] {dag.py:2420} INFO - Sync 1 DAGs
[2022-08-18 01:25:59,178] {logging_mixin.py:115} INFO - [2022-08-18 01:25:59,178] {dag.py:2972} INFO - Setting next_dagrun for example_branch_labels to 2022-08-17T00:00:00+00:00, run_after=2022-08-18T00:00:00+00:00
[2022-08-18 01:25:59,199] {processor.py:161} INFO - Processing /home/airflow/.local/lib/python3.7/site-packages/airflow/example_dags/example_branch_labels.py took 0.072 seconds
[2022-08-18 01:26:29,678] {processor.py:153} INFO - Started process (PID=813) to work on /home/airflow/.local/lib/python3.7/site-packages/airflow/example_dags/example_branch_labels.py
[2022-08-18 01:26:29,679] {processor.py:641} INFO - Processing file /home/airflow/.local/lib/python3.7/site-packages/airflow/example_dags/example_branch_labels.py for tasks to queue
[2022-08-18 01:26:29,679] {logging_mixin.py:115} INFO - [2022-08-18 01:26:29,679] {dagbag.py:508} INFO - Filling up the DagBag from /home/airflow/.local/lib/python3.7/site-packages/airflow/example_dags/example_branch_labels.py
[2022-08-18 01:26:29,689] {processor.py:651} INFO - DAG(s) dict_keys(['example_branch_labels']) retrieved from /home/airflow/.local/lib/python3.7/site-packages/airflow/example_dags/example_branch_labels.py
[2022-08-18 01:26:29,717] {logging_mixin.py:115} INFO - [2022-08-18 01:26:29,717] {dag.py:2420} INFO - Sync 1 DAGs
[2022-08-18 01:26:29,748] {logging_mixin.py:115} INFO - [2022-08-18 01:26:29,747] {dag.py:2972} INFO - Setting next_dagrun for example_branch_labels to 2022-08-17T00:00:00+00:00, run_after=2022-08-18T00:00:00+00:00
[2022-08-18 01:26:29,764] {processor.py:161} INFO - Processing /home/airflow/.local/lib/python3.7/site-packages/airflow/example_dags/example_branch_labels.py took 0.090 seconds
[2022-08-18 01:26:59,964] {processor.py:153} INFO - Started process (PID=864) to work on /home/airflow/.local/lib/python3.7/site-packages/airflow/example_dags/example_branch_labels.py
[2022-08-18 01:26:59,975] {processor.py:641} INFO - Processing file /home/airflow/.local/lib/python3.7/site-packages/airflow/example_dags/example_branch_labels.py for tasks to queue
[2022-08-18 01:26:59,976] {logging_mixin.py:115} INFO - [2022-08-18 01:26:59,975] {dagbag.py:508} INFO - Filling up the DagBag from /home/airflow/.local/lib/python3.7/site-packages/airflow/example_dags/example_branch_labels.py
[2022-08-18 01:26:59,985] {processor.py:651} INFO - DAG(s) dict_keys(['example_branch_labels']) retrieved from /home/airflow/.local/lib/python3.7/site-packages/airflow/example_dags/example_branch_labels.py
[2022-08-18 01:27:00,007] {logging_mixin.py:115} INFO - [2022-08-18 01:27:00,007] {dag.py:2420} INFO - Sync 1 DAGs
[2022-08-18 01:27:00,032] {logging_mixin.py:115} INFO - [2022-08-18 01:27:00,032] {dag.py:2972} INFO - Setting next_dagrun for example_branch_labels to 2022-08-17T00:00:00+00:00, run_after=2022-08-18T00:00:00+00:00
[2022-08-18 01:27:00,076] {processor.py:161} INFO - Processing /home/airflow/.local/lib/python3.7/site-packages/airflow/example_dags/example_branch_labels.py took 0.115 seconds
[2022-08-18 01:27:30,143] {processor.py:153} INFO - Started process (PID=924) to work on /home/airflow/.local/lib/python3.7/site-packages/airflow/example_dags/example_branch_labels.py
[2022-08-18 01:27:30,144] {processor.py:641} INFO - Processing file /home/airflow/.local/lib/python3.7/site-packages/airflow/example_dags/example_branch_labels.py for tasks to queue
[2022-08-18 01:27:30,144] {logging_mixin.py:115} INFO - [2022-08-18 01:27:30,144] {dagbag.py:508} INFO - Filling up the DagBag from /home/airflow/.local/lib/python3.7/site-packages/airflow/example_dags/example_branch_labels.py
[2022-08-18 01:27:30,150] {processor.py:651} INFO - DAG(s) dict_keys(['example_branch_labels']) retrieved from /home/airflow/.local/lib/python3.7/site-packages/airflow/example_dags/example_branch_labels.py
[2022-08-18 01:27:30,177] {logging_mixin.py:115} INFO - [2022-08-18 01:27:30,177] {dag.py:2420} INFO - Sync 1 DAGs
[2022-08-18 01:27:30,200] {logging_mixin.py:115} INFO - [2022-08-18 01:27:30,200] {dag.py:2972} INFO - Setting next_dagrun for example_branch_labels to 2022-08-17T00:00:00+00:00, run_after=2022-08-18T00:00:00+00:00
[2022-08-18 01:27:30,226] {processor.py:161} INFO - Processing /home/airflow/.local/lib/python3.7/site-packages/airflow/example_dags/example_branch_labels.py took 0.086 seconds
[2022-08-18 01:28:00,408] {processor.py:153} INFO - Started process (PID=985) to work on /home/airflow/.local/lib/python3.7/site-packages/airflow/example_dags/example_branch_labels.py
[2022-08-18 01:28:00,440] {processor.py:641} INFO - Processing file /home/airflow/.local/lib/python3.7/site-packages/airflow/example_dags/example_branch_labels.py for tasks to queue
[2022-08-18 01:28:00,470] {logging_mixin.py:115} INFO - [2022-08-18 01:28:00,470] {dagbag.py:508} INFO - Filling up the DagBag from /home/airflow/.local/lib/python3.7/site-packages/airflow/example_dags/example_branch_labels.py
[2022-08-18 01:28:00,481] {processor.py:651} INFO - DAG(s) dict_keys(['example_branch_labels']) retrieved from /home/airflow/.local/lib/python3.7/site-packages/airflow/example_dags/example_branch_labels.py
[2022-08-18 01:28:00,513] {logging_mixin.py:115} INFO - [2022-08-18 01:28:00,513] {dag.py:2420} INFO - Sync 1 DAGs
[2022-08-18 01:28:00,539] {logging_mixin.py:115} INFO - [2022-08-18 01:28:00,538] {dag.py:2972} INFO - Setting next_dagrun for example_branch_labels to 2022-08-17T00:00:00+00:00, run_after=2022-08-18T00:00:00+00:00
[2022-08-18 01:28:00,567] {processor.py:161} INFO - Processing /home/airflow/.local/lib/python3.7/site-packages/airflow/example_dags/example_branch_labels.py took 0.163 seconds
[2022-08-18 01:28:30,633] {processor.py:153} INFO - Started process (PID=1037) to work on /home/airflow/.local/lib/python3.7/site-packages/airflow/example_dags/example_branch_labels.py
[2022-08-18 01:28:30,634] {processor.py:641} INFO - Processing file /home/airflow/.local/lib/python3.7/site-packages/airflow/example_dags/example_branch_labels.py for tasks to queue
[2022-08-18 01:28:30,635] {logging_mixin.py:115} INFO - [2022-08-18 01:28:30,634] {dagbag.py:508} INFO - Filling up the DagBag from /home/airflow/.local/lib/python3.7/site-packages/airflow/example_dags/example_branch_labels.py
[2022-08-18 01:28:30,647] {processor.py:651} INFO - DAG(s) dict_keys(['example_branch_labels']) retrieved from /home/airflow/.local/lib/python3.7/site-packages/airflow/example_dags/example_branch_labels.py
[2022-08-18 01:28:30,678] {logging_mixin.py:115} INFO - [2022-08-18 01:28:30,677] {dag.py:2420} INFO - Sync 1 DAGs
[2022-08-18 01:28:30,710] {logging_mixin.py:115} INFO - [2022-08-18 01:28:30,710] {dag.py:2972} INFO - Setting next_dagrun for example_branch_labels to 2022-08-17T00:00:00+00:00, run_after=2022-08-18T00:00:00+00:00
[2022-08-18 01:28:30,819] {processor.py:161} INFO - Processing /home/airflow/.local/lib/python3.7/site-packages/airflow/example_dags/example_branch_labels.py took 0.188 seconds
[2022-08-18 01:29:00,992] {processor.py:153} INFO - Started process (PID=1098) to work on /home/airflow/.local/lib/python3.7/site-packages/airflow/example_dags/example_branch_labels.py
[2022-08-18 01:29:00,992] {processor.py:641} INFO - Processing file /home/airflow/.local/lib/python3.7/site-packages/airflow/example_dags/example_branch_labels.py for tasks to queue
[2022-08-18 01:29:00,993] {logging_mixin.py:115} INFO - [2022-08-18 01:29:00,993] {dagbag.py:508} INFO - Filling up the DagBag from /home/airflow/.local/lib/python3.7/site-packages/airflow/example_dags/example_branch_labels.py
[2022-08-18 01:29:00,999] {processor.py:651} INFO - DAG(s) dict_keys(['example_branch_labels']) retrieved from /home/airflow/.local/lib/python3.7/site-packages/airflow/example_dags/example_branch_labels.py
[2022-08-18 01:29:01,035] {logging_mixin.py:115} INFO - [2022-08-18 01:29:01,035] {dag.py:2420} INFO - Sync 1 DAGs
[2022-08-18 01:29:01,066] {logging_mixin.py:115} INFO - [2022-08-18 01:29:01,066] {dag.py:2972} INFO - Setting next_dagrun for example_branch_labels to 2022-08-17T00:00:00+00:00, run_after=2022-08-18T00:00:00+00:00
[2022-08-18 01:29:01,086] {processor.py:161} INFO - Processing /home/airflow/.local/lib/python3.7/site-packages/airflow/example_dags/example_branch_labels.py took 0.099 seconds
[2022-08-18 01:29:31,559] {processor.py:153} INFO - Started process (PID=1160) to work on /home/airflow/.local/lib/python3.7/site-packages/airflow/example_dags/example_branch_labels.py
[2022-08-18 01:29:31,566] {processor.py:641} INFO - Processing file /home/airflow/.local/lib/python3.7/site-packages/airflow/example_dags/example_branch_labels.py for tasks to queue
[2022-08-18 01:29:31,567] {logging_mixin.py:115} INFO - [2022-08-18 01:29:31,566] {dagbag.py:508} INFO - Filling up the DagBag from /home/airflow/.local/lib/python3.7/site-packages/airflow/example_dags/example_branch_labels.py
[2022-08-18 01:29:31,574] {processor.py:651} INFO - DAG(s) dict_keys(['example_branch_labels']) retrieved from /home/airflow/.local/lib/python3.7/site-packages/airflow/example_dags/example_branch_labels.py
[2022-08-18 01:29:31,603] {logging_mixin.py:115} INFO - [2022-08-18 01:29:31,603] {dag.py:2420} INFO - Sync 1 DAGs
[2022-08-18 01:29:31,626] {logging_mixin.py:115} INFO - [2022-08-18 01:29:31,626] {dag.py:2972} INFO - Setting next_dagrun for example_branch_labels to 2022-08-17T00:00:00+00:00, run_after=2022-08-18T00:00:00+00:00
[2022-08-18 01:29:31,641] {processor.py:161} INFO - Processing /home/airflow/.local/lib/python3.7/site-packages/airflow/example_dags/example_branch_labels.py took 0.087 seconds
[2022-08-18 01:30:02,460] {processor.py:153} INFO - Started process (PID=1212) to work on /home/airflow/.local/lib/python3.7/site-packages/airflow/example_dags/example_branch_labels.py
[2022-08-18 01:30:02,466] {processor.py:641} INFO - Processing file /home/airflow/.local/lib/python3.7/site-packages/airflow/example_dags/example_branch_labels.py for tasks to queue
[2022-08-18 01:30:02,466] {logging_mixin.py:115} INFO - [2022-08-18 01:30:02,466] {dagbag.py:508} INFO - Filling up the DagBag from /home/airflow/.local/lib/python3.7/site-packages/airflow/example_dags/example_branch_labels.py
[2022-08-18 01:30:02,472] {processor.py:651} INFO - DAG(s) dict_keys(['example_branch_labels']) retrieved from /home/airflow/.local/lib/python3.7/site-packages/airflow/example_dags/example_branch_labels.py
[2022-08-18 01:30:02,501] {logging_mixin.py:115} INFO - [2022-08-18 01:30:02,501] {dag.py:2420} INFO - Sync 1 DAGs
[2022-08-18 01:30:02,532] {logging_mixin.py:115} INFO - [2022-08-18 01:30:02,532] {dag.py:2972} INFO - Setting next_dagrun for example_branch_labels to 2022-08-17T00:00:00+00:00, run_after=2022-08-18T00:00:00+00:00
[2022-08-18 01:30:02,557] {processor.py:161} INFO - Processing /home/airflow/.local/lib/python3.7/site-packages/airflow/example_dags/example_branch_labels.py took 0.102 seconds
[2022-08-18 01:30:32,765] {processor.py:153} INFO - Started process (PID=1273) to work on /home/airflow/.local/lib/python3.7/site-packages/airflow/example_dags/example_branch_labels.py
[2022-08-18 01:30:32,777] {processor.py:641} INFO - Processing file /home/airflow/.local/lib/python3.7/site-packages/airflow/example_dags/example_branch_labels.py for tasks to queue
[2022-08-18 01:30:32,778] {logging_mixin.py:115} INFO - [2022-08-18 01:30:32,778] {dagbag.py:508} INFO - Filling up the DagBag from /home/airflow/.local/lib/python3.7/site-packages/airflow/example_dags/example_branch_labels.py
[2022-08-18 01:30:32,790] {processor.py:651} INFO - DAG(s) dict_keys(['example_branch_labels']) retrieved from /home/airflow/.local/lib/python3.7/site-packages/airflow/example_dags/example_branch_labels.py
[2022-08-18 01:30:32,812] {logging_mixin.py:115} INFO - [2022-08-18 01:30:32,812] {dag.py:2420} INFO - Sync 1 DAGs
[2022-08-18 01:30:32,838] {logging_mixin.py:115} INFO - [2022-08-18 01:30:32,838] {dag.py:2972} INFO - Setting next_dagrun for example_branch_labels to 2022-08-17T00:00:00+00:00, run_after=2022-08-18T00:00:00+00:00
[2022-08-18 01:30:32,880] {processor.py:161} INFO - Processing /home/airflow/.local/lib/python3.7/site-packages/airflow/example_dags/example_branch_labels.py took 0.118 seconds
[2022-08-18 01:31:03,649] {processor.py:153} INFO - Started process (PID=1332) to work on /home/airflow/.local/lib/python3.7/site-packages/airflow/example_dags/example_branch_labels.py
[2022-08-18 01:31:03,665] {processor.py:641} INFO - Processing file /home/airflow/.local/lib/python3.7/site-packages/airflow/example_dags/example_branch_labels.py for tasks to queue
[2022-08-18 01:31:03,666] {logging_mixin.py:115} INFO - [2022-08-18 01:31:03,665] {dagbag.py:508} INFO - Filling up the DagBag from /home/airflow/.local/lib/python3.7/site-packages/airflow/example_dags/example_branch_labels.py
[2022-08-18 01:31:03,675] {processor.py:651} INFO - DAG(s) dict_keys(['example_branch_labels']) retrieved from /home/airflow/.local/lib/python3.7/site-packages/airflow/example_dags/example_branch_labels.py
[2022-08-18 01:31:03,702] {logging_mixin.py:115} INFO - [2022-08-18 01:31:03,702] {dag.py:2420} INFO - Sync 1 DAGs
[2022-08-18 01:31:03,727] {logging_mixin.py:115} INFO - [2022-08-18 01:31:03,727] {dag.py:2972} INFO - Setting next_dagrun for example_branch_labels to 2022-08-17T00:00:00+00:00, run_after=2022-08-18T00:00:00+00:00
[2022-08-18 01:31:03,758] {processor.py:161} INFO - Processing /home/airflow/.local/lib/python3.7/site-packages/airflow/example_dags/example_branch_labels.py took 0.111 seconds
[2022-08-18 01:31:33,963] {processor.py:153} INFO - Started process (PID=1386) to work on /home/airflow/.local/lib/python3.7/site-packages/airflow/example_dags/example_branch_labels.py
[2022-08-18 01:31:33,964] {processor.py:641} INFO - Processing file /home/airflow/.local/lib/python3.7/site-packages/airflow/example_dags/example_branch_labels.py for tasks to queue
[2022-08-18 01:31:33,965] {logging_mixin.py:115} INFO - [2022-08-18 01:31:33,964] {dagbag.py:508} INFO - Filling up the DagBag from /home/airflow/.local/lib/python3.7/site-packages/airflow/example_dags/example_branch_labels.py
[2022-08-18 01:31:33,971] {processor.py:651} INFO - DAG(s) dict_keys(['example_branch_labels']) retrieved from /home/airflow/.local/lib/python3.7/site-packages/airflow/example_dags/example_branch_labels.py
[2022-08-18 01:31:33,997] {logging_mixin.py:115} INFO - [2022-08-18 01:31:33,997] {dag.py:2420} INFO - Sync 1 DAGs
[2022-08-18 01:31:34,022] {logging_mixin.py:115} INFO - [2022-08-18 01:31:34,022] {dag.py:2972} INFO - Setting next_dagrun for example_branch_labels to 2022-08-17T00:00:00+00:00, run_after=2022-08-18T00:00:00+00:00
[2022-08-18 01:31:34,056] {processor.py:161} INFO - Processing /home/airflow/.local/lib/python3.7/site-packages/airflow/example_dags/example_branch_labels.py took 0.097 seconds
[2022-08-18 01:32:04,802] {processor.py:153} INFO - Started process (PID=1447) to work on /home/airflow/.local/lib/python3.7/site-packages/airflow/example_dags/example_branch_labels.py
[2022-08-18 01:32:04,803] {processor.py:641} INFO - Processing file /home/airflow/.local/lib/python3.7/site-packages/airflow/example_dags/example_branch_labels.py for tasks to queue
[2022-08-18 01:32:04,803] {logging_mixin.py:115} INFO - [2022-08-18 01:32:04,803] {dagbag.py:508} INFO - Filling up the DagBag from /home/airflow/.local/lib/python3.7/site-packages/airflow/example_dags/example_branch_labels.py
[2022-08-18 01:32:04,809] {processor.py:651} INFO - DAG(s) dict_keys(['example_branch_labels']) retrieved from /home/airflow/.local/lib/python3.7/site-packages/airflow/example_dags/example_branch_labels.py
[2022-08-18 01:32:04,832] {logging_mixin.py:115} INFO - [2022-08-18 01:32:04,832] {dag.py:2420} INFO - Sync 1 DAGs
[2022-08-18 01:32:04,856] {logging_mixin.py:115} INFO - [2022-08-18 01:32:04,856] {dag.py:2972} INFO - Setting next_dagrun for example_branch_labels to 2022-08-17T00:00:00+00:00, run_after=2022-08-18T00:00:00+00:00
[2022-08-18 01:32:04,875] {processor.py:161} INFO - Processing /home/airflow/.local/lib/python3.7/site-packages/airflow/example_dags/example_branch_labels.py took 0.077 seconds
[2022-08-18 01:32:35,055] {processor.py:153} INFO - Started process (PID=1498) to work on /home/airflow/.local/lib/python3.7/site-packages/airflow/example_dags/example_branch_labels.py
[2022-08-18 01:32:35,056] {processor.py:641} INFO - Processing file /home/airflow/.local/lib/python3.7/site-packages/airflow/example_dags/example_branch_labels.py for tasks to queue
[2022-08-18 01:32:35,057] {logging_mixin.py:115} INFO - [2022-08-18 01:32:35,057] {dagbag.py:508} INFO - Filling up the DagBag from /home/airflow/.local/lib/python3.7/site-packages/airflow/example_dags/example_branch_labels.py
[2022-08-18 01:32:35,062] {processor.py:651} INFO - DAG(s) dict_keys(['example_branch_labels']) retrieved from /home/airflow/.local/lib/python3.7/site-packages/airflow/example_dags/example_branch_labels.py
[2022-08-18 01:32:35,089] {logging_mixin.py:115} INFO - [2022-08-18 01:32:35,089] {dag.py:2420} INFO - Sync 1 DAGs
[2022-08-18 01:32:35,115] {logging_mixin.py:115} INFO - [2022-08-18 01:32:35,115] {dag.py:2972} INFO - Setting next_dagrun for example_branch_labels to 2022-08-17T00:00:00+00:00, run_after=2022-08-18T00:00:00+00:00
[2022-08-18 01:32:35,130] {processor.py:161} INFO - Processing /home/airflow/.local/lib/python3.7/site-packages/airflow/example_dags/example_branch_labels.py took 0.079 seconds
[2022-08-18 01:33:05,198] {processor.py:153} INFO - Started process (PID=1559) to work on /home/airflow/.local/lib/python3.7/site-packages/airflow/example_dags/example_branch_labels.py
[2022-08-18 01:33:05,199] {processor.py:641} INFO - Processing file /home/airflow/.local/lib/python3.7/site-packages/airflow/example_dags/example_branch_labels.py for tasks to queue
[2022-08-18 01:33:05,199] {logging_mixin.py:115} INFO - [2022-08-18 01:33:05,199] {dagbag.py:508} INFO - Filling up the DagBag from /home/airflow/.local/lib/python3.7/site-packages/airflow/example_dags/example_branch_labels.py
[2022-08-18 01:33:05,204] {processor.py:651} INFO - DAG(s) dict_keys(['example_branch_labels']) retrieved from /home/airflow/.local/lib/python3.7/site-packages/airflow/example_dags/example_branch_labels.py
[2022-08-18 01:33:05,232] {logging_mixin.py:115} INFO - [2022-08-18 01:33:05,232] {dag.py:2420} INFO - Sync 1 DAGs
[2022-08-18 01:33:05,256] {logging_mixin.py:115} INFO - [2022-08-18 01:33:05,256] {dag.py:2972} INFO - Setting next_dagrun for example_branch_labels to 2022-08-17T00:00:00+00:00, run_after=2022-08-18T00:00:00+00:00
[2022-08-18 01:33:05,284] {processor.py:161} INFO - Processing /home/airflow/.local/lib/python3.7/site-packages/airflow/example_dags/example_branch_labels.py took 0.089 seconds
[2022-08-18 01:33:35,449] {processor.py:153} INFO - Started process (PID=1620) to work on /home/airflow/.local/lib/python3.7/site-packages/airflow/example_dags/example_branch_labels.py
[2022-08-18 01:33:35,450] {processor.py:641} INFO - Processing file /home/airflow/.local/lib/python3.7/site-packages/airflow/example_dags/example_branch_labels.py for tasks to queue
[2022-08-18 01:33:35,450] {logging_mixin.py:115} INFO - [2022-08-18 01:33:35,450] {dagbag.py:508} INFO - Filling up the DagBag from /home/airflow/.local/lib/python3.7/site-packages/airflow/example_dags/example_branch_labels.py
[2022-08-18 01:33:35,456] {processor.py:651} INFO - DAG(s) dict_keys(['example_branch_labels']) retrieved from /home/airflow/.local/lib/python3.7/site-packages/airflow/example_dags/example_branch_labels.py
[2022-08-18 01:33:35,488] {logging_mixin.py:115} INFO - [2022-08-18 01:33:35,487] {dag.py:2420} INFO - Sync 1 DAGs
[2022-08-18 01:33:35,514] {logging_mixin.py:115} INFO - [2022-08-18 01:33:35,513] {dag.py:2972} INFO - Setting next_dagrun for example_branch_labels to 2022-08-17T00:00:00+00:00, run_after=2022-08-18T00:00:00+00:00
[2022-08-18 01:33:35,531] {processor.py:161} INFO - Processing /home/airflow/.local/lib/python3.7/site-packages/airflow/example_dags/example_branch_labels.py took 0.087 seconds
[2022-08-18 01:34:06,356] {processor.py:153} INFO - Started process (PID=1672) to work on /home/airflow/.local/lib/python3.7/site-packages/airflow/example_dags/example_branch_labels.py
[2022-08-18 01:34:06,356] {processor.py:641} INFO - Processing file /home/airflow/.local/lib/python3.7/site-packages/airflow/example_dags/example_branch_labels.py for tasks to queue
[2022-08-18 01:34:06,357] {logging_mixin.py:115} INFO - [2022-08-18 01:34:06,357] {dagbag.py:508} INFO - Filling up the DagBag from /home/airflow/.local/lib/python3.7/site-packages/airflow/example_dags/example_branch_labels.py
[2022-08-18 01:34:06,362] {processor.py:651} INFO - DAG(s) dict_keys(['example_branch_labels']) retrieved from /home/airflow/.local/lib/python3.7/site-packages/airflow/example_dags/example_branch_labels.py
[2022-08-18 01:34:06,386] {logging_mixin.py:115} INFO - [2022-08-18 01:34:06,386] {dag.py:2420} INFO - Sync 1 DAGs
[2022-08-18 01:34:06,407] {logging_mixin.py:115} INFO - [2022-08-18 01:34:06,407] {dag.py:2972} INFO - Setting next_dagrun for example_branch_labels to 2022-08-17T00:00:00+00:00, run_after=2022-08-18T00:00:00+00:00
[2022-08-18 01:34:06,424] {processor.py:161} INFO - Processing /home/airflow/.local/lib/python3.7/site-packages/airflow/example_dags/example_branch_labels.py took 0.073 seconds
[2022-08-18 01:34:36,455] {processor.py:153} INFO - Started process (PID=1733) to work on /home/airflow/.local/lib/python3.7/site-packages/airflow/example_dags/example_branch_labels.py
[2022-08-18 01:34:36,456] {processor.py:641} INFO - Processing file /home/airflow/.local/lib/python3.7/site-packages/airflow/example_dags/example_branch_labels.py for tasks to queue
[2022-08-18 01:34:36,456] {logging_mixin.py:115} INFO - [2022-08-18 01:34:36,456] {dagbag.py:508} INFO - Filling up the DagBag from /home/airflow/.local/lib/python3.7/site-packages/airflow/example_dags/example_branch_labels.py
[2022-08-18 01:34:36,467] {processor.py:651} INFO - DAG(s) dict_keys(['example_branch_labels']) retrieved from /home/airflow/.local/lib/python3.7/site-packages/airflow/example_dags/example_branch_labels.py
[2022-08-18 01:34:36,497] {logging_mixin.py:115} INFO - [2022-08-18 01:34:36,496] {dag.py:2420} INFO - Sync 1 DAGs
[2022-08-18 01:34:36,519] {logging_mixin.py:115} INFO - [2022-08-18 01:34:36,519] {dag.py:2972} INFO - Setting next_dagrun for example_branch_labels to 2022-08-17T00:00:00+00:00, run_after=2022-08-18T00:00:00+00:00
[2022-08-18 01:34:36,532] {processor.py:161} INFO - Processing /home/airflow/.local/lib/python3.7/site-packages/airflow/example_dags/example_branch_labels.py took 0.081 seconds
[2022-08-18 01:35:06,580] {processor.py:153} INFO - Started process (PID=1785) to work on /home/airflow/.local/lib/python3.7/site-packages/airflow/example_dags/example_branch_labels.py
[2022-08-18 01:35:06,581] {processor.py:641} INFO - Processing file /home/airflow/.local/lib/python3.7/site-packages/airflow/example_dags/example_branch_labels.py for tasks to queue
[2022-08-18 01:35:06,582] {logging_mixin.py:115} INFO - [2022-08-18 01:35:06,581] {dagbag.py:508} INFO - Filling up the DagBag from /home/airflow/.local/lib/python3.7/site-packages/airflow/example_dags/example_branch_labels.py
[2022-08-18 01:35:06,589] {processor.py:651} INFO - DAG(s) dict_keys(['example_branch_labels']) retrieved from /home/airflow/.local/lib/python3.7/site-packages/airflow/example_dags/example_branch_labels.py
[2022-08-18 01:35:06,617] {logging_mixin.py:115} INFO - [2022-08-18 01:35:06,617] {dag.py:2420} INFO - Sync 1 DAGs
[2022-08-18 01:35:06,643] {logging_mixin.py:115} INFO - [2022-08-18 01:35:06,643] {dag.py:2972} INFO - Setting next_dagrun for example_branch_labels to 2022-08-17T00:00:00+00:00, run_after=2022-08-18T00:00:00+00:00
[2022-08-18 01:35:06,667] {processor.py:161} INFO - Processing /home/airflow/.local/lib/python3.7/site-packages/airflow/example_dags/example_branch_labels.py took 0.092 seconds
[2022-08-18 01:35:36,790] {processor.py:153} INFO - Started process (PID=1847) to work on /home/airflow/.local/lib/python3.7/site-packages/airflow/example_dags/example_branch_labels.py
[2022-08-18 01:35:36,791] {processor.py:641} INFO - Processing file /home/airflow/.local/lib/python3.7/site-packages/airflow/example_dags/example_branch_labels.py for tasks to queue
[2022-08-18 01:35:36,791] {logging_mixin.py:115} INFO - [2022-08-18 01:35:36,791] {dagbag.py:508} INFO - Filling up the DagBag from /home/airflow/.local/lib/python3.7/site-packages/airflow/example_dags/example_branch_labels.py
[2022-08-18 01:35:36,796] {processor.py:651} INFO - DAG(s) dict_keys(['example_branch_labels']) retrieved from /home/airflow/.local/lib/python3.7/site-packages/airflow/example_dags/example_branch_labels.py
[2022-08-18 01:35:36,826] {logging_mixin.py:115} INFO - [2022-08-18 01:35:36,826] {dag.py:2420} INFO - Sync 1 DAGs
[2022-08-18 01:35:36,849] {logging_mixin.py:115} INFO - [2022-08-18 01:35:36,849] {dag.py:2972} INFO - Setting next_dagrun for example_branch_labels to 2022-08-17T00:00:00+00:00, run_after=2022-08-18T00:00:00+00:00
[2022-08-18 01:35:36,870] {processor.py:161} INFO - Processing /home/airflow/.local/lib/python3.7/site-packages/airflow/example_dags/example_branch_labels.py took 0.084 seconds
