[2022-08-18 01:19:55,729] {processor.py:153} INFO - Started process (PID=68) to work on /home/airflow/.local/lib/python3.7/site-packages/airflow/example_dags/example_sla_dag.py
[2022-08-18 01:19:55,730] {processor.py:641} INFO - Processing file /home/airflow/.local/lib/python3.7/site-packages/airflow/example_dags/example_sla_dag.py for tasks to queue
[2022-08-18 01:19:55,730] {logging_mixin.py:115} INFO - [2022-08-18 01:19:55,730] {dagbag.py:508} INFO - Filling up the DagBag from /home/airflow/.local/lib/python3.7/site-packages/airflow/example_dags/example_sla_dag.py
[2022-08-18 01:19:55,748] {processor.py:651} INFO - DAG(s) dict_keys(['example_sla_dag']) retrieved from /home/airflow/.local/lib/python3.7/site-packages/airflow/example_dags/example_sla_dag.py
[2022-08-18 01:19:55,868] {logging_mixin.py:115} INFO - [2022-08-18 01:19:55,868] {manager.py:508} INFO - Created Permission View: can edit on DAG:example_sla_dag
[2022-08-18 01:19:55,885] {logging_mixin.py:115} INFO - [2022-08-18 01:19:55,885] {manager.py:508} INFO - Created Permission View: can read on DAG:example_sla_dag
[2022-08-18 01:19:55,893] {logging_mixin.py:115} INFO - [2022-08-18 01:19:55,893] {manager.py:508} INFO - Created Permission View: can delete on DAG:example_sla_dag
[2022-08-18 01:19:55,893] {logging_mixin.py:115} INFO - [2022-08-18 01:19:55,893] {dag.py:2420} INFO - Sync 1 DAGs
[2022-08-18 01:19:55,903] {logging_mixin.py:115} INFO - [2022-08-18 01:19:55,903] {dag.py:2439} INFO - Creating ORM DAG for example_sla_dag
[2022-08-18 01:19:55,922] {logging_mixin.py:115} INFO - [2022-08-18 01:19:55,922] {dag.py:2972} INFO - Setting next_dagrun for example_sla_dag to 2022-08-18T01:16:00+00:00, run_after=2022-08-18T01:18:00+00:00
[2022-08-18 01:19:55,938] {processor.py:161} INFO - Processing /home/airflow/.local/lib/python3.7/site-packages/airflow/example_dags/example_sla_dag.py took 0.210 seconds
[2022-08-18 01:20:26,544] {processor.py:153} INFO - Started process (PID=130) to work on /home/airflow/.local/lib/python3.7/site-packages/airflow/example_dags/example_sla_dag.py
[2022-08-18 01:20:26,544] {processor.py:641} INFO - Processing file /home/airflow/.local/lib/python3.7/site-packages/airflow/example_dags/example_sla_dag.py for tasks to queue
[2022-08-18 01:20:26,545] {logging_mixin.py:115} INFO - [2022-08-18 01:20:26,545] {dagbag.py:508} INFO - Filling up the DagBag from /home/airflow/.local/lib/python3.7/site-packages/airflow/example_dags/example_sla_dag.py
[2022-08-18 01:20:26,560] {processor.py:651} INFO - DAG(s) dict_keys(['example_sla_dag']) retrieved from /home/airflow/.local/lib/python3.7/site-packages/airflow/example_dags/example_sla_dag.py
[2022-08-18 01:20:26,585] {logging_mixin.py:115} INFO - [2022-08-18 01:20:26,585] {dag.py:2420} INFO - Sync 1 DAGs
[2022-08-18 01:20:26,608] {logging_mixin.py:115} INFO - [2022-08-18 01:20:26,608] {dag.py:2972} INFO - Setting next_dagrun for example_sla_dag to 2022-08-18T01:18:00+00:00, run_after=2022-08-18T01:20:00+00:00
[2022-08-18 01:20:26,625] {processor.py:161} INFO - Processing /home/airflow/.local/lib/python3.7/site-packages/airflow/example_dags/example_sla_dag.py took 0.085 seconds
[2022-08-18 01:20:57,056] {processor.py:153} INFO - Started process (PID=182) to work on /home/airflow/.local/lib/python3.7/site-packages/airflow/example_dags/example_sla_dag.py
[2022-08-18 01:20:57,057] {processor.py:641} INFO - Processing file /home/airflow/.local/lib/python3.7/site-packages/airflow/example_dags/example_sla_dag.py for tasks to queue
[2022-08-18 01:20:57,057] {logging_mixin.py:115} INFO - [2022-08-18 01:20:57,057] {dagbag.py:508} INFO - Filling up the DagBag from /home/airflow/.local/lib/python3.7/site-packages/airflow/example_dags/example_sla_dag.py
[2022-08-18 01:20:57,075] {processor.py:651} INFO - DAG(s) dict_keys(['example_sla_dag']) retrieved from /home/airflow/.local/lib/python3.7/site-packages/airflow/example_dags/example_sla_dag.py
[2022-08-18 01:20:57,099] {logging_mixin.py:115} INFO - [2022-08-18 01:20:57,099] {dag.py:2420} INFO - Sync 1 DAGs
[2022-08-18 01:20:57,130] {logging_mixin.py:115} INFO - [2022-08-18 01:20:57,130] {dag.py:2972} INFO - Setting next_dagrun for example_sla_dag to 2022-08-18T01:18:00+00:00, run_after=2022-08-18T01:20:00+00:00
[2022-08-18 01:20:57,157] {processor.py:161} INFO - Processing /home/airflow/.local/lib/python3.7/site-packages/airflow/example_dags/example_sla_dag.py took 0.103 seconds
[2022-08-18 01:21:28,219] {processor.py:153} INFO - Started process (PID=243) to work on /home/airflow/.local/lib/python3.7/site-packages/airflow/example_dags/example_sla_dag.py
[2022-08-18 01:21:28,228] {processor.py:641} INFO - Processing file /home/airflow/.local/lib/python3.7/site-packages/airflow/example_dags/example_sla_dag.py for tasks to queue
[2022-08-18 01:21:28,229] {logging_mixin.py:115} INFO - [2022-08-18 01:21:28,229] {dagbag.py:508} INFO - Filling up the DagBag from /home/airflow/.local/lib/python3.7/site-packages/airflow/example_dags/example_sla_dag.py
[2022-08-18 01:21:28,253] {processor.py:651} INFO - DAG(s) dict_keys(['example_sla_dag']) retrieved from /home/airflow/.local/lib/python3.7/site-packages/airflow/example_dags/example_sla_dag.py
[2022-08-18 01:21:28,274] {logging_mixin.py:115} INFO - [2022-08-18 01:21:28,274] {dag.py:2420} INFO - Sync 1 DAGs
[2022-08-18 01:21:28,304] {logging_mixin.py:115} INFO - [2022-08-18 01:21:28,304] {dag.py:2972} INFO - Setting next_dagrun for example_sla_dag to 2022-08-18T01:18:00+00:00, run_after=2022-08-18T01:20:00+00:00
[2022-08-18 01:21:28,326] {processor.py:161} INFO - Processing /home/airflow/.local/lib/python3.7/site-packages/airflow/example_dags/example_sla_dag.py took 0.110 seconds
[2022-08-18 01:21:58,463] {processor.py:153} INFO - Started process (PID=302) to work on /home/airflow/.local/lib/python3.7/site-packages/airflow/example_dags/example_sla_dag.py
[2022-08-18 01:21:58,512] {processor.py:641} INFO - Processing file /home/airflow/.local/lib/python3.7/site-packages/airflow/example_dags/example_sla_dag.py for tasks to queue
[2022-08-18 01:21:58,554] {logging_mixin.py:115} INFO - [2022-08-18 01:21:58,554] {dagbag.py:508} INFO - Filling up the DagBag from /home/airflow/.local/lib/python3.7/site-packages/airflow/example_dags/example_sla_dag.py
[2022-08-18 01:21:58,573] {processor.py:651} INFO - DAG(s) dict_keys(['example_sla_dag']) retrieved from /home/airflow/.local/lib/python3.7/site-packages/airflow/example_dags/example_sla_dag.py
[2022-08-18 01:21:58,593] {logging_mixin.py:115} INFO - [2022-08-18 01:21:58,593] {dag.py:2420} INFO - Sync 1 DAGs
[2022-08-18 01:21:58,620] {logging_mixin.py:115} INFO - [2022-08-18 01:21:58,620] {dag.py:2972} INFO - Setting next_dagrun for example_sla_dag to 2022-08-18T01:18:00+00:00, run_after=2022-08-18T01:20:00+00:00
[2022-08-18 01:21:58,642] {processor.py:161} INFO - Processing /home/airflow/.local/lib/python3.7/site-packages/airflow/example_dags/example_sla_dag.py took 0.184 seconds
[2022-08-18 01:22:28,808] {processor.py:153} INFO - Started process (PID=356) to work on /home/airflow/.local/lib/python3.7/site-packages/airflow/example_dags/example_sla_dag.py
[2022-08-18 01:22:28,809] {processor.py:641} INFO - Processing file /home/airflow/.local/lib/python3.7/site-packages/airflow/example_dags/example_sla_dag.py for tasks to queue
[2022-08-18 01:22:28,810] {logging_mixin.py:115} INFO - [2022-08-18 01:22:28,810] {dagbag.py:508} INFO - Filling up the DagBag from /home/airflow/.local/lib/python3.7/site-packages/airflow/example_dags/example_sla_dag.py
[2022-08-18 01:22:28,827] {processor.py:651} INFO - DAG(s) dict_keys(['example_sla_dag']) retrieved from /home/airflow/.local/lib/python3.7/site-packages/airflow/example_dags/example_sla_dag.py
[2022-08-18 01:22:28,849] {logging_mixin.py:115} INFO - [2022-08-18 01:22:28,849] {dag.py:2420} INFO - Sync 1 DAGs
[2022-08-18 01:22:28,874] {logging_mixin.py:115} INFO - [2022-08-18 01:22:28,874] {dag.py:2972} INFO - Setting next_dagrun for example_sla_dag to 2022-08-18T01:20:00+00:00, run_after=2022-08-18T01:22:00+00:00
[2022-08-18 01:22:28,893] {processor.py:161} INFO - Processing /home/airflow/.local/lib/python3.7/site-packages/airflow/example_dags/example_sla_dag.py took 0.089 seconds
[2022-08-18 01:22:59,008] {processor.py:153} INFO - Started process (PID=417) to work on /home/airflow/.local/lib/python3.7/site-packages/airflow/example_dags/example_sla_dag.py
[2022-08-18 01:22:59,008] {processor.py:641} INFO - Processing file /home/airflow/.local/lib/python3.7/site-packages/airflow/example_dags/example_sla_dag.py for tasks to queue
[2022-08-18 01:22:59,009] {logging_mixin.py:115} INFO - [2022-08-18 01:22:59,009] {dagbag.py:508} INFO - Filling up the DagBag from /home/airflow/.local/lib/python3.7/site-packages/airflow/example_dags/example_sla_dag.py
[2022-08-18 01:22:59,030] {processor.py:651} INFO - DAG(s) dict_keys(['example_sla_dag']) retrieved from /home/airflow/.local/lib/python3.7/site-packages/airflow/example_dags/example_sla_dag.py
[2022-08-18 01:22:59,048] {logging_mixin.py:115} INFO - [2022-08-18 01:22:59,048] {dag.py:2420} INFO - Sync 1 DAGs
[2022-08-18 01:22:59,075] {logging_mixin.py:115} INFO - [2022-08-18 01:22:59,075] {dag.py:2972} INFO - Setting next_dagrun for example_sla_dag to 2022-08-18T01:20:00+00:00, run_after=2022-08-18T01:22:00+00:00
[2022-08-18 01:22:59,089] {processor.py:161} INFO - Processing /home/airflow/.local/lib/python3.7/site-packages/airflow/example_dags/example_sla_dag.py took 0.084 seconds
[2022-08-18 01:23:29,180] {processor.py:153} INFO - Started process (PID=469) to work on /home/airflow/.local/lib/python3.7/site-packages/airflow/example_dags/example_sla_dag.py
[2022-08-18 01:23:29,181] {processor.py:641} INFO - Processing file /home/airflow/.local/lib/python3.7/site-packages/airflow/example_dags/example_sla_dag.py for tasks to queue
[2022-08-18 01:23:29,181] {logging_mixin.py:115} INFO - [2022-08-18 01:23:29,181] {dagbag.py:508} INFO - Filling up the DagBag from /home/airflow/.local/lib/python3.7/site-packages/airflow/example_dags/example_sla_dag.py
[2022-08-18 01:23:29,200] {processor.py:651} INFO - DAG(s) dict_keys(['example_sla_dag']) retrieved from /home/airflow/.local/lib/python3.7/site-packages/airflow/example_dags/example_sla_dag.py
[2022-08-18 01:23:29,228] {logging_mixin.py:115} INFO - [2022-08-18 01:23:29,228] {dag.py:2420} INFO - Sync 1 DAGs
[2022-08-18 01:23:29,255] {logging_mixin.py:115} INFO - [2022-08-18 01:23:29,255] {dag.py:2972} INFO - Setting next_dagrun for example_sla_dag to 2022-08-18T01:20:00+00:00, run_after=2022-08-18T01:22:00+00:00
[2022-08-18 01:23:29,275] {processor.py:161} INFO - Processing /home/airflow/.local/lib/python3.7/site-packages/airflow/example_dags/example_sla_dag.py took 0.097 seconds
[2022-08-18 01:23:59,374] {processor.py:153} INFO - Started process (PID=530) to work on /home/airflow/.local/lib/python3.7/site-packages/airflow/example_dags/example_sla_dag.py
[2022-08-18 01:23:59,374] {processor.py:641} INFO - Processing file /home/airflow/.local/lib/python3.7/site-packages/airflow/example_dags/example_sla_dag.py for tasks to queue
[2022-08-18 01:23:59,375] {logging_mixin.py:115} INFO - [2022-08-18 01:23:59,375] {dagbag.py:508} INFO - Filling up the DagBag from /home/airflow/.local/lib/python3.7/site-packages/airflow/example_dags/example_sla_dag.py
[2022-08-18 01:23:59,390] {processor.py:651} INFO - DAG(s) dict_keys(['example_sla_dag']) retrieved from /home/airflow/.local/lib/python3.7/site-packages/airflow/example_dags/example_sla_dag.py
[2022-08-18 01:23:59,417] {logging_mixin.py:115} INFO - [2022-08-18 01:23:59,417] {dag.py:2420} INFO - Sync 1 DAGs
[2022-08-18 01:23:59,442] {logging_mixin.py:115} INFO - [2022-08-18 01:23:59,442] {dag.py:2972} INFO - Setting next_dagrun for example_sla_dag to 2022-08-18T01:20:00+00:00, run_after=2022-08-18T01:22:00+00:00
[2022-08-18 01:23:59,466] {processor.py:161} INFO - Processing /home/airflow/.local/lib/python3.7/site-packages/airflow/example_dags/example_sla_dag.py took 0.097 seconds
[2022-08-18 01:24:29,653] {processor.py:153} INFO - Started process (PID=591) to work on /home/airflow/.local/lib/python3.7/site-packages/airflow/example_dags/example_sla_dag.py
[2022-08-18 01:24:29,653] {processor.py:641} INFO - Processing file /home/airflow/.local/lib/python3.7/site-packages/airflow/example_dags/example_sla_dag.py for tasks to queue
[2022-08-18 01:24:29,653] {logging_mixin.py:115} INFO - [2022-08-18 01:24:29,653] {dagbag.py:508} INFO - Filling up the DagBag from /home/airflow/.local/lib/python3.7/site-packages/airflow/example_dags/example_sla_dag.py
[2022-08-18 01:24:29,669] {processor.py:651} INFO - DAG(s) dict_keys(['example_sla_dag']) retrieved from /home/airflow/.local/lib/python3.7/site-packages/airflow/example_dags/example_sla_dag.py
[2022-08-18 01:24:29,691] {logging_mixin.py:115} INFO - [2022-08-18 01:24:29,691] {dag.py:2420} INFO - Sync 1 DAGs
[2022-08-18 01:24:29,717] {logging_mixin.py:115} INFO - [2022-08-18 01:24:29,716] {dag.py:2972} INFO - Setting next_dagrun for example_sla_dag to 2022-08-18T01:22:00+00:00, run_after=2022-08-18T01:24:00+00:00
[2022-08-18 01:24:29,733] {processor.py:161} INFO - Processing /home/airflow/.local/lib/python3.7/site-packages/airflow/example_dags/example_sla_dag.py took 0.082 seconds
[2022-08-18 01:25:00,133] {processor.py:153} INFO - Started process (PID=643) to work on /home/airflow/.local/lib/python3.7/site-packages/airflow/example_dags/example_sla_dag.py
[2022-08-18 01:25:00,144] {processor.py:641} INFO - Processing file /home/airflow/.local/lib/python3.7/site-packages/airflow/example_dags/example_sla_dag.py for tasks to queue
[2022-08-18 01:25:00,145] {logging_mixin.py:115} INFO - [2022-08-18 01:25:00,144] {dagbag.py:508} INFO - Filling up the DagBag from /home/airflow/.local/lib/python3.7/site-packages/airflow/example_dags/example_sla_dag.py
[2022-08-18 01:25:00,162] {processor.py:651} INFO - DAG(s) dict_keys(['example_sla_dag']) retrieved from /home/airflow/.local/lib/python3.7/site-packages/airflow/example_dags/example_sla_dag.py
[2022-08-18 01:25:00,193] {logging_mixin.py:115} INFO - [2022-08-18 01:25:00,193] {dag.py:2420} INFO - Sync 1 DAGs
[2022-08-18 01:25:00,220] {logging_mixin.py:115} INFO - [2022-08-18 01:25:00,220] {dag.py:2972} INFO - Setting next_dagrun for example_sla_dag to 2022-08-18T01:22:00+00:00, run_after=2022-08-18T01:24:00+00:00
[2022-08-18 01:25:00,252] {processor.py:161} INFO - Processing /home/airflow/.local/lib/python3.7/site-packages/airflow/example_dags/example_sla_dag.py took 0.121 seconds
[2022-08-18 01:25:30,383] {processor.py:153} INFO - Started process (PID=705) to work on /home/airflow/.local/lib/python3.7/site-packages/airflow/example_dags/example_sla_dag.py
[2022-08-18 01:25:30,384] {processor.py:641} INFO - Processing file /home/airflow/.local/lib/python3.7/site-packages/airflow/example_dags/example_sla_dag.py for tasks to queue
[2022-08-18 01:25:30,384] {logging_mixin.py:115} INFO - [2022-08-18 01:25:30,384] {dagbag.py:508} INFO - Filling up the DagBag from /home/airflow/.local/lib/python3.7/site-packages/airflow/example_dags/example_sla_dag.py
[2022-08-18 01:25:30,398] {processor.py:651} INFO - DAG(s) dict_keys(['example_sla_dag']) retrieved from /home/airflow/.local/lib/python3.7/site-packages/airflow/example_dags/example_sla_dag.py
[2022-08-18 01:25:30,428] {logging_mixin.py:115} INFO - [2022-08-18 01:25:30,428] {dag.py:2420} INFO - Sync 1 DAGs
[2022-08-18 01:25:30,454] {logging_mixin.py:115} INFO - [2022-08-18 01:25:30,454] {dag.py:2972} INFO - Setting next_dagrun for example_sla_dag to 2022-08-18T01:22:00+00:00, run_after=2022-08-18T01:24:00+00:00
[2022-08-18 01:25:30,474] {processor.py:161} INFO - Processing /home/airflow/.local/lib/python3.7/site-packages/airflow/example_dags/example_sla_dag.py took 0.095 seconds
[2022-08-18 01:26:00,585] {processor.py:153} INFO - Started process (PID=757) to work on /home/airflow/.local/lib/python3.7/site-packages/airflow/example_dags/example_sla_dag.py
[2022-08-18 01:26:00,586] {processor.py:641} INFO - Processing file /home/airflow/.local/lib/python3.7/site-packages/airflow/example_dags/example_sla_dag.py for tasks to queue
[2022-08-18 01:26:00,587] {logging_mixin.py:115} INFO - [2022-08-18 01:26:00,587] {dagbag.py:508} INFO - Filling up the DagBag from /home/airflow/.local/lib/python3.7/site-packages/airflow/example_dags/example_sla_dag.py
[2022-08-18 01:26:00,603] {processor.py:651} INFO - DAG(s) dict_keys(['example_sla_dag']) retrieved from /home/airflow/.local/lib/python3.7/site-packages/airflow/example_dags/example_sla_dag.py
[2022-08-18 01:26:00,632] {logging_mixin.py:115} INFO - [2022-08-18 01:26:00,632] {dag.py:2420} INFO - Sync 1 DAGs
[2022-08-18 01:26:00,665] {logging_mixin.py:115} INFO - [2022-08-18 01:26:00,665] {dag.py:2972} INFO - Setting next_dagrun for example_sla_dag to 2022-08-18T01:24:00+00:00, run_after=2022-08-18T01:26:00+00:00
[2022-08-18 01:26:00,694] {processor.py:161} INFO - Processing /home/airflow/.local/lib/python3.7/site-packages/airflow/example_dags/example_sla_dag.py took 0.113 seconds
[2022-08-18 01:26:31,043] {processor.py:153} INFO - Started process (PID=819) to work on /home/airflow/.local/lib/python3.7/site-packages/airflow/example_dags/example_sla_dag.py
[2022-08-18 01:26:31,043] {processor.py:641} INFO - Processing file /home/airflow/.local/lib/python3.7/site-packages/airflow/example_dags/example_sla_dag.py for tasks to queue
[2022-08-18 01:26:31,044] {logging_mixin.py:115} INFO - [2022-08-18 01:26:31,044] {dagbag.py:508} INFO - Filling up the DagBag from /home/airflow/.local/lib/python3.7/site-packages/airflow/example_dags/example_sla_dag.py
[2022-08-18 01:26:31,060] {processor.py:651} INFO - DAG(s) dict_keys(['example_sla_dag']) retrieved from /home/airflow/.local/lib/python3.7/site-packages/airflow/example_dags/example_sla_dag.py
[2022-08-18 01:26:31,087] {logging_mixin.py:115} INFO - [2022-08-18 01:26:31,087] {dag.py:2420} INFO - Sync 1 DAGs
[2022-08-18 01:26:31,114] {logging_mixin.py:115} INFO - [2022-08-18 01:26:31,114] {dag.py:2972} INFO - Setting next_dagrun for example_sla_dag to 2022-08-18T01:24:00+00:00, run_after=2022-08-18T01:26:00+00:00
[2022-08-18 01:26:31,142] {processor.py:161} INFO - Processing /home/airflow/.local/lib/python3.7/site-packages/airflow/example_dags/example_sla_dag.py took 0.104 seconds
[2022-08-18 01:27:01,411] {processor.py:153} INFO - Started process (PID=879) to work on /home/airflow/.local/lib/python3.7/site-packages/airflow/example_dags/example_sla_dag.py
[2022-08-18 01:27:01,411] {processor.py:641} INFO - Processing file /home/airflow/.local/lib/python3.7/site-packages/airflow/example_dags/example_sla_dag.py for tasks to queue
[2022-08-18 01:27:01,412] {logging_mixin.py:115} INFO - [2022-08-18 01:27:01,412] {dagbag.py:508} INFO - Filling up the DagBag from /home/airflow/.local/lib/python3.7/site-packages/airflow/example_dags/example_sla_dag.py
[2022-08-18 01:27:01,426] {processor.py:651} INFO - DAG(s) dict_keys(['example_sla_dag']) retrieved from /home/airflow/.local/lib/python3.7/site-packages/airflow/example_dags/example_sla_dag.py
[2022-08-18 01:27:01,457] {logging_mixin.py:115} INFO - [2022-08-18 01:27:01,457] {dag.py:2420} INFO - Sync 1 DAGs
[2022-08-18 01:27:01,487] {logging_mixin.py:115} INFO - [2022-08-18 01:27:01,487] {dag.py:2972} INFO - Setting next_dagrun for example_sla_dag to 2022-08-18T01:24:00+00:00, run_after=2022-08-18T01:26:00+00:00
[2022-08-18 01:27:01,514] {processor.py:161} INFO - Processing /home/airflow/.local/lib/python3.7/site-packages/airflow/example_dags/example_sla_dag.py took 0.106 seconds
[2022-08-18 01:27:31,692] {processor.py:153} INFO - Started process (PID=931) to work on /home/airflow/.local/lib/python3.7/site-packages/airflow/example_dags/example_sla_dag.py
[2022-08-18 01:27:31,693] {processor.py:641} INFO - Processing file /home/airflow/.local/lib/python3.7/site-packages/airflow/example_dags/example_sla_dag.py for tasks to queue
[2022-08-18 01:27:31,693] {logging_mixin.py:115} INFO - [2022-08-18 01:27:31,693] {dagbag.py:508} INFO - Filling up the DagBag from /home/airflow/.local/lib/python3.7/site-packages/airflow/example_dags/example_sla_dag.py
[2022-08-18 01:27:31,710] {processor.py:651} INFO - DAG(s) dict_keys(['example_sla_dag']) retrieved from /home/airflow/.local/lib/python3.7/site-packages/airflow/example_dags/example_sla_dag.py
[2022-08-18 01:27:31,735] {logging_mixin.py:115} INFO - [2022-08-18 01:27:31,735] {dag.py:2420} INFO - Sync 1 DAGs
[2022-08-18 01:27:31,759] {logging_mixin.py:115} INFO - [2022-08-18 01:27:31,759] {dag.py:2972} INFO - Setting next_dagrun for example_sla_dag to 2022-08-18T01:24:00+00:00, run_after=2022-08-18T01:26:00+00:00
[2022-08-18 01:27:31,780] {processor.py:161} INFO - Processing /home/airflow/.local/lib/python3.7/site-packages/airflow/example_dags/example_sla_dag.py took 0.092 seconds
[2022-08-18 01:28:01,932] {processor.py:153} INFO - Started process (PID=992) to work on /home/airflow/.local/lib/python3.7/site-packages/airflow/example_dags/example_sla_dag.py
[2022-08-18 01:28:01,933] {processor.py:641} INFO - Processing file /home/airflow/.local/lib/python3.7/site-packages/airflow/example_dags/example_sla_dag.py for tasks to queue
[2022-08-18 01:28:01,933] {logging_mixin.py:115} INFO - [2022-08-18 01:28:01,933] {dagbag.py:508} INFO - Filling up the DagBag from /home/airflow/.local/lib/python3.7/site-packages/airflow/example_dags/example_sla_dag.py
[2022-08-18 01:28:01,947] {processor.py:651} INFO - DAG(s) dict_keys(['example_sla_dag']) retrieved from /home/airflow/.local/lib/python3.7/site-packages/airflow/example_dags/example_sla_dag.py
[2022-08-18 01:28:01,972] {logging_mixin.py:115} INFO - [2022-08-18 01:28:01,972] {dag.py:2420} INFO - Sync 1 DAGs
[2022-08-18 01:28:01,997] {logging_mixin.py:115} INFO - [2022-08-18 01:28:01,997] {dag.py:2972} INFO - Setting next_dagrun for example_sla_dag to 2022-08-18T01:26:00+00:00, run_after=2022-08-18T01:28:00+00:00
[2022-08-18 01:28:02,034] {processor.py:161} INFO - Processing /home/airflow/.local/lib/python3.7/site-packages/airflow/example_dags/example_sla_dag.py took 0.107 seconds
[2022-08-18 01:28:32,228] {processor.py:153} INFO - Started process (PID=1044) to work on /home/airflow/.local/lib/python3.7/site-packages/airflow/example_dags/example_sla_dag.py
[2022-08-18 01:28:32,236] {processor.py:641} INFO - Processing file /home/airflow/.local/lib/python3.7/site-packages/airflow/example_dags/example_sla_dag.py for tasks to queue
[2022-08-18 01:28:32,237] {logging_mixin.py:115} INFO - [2022-08-18 01:28:32,237] {dagbag.py:508} INFO - Filling up the DagBag from /home/airflow/.local/lib/python3.7/site-packages/airflow/example_dags/example_sla_dag.py
[2022-08-18 01:28:32,257] {processor.py:651} INFO - DAG(s) dict_keys(['example_sla_dag']) retrieved from /home/airflow/.local/lib/python3.7/site-packages/airflow/example_dags/example_sla_dag.py
[2022-08-18 01:28:32,279] {logging_mixin.py:115} INFO - [2022-08-18 01:28:32,279] {dag.py:2420} INFO - Sync 1 DAGs
[2022-08-18 01:28:32,309] {logging_mixin.py:115} INFO - [2022-08-18 01:28:32,309] {dag.py:2972} INFO - Setting next_dagrun for example_sla_dag to 2022-08-18T01:26:00+00:00, run_after=2022-08-18T01:28:00+00:00
[2022-08-18 01:28:32,328] {processor.py:161} INFO - Processing /home/airflow/.local/lib/python3.7/site-packages/airflow/example_dags/example_sla_dag.py took 0.103 seconds
[2022-08-18 01:29:02,399] {processor.py:153} INFO - Started process (PID=1105) to work on /home/airflow/.local/lib/python3.7/site-packages/airflow/example_dags/example_sla_dag.py
[2022-08-18 01:29:02,399] {processor.py:641} INFO - Processing file /home/airflow/.local/lib/python3.7/site-packages/airflow/example_dags/example_sla_dag.py for tasks to queue
[2022-08-18 01:29:02,399] {logging_mixin.py:115} INFO - [2022-08-18 01:29:02,399] {dagbag.py:508} INFO - Filling up the DagBag from /home/airflow/.local/lib/python3.7/site-packages/airflow/example_dags/example_sla_dag.py
[2022-08-18 01:29:02,417] {processor.py:651} INFO - DAG(s) dict_keys(['example_sla_dag']) retrieved from /home/airflow/.local/lib/python3.7/site-packages/airflow/example_dags/example_sla_dag.py
[2022-08-18 01:29:02,445] {logging_mixin.py:115} INFO - [2022-08-18 01:29:02,444] {dag.py:2420} INFO - Sync 1 DAGs
[2022-08-18 01:29:02,481] {logging_mixin.py:115} INFO - [2022-08-18 01:29:02,481] {dag.py:2972} INFO - Setting next_dagrun for example_sla_dag to 2022-08-18T01:26:00+00:00, run_after=2022-08-18T01:28:00+00:00
[2022-08-18 01:29:02,497] {processor.py:161} INFO - Processing /home/airflow/.local/lib/python3.7/site-packages/airflow/example_dags/example_sla_dag.py took 0.101 seconds
[2022-08-18 01:29:32,976] {processor.py:153} INFO - Started process (PID=1166) to work on /home/airflow/.local/lib/python3.7/site-packages/airflow/example_dags/example_sla_dag.py
[2022-08-18 01:29:32,976] {processor.py:641} INFO - Processing file /home/airflow/.local/lib/python3.7/site-packages/airflow/example_dags/example_sla_dag.py for tasks to queue
[2022-08-18 01:29:32,976] {logging_mixin.py:115} INFO - [2022-08-18 01:29:32,976] {dagbag.py:508} INFO - Filling up the DagBag from /home/airflow/.local/lib/python3.7/site-packages/airflow/example_dags/example_sla_dag.py
[2022-08-18 01:29:32,992] {processor.py:651} INFO - DAG(s) dict_keys(['example_sla_dag']) retrieved from /home/airflow/.local/lib/python3.7/site-packages/airflow/example_dags/example_sla_dag.py
[2022-08-18 01:29:33,019] {logging_mixin.py:115} INFO - [2022-08-18 01:29:33,019] {dag.py:2420} INFO - Sync 1 DAGs
[2022-08-18 01:29:33,045] {logging_mixin.py:115} INFO - [2022-08-18 01:29:33,045] {dag.py:2972} INFO - Setting next_dagrun for example_sla_dag to 2022-08-18T01:26:00+00:00, run_after=2022-08-18T01:28:00+00:00
[2022-08-18 01:29:33,055] {processor.py:161} INFO - Processing /home/airflow/.local/lib/python3.7/site-packages/airflow/example_dags/example_sla_dag.py took 0.082 seconds
[2022-08-18 01:30:03,908] {processor.py:153} INFO - Started process (PID=1218) to work on /home/airflow/.local/lib/python3.7/site-packages/airflow/example_dags/example_sla_dag.py
[2022-08-18 01:30:03,909] {processor.py:641} INFO - Processing file /home/airflow/.local/lib/python3.7/site-packages/airflow/example_dags/example_sla_dag.py for tasks to queue
[2022-08-18 01:30:03,909] {logging_mixin.py:115} INFO - [2022-08-18 01:30:03,909] {dagbag.py:508} INFO - Filling up the DagBag from /home/airflow/.local/lib/python3.7/site-packages/airflow/example_dags/example_sla_dag.py
[2022-08-18 01:30:03,928] {processor.py:651} INFO - DAG(s) dict_keys(['example_sla_dag']) retrieved from /home/airflow/.local/lib/python3.7/site-packages/airflow/example_dags/example_sla_dag.py
[2022-08-18 01:30:03,951] {logging_mixin.py:115} INFO - [2022-08-18 01:30:03,951] {dag.py:2420} INFO - Sync 1 DAGs
[2022-08-18 01:30:03,977] {logging_mixin.py:115} INFO - [2022-08-18 01:30:03,977] {dag.py:2972} INFO - Setting next_dagrun for example_sla_dag to 2022-08-18T01:28:00+00:00, run_after=2022-08-18T01:30:00+00:00
[2022-08-18 01:30:04,000] {processor.py:161} INFO - Processing /home/airflow/.local/lib/python3.7/site-packages/airflow/example_dags/example_sla_dag.py took 0.096 seconds
[2022-08-18 01:30:34,177] {processor.py:153} INFO - Started process (PID=1279) to work on /home/airflow/.local/lib/python3.7/site-packages/airflow/example_dags/example_sla_dag.py
[2022-08-18 01:30:34,178] {processor.py:641} INFO - Processing file /home/airflow/.local/lib/python3.7/site-packages/airflow/example_dags/example_sla_dag.py for tasks to queue
[2022-08-18 01:30:34,179] {logging_mixin.py:115} INFO - [2022-08-18 01:30:34,179] {dagbag.py:508} INFO - Filling up the DagBag from /home/airflow/.local/lib/python3.7/site-packages/airflow/example_dags/example_sla_dag.py
[2022-08-18 01:30:34,195] {processor.py:651} INFO - DAG(s) dict_keys(['example_sla_dag']) retrieved from /home/airflow/.local/lib/python3.7/site-packages/airflow/example_dags/example_sla_dag.py
[2022-08-18 01:30:34,225] {logging_mixin.py:115} INFO - [2022-08-18 01:30:34,225] {dag.py:2420} INFO - Sync 1 DAGs
[2022-08-18 01:30:34,252] {logging_mixin.py:115} INFO - [2022-08-18 01:30:34,252] {dag.py:2972} INFO - Setting next_dagrun for example_sla_dag to 2022-08-18T01:28:00+00:00, run_after=2022-08-18T01:30:00+00:00
[2022-08-18 01:30:34,264] {processor.py:161} INFO - Processing /home/airflow/.local/lib/python3.7/site-packages/airflow/example_dags/example_sla_dag.py took 0.092 seconds
[2022-08-18 01:31:05,306] {processor.py:153} INFO - Started process (PID=1340) to work on /home/airflow/.local/lib/python3.7/site-packages/airflow/example_dags/example_sla_dag.py
[2022-08-18 01:31:05,346] {processor.py:641} INFO - Processing file /home/airflow/.local/lib/python3.7/site-packages/airflow/example_dags/example_sla_dag.py for tasks to queue
[2022-08-18 01:31:05,347] {logging_mixin.py:115} INFO - [2022-08-18 01:31:05,347] {dagbag.py:508} INFO - Filling up the DagBag from /home/airflow/.local/lib/python3.7/site-packages/airflow/example_dags/example_sla_dag.py
[2022-08-18 01:31:05,365] {processor.py:651} INFO - DAG(s) dict_keys(['example_sla_dag']) retrieved from /home/airflow/.local/lib/python3.7/site-packages/airflow/example_dags/example_sla_dag.py
[2022-08-18 01:31:05,391] {logging_mixin.py:115} INFO - [2022-08-18 01:31:05,391] {dag.py:2420} INFO - Sync 1 DAGs
[2022-08-18 01:31:05,419] {logging_mixin.py:115} INFO - [2022-08-18 01:31:05,419] {dag.py:2972} INFO - Setting next_dagrun for example_sla_dag to 2022-08-18T01:28:00+00:00, run_after=2022-08-18T01:30:00+00:00
[2022-08-18 01:31:05,441] {processor.py:161} INFO - Processing /home/airflow/.local/lib/python3.7/site-packages/airflow/example_dags/example_sla_dag.py took 0.140 seconds
[2022-08-18 01:31:36,308] {processor.py:153} INFO - Started process (PID=1392) to work on /home/airflow/.local/lib/python3.7/site-packages/airflow/example_dags/example_sla_dag.py
[2022-08-18 01:31:36,309] {processor.py:641} INFO - Processing file /home/airflow/.local/lib/python3.7/site-packages/airflow/example_dags/example_sla_dag.py for tasks to queue
[2022-08-18 01:31:36,309] {logging_mixin.py:115} INFO - [2022-08-18 01:31:36,309] {dagbag.py:508} INFO - Filling up the DagBag from /home/airflow/.local/lib/python3.7/site-packages/airflow/example_dags/example_sla_dag.py
[2022-08-18 01:31:36,325] {processor.py:651} INFO - DAG(s) dict_keys(['example_sla_dag']) retrieved from /home/airflow/.local/lib/python3.7/site-packages/airflow/example_dags/example_sla_dag.py
[2022-08-18 01:31:36,348] {logging_mixin.py:115} INFO - [2022-08-18 01:31:36,348] {dag.py:2420} INFO - Sync 1 DAGs
[2022-08-18 01:31:36,379] {logging_mixin.py:115} INFO - [2022-08-18 01:31:36,379] {dag.py:2972} INFO - Setting next_dagrun for example_sla_dag to 2022-08-18T01:28:00+00:00, run_after=2022-08-18T01:30:00+00:00
[2022-08-18 01:31:36,398] {processor.py:161} INFO - Processing /home/airflow/.local/lib/python3.7/site-packages/airflow/example_dags/example_sla_dag.py took 0.093 seconds
[2022-08-18 01:32:07,249] {processor.py:153} INFO - Started process (PID=1453) to work on /home/airflow/.local/lib/python3.7/site-packages/airflow/example_dags/example_sla_dag.py
[2022-08-18 01:32:07,250] {processor.py:641} INFO - Processing file /home/airflow/.local/lib/python3.7/site-packages/airflow/example_dags/example_sla_dag.py for tasks to queue
[2022-08-18 01:32:07,250] {logging_mixin.py:115} INFO - [2022-08-18 01:32:07,250] {dagbag.py:508} INFO - Filling up the DagBag from /home/airflow/.local/lib/python3.7/site-packages/airflow/example_dags/example_sla_dag.py
[2022-08-18 01:32:07,265] {processor.py:651} INFO - DAG(s) dict_keys(['example_sla_dag']) retrieved from /home/airflow/.local/lib/python3.7/site-packages/airflow/example_dags/example_sla_dag.py
[2022-08-18 01:32:07,292] {logging_mixin.py:115} INFO - [2022-08-18 01:32:07,292] {dag.py:2420} INFO - Sync 1 DAGs
[2022-08-18 01:32:07,320] {logging_mixin.py:115} INFO - [2022-08-18 01:32:07,319] {dag.py:2972} INFO - Setting next_dagrun for example_sla_dag to 2022-08-18T01:30:00+00:00, run_after=2022-08-18T01:32:00+00:00
[2022-08-18 01:32:07,347] {processor.py:161} INFO - Processing /home/airflow/.local/lib/python3.7/site-packages/airflow/example_dags/example_sla_dag.py took 0.102 seconds
[2022-08-18 01:32:37,500] {processor.py:153} INFO - Started process (PID=1513) to work on /home/airflow/.local/lib/python3.7/site-packages/airflow/example_dags/example_sla_dag.py
[2022-08-18 01:32:37,500] {processor.py:641} INFO - Processing file /home/airflow/.local/lib/python3.7/site-packages/airflow/example_dags/example_sla_dag.py for tasks to queue
[2022-08-18 01:32:37,501] {logging_mixin.py:115} INFO - [2022-08-18 01:32:37,501] {dagbag.py:508} INFO - Filling up the DagBag from /home/airflow/.local/lib/python3.7/site-packages/airflow/example_dags/example_sla_dag.py
[2022-08-18 01:32:37,515] {processor.py:651} INFO - DAG(s) dict_keys(['example_sla_dag']) retrieved from /home/airflow/.local/lib/python3.7/site-packages/airflow/example_dags/example_sla_dag.py
[2022-08-18 01:32:37,536] {logging_mixin.py:115} INFO - [2022-08-18 01:32:37,536] {dag.py:2420} INFO - Sync 1 DAGs
[2022-08-18 01:32:37,563] {logging_mixin.py:115} INFO - [2022-08-18 01:32:37,563] {dag.py:2972} INFO - Setting next_dagrun for example_sla_dag to 2022-08-18T01:30:00+00:00, run_after=2022-08-18T01:32:00+00:00
[2022-08-18 01:32:37,582] {processor.py:161} INFO - Processing /home/airflow/.local/lib/python3.7/site-packages/airflow/example_dags/example_sla_dag.py took 0.086 seconds
[2022-08-18 01:33:07,657] {processor.py:153} INFO - Started process (PID=1565) to work on /home/airflow/.local/lib/python3.7/site-packages/airflow/example_dags/example_sla_dag.py
[2022-08-18 01:33:07,658] {processor.py:641} INFO - Processing file /home/airflow/.local/lib/python3.7/site-packages/airflow/example_dags/example_sla_dag.py for tasks to queue
[2022-08-18 01:33:07,659] {logging_mixin.py:115} INFO - [2022-08-18 01:33:07,659] {dagbag.py:508} INFO - Filling up the DagBag from /home/airflow/.local/lib/python3.7/site-packages/airflow/example_dags/example_sla_dag.py
[2022-08-18 01:33:07,675] {processor.py:651} INFO - DAG(s) dict_keys(['example_sla_dag']) retrieved from /home/airflow/.local/lib/python3.7/site-packages/airflow/example_dags/example_sla_dag.py
[2022-08-18 01:33:07,704] {logging_mixin.py:115} INFO - [2022-08-18 01:33:07,703] {dag.py:2420} INFO - Sync 1 DAGs
[2022-08-18 01:33:07,729] {logging_mixin.py:115} INFO - [2022-08-18 01:33:07,729] {dag.py:2972} INFO - Setting next_dagrun for example_sla_dag to 2022-08-18T01:30:00+00:00, run_after=2022-08-18T01:32:00+00:00
[2022-08-18 01:33:07,751] {processor.py:161} INFO - Processing /home/airflow/.local/lib/python3.7/site-packages/airflow/example_dags/example_sla_dag.py took 0.098 seconds
[2022-08-18 01:33:37,893] {processor.py:153} INFO - Started process (PID=1626) to work on /home/airflow/.local/lib/python3.7/site-packages/airflow/example_dags/example_sla_dag.py
[2022-08-18 01:33:37,893] {processor.py:641} INFO - Processing file /home/airflow/.local/lib/python3.7/site-packages/airflow/example_dags/example_sla_dag.py for tasks to queue
[2022-08-18 01:33:37,894] {logging_mixin.py:115} INFO - [2022-08-18 01:33:37,894] {dagbag.py:508} INFO - Filling up the DagBag from /home/airflow/.local/lib/python3.7/site-packages/airflow/example_dags/example_sla_dag.py
[2022-08-18 01:33:37,907] {processor.py:651} INFO - DAG(s) dict_keys(['example_sla_dag']) retrieved from /home/airflow/.local/lib/python3.7/site-packages/airflow/example_dags/example_sla_dag.py
[2022-08-18 01:33:37,932] {logging_mixin.py:115} INFO - [2022-08-18 01:33:37,932] {dag.py:2420} INFO - Sync 1 DAGs
[2022-08-18 01:33:37,960] {logging_mixin.py:115} INFO - [2022-08-18 01:33:37,960] {dag.py:2972} INFO - Setting next_dagrun for example_sla_dag to 2022-08-18T01:30:00+00:00, run_after=2022-08-18T01:32:00+00:00
[2022-08-18 01:33:37,975] {processor.py:161} INFO - Processing /home/airflow/.local/lib/python3.7/site-packages/airflow/example_dags/example_sla_dag.py took 0.085 seconds
[2022-08-18 01:34:08,720] {processor.py:153} INFO - Started process (PID=1686) to work on /home/airflow/.local/lib/python3.7/site-packages/airflow/example_dags/example_sla_dag.py
[2022-08-18 01:34:08,720] {processor.py:641} INFO - Processing file /home/airflow/.local/lib/python3.7/site-packages/airflow/example_dags/example_sla_dag.py for tasks to queue
[2022-08-18 01:34:08,721] {logging_mixin.py:115} INFO - [2022-08-18 01:34:08,721] {dagbag.py:508} INFO - Filling up the DagBag from /home/airflow/.local/lib/python3.7/site-packages/airflow/example_dags/example_sla_dag.py
[2022-08-18 01:34:08,738] {processor.py:651} INFO - DAG(s) dict_keys(['example_sla_dag']) retrieved from /home/airflow/.local/lib/python3.7/site-packages/airflow/example_dags/example_sla_dag.py
[2022-08-18 01:34:08,761] {logging_mixin.py:115} INFO - [2022-08-18 01:34:08,761] {dag.py:2420} INFO - Sync 1 DAGs
[2022-08-18 01:34:08,789] {logging_mixin.py:115} INFO - [2022-08-18 01:34:08,789] {dag.py:2972} INFO - Setting next_dagrun for example_sla_dag to 2022-08-18T01:32:00+00:00, run_after=2022-08-18T01:34:00+00:00
[2022-08-18 01:34:08,805] {processor.py:161} INFO - Processing /home/airflow/.local/lib/python3.7/site-packages/airflow/example_dags/example_sla_dag.py took 0.087 seconds
[2022-08-18 01:34:38,878] {processor.py:153} INFO - Started process (PID=1740) to work on /home/airflow/.local/lib/python3.7/site-packages/airflow/example_dags/example_sla_dag.py
[2022-08-18 01:34:38,879] {processor.py:641} INFO - Processing file /home/airflow/.local/lib/python3.7/site-packages/airflow/example_dags/example_sla_dag.py for tasks to queue
[2022-08-18 01:34:38,879] {logging_mixin.py:115} INFO - [2022-08-18 01:34:38,879] {dagbag.py:508} INFO - Filling up the DagBag from /home/airflow/.local/lib/python3.7/site-packages/airflow/example_dags/example_sla_dag.py
[2022-08-18 01:34:38,893] {processor.py:651} INFO - DAG(s) dict_keys(['example_sla_dag']) retrieved from /home/airflow/.local/lib/python3.7/site-packages/airflow/example_dags/example_sla_dag.py
[2022-08-18 01:34:38,914] {logging_mixin.py:115} INFO - [2022-08-18 01:34:38,914] {dag.py:2420} INFO - Sync 1 DAGs
[2022-08-18 01:34:38,941] {logging_mixin.py:115} INFO - [2022-08-18 01:34:38,941] {dag.py:2972} INFO - Setting next_dagrun for example_sla_dag to 2022-08-18T01:32:00+00:00, run_after=2022-08-18T01:34:00+00:00
[2022-08-18 01:34:38,954] {processor.py:161} INFO - Processing /home/airflow/.local/lib/python3.7/site-packages/airflow/example_dags/example_sla_dag.py took 0.080 seconds
[2022-08-18 01:35:09,023] {processor.py:153} INFO - Started process (PID=1801) to work on /home/airflow/.local/lib/python3.7/site-packages/airflow/example_dags/example_sla_dag.py
[2022-08-18 01:35:09,089] {processor.py:641} INFO - Processing file /home/airflow/.local/lib/python3.7/site-packages/airflow/example_dags/example_sla_dag.py for tasks to queue
[2022-08-18 01:35:09,126] {logging_mixin.py:115} INFO - [2022-08-18 01:35:09,126] {dagbag.py:508} INFO - Filling up the DagBag from /home/airflow/.local/lib/python3.7/site-packages/airflow/example_dags/example_sla_dag.py
[2022-08-18 01:35:09,149] {processor.py:651} INFO - DAG(s) dict_keys(['example_sla_dag']) retrieved from /home/airflow/.local/lib/python3.7/site-packages/airflow/example_dags/example_sla_dag.py
[2022-08-18 01:35:09,172] {logging_mixin.py:115} INFO - [2022-08-18 01:35:09,172] {dag.py:2420} INFO - Sync 1 DAGs
[2022-08-18 01:35:09,202] {logging_mixin.py:115} INFO - [2022-08-18 01:35:09,202] {dag.py:2972} INFO - Setting next_dagrun for example_sla_dag to 2022-08-18T01:32:00+00:00, run_after=2022-08-18T01:34:00+00:00
[2022-08-18 01:35:09,225] {processor.py:161} INFO - Processing /home/airflow/.local/lib/python3.7/site-packages/airflow/example_dags/example_sla_dag.py took 0.205 seconds
[2022-08-18 01:35:39,270] {processor.py:153} INFO - Started process (PID=1854) to work on /home/airflow/.local/lib/python3.7/site-packages/airflow/example_dags/example_sla_dag.py
[2022-08-18 01:35:39,271] {processor.py:641} INFO - Processing file /home/airflow/.local/lib/python3.7/site-packages/airflow/example_dags/example_sla_dag.py for tasks to queue
[2022-08-18 01:35:39,271] {logging_mixin.py:115} INFO - [2022-08-18 01:35:39,271] {dagbag.py:508} INFO - Filling up the DagBag from /home/airflow/.local/lib/python3.7/site-packages/airflow/example_dags/example_sla_dag.py
[2022-08-18 01:35:39,286] {processor.py:651} INFO - DAG(s) dict_keys(['example_sla_dag']) retrieved from /home/airflow/.local/lib/python3.7/site-packages/airflow/example_dags/example_sla_dag.py
[2022-08-18 01:35:39,308] {logging_mixin.py:115} INFO - [2022-08-18 01:35:39,308] {dag.py:2420} INFO - Sync 1 DAGs
[2022-08-18 01:35:39,335] {logging_mixin.py:115} INFO - [2022-08-18 01:35:39,335] {dag.py:2972} INFO - Setting next_dagrun for example_sla_dag to 2022-08-18T01:32:00+00:00, run_after=2022-08-18T01:34:00+00:00
[2022-08-18 01:35:39,356] {processor.py:161} INFO - Processing /home/airflow/.local/lib/python3.7/site-packages/airflow/example_dags/example_sla_dag.py took 0.088 seconds
