[2022-08-18 01:19:56,591] {processor.py:153} INFO - Started process (PID=76) to work on /home/airflow/.local/lib/python3.7/site-packages/airflow/example_dags/example_branch_day_of_week_operator.py
[2022-08-18 01:19:56,592] {processor.py:641} INFO - Processing file /home/airflow/.local/lib/python3.7/site-packages/airflow/example_dags/example_branch_day_of_week_operator.py for tasks to queue
[2022-08-18 01:19:56,593] {logging_mixin.py:115} INFO - [2022-08-18 01:19:56,593] {dagbag.py:508} INFO - Filling up the DagBag from /home/airflow/.local/lib/python3.7/site-packages/airflow/example_dags/example_branch_day_of_week_operator.py
[2022-08-18 01:19:56,602] {processor.py:651} INFO - DAG(s) dict_keys(['example_weekday_branch_operator']) retrieved from /home/airflow/.local/lib/python3.7/site-packages/airflow/example_dags/example_branch_day_of_week_operator.py
[2022-08-18 01:19:56,685] {logging_mixin.py:115} INFO - [2022-08-18 01:19:56,685] {manager.py:508} INFO - Created Permission View: can edit on DAG:example_weekday_branch_operator
[2022-08-18 01:19:56,702] {logging_mixin.py:115} INFO - [2022-08-18 01:19:56,702] {manager.py:508} INFO - Created Permission View: can read on DAG:example_weekday_branch_operator
[2022-08-18 01:19:56,734] {logging_mixin.py:115} INFO - [2022-08-18 01:19:56,734] {manager.py:508} INFO - Created Permission View: can delete on DAG:example_weekday_branch_operator
[2022-08-18 01:19:56,735] {logging_mixin.py:115} INFO - [2022-08-18 01:19:56,734] {dag.py:2420} INFO - Sync 1 DAGs
[2022-08-18 01:19:56,746] {logging_mixin.py:115} INFO - [2022-08-18 01:19:56,746] {dag.py:2439} INFO - Creating ORM DAG for example_weekday_branch_operator
[2022-08-18 01:19:56,765] {logging_mixin.py:115} INFO - [2022-08-18 01:19:56,765] {dag.py:2972} INFO - Setting next_dagrun for example_weekday_branch_operator to 2022-08-17T00:00:00+00:00, run_after=2022-08-18T00:00:00+00:00
[2022-08-18 01:19:56,789] {processor.py:161} INFO - Processing /home/airflow/.local/lib/python3.7/site-packages/airflow/example_dags/example_branch_day_of_week_operator.py took 0.202 seconds
[2022-08-18 01:20:27,041] {processor.py:153} INFO - Started process (PID=138) to work on /home/airflow/.local/lib/python3.7/site-packages/airflow/example_dags/example_branch_day_of_week_operator.py
[2022-08-18 01:20:27,045] {processor.py:641} INFO - Processing file /home/airflow/.local/lib/python3.7/site-packages/airflow/example_dags/example_branch_day_of_week_operator.py for tasks to queue
[2022-08-18 01:20:27,046] {logging_mixin.py:115} INFO - [2022-08-18 01:20:27,046] {dagbag.py:508} INFO - Filling up the DagBag from /home/airflow/.local/lib/python3.7/site-packages/airflow/example_dags/example_branch_day_of_week_operator.py
[2022-08-18 01:20:27,055] {processor.py:651} INFO - DAG(s) dict_keys(['example_weekday_branch_operator']) retrieved from /home/airflow/.local/lib/python3.7/site-packages/airflow/example_dags/example_branch_day_of_week_operator.py
[2022-08-18 01:20:27,085] {logging_mixin.py:115} INFO - [2022-08-18 01:20:27,085] {dag.py:2420} INFO - Sync 1 DAGs
[2022-08-18 01:20:27,115] {logging_mixin.py:115} INFO - [2022-08-18 01:20:27,115] {dag.py:2972} INFO - Setting next_dagrun for example_weekday_branch_operator to 2022-08-17T00:00:00+00:00, run_after=2022-08-18T00:00:00+00:00
[2022-08-18 01:20:27,152] {processor.py:161} INFO - Processing /home/airflow/.local/lib/python3.7/site-packages/airflow/example_dags/example_branch_day_of_week_operator.py took 0.115 seconds
[2022-08-18 01:20:57,451] {processor.py:153} INFO - Started process (PID=190) to work on /home/airflow/.local/lib/python3.7/site-packages/airflow/example_dags/example_branch_day_of_week_operator.py
[2022-08-18 01:20:57,451] {processor.py:641} INFO - Processing file /home/airflow/.local/lib/python3.7/site-packages/airflow/example_dags/example_branch_day_of_week_operator.py for tasks to queue
[2022-08-18 01:20:57,452] {logging_mixin.py:115} INFO - [2022-08-18 01:20:57,452] {dagbag.py:508} INFO - Filling up the DagBag from /home/airflow/.local/lib/python3.7/site-packages/airflow/example_dags/example_branch_day_of_week_operator.py
[2022-08-18 01:20:57,463] {processor.py:651} INFO - DAG(s) dict_keys(['example_weekday_branch_operator']) retrieved from /home/airflow/.local/lib/python3.7/site-packages/airflow/example_dags/example_branch_day_of_week_operator.py
[2022-08-18 01:20:57,490] {logging_mixin.py:115} INFO - [2022-08-18 01:20:57,490] {dag.py:2420} INFO - Sync 1 DAGs
[2022-08-18 01:20:57,518] {logging_mixin.py:115} INFO - [2022-08-18 01:20:57,517] {dag.py:2972} INFO - Setting next_dagrun for example_weekday_branch_operator to 2022-08-17T00:00:00+00:00, run_after=2022-08-18T00:00:00+00:00
[2022-08-18 01:20:57,532] {processor.py:161} INFO - Processing /home/airflow/.local/lib/python3.7/site-packages/airflow/example_dags/example_branch_day_of_week_operator.py took 0.086 seconds
[2022-08-18 01:21:28,720] {processor.py:153} INFO - Started process (PID=251) to work on /home/airflow/.local/lib/python3.7/site-packages/airflow/example_dags/example_branch_day_of_week_operator.py
[2022-08-18 01:21:28,720] {processor.py:641} INFO - Processing file /home/airflow/.local/lib/python3.7/site-packages/airflow/example_dags/example_branch_day_of_week_operator.py for tasks to queue
[2022-08-18 01:21:28,721] {logging_mixin.py:115} INFO - [2022-08-18 01:21:28,721] {dagbag.py:508} INFO - Filling up the DagBag from /home/airflow/.local/lib/python3.7/site-packages/airflow/example_dags/example_branch_day_of_week_operator.py
[2022-08-18 01:21:28,727] {processor.py:651} INFO - DAG(s) dict_keys(['example_weekday_branch_operator']) retrieved from /home/airflow/.local/lib/python3.7/site-packages/airflow/example_dags/example_branch_day_of_week_operator.py
[2022-08-18 01:21:28,752] {logging_mixin.py:115} INFO - [2022-08-18 01:21:28,752] {dag.py:2420} INFO - Sync 1 DAGs
[2022-08-18 01:21:28,780] {logging_mixin.py:115} INFO - [2022-08-18 01:21:28,780] {dag.py:2972} INFO - Setting next_dagrun for example_weekday_branch_operator to 2022-08-17T00:00:00+00:00, run_after=2022-08-18T00:00:00+00:00
[2022-08-18 01:21:28,802] {processor.py:161} INFO - Processing /home/airflow/.local/lib/python3.7/site-packages/airflow/example_dags/example_branch_day_of_week_operator.py took 0.087 seconds
[2022-08-18 01:21:58,957] {processor.py:153} INFO - Started process (PID=312) to work on /home/airflow/.local/lib/python3.7/site-packages/airflow/example_dags/example_branch_day_of_week_operator.py
[2022-08-18 01:21:58,957] {processor.py:641} INFO - Processing file /home/airflow/.local/lib/python3.7/site-packages/airflow/example_dags/example_branch_day_of_week_operator.py for tasks to queue
[2022-08-18 01:21:58,957] {logging_mixin.py:115} INFO - [2022-08-18 01:21:58,957] {dagbag.py:508} INFO - Filling up the DagBag from /home/airflow/.local/lib/python3.7/site-packages/airflow/example_dags/example_branch_day_of_week_operator.py
[2022-08-18 01:21:58,965] {processor.py:651} INFO - DAG(s) dict_keys(['example_weekday_branch_operator']) retrieved from /home/airflow/.local/lib/python3.7/site-packages/airflow/example_dags/example_branch_day_of_week_operator.py
[2022-08-18 01:21:58,990] {logging_mixin.py:115} INFO - [2022-08-18 01:21:58,990] {dag.py:2420} INFO - Sync 1 DAGs
[2022-08-18 01:21:59,026] {logging_mixin.py:115} INFO - [2022-08-18 01:21:59,026] {dag.py:2972} INFO - Setting next_dagrun for example_weekday_branch_operator to 2022-08-17T00:00:00+00:00, run_after=2022-08-18T00:00:00+00:00
[2022-08-18 01:21:59,051] {processor.py:161} INFO - Processing /home/airflow/.local/lib/python3.7/site-packages/airflow/example_dags/example_branch_day_of_week_operator.py took 0.097 seconds
[2022-08-18 01:22:29,198] {processor.py:153} INFO - Started process (PID=364) to work on /home/airflow/.local/lib/python3.7/site-packages/airflow/example_dags/example_branch_day_of_week_operator.py
[2022-08-18 01:22:29,198] {processor.py:641} INFO - Processing file /home/airflow/.local/lib/python3.7/site-packages/airflow/example_dags/example_branch_day_of_week_operator.py for tasks to queue
[2022-08-18 01:22:29,199] {logging_mixin.py:115} INFO - [2022-08-18 01:22:29,199] {dagbag.py:508} INFO - Filling up the DagBag from /home/airflow/.local/lib/python3.7/site-packages/airflow/example_dags/example_branch_day_of_week_operator.py
[2022-08-18 01:22:29,205] {processor.py:651} INFO - DAG(s) dict_keys(['example_weekday_branch_operator']) retrieved from /home/airflow/.local/lib/python3.7/site-packages/airflow/example_dags/example_branch_day_of_week_operator.py
[2022-08-18 01:22:29,227] {logging_mixin.py:115} INFO - [2022-08-18 01:22:29,227] {dag.py:2420} INFO - Sync 1 DAGs
[2022-08-18 01:22:29,252] {logging_mixin.py:115} INFO - [2022-08-18 01:22:29,252] {dag.py:2972} INFO - Setting next_dagrun for example_weekday_branch_operator to 2022-08-17T00:00:00+00:00, run_after=2022-08-18T00:00:00+00:00
[2022-08-18 01:22:29,267] {processor.py:161} INFO - Processing /home/airflow/.local/lib/python3.7/site-packages/airflow/example_dags/example_branch_day_of_week_operator.py took 0.074 seconds
[2022-08-18 01:22:59,384] {processor.py:153} INFO - Started process (PID=425) to work on /home/airflow/.local/lib/python3.7/site-packages/airflow/example_dags/example_branch_day_of_week_operator.py
[2022-08-18 01:22:59,385] {processor.py:641} INFO - Processing file /home/airflow/.local/lib/python3.7/site-packages/airflow/example_dags/example_branch_day_of_week_operator.py for tasks to queue
[2022-08-18 01:22:59,385] {logging_mixin.py:115} INFO - [2022-08-18 01:22:59,385] {dagbag.py:508} INFO - Filling up the DagBag from /home/airflow/.local/lib/python3.7/site-packages/airflow/example_dags/example_branch_day_of_week_operator.py
[2022-08-18 01:22:59,392] {processor.py:651} INFO - DAG(s) dict_keys(['example_weekday_branch_operator']) retrieved from /home/airflow/.local/lib/python3.7/site-packages/airflow/example_dags/example_branch_day_of_week_operator.py
[2022-08-18 01:22:59,419] {logging_mixin.py:115} INFO - [2022-08-18 01:22:59,419] {dag.py:2420} INFO - Sync 1 DAGs
[2022-08-18 01:22:59,444] {logging_mixin.py:115} INFO - [2022-08-18 01:22:59,443] {dag.py:2972} INFO - Setting next_dagrun for example_weekday_branch_operator to 2022-08-17T00:00:00+00:00, run_after=2022-08-18T00:00:00+00:00
[2022-08-18 01:22:59,476] {processor.py:161} INFO - Processing /home/airflow/.local/lib/python3.7/site-packages/airflow/example_dags/example_branch_day_of_week_operator.py took 0.096 seconds
[2022-08-18 01:23:29,711] {processor.py:153} INFO - Started process (PID=477) to work on /home/airflow/.local/lib/python3.7/site-packages/airflow/example_dags/example_branch_day_of_week_operator.py
[2022-08-18 01:23:29,712] {processor.py:641} INFO - Processing file /home/airflow/.local/lib/python3.7/site-packages/airflow/example_dags/example_branch_day_of_week_operator.py for tasks to queue
[2022-08-18 01:23:29,713] {logging_mixin.py:115} INFO - [2022-08-18 01:23:29,713] {dagbag.py:508} INFO - Filling up the DagBag from /home/airflow/.local/lib/python3.7/site-packages/airflow/example_dags/example_branch_day_of_week_operator.py
[2022-08-18 01:23:29,720] {processor.py:651} INFO - DAG(s) dict_keys(['example_weekday_branch_operator']) retrieved from /home/airflow/.local/lib/python3.7/site-packages/airflow/example_dags/example_branch_day_of_week_operator.py
[2022-08-18 01:23:29,743] {logging_mixin.py:115} INFO - [2022-08-18 01:23:29,743] {dag.py:2420} INFO - Sync 1 DAGs
[2022-08-18 01:23:29,768] {logging_mixin.py:115} INFO - [2022-08-18 01:23:29,768] {dag.py:2972} INFO - Setting next_dagrun for example_weekday_branch_operator to 2022-08-17T00:00:00+00:00, run_after=2022-08-18T00:00:00+00:00
[2022-08-18 01:23:29,781] {processor.py:161} INFO - Processing /home/airflow/.local/lib/python3.7/site-packages/airflow/example_dags/example_branch_day_of_week_operator.py took 0.074 seconds
[2022-08-18 01:23:59,885] {processor.py:153} INFO - Started process (PID=538) to work on /home/airflow/.local/lib/python3.7/site-packages/airflow/example_dags/example_branch_day_of_week_operator.py
[2022-08-18 01:23:59,885] {processor.py:641} INFO - Processing file /home/airflow/.local/lib/python3.7/site-packages/airflow/example_dags/example_branch_day_of_week_operator.py for tasks to queue
[2022-08-18 01:23:59,885] {logging_mixin.py:115} INFO - [2022-08-18 01:23:59,885] {dagbag.py:508} INFO - Filling up the DagBag from /home/airflow/.local/lib/python3.7/site-packages/airflow/example_dags/example_branch_day_of_week_operator.py
[2022-08-18 01:23:59,894] {processor.py:651} INFO - DAG(s) dict_keys(['example_weekday_branch_operator']) retrieved from /home/airflow/.local/lib/python3.7/site-packages/airflow/example_dags/example_branch_day_of_week_operator.py
[2022-08-18 01:23:59,917] {logging_mixin.py:115} INFO - [2022-08-18 01:23:59,917] {dag.py:2420} INFO - Sync 1 DAGs
[2022-08-18 01:23:59,942] {logging_mixin.py:115} INFO - [2022-08-18 01:23:59,942] {dag.py:2972} INFO - Setting next_dagrun for example_weekday_branch_operator to 2022-08-17T00:00:00+00:00, run_after=2022-08-18T00:00:00+00:00
[2022-08-18 01:23:59,956] {processor.py:161} INFO - Processing /home/airflow/.local/lib/python3.7/site-packages/airflow/example_dags/example_branch_day_of_week_operator.py took 0.074 seconds
[2022-08-18 01:24:30,111] {processor.py:153} INFO - Started process (PID=599) to work on /home/airflow/.local/lib/python3.7/site-packages/airflow/example_dags/example_branch_day_of_week_operator.py
[2022-08-18 01:24:30,111] {processor.py:641} INFO - Processing file /home/airflow/.local/lib/python3.7/site-packages/airflow/example_dags/example_branch_day_of_week_operator.py for tasks to queue
[2022-08-18 01:24:30,112] {logging_mixin.py:115} INFO - [2022-08-18 01:24:30,112] {dagbag.py:508} INFO - Filling up the DagBag from /home/airflow/.local/lib/python3.7/site-packages/airflow/example_dags/example_branch_day_of_week_operator.py
[2022-08-18 01:24:30,121] {processor.py:651} INFO - DAG(s) dict_keys(['example_weekday_branch_operator']) retrieved from /home/airflow/.local/lib/python3.7/site-packages/airflow/example_dags/example_branch_day_of_week_operator.py
[2022-08-18 01:24:30,142] {logging_mixin.py:115} INFO - [2022-08-18 01:24:30,142] {dag.py:2420} INFO - Sync 1 DAGs
[2022-08-18 01:24:30,165] {logging_mixin.py:115} INFO - [2022-08-18 01:24:30,165] {dag.py:2972} INFO - Setting next_dagrun for example_weekday_branch_operator to 2022-08-17T00:00:00+00:00, run_after=2022-08-18T00:00:00+00:00
[2022-08-18 01:24:30,182] {processor.py:161} INFO - Processing /home/airflow/.local/lib/python3.7/site-packages/airflow/example_dags/example_branch_day_of_week_operator.py took 0.074 seconds
[2022-08-18 01:25:00,665] {processor.py:153} INFO - Started process (PID=651) to work on /home/airflow/.local/lib/python3.7/site-packages/airflow/example_dags/example_branch_day_of_week_operator.py
[2022-08-18 01:25:00,670] {processor.py:641} INFO - Processing file /home/airflow/.local/lib/python3.7/site-packages/airflow/example_dags/example_branch_day_of_week_operator.py for tasks to queue
[2022-08-18 01:25:00,670] {logging_mixin.py:115} INFO - [2022-08-18 01:25:00,670] {dagbag.py:508} INFO - Filling up the DagBag from /home/airflow/.local/lib/python3.7/site-packages/airflow/example_dags/example_branch_day_of_week_operator.py
[2022-08-18 01:25:00,676] {processor.py:651} INFO - DAG(s) dict_keys(['example_weekday_branch_operator']) retrieved from /home/airflow/.local/lib/python3.7/site-packages/airflow/example_dags/example_branch_day_of_week_operator.py
[2022-08-18 01:25:00,701] {logging_mixin.py:115} INFO - [2022-08-18 01:25:00,701] {dag.py:2420} INFO - Sync 1 DAGs
[2022-08-18 01:25:00,726] {logging_mixin.py:115} INFO - [2022-08-18 01:25:00,726] {dag.py:2972} INFO - Setting next_dagrun for example_weekday_branch_operator to 2022-08-17T00:00:00+00:00, run_after=2022-08-18T00:00:00+00:00
[2022-08-18 01:25:00,748] {processor.py:161} INFO - Processing /home/airflow/.local/lib/python3.7/site-packages/airflow/example_dags/example_branch_day_of_week_operator.py took 0.088 seconds
[2022-08-18 01:25:30,860] {processor.py:153} INFO - Started process (PID=713) to work on /home/airflow/.local/lib/python3.7/site-packages/airflow/example_dags/example_branch_day_of_week_operator.py
[2022-08-18 01:25:30,861] {processor.py:641} INFO - Processing file /home/airflow/.local/lib/python3.7/site-packages/airflow/example_dags/example_branch_day_of_week_operator.py for tasks to queue
[2022-08-18 01:25:30,861] {logging_mixin.py:115} INFO - [2022-08-18 01:25:30,861] {dagbag.py:508} INFO - Filling up the DagBag from /home/airflow/.local/lib/python3.7/site-packages/airflow/example_dags/example_branch_day_of_week_operator.py
[2022-08-18 01:25:30,868] {processor.py:651} INFO - DAG(s) dict_keys(['example_weekday_branch_operator']) retrieved from /home/airflow/.local/lib/python3.7/site-packages/airflow/example_dags/example_branch_day_of_week_operator.py
[2022-08-18 01:25:30,892] {logging_mixin.py:115} INFO - [2022-08-18 01:25:30,892] {dag.py:2420} INFO - Sync 1 DAGs
[2022-08-18 01:25:30,914] {logging_mixin.py:115} INFO - [2022-08-18 01:25:30,914] {dag.py:2972} INFO - Setting next_dagrun for example_weekday_branch_operator to 2022-08-17T00:00:00+00:00, run_after=2022-08-18T00:00:00+00:00
[2022-08-18 01:25:30,934] {processor.py:161} INFO - Processing /home/airflow/.local/lib/python3.7/site-packages/airflow/example_dags/example_branch_day_of_week_operator.py took 0.078 seconds
[2022-08-18 01:26:01,262] {processor.py:153} INFO - Started process (PID=765) to work on /home/airflow/.local/lib/python3.7/site-packages/airflow/example_dags/example_branch_day_of_week_operator.py
[2022-08-18 01:26:01,279] {processor.py:641} INFO - Processing file /home/airflow/.local/lib/python3.7/site-packages/airflow/example_dags/example_branch_day_of_week_operator.py for tasks to queue
[2022-08-18 01:26:01,280] {logging_mixin.py:115} INFO - [2022-08-18 01:26:01,280] {dagbag.py:508} INFO - Filling up the DagBag from /home/airflow/.local/lib/python3.7/site-packages/airflow/example_dags/example_branch_day_of_week_operator.py
[2022-08-18 01:26:01,286] {processor.py:651} INFO - DAG(s) dict_keys(['example_weekday_branch_operator']) retrieved from /home/airflow/.local/lib/python3.7/site-packages/airflow/example_dags/example_branch_day_of_week_operator.py
[2022-08-18 01:26:01,317] {logging_mixin.py:115} INFO - [2022-08-18 01:26:01,317] {dag.py:2420} INFO - Sync 1 DAGs
[2022-08-18 01:26:01,340] {logging_mixin.py:115} INFO - [2022-08-18 01:26:01,340] {dag.py:2972} INFO - Setting next_dagrun for example_weekday_branch_operator to 2022-08-17T00:00:00+00:00, run_after=2022-08-18T00:00:00+00:00
[2022-08-18 01:26:01,365] {processor.py:161} INFO - Processing /home/airflow/.local/lib/python3.7/site-packages/airflow/example_dags/example_branch_day_of_week_operator.py took 0.108 seconds
[2022-08-18 01:26:31,442] {processor.py:153} INFO - Started process (PID=827) to work on /home/airflow/.local/lib/python3.7/site-packages/airflow/example_dags/example_branch_day_of_week_operator.py
[2022-08-18 01:26:31,442] {processor.py:641} INFO - Processing file /home/airflow/.local/lib/python3.7/site-packages/airflow/example_dags/example_branch_day_of_week_operator.py for tasks to queue
[2022-08-18 01:26:31,443] {logging_mixin.py:115} INFO - [2022-08-18 01:26:31,443] {dagbag.py:508} INFO - Filling up the DagBag from /home/airflow/.local/lib/python3.7/site-packages/airflow/example_dags/example_branch_day_of_week_operator.py
[2022-08-18 01:26:31,453] {processor.py:651} INFO - DAG(s) dict_keys(['example_weekday_branch_operator']) retrieved from /home/airflow/.local/lib/python3.7/site-packages/airflow/example_dags/example_branch_day_of_week_operator.py
[2022-08-18 01:26:31,482] {logging_mixin.py:115} INFO - [2022-08-18 01:26:31,482] {dag.py:2420} INFO - Sync 1 DAGs
[2022-08-18 01:26:31,509] {logging_mixin.py:115} INFO - [2022-08-18 01:26:31,509] {dag.py:2972} INFO - Setting next_dagrun for example_weekday_branch_operator to 2022-08-17T00:00:00+00:00, run_after=2022-08-18T00:00:00+00:00
[2022-08-18 01:26:31,522] {processor.py:161} INFO - Processing /home/airflow/.local/lib/python3.7/site-packages/airflow/example_dags/example_branch_day_of_week_operator.py took 0.085 seconds
[2022-08-18 01:27:01,902] {processor.py:153} INFO - Started process (PID=887) to work on /home/airflow/.local/lib/python3.7/site-packages/airflow/example_dags/example_branch_day_of_week_operator.py
[2022-08-18 01:27:01,902] {processor.py:641} INFO - Processing file /home/airflow/.local/lib/python3.7/site-packages/airflow/example_dags/example_branch_day_of_week_operator.py for tasks to queue
[2022-08-18 01:27:01,903] {logging_mixin.py:115} INFO - [2022-08-18 01:27:01,903] {dagbag.py:508} INFO - Filling up the DagBag from /home/airflow/.local/lib/python3.7/site-packages/airflow/example_dags/example_branch_day_of_week_operator.py
[2022-08-18 01:27:01,910] {processor.py:651} INFO - DAG(s) dict_keys(['example_weekday_branch_operator']) retrieved from /home/airflow/.local/lib/python3.7/site-packages/airflow/example_dags/example_branch_day_of_week_operator.py
[2022-08-18 01:27:01,935] {logging_mixin.py:115} INFO - [2022-08-18 01:27:01,935] {dag.py:2420} INFO - Sync 1 DAGs
[2022-08-18 01:27:01,957] {logging_mixin.py:115} INFO - [2022-08-18 01:27:01,957] {dag.py:2972} INFO - Setting next_dagrun for example_weekday_branch_operator to 2022-08-17T00:00:00+00:00, run_after=2022-08-18T00:00:00+00:00
[2022-08-18 01:27:01,972] {processor.py:161} INFO - Processing /home/airflow/.local/lib/python3.7/site-packages/airflow/example_dags/example_branch_day_of_week_operator.py took 0.075 seconds
[2022-08-18 01:27:32,122] {processor.py:153} INFO - Started process (PID=939) to work on /home/airflow/.local/lib/python3.7/site-packages/airflow/example_dags/example_branch_day_of_week_operator.py
[2022-08-18 01:27:32,123] {processor.py:641} INFO - Processing file /home/airflow/.local/lib/python3.7/site-packages/airflow/example_dags/example_branch_day_of_week_operator.py for tasks to queue
[2022-08-18 01:27:32,123] {logging_mixin.py:115} INFO - [2022-08-18 01:27:32,123] {dagbag.py:508} INFO - Filling up the DagBag from /home/airflow/.local/lib/python3.7/site-packages/airflow/example_dags/example_branch_day_of_week_operator.py
[2022-08-18 01:27:32,134] {processor.py:651} INFO - DAG(s) dict_keys(['example_weekday_branch_operator']) retrieved from /home/airflow/.local/lib/python3.7/site-packages/airflow/example_dags/example_branch_day_of_week_operator.py
[2022-08-18 01:27:32,158] {logging_mixin.py:115} INFO - [2022-08-18 01:27:32,158] {dag.py:2420} INFO - Sync 1 DAGs
[2022-08-18 01:27:32,182] {logging_mixin.py:115} INFO - [2022-08-18 01:27:32,182] {dag.py:2972} INFO - Setting next_dagrun for example_weekday_branch_operator to 2022-08-17T00:00:00+00:00, run_after=2022-08-18T00:00:00+00:00
[2022-08-18 01:27:32,196] {processor.py:161} INFO - Processing /home/airflow/.local/lib/python3.7/site-packages/airflow/example_dags/example_branch_day_of_week_operator.py took 0.076 seconds
[2022-08-18 01:28:02,351] {processor.py:153} INFO - Started process (PID=1000) to work on /home/airflow/.local/lib/python3.7/site-packages/airflow/example_dags/example_branch_day_of_week_operator.py
[2022-08-18 01:28:02,352] {processor.py:641} INFO - Processing file /home/airflow/.local/lib/python3.7/site-packages/airflow/example_dags/example_branch_day_of_week_operator.py for tasks to queue
[2022-08-18 01:28:02,352] {logging_mixin.py:115} INFO - [2022-08-18 01:28:02,352] {dagbag.py:508} INFO - Filling up the DagBag from /home/airflow/.local/lib/python3.7/site-packages/airflow/example_dags/example_branch_day_of_week_operator.py
[2022-08-18 01:28:02,359] {processor.py:651} INFO - DAG(s) dict_keys(['example_weekday_branch_operator']) retrieved from /home/airflow/.local/lib/python3.7/site-packages/airflow/example_dags/example_branch_day_of_week_operator.py
[2022-08-18 01:28:02,380] {logging_mixin.py:115} INFO - [2022-08-18 01:28:02,380] {dag.py:2420} INFO - Sync 1 DAGs
[2022-08-18 01:28:02,404] {logging_mixin.py:115} INFO - [2022-08-18 01:28:02,404] {dag.py:2972} INFO - Setting next_dagrun for example_weekday_branch_operator to 2022-08-17T00:00:00+00:00, run_after=2022-08-18T00:00:00+00:00
[2022-08-18 01:28:02,428] {processor.py:161} INFO - Processing /home/airflow/.local/lib/python3.7/site-packages/airflow/example_dags/example_branch_day_of_week_operator.py took 0.082 seconds
[2022-08-18 01:28:32,677] {processor.py:153} INFO - Started process (PID=1059) to work on /home/airflow/.local/lib/python3.7/site-packages/airflow/example_dags/example_branch_day_of_week_operator.py
[2022-08-18 01:28:32,678] {processor.py:641} INFO - Processing file /home/airflow/.local/lib/python3.7/site-packages/airflow/example_dags/example_branch_day_of_week_operator.py for tasks to queue
[2022-08-18 01:28:32,679] {logging_mixin.py:115} INFO - [2022-08-18 01:28:32,678] {dagbag.py:508} INFO - Filling up the DagBag from /home/airflow/.local/lib/python3.7/site-packages/airflow/example_dags/example_branch_day_of_week_operator.py
[2022-08-18 01:28:32,689] {processor.py:651} INFO - DAG(s) dict_keys(['example_weekday_branch_operator']) retrieved from /home/airflow/.local/lib/python3.7/site-packages/airflow/example_dags/example_branch_day_of_week_operator.py
[2022-08-18 01:28:32,737] {logging_mixin.py:115} INFO - [2022-08-18 01:28:32,737] {dag.py:2420} INFO - Sync 1 DAGs
[2022-08-18 01:28:32,896] {logging_mixin.py:115} INFO - [2022-08-18 01:28:32,896] {dag.py:2972} INFO - Setting next_dagrun for example_weekday_branch_operator to 2022-08-17T00:00:00+00:00, run_after=2022-08-18T00:00:00+00:00
[2022-08-18 01:28:32,975] {processor.py:161} INFO - Processing /home/airflow/.local/lib/python3.7/site-packages/airflow/example_dags/example_branch_day_of_week_operator.py took 0.300 seconds
[2022-08-18 01:29:03,963] {processor.py:153} INFO - Started process (PID=1113) to work on /home/airflow/.local/lib/python3.7/site-packages/airflow/example_dags/example_branch_day_of_week_operator.py
[2022-08-18 01:29:03,976] {processor.py:641} INFO - Processing file /home/airflow/.local/lib/python3.7/site-packages/airflow/example_dags/example_branch_day_of_week_operator.py for tasks to queue
[2022-08-18 01:29:03,977] {logging_mixin.py:115} INFO - [2022-08-18 01:29:03,976] {dagbag.py:508} INFO - Filling up the DagBag from /home/airflow/.local/lib/python3.7/site-packages/airflow/example_dags/example_branch_day_of_week_operator.py
[2022-08-18 01:29:03,991] {processor.py:651} INFO - DAG(s) dict_keys(['example_weekday_branch_operator']) retrieved from /home/airflow/.local/lib/python3.7/site-packages/airflow/example_dags/example_branch_day_of_week_operator.py
[2022-08-18 01:29:04,018] {logging_mixin.py:115} INFO - [2022-08-18 01:29:04,018] {dag.py:2420} INFO - Sync 1 DAGs
[2022-08-18 01:29:04,052] {logging_mixin.py:115} INFO - [2022-08-18 01:29:04,052] {dag.py:2972} INFO - Setting next_dagrun for example_weekday_branch_operator to 2022-08-17T00:00:00+00:00, run_after=2022-08-18T00:00:00+00:00
[2022-08-18 01:29:04,179] {processor.py:161} INFO - Processing /home/airflow/.local/lib/python3.7/site-packages/airflow/example_dags/example_branch_day_of_week_operator.py took 0.220 seconds
[2022-08-18 01:29:34,379] {processor.py:153} INFO - Started process (PID=1174) to work on /home/airflow/.local/lib/python3.7/site-packages/airflow/example_dags/example_branch_day_of_week_operator.py
[2022-08-18 01:29:34,380] {processor.py:641} INFO - Processing file /home/airflow/.local/lib/python3.7/site-packages/airflow/example_dags/example_branch_day_of_week_operator.py for tasks to queue
[2022-08-18 01:29:34,380] {logging_mixin.py:115} INFO - [2022-08-18 01:29:34,380] {dagbag.py:508} INFO - Filling up the DagBag from /home/airflow/.local/lib/python3.7/site-packages/airflow/example_dags/example_branch_day_of_week_operator.py
[2022-08-18 01:29:34,386] {processor.py:651} INFO - DAG(s) dict_keys(['example_weekday_branch_operator']) retrieved from /home/airflow/.local/lib/python3.7/site-packages/airflow/example_dags/example_branch_day_of_week_operator.py
[2022-08-18 01:29:34,407] {logging_mixin.py:115} INFO - [2022-08-18 01:29:34,407] {dag.py:2420} INFO - Sync 1 DAGs
[2022-08-18 01:29:34,429] {logging_mixin.py:115} INFO - [2022-08-18 01:29:34,429] {dag.py:2972} INFO - Setting next_dagrun for example_weekday_branch_operator to 2022-08-17T00:00:00+00:00, run_after=2022-08-18T00:00:00+00:00
[2022-08-18 01:29:34,458] {processor.py:161} INFO - Processing /home/airflow/.local/lib/python3.7/site-packages/airflow/example_dags/example_branch_day_of_week_operator.py took 0.084 seconds
[2022-08-18 01:30:05,326] {processor.py:153} INFO - Started process (PID=1226) to work on /home/airflow/.local/lib/python3.7/site-packages/airflow/example_dags/example_branch_day_of_week_operator.py
[2022-08-18 01:30:05,327] {processor.py:641} INFO - Processing file /home/airflow/.local/lib/python3.7/site-packages/airflow/example_dags/example_branch_day_of_week_operator.py for tasks to queue
[2022-08-18 01:30:05,327] {logging_mixin.py:115} INFO - [2022-08-18 01:30:05,327] {dagbag.py:508} INFO - Filling up the DagBag from /home/airflow/.local/lib/python3.7/site-packages/airflow/example_dags/example_branch_day_of_week_operator.py
[2022-08-18 01:30:05,333] {processor.py:651} INFO - DAG(s) dict_keys(['example_weekday_branch_operator']) retrieved from /home/airflow/.local/lib/python3.7/site-packages/airflow/example_dags/example_branch_day_of_week_operator.py
[2022-08-18 01:30:05,363] {logging_mixin.py:115} INFO - [2022-08-18 01:30:05,363] {dag.py:2420} INFO - Sync 1 DAGs
[2022-08-18 01:30:05,387] {logging_mixin.py:115} INFO - [2022-08-18 01:30:05,387] {dag.py:2972} INFO - Setting next_dagrun for example_weekday_branch_operator to 2022-08-17T00:00:00+00:00, run_after=2022-08-18T00:00:00+00:00
[2022-08-18 01:30:05,406] {processor.py:161} INFO - Processing /home/airflow/.local/lib/python3.7/site-packages/airflow/example_dags/example_branch_day_of_week_operator.py took 0.084 seconds
[2022-08-18 01:30:35,579] {processor.py:153} INFO - Started process (PID=1287) to work on /home/airflow/.local/lib/python3.7/site-packages/airflow/example_dags/example_branch_day_of_week_operator.py
[2022-08-18 01:30:35,579] {processor.py:641} INFO - Processing file /home/airflow/.local/lib/python3.7/site-packages/airflow/example_dags/example_branch_day_of_week_operator.py for tasks to queue
[2022-08-18 01:30:35,580] {logging_mixin.py:115} INFO - [2022-08-18 01:30:35,580] {dagbag.py:508} INFO - Filling up the DagBag from /home/airflow/.local/lib/python3.7/site-packages/airflow/example_dags/example_branch_day_of_week_operator.py
[2022-08-18 01:30:35,586] {processor.py:651} INFO - DAG(s) dict_keys(['example_weekday_branch_operator']) retrieved from /home/airflow/.local/lib/python3.7/site-packages/airflow/example_dags/example_branch_day_of_week_operator.py
[2022-08-18 01:30:35,611] {logging_mixin.py:115} INFO - [2022-08-18 01:30:35,611] {dag.py:2420} INFO - Sync 1 DAGs
[2022-08-18 01:30:35,633] {logging_mixin.py:115} INFO - [2022-08-18 01:30:35,633] {dag.py:2972} INFO - Setting next_dagrun for example_weekday_branch_operator to 2022-08-17T00:00:00+00:00, run_after=2022-08-18T00:00:00+00:00
[2022-08-18 01:30:35,647] {processor.py:161} INFO - Processing /home/airflow/.local/lib/python3.7/site-packages/airflow/example_dags/example_branch_day_of_week_operator.py took 0.072 seconds
[2022-08-18 01:31:05,739] {processor.py:153} INFO - Started process (PID=1348) to work on /home/airflow/.local/lib/python3.7/site-packages/airflow/example_dags/example_branch_day_of_week_operator.py
[2022-08-18 01:31:05,739] {processor.py:641} INFO - Processing file /home/airflow/.local/lib/python3.7/site-packages/airflow/example_dags/example_branch_day_of_week_operator.py for tasks to queue
[2022-08-18 01:31:05,739] {logging_mixin.py:115} INFO - [2022-08-18 01:31:05,739] {dagbag.py:508} INFO - Filling up the DagBag from /home/airflow/.local/lib/python3.7/site-packages/airflow/example_dags/example_branch_day_of_week_operator.py
[2022-08-18 01:31:05,746] {processor.py:651} INFO - DAG(s) dict_keys(['example_weekday_branch_operator']) retrieved from /home/airflow/.local/lib/python3.7/site-packages/airflow/example_dags/example_branch_day_of_week_operator.py
[2022-08-18 01:31:05,769] {logging_mixin.py:115} INFO - [2022-08-18 01:31:05,769] {dag.py:2420} INFO - Sync 1 DAGs
[2022-08-18 01:31:05,801] {logging_mixin.py:115} INFO - [2022-08-18 01:31:05,801] {dag.py:2972} INFO - Setting next_dagrun for example_weekday_branch_operator to 2022-08-17T00:00:00+00:00, run_after=2022-08-18T00:00:00+00:00
[2022-08-18 01:31:05,823] {processor.py:161} INFO - Processing /home/airflow/.local/lib/python3.7/site-packages/airflow/example_dags/example_branch_day_of_week_operator.py took 0.088 seconds
[2022-08-18 01:31:36,719] {processor.py:153} INFO - Started process (PID=1400) to work on /home/airflow/.local/lib/python3.7/site-packages/airflow/example_dags/example_branch_day_of_week_operator.py
[2022-08-18 01:31:36,720] {processor.py:641} INFO - Processing file /home/airflow/.local/lib/python3.7/site-packages/airflow/example_dags/example_branch_day_of_week_operator.py for tasks to queue
[2022-08-18 01:31:36,721] {logging_mixin.py:115} INFO - [2022-08-18 01:31:36,720] {dagbag.py:508} INFO - Filling up the DagBag from /home/airflow/.local/lib/python3.7/site-packages/airflow/example_dags/example_branch_day_of_week_operator.py
[2022-08-18 01:31:36,731] {processor.py:651} INFO - DAG(s) dict_keys(['example_weekday_branch_operator']) retrieved from /home/airflow/.local/lib/python3.7/site-packages/airflow/example_dags/example_branch_day_of_week_operator.py
[2022-08-18 01:31:36,754] {logging_mixin.py:115} INFO - [2022-08-18 01:31:36,754] {dag.py:2420} INFO - Sync 1 DAGs
[2022-08-18 01:31:36,781] {logging_mixin.py:115} INFO - [2022-08-18 01:31:36,781] {dag.py:2972} INFO - Setting next_dagrun for example_weekday_branch_operator to 2022-08-17T00:00:00+00:00, run_after=2022-08-18T00:00:00+00:00
[2022-08-18 01:31:36,797] {processor.py:161} INFO - Processing /home/airflow/.local/lib/python3.7/site-packages/airflow/example_dags/example_branch_day_of_week_operator.py took 0.083 seconds
[2022-08-18 01:32:07,727] {processor.py:153} INFO - Started process (PID=1461) to work on /home/airflow/.local/lib/python3.7/site-packages/airflow/example_dags/example_branch_day_of_week_operator.py
[2022-08-18 01:32:07,727] {processor.py:641} INFO - Processing file /home/airflow/.local/lib/python3.7/site-packages/airflow/example_dags/example_branch_day_of_week_operator.py for tasks to queue
[2022-08-18 01:32:07,728] {logging_mixin.py:115} INFO - [2022-08-18 01:32:07,728] {dagbag.py:508} INFO - Filling up the DagBag from /home/airflow/.local/lib/python3.7/site-packages/airflow/example_dags/example_branch_day_of_week_operator.py
[2022-08-18 01:32:07,734] {processor.py:651} INFO - DAG(s) dict_keys(['example_weekday_branch_operator']) retrieved from /home/airflow/.local/lib/python3.7/site-packages/airflow/example_dags/example_branch_day_of_week_operator.py
[2022-08-18 01:32:07,759] {logging_mixin.py:115} INFO - [2022-08-18 01:32:07,759] {dag.py:2420} INFO - Sync 1 DAGs
[2022-08-18 01:32:07,783] {logging_mixin.py:115} INFO - [2022-08-18 01:32:07,783] {dag.py:2972} INFO - Setting next_dagrun for example_weekday_branch_operator to 2022-08-17T00:00:00+00:00, run_after=2022-08-18T00:00:00+00:00
[2022-08-18 01:32:07,800] {processor.py:161} INFO - Processing /home/airflow/.local/lib/python3.7/site-packages/airflow/example_dags/example_branch_day_of_week_operator.py took 0.077 seconds
[2022-08-18 01:32:37,999] {processor.py:153} INFO - Started process (PID=1521) to work on /home/airflow/.local/lib/python3.7/site-packages/airflow/example_dags/example_branch_day_of_week_operator.py
[2022-08-18 01:32:38,000] {processor.py:641} INFO - Processing file /home/airflow/.local/lib/python3.7/site-packages/airflow/example_dags/example_branch_day_of_week_operator.py for tasks to queue
[2022-08-18 01:32:38,001] {logging_mixin.py:115} INFO - [2022-08-18 01:32:38,001] {dagbag.py:508} INFO - Filling up the DagBag from /home/airflow/.local/lib/python3.7/site-packages/airflow/example_dags/example_branch_day_of_week_operator.py
[2022-08-18 01:32:38,008] {processor.py:651} INFO - DAG(s) dict_keys(['example_weekday_branch_operator']) retrieved from /home/airflow/.local/lib/python3.7/site-packages/airflow/example_dags/example_branch_day_of_week_operator.py
[2022-08-18 01:32:38,031] {logging_mixin.py:115} INFO - [2022-08-18 01:32:38,030] {dag.py:2420} INFO - Sync 1 DAGs
[2022-08-18 01:32:38,053] {logging_mixin.py:115} INFO - [2022-08-18 01:32:38,053] {dag.py:2972} INFO - Setting next_dagrun for example_weekday_branch_operator to 2022-08-17T00:00:00+00:00, run_after=2022-08-18T00:00:00+00:00
[2022-08-18 01:32:38,074] {processor.py:161} INFO - Processing /home/airflow/.local/lib/python3.7/site-packages/airflow/example_dags/example_branch_day_of_week_operator.py took 0.079 seconds
[2022-08-18 01:33:08,151] {processor.py:153} INFO - Started process (PID=1573) to work on /home/airflow/.local/lib/python3.7/site-packages/airflow/example_dags/example_branch_day_of_week_operator.py
[2022-08-18 01:33:08,152] {processor.py:641} INFO - Processing file /home/airflow/.local/lib/python3.7/site-packages/airflow/example_dags/example_branch_day_of_week_operator.py for tasks to queue
[2022-08-18 01:33:08,153] {logging_mixin.py:115} INFO - [2022-08-18 01:33:08,153] {dagbag.py:508} INFO - Filling up the DagBag from /home/airflow/.local/lib/python3.7/site-packages/airflow/example_dags/example_branch_day_of_week_operator.py
[2022-08-18 01:33:08,163] {processor.py:651} INFO - DAG(s) dict_keys(['example_weekday_branch_operator']) retrieved from /home/airflow/.local/lib/python3.7/site-packages/airflow/example_dags/example_branch_day_of_week_operator.py
[2022-08-18 01:33:08,185] {logging_mixin.py:115} INFO - [2022-08-18 01:33:08,185] {dag.py:2420} INFO - Sync 1 DAGs
[2022-08-18 01:33:08,212] {logging_mixin.py:115} INFO - [2022-08-18 01:33:08,212] {dag.py:2972} INFO - Setting next_dagrun for example_weekday_branch_operator to 2022-08-17T00:00:00+00:00, run_after=2022-08-18T00:00:00+00:00
[2022-08-18 01:33:08,233] {processor.py:161} INFO - Processing /home/airflow/.local/lib/python3.7/site-packages/airflow/example_dags/example_branch_day_of_week_operator.py took 0.086 seconds
[2022-08-18 01:33:38,290] {processor.py:153} INFO - Started process (PID=1634) to work on /home/airflow/.local/lib/python3.7/site-packages/airflow/example_dags/example_branch_day_of_week_operator.py
[2022-08-18 01:33:38,290] {processor.py:641} INFO - Processing file /home/airflow/.local/lib/python3.7/site-packages/airflow/example_dags/example_branch_day_of_week_operator.py for tasks to queue
[2022-08-18 01:33:38,291] {logging_mixin.py:115} INFO - [2022-08-18 01:33:38,291] {dagbag.py:508} INFO - Filling up the DagBag from /home/airflow/.local/lib/python3.7/site-packages/airflow/example_dags/example_branch_day_of_week_operator.py
[2022-08-18 01:33:38,298] {processor.py:651} INFO - DAG(s) dict_keys(['example_weekday_branch_operator']) retrieved from /home/airflow/.local/lib/python3.7/site-packages/airflow/example_dags/example_branch_day_of_week_operator.py
[2022-08-18 01:33:38,319] {logging_mixin.py:115} INFO - [2022-08-18 01:33:38,319] {dag.py:2420} INFO - Sync 1 DAGs
[2022-08-18 01:33:38,341] {logging_mixin.py:115} INFO - [2022-08-18 01:33:38,340] {dag.py:2972} INFO - Setting next_dagrun for example_weekday_branch_operator to 2022-08-17T00:00:00+00:00, run_after=2022-08-18T00:00:00+00:00
[2022-08-18 01:33:38,356] {processor.py:161} INFO - Processing /home/airflow/.local/lib/python3.7/site-packages/airflow/example_dags/example_branch_day_of_week_operator.py took 0.070 seconds
[2022-08-18 01:34:09,182] {processor.py:153} INFO - Started process (PID=1696) to work on /home/airflow/.local/lib/python3.7/site-packages/airflow/example_dags/example_branch_day_of_week_operator.py
[2022-08-18 01:34:09,183] {processor.py:641} INFO - Processing file /home/airflow/.local/lib/python3.7/site-packages/airflow/example_dags/example_branch_day_of_week_operator.py for tasks to queue
[2022-08-18 01:34:09,183] {logging_mixin.py:115} INFO - [2022-08-18 01:34:09,183] {dagbag.py:508} INFO - Filling up the DagBag from /home/airflow/.local/lib/python3.7/site-packages/airflow/example_dags/example_branch_day_of_week_operator.py
[2022-08-18 01:34:09,192] {processor.py:651} INFO - DAG(s) dict_keys(['example_weekday_branch_operator']) retrieved from /home/airflow/.local/lib/python3.7/site-packages/airflow/example_dags/example_branch_day_of_week_operator.py
[2022-08-18 01:34:09,221] {logging_mixin.py:115} INFO - [2022-08-18 01:34:09,221] {dag.py:2420} INFO - Sync 1 DAGs
[2022-08-18 01:34:09,246] {logging_mixin.py:115} INFO - [2022-08-18 01:34:09,246] {dag.py:2972} INFO - Setting next_dagrun for example_weekday_branch_operator to 2022-08-17T00:00:00+00:00, run_after=2022-08-18T00:00:00+00:00
[2022-08-18 01:34:09,266] {processor.py:161} INFO - Processing /home/airflow/.local/lib/python3.7/site-packages/airflow/example_dags/example_branch_day_of_week_operator.py took 0.087 seconds
[2022-08-18 01:34:39,364] {processor.py:153} INFO - Started process (PID=1748) to work on /home/airflow/.local/lib/python3.7/site-packages/airflow/example_dags/example_branch_day_of_week_operator.py
[2022-08-18 01:34:39,365] {processor.py:641} INFO - Processing file /home/airflow/.local/lib/python3.7/site-packages/airflow/example_dags/example_branch_day_of_week_operator.py for tasks to queue
[2022-08-18 01:34:39,366] {logging_mixin.py:115} INFO - [2022-08-18 01:34:39,366] {dagbag.py:508} INFO - Filling up the DagBag from /home/airflow/.local/lib/python3.7/site-packages/airflow/example_dags/example_branch_day_of_week_operator.py
[2022-08-18 01:34:39,374] {processor.py:651} INFO - DAG(s) dict_keys(['example_weekday_branch_operator']) retrieved from /home/airflow/.local/lib/python3.7/site-packages/airflow/example_dags/example_branch_day_of_week_operator.py
[2022-08-18 01:34:39,394] {logging_mixin.py:115} INFO - [2022-08-18 01:34:39,394] {dag.py:2420} INFO - Sync 1 DAGs
[2022-08-18 01:34:39,417] {logging_mixin.py:115} INFO - [2022-08-18 01:34:39,417] {dag.py:2972} INFO - Setting next_dagrun for example_weekday_branch_operator to 2022-08-17T00:00:00+00:00, run_after=2022-08-18T00:00:00+00:00
[2022-08-18 01:34:39,429] {processor.py:161} INFO - Processing /home/airflow/.local/lib/python3.7/site-packages/airflow/example_dags/example_branch_day_of_week_operator.py took 0.070 seconds
[2022-08-18 01:35:09,557] {processor.py:153} INFO - Started process (PID=1809) to work on /home/airflow/.local/lib/python3.7/site-packages/airflow/example_dags/example_branch_day_of_week_operator.py
[2022-08-18 01:35:09,558] {processor.py:641} INFO - Processing file /home/airflow/.local/lib/python3.7/site-packages/airflow/example_dags/example_branch_day_of_week_operator.py for tasks to queue
[2022-08-18 01:35:09,558] {logging_mixin.py:115} INFO - [2022-08-18 01:35:09,558] {dagbag.py:508} INFO - Filling up the DagBag from /home/airflow/.local/lib/python3.7/site-packages/airflow/example_dags/example_branch_day_of_week_operator.py
[2022-08-18 01:35:09,567] {processor.py:651} INFO - DAG(s) dict_keys(['example_weekday_branch_operator']) retrieved from /home/airflow/.local/lib/python3.7/site-packages/airflow/example_dags/example_branch_day_of_week_operator.py
[2022-08-18 01:35:09,594] {logging_mixin.py:115} INFO - [2022-08-18 01:35:09,594] {dag.py:2420} INFO - Sync 1 DAGs
[2022-08-18 01:35:09,620] {logging_mixin.py:115} INFO - [2022-08-18 01:35:09,619] {dag.py:2972} INFO - Setting next_dagrun for example_weekday_branch_operator to 2022-08-17T00:00:00+00:00, run_after=2022-08-18T00:00:00+00:00
[2022-08-18 01:35:09,644] {processor.py:161} INFO - Processing /home/airflow/.local/lib/python3.7/site-packages/airflow/example_dags/example_branch_day_of_week_operator.py took 0.089 seconds
[2022-08-18 01:35:39,956] {processor.py:153} INFO - Started process (PID=1862) to work on /home/airflow/.local/lib/python3.7/site-packages/airflow/example_dags/example_branch_day_of_week_operator.py
[2022-08-18 01:35:39,956] {processor.py:641} INFO - Processing file /home/airflow/.local/lib/python3.7/site-packages/airflow/example_dags/example_branch_day_of_week_operator.py for tasks to queue
[2022-08-18 01:35:39,956] {logging_mixin.py:115} INFO - [2022-08-18 01:35:39,956] {dagbag.py:508} INFO - Filling up the DagBag from /home/airflow/.local/lib/python3.7/site-packages/airflow/example_dags/example_branch_day_of_week_operator.py
[2022-08-18 01:35:39,963] {processor.py:651} INFO - DAG(s) dict_keys(['example_weekday_branch_operator']) retrieved from /home/airflow/.local/lib/python3.7/site-packages/airflow/example_dags/example_branch_day_of_week_operator.py
[2022-08-18 01:35:39,988] {logging_mixin.py:115} INFO - [2022-08-18 01:35:39,988] {dag.py:2420} INFO - Sync 1 DAGs
[2022-08-18 01:35:40,010] {logging_mixin.py:115} INFO - [2022-08-18 01:35:40,010] {dag.py:2972} INFO - Setting next_dagrun for example_weekday_branch_operator to 2022-08-17T00:00:00+00:00, run_after=2022-08-18T00:00:00+00:00
[2022-08-18 01:35:40,033] {processor.py:161} INFO - Processing /home/airflow/.local/lib/python3.7/site-packages/airflow/example_dags/example_branch_day_of_week_operator.py took 0.080 seconds
