[2022-08-18 01:19:57,157] {processor.py:153} INFO - Started process (PID=81) to work on /home/airflow/.local/lib/python3.7/site-packages/airflow/example_dags/example_complex.py
[2022-08-18 01:19:57,157] {processor.py:641} INFO - Processing file /home/airflow/.local/lib/python3.7/site-packages/airflow/example_dags/example_complex.py for tasks to queue
[2022-08-18 01:19:57,158] {logging_mixin.py:115} INFO - [2022-08-18 01:19:57,158] {dagbag.py:508} INFO - Filling up the DagBag from /home/airflow/.local/lib/python3.7/site-packages/airflow/example_dags/example_complex.py
[2022-08-18 01:19:57,177] {processor.py:651} INFO - DAG(s) dict_keys(['example_complex']) retrieved from /home/airflow/.local/lib/python3.7/site-packages/airflow/example_dags/example_complex.py
[2022-08-18 01:19:57,277] {logging_mixin.py:115} INFO - [2022-08-18 01:19:57,277] {manager.py:508} INFO - Created Permission View: can edit on DAG:example_complex
[2022-08-18 01:19:57,302] {logging_mixin.py:115} INFO - [2022-08-18 01:19:57,302] {manager.py:508} INFO - Created Permission View: can read on DAG:example_complex
[2022-08-18 01:19:57,319] {logging_mixin.py:115} INFO - [2022-08-18 01:19:57,319] {manager.py:508} INFO - Created Permission View: can delete on DAG:example_complex
[2022-08-18 01:19:57,319] {logging_mixin.py:115} INFO - [2022-08-18 01:19:57,319] {dag.py:2420} INFO - Sync 1 DAGs
[2022-08-18 01:19:57,330] {logging_mixin.py:115} INFO - [2022-08-18 01:19:57,330] {dag.py:2439} INFO - Creating ORM DAG for example_complex
[2022-08-18 01:19:57,346] {logging_mixin.py:115} INFO - [2022-08-18 01:19:57,346] {dag.py:2972} INFO - Setting next_dagrun for example_complex to None, run_after=None
[2022-08-18 01:19:57,373] {processor.py:161} INFO - Processing /home/airflow/.local/lib/python3.7/site-packages/airflow/example_dags/example_complex.py took 0.219 seconds
[2022-08-18 01:20:28,354] {processor.py:153} INFO - Started process (PID=143) to work on /home/airflow/.local/lib/python3.7/site-packages/airflow/example_dags/example_complex.py
[2022-08-18 01:20:28,355] {processor.py:641} INFO - Processing file /home/airflow/.local/lib/python3.7/site-packages/airflow/example_dags/example_complex.py for tasks to queue
[2022-08-18 01:20:28,355] {logging_mixin.py:115} INFO - [2022-08-18 01:20:28,355] {dagbag.py:508} INFO - Filling up the DagBag from /home/airflow/.local/lib/python3.7/site-packages/airflow/example_dags/example_complex.py
[2022-08-18 01:20:28,367] {processor.py:651} INFO - DAG(s) dict_keys(['example_complex']) retrieved from /home/airflow/.local/lib/python3.7/site-packages/airflow/example_dags/example_complex.py
[2022-08-18 01:20:28,403] {logging_mixin.py:115} INFO - [2022-08-18 01:20:28,403] {dag.py:2420} INFO - Sync 1 DAGs
[2022-08-18 01:20:28,424] {logging_mixin.py:115} INFO - [2022-08-18 01:20:28,424] {dag.py:2972} INFO - Setting next_dagrun for example_complex to None, run_after=None
[2022-08-18 01:20:28,471] {processor.py:161} INFO - Processing /home/airflow/.local/lib/python3.7/site-packages/airflow/example_dags/example_complex.py took 0.121 seconds
[2022-08-18 01:20:58,739] {processor.py:153} INFO - Started process (PID=195) to work on /home/airflow/.local/lib/python3.7/site-packages/airflow/example_dags/example_complex.py
[2022-08-18 01:20:58,739] {processor.py:641} INFO - Processing file /home/airflow/.local/lib/python3.7/site-packages/airflow/example_dags/example_complex.py for tasks to queue
[2022-08-18 01:20:58,740] {logging_mixin.py:115} INFO - [2022-08-18 01:20:58,740] {dagbag.py:508} INFO - Filling up the DagBag from /home/airflow/.local/lib/python3.7/site-packages/airflow/example_dags/example_complex.py
[2022-08-18 01:20:58,755] {processor.py:651} INFO - DAG(s) dict_keys(['example_complex']) retrieved from /home/airflow/.local/lib/python3.7/site-packages/airflow/example_dags/example_complex.py
[2022-08-18 01:20:58,787] {logging_mixin.py:115} INFO - [2022-08-18 01:20:58,786] {dag.py:2420} INFO - Sync 1 DAGs
[2022-08-18 01:20:58,808] {logging_mixin.py:115} INFO - [2022-08-18 01:20:58,808] {dag.py:2972} INFO - Setting next_dagrun for example_complex to None, run_after=None
[2022-08-18 01:20:58,833] {processor.py:161} INFO - Processing /home/airflow/.local/lib/python3.7/site-packages/airflow/example_dags/example_complex.py took 0.099 seconds
[2022-08-18 01:21:28,993] {processor.py:153} INFO - Started process (PID=256) to work on /home/airflow/.local/lib/python3.7/site-packages/airflow/example_dags/example_complex.py
[2022-08-18 01:21:28,994] {processor.py:641} INFO - Processing file /home/airflow/.local/lib/python3.7/site-packages/airflow/example_dags/example_complex.py for tasks to queue
[2022-08-18 01:21:28,995] {logging_mixin.py:115} INFO - [2022-08-18 01:21:28,995] {dagbag.py:508} INFO - Filling up the DagBag from /home/airflow/.local/lib/python3.7/site-packages/airflow/example_dags/example_complex.py
[2022-08-18 01:21:29,008] {processor.py:651} INFO - DAG(s) dict_keys(['example_complex']) retrieved from /home/airflow/.local/lib/python3.7/site-packages/airflow/example_dags/example_complex.py
[2022-08-18 01:21:29,043] {logging_mixin.py:115} INFO - [2022-08-18 01:21:29,043] {dag.py:2420} INFO - Sync 1 DAGs
[2022-08-18 01:21:29,065] {logging_mixin.py:115} INFO - [2022-08-18 01:21:29,065] {dag.py:2972} INFO - Setting next_dagrun for example_complex to None, run_after=None
[2022-08-18 01:21:29,083] {processor.py:161} INFO - Processing /home/airflow/.local/lib/python3.7/site-packages/airflow/example_dags/example_complex.py took 0.094 seconds
[2022-08-18 01:21:59,239] {processor.py:153} INFO - Started process (PID=317) to work on /home/airflow/.local/lib/python3.7/site-packages/airflow/example_dags/example_complex.py
[2022-08-18 01:21:59,240] {processor.py:641} INFO - Processing file /home/airflow/.local/lib/python3.7/site-packages/airflow/example_dags/example_complex.py for tasks to queue
[2022-08-18 01:21:59,241] {logging_mixin.py:115} INFO - [2022-08-18 01:21:59,240] {dagbag.py:508} INFO - Filling up the DagBag from /home/airflow/.local/lib/python3.7/site-packages/airflow/example_dags/example_complex.py
[2022-08-18 01:21:59,254] {processor.py:651} INFO - DAG(s) dict_keys(['example_complex']) retrieved from /home/airflow/.local/lib/python3.7/site-packages/airflow/example_dags/example_complex.py
[2022-08-18 01:21:59,285] {logging_mixin.py:115} INFO - [2022-08-18 01:21:59,285] {dag.py:2420} INFO - Sync 1 DAGs
[2022-08-18 01:21:59,310] {logging_mixin.py:115} INFO - [2022-08-18 01:21:59,310] {dag.py:2972} INFO - Setting next_dagrun for example_complex to None, run_after=None
[2022-08-18 01:21:59,323] {processor.py:161} INFO - Processing /home/airflow/.local/lib/python3.7/site-packages/airflow/example_dags/example_complex.py took 0.088 seconds
[2022-08-18 01:22:29,488] {processor.py:153} INFO - Started process (PID=369) to work on /home/airflow/.local/lib/python3.7/site-packages/airflow/example_dags/example_complex.py
[2022-08-18 01:22:29,489] {processor.py:641} INFO - Processing file /home/airflow/.local/lib/python3.7/site-packages/airflow/example_dags/example_complex.py for tasks to queue
[2022-08-18 01:22:29,489] {logging_mixin.py:115} INFO - [2022-08-18 01:22:29,489] {dagbag.py:508} INFO - Filling up the DagBag from /home/airflow/.local/lib/python3.7/site-packages/airflow/example_dags/example_complex.py
[2022-08-18 01:22:29,504] {processor.py:651} INFO - DAG(s) dict_keys(['example_complex']) retrieved from /home/airflow/.local/lib/python3.7/site-packages/airflow/example_dags/example_complex.py
[2022-08-18 01:22:29,539] {logging_mixin.py:115} INFO - [2022-08-18 01:22:29,539] {dag.py:2420} INFO - Sync 1 DAGs
[2022-08-18 01:22:29,560] {logging_mixin.py:115} INFO - [2022-08-18 01:22:29,560] {dag.py:2972} INFO - Setting next_dagrun for example_complex to None, run_after=None
[2022-08-18 01:22:29,572] {processor.py:161} INFO - Processing /home/airflow/.local/lib/python3.7/site-packages/airflow/example_dags/example_complex.py took 0.086 seconds
[2022-08-18 01:22:59,708] {processor.py:153} INFO - Started process (PID=430) to work on /home/airflow/.local/lib/python3.7/site-packages/airflow/example_dags/example_complex.py
[2022-08-18 01:22:59,709] {processor.py:641} INFO - Processing file /home/airflow/.local/lib/python3.7/site-packages/airflow/example_dags/example_complex.py for tasks to queue
[2022-08-18 01:22:59,709] {logging_mixin.py:115} INFO - [2022-08-18 01:22:59,709] {dagbag.py:508} INFO - Filling up the DagBag from /home/airflow/.local/lib/python3.7/site-packages/airflow/example_dags/example_complex.py
[2022-08-18 01:22:59,721] {processor.py:651} INFO - DAG(s) dict_keys(['example_complex']) retrieved from /home/airflow/.local/lib/python3.7/site-packages/airflow/example_dags/example_complex.py
[2022-08-18 01:22:59,751] {logging_mixin.py:115} INFO - [2022-08-18 01:22:59,750] {dag.py:2420} INFO - Sync 1 DAGs
[2022-08-18 01:22:59,773] {logging_mixin.py:115} INFO - [2022-08-18 01:22:59,773] {dag.py:2972} INFO - Setting next_dagrun for example_complex to None, run_after=None
[2022-08-18 01:22:59,789] {processor.py:161} INFO - Processing /home/airflow/.local/lib/python3.7/site-packages/airflow/example_dags/example_complex.py took 0.086 seconds
[2022-08-18 01:23:30,050] {processor.py:153} INFO - Started process (PID=482) to work on /home/airflow/.local/lib/python3.7/site-packages/airflow/example_dags/example_complex.py
[2022-08-18 01:23:30,051] {processor.py:641} INFO - Processing file /home/airflow/.local/lib/python3.7/site-packages/airflow/example_dags/example_complex.py for tasks to queue
[2022-08-18 01:23:30,051] {logging_mixin.py:115} INFO - [2022-08-18 01:23:30,051] {dagbag.py:508} INFO - Filling up the DagBag from /home/airflow/.local/lib/python3.7/site-packages/airflow/example_dags/example_complex.py
[2022-08-18 01:23:30,065] {processor.py:651} INFO - DAG(s) dict_keys(['example_complex']) retrieved from /home/airflow/.local/lib/python3.7/site-packages/airflow/example_dags/example_complex.py
[2022-08-18 01:23:30,095] {logging_mixin.py:115} INFO - [2022-08-18 01:23:30,095] {dag.py:2420} INFO - Sync 1 DAGs
[2022-08-18 01:23:30,119] {logging_mixin.py:115} INFO - [2022-08-18 01:23:30,118] {dag.py:2972} INFO - Setting next_dagrun for example_complex to None, run_after=None
[2022-08-18 01:23:30,131] {processor.py:161} INFO - Processing /home/airflow/.local/lib/python3.7/site-packages/airflow/example_dags/example_complex.py took 0.085 seconds
[2022-08-18 01:24:00,205] {processor.py:153} INFO - Started process (PID=543) to work on /home/airflow/.local/lib/python3.7/site-packages/airflow/example_dags/example_complex.py
[2022-08-18 01:24:00,227] {processor.py:641} INFO - Processing file /home/airflow/.local/lib/python3.7/site-packages/airflow/example_dags/example_complex.py for tasks to queue
[2022-08-18 01:24:00,228] {logging_mixin.py:115} INFO - [2022-08-18 01:24:00,228] {dagbag.py:508} INFO - Filling up the DagBag from /home/airflow/.local/lib/python3.7/site-packages/airflow/example_dags/example_complex.py
[2022-08-18 01:24:00,244] {processor.py:651} INFO - DAG(s) dict_keys(['example_complex']) retrieved from /home/airflow/.local/lib/python3.7/site-packages/airflow/example_dags/example_complex.py
[2022-08-18 01:24:00,272] {logging_mixin.py:115} INFO - [2022-08-18 01:24:00,272] {dag.py:2420} INFO - Sync 1 DAGs
[2022-08-18 01:24:00,293] {logging_mixin.py:115} INFO - [2022-08-18 01:24:00,293] {dag.py:2972} INFO - Setting next_dagrun for example_complex to None, run_after=None
[2022-08-18 01:24:00,319] {processor.py:161} INFO - Processing /home/airflow/.local/lib/python3.7/site-packages/airflow/example_dags/example_complex.py took 0.116 seconds
[2022-08-18 01:24:30,423] {processor.py:153} INFO - Started process (PID=604) to work on /home/airflow/.local/lib/python3.7/site-packages/airflow/example_dags/example_complex.py
[2022-08-18 01:24:30,423] {processor.py:641} INFO - Processing file /home/airflow/.local/lib/python3.7/site-packages/airflow/example_dags/example_complex.py for tasks to queue
[2022-08-18 01:24:30,424] {logging_mixin.py:115} INFO - [2022-08-18 01:24:30,424] {dagbag.py:508} INFO - Filling up the DagBag from /home/airflow/.local/lib/python3.7/site-packages/airflow/example_dags/example_complex.py
[2022-08-18 01:24:30,437] {processor.py:651} INFO - DAG(s) dict_keys(['example_complex']) retrieved from /home/airflow/.local/lib/python3.7/site-packages/airflow/example_dags/example_complex.py
[2022-08-18 01:24:30,467] {logging_mixin.py:115} INFO - [2022-08-18 01:24:30,467] {dag.py:2420} INFO - Sync 1 DAGs
[2022-08-18 01:24:30,492] {logging_mixin.py:115} INFO - [2022-08-18 01:24:30,492] {dag.py:2972} INFO - Setting next_dagrun for example_complex to None, run_after=None
[2022-08-18 01:24:30,515] {processor.py:161} INFO - Processing /home/airflow/.local/lib/python3.7/site-packages/airflow/example_dags/example_complex.py took 0.097 seconds
[2022-08-18 01:25:00,944] {processor.py:153} INFO - Started process (PID=656) to work on /home/airflow/.local/lib/python3.7/site-packages/airflow/example_dags/example_complex.py
[2022-08-18 01:25:00,945] {processor.py:641} INFO - Processing file /home/airflow/.local/lib/python3.7/site-packages/airflow/example_dags/example_complex.py for tasks to queue
[2022-08-18 01:25:00,946] {logging_mixin.py:115} INFO - [2022-08-18 01:25:00,946] {dagbag.py:508} INFO - Filling up the DagBag from /home/airflow/.local/lib/python3.7/site-packages/airflow/example_dags/example_complex.py
[2022-08-18 01:25:00,960] {processor.py:651} INFO - DAG(s) dict_keys(['example_complex']) retrieved from /home/airflow/.local/lib/python3.7/site-packages/airflow/example_dags/example_complex.py
[2022-08-18 01:25:00,991] {logging_mixin.py:115} INFO - [2022-08-18 01:25:00,990] {dag.py:2420} INFO - Sync 1 DAGs
[2022-08-18 01:25:01,016] {logging_mixin.py:115} INFO - [2022-08-18 01:25:01,016] {dag.py:2972} INFO - Setting next_dagrun for example_complex to None, run_after=None
[2022-08-18 01:25:01,041] {processor.py:161} INFO - Processing /home/airflow/.local/lib/python3.7/site-packages/airflow/example_dags/example_complex.py took 0.101 seconds
[2022-08-18 01:25:31,082] {processor.py:153} INFO - Started process (PID=718) to work on /home/airflow/.local/lib/python3.7/site-packages/airflow/example_dags/example_complex.py
[2022-08-18 01:25:31,082] {processor.py:641} INFO - Processing file /home/airflow/.local/lib/python3.7/site-packages/airflow/example_dags/example_complex.py for tasks to queue
[2022-08-18 01:25:31,083] {logging_mixin.py:115} INFO - [2022-08-18 01:25:31,083] {dagbag.py:508} INFO - Filling up the DagBag from /home/airflow/.local/lib/python3.7/site-packages/airflow/example_dags/example_complex.py
[2022-08-18 01:25:31,094] {processor.py:651} INFO - DAG(s) dict_keys(['example_complex']) retrieved from /home/airflow/.local/lib/python3.7/site-packages/airflow/example_dags/example_complex.py
[2022-08-18 01:25:31,132] {logging_mixin.py:115} INFO - [2022-08-18 01:25:31,132] {dag.py:2420} INFO - Sync 1 DAGs
[2022-08-18 01:25:31,153] {logging_mixin.py:115} INFO - [2022-08-18 01:25:31,153] {dag.py:2972} INFO - Setting next_dagrun for example_complex to None, run_after=None
[2022-08-18 01:25:31,175] {processor.py:161} INFO - Processing /home/airflow/.local/lib/python3.7/site-packages/airflow/example_dags/example_complex.py took 0.096 seconds
[2022-08-18 01:26:01,593] {processor.py:153} INFO - Started process (PID=770) to work on /home/airflow/.local/lib/python3.7/site-packages/airflow/example_dags/example_complex.py
[2022-08-18 01:26:01,594] {processor.py:641} INFO - Processing file /home/airflow/.local/lib/python3.7/site-packages/airflow/example_dags/example_complex.py for tasks to queue
[2022-08-18 01:26:01,595] {logging_mixin.py:115} INFO - [2022-08-18 01:26:01,595] {dagbag.py:508} INFO - Filling up the DagBag from /home/airflow/.local/lib/python3.7/site-packages/airflow/example_dags/example_complex.py
[2022-08-18 01:26:01,610] {processor.py:651} INFO - DAG(s) dict_keys(['example_complex']) retrieved from /home/airflow/.local/lib/python3.7/site-packages/airflow/example_dags/example_complex.py
[2022-08-18 01:26:01,643] {logging_mixin.py:115} INFO - [2022-08-18 01:26:01,643] {dag.py:2420} INFO - Sync 1 DAGs
[2022-08-18 01:26:01,666] {logging_mixin.py:115} INFO - [2022-08-18 01:26:01,666] {dag.py:2972} INFO - Setting next_dagrun for example_complex to None, run_after=None
[2022-08-18 01:26:01,684] {processor.py:161} INFO - Processing /home/airflow/.local/lib/python3.7/site-packages/airflow/example_dags/example_complex.py took 0.095 seconds
[2022-08-18 01:26:31,700] {processor.py:153} INFO - Started process (PID=832) to work on /home/airflow/.local/lib/python3.7/site-packages/airflow/example_dags/example_complex.py
[2022-08-18 01:26:31,710] {processor.py:641} INFO - Processing file /home/airflow/.local/lib/python3.7/site-packages/airflow/example_dags/example_complex.py for tasks to queue
[2022-08-18 01:26:31,711] {logging_mixin.py:115} INFO - [2022-08-18 01:26:31,711] {dagbag.py:508} INFO - Filling up the DagBag from /home/airflow/.local/lib/python3.7/site-packages/airflow/example_dags/example_complex.py
[2022-08-18 01:26:31,726] {processor.py:651} INFO - DAG(s) dict_keys(['example_complex']) retrieved from /home/airflow/.local/lib/python3.7/site-packages/airflow/example_dags/example_complex.py
[2022-08-18 01:26:31,758] {logging_mixin.py:115} INFO - [2022-08-18 01:26:31,758] {dag.py:2420} INFO - Sync 1 DAGs
[2022-08-18 01:26:31,778] {logging_mixin.py:115} INFO - [2022-08-18 01:26:31,778] {dag.py:2972} INFO - Setting next_dagrun for example_complex to None, run_after=None
[2022-08-18 01:26:31,809] {processor.py:161} INFO - Processing /home/airflow/.local/lib/python3.7/site-packages/airflow/example_dags/example_complex.py took 0.111 seconds
[2022-08-18 01:27:02,121] {processor.py:153} INFO - Started process (PID=892) to work on /home/airflow/.local/lib/python3.7/site-packages/airflow/example_dags/example_complex.py
[2022-08-18 01:27:02,121] {processor.py:641} INFO - Processing file /home/airflow/.local/lib/python3.7/site-packages/airflow/example_dags/example_complex.py for tasks to queue
[2022-08-18 01:27:02,122] {logging_mixin.py:115} INFO - [2022-08-18 01:27:02,122] {dagbag.py:508} INFO - Filling up the DagBag from /home/airflow/.local/lib/python3.7/site-packages/airflow/example_dags/example_complex.py
[2022-08-18 01:27:02,136] {processor.py:651} INFO - DAG(s) dict_keys(['example_complex']) retrieved from /home/airflow/.local/lib/python3.7/site-packages/airflow/example_dags/example_complex.py
[2022-08-18 01:27:02,171] {logging_mixin.py:115} INFO - [2022-08-18 01:27:02,171] {dag.py:2420} INFO - Sync 1 DAGs
[2022-08-18 01:27:02,193] {logging_mixin.py:115} INFO - [2022-08-18 01:27:02,193] {dag.py:2972} INFO - Setting next_dagrun for example_complex to None, run_after=None
[2022-08-18 01:27:02,217] {processor.py:161} INFO - Processing /home/airflow/.local/lib/python3.7/site-packages/airflow/example_dags/example_complex.py took 0.101 seconds
[2022-08-18 01:27:32,402] {processor.py:153} INFO - Started process (PID=944) to work on /home/airflow/.local/lib/python3.7/site-packages/airflow/example_dags/example_complex.py
[2022-08-18 01:27:32,403] {processor.py:641} INFO - Processing file /home/airflow/.local/lib/python3.7/site-packages/airflow/example_dags/example_complex.py for tasks to queue
[2022-08-18 01:27:32,403] {logging_mixin.py:115} INFO - [2022-08-18 01:27:32,403] {dagbag.py:508} INFO - Filling up the DagBag from /home/airflow/.local/lib/python3.7/site-packages/airflow/example_dags/example_complex.py
[2022-08-18 01:27:32,415] {processor.py:651} INFO - DAG(s) dict_keys(['example_complex']) retrieved from /home/airflow/.local/lib/python3.7/site-packages/airflow/example_dags/example_complex.py
[2022-08-18 01:27:32,445] {logging_mixin.py:115} INFO - [2022-08-18 01:27:32,445] {dag.py:2420} INFO - Sync 1 DAGs
[2022-08-18 01:27:32,470] {logging_mixin.py:115} INFO - [2022-08-18 01:27:32,470] {dag.py:2972} INFO - Setting next_dagrun for example_complex to None, run_after=None
[2022-08-18 01:27:32,491] {processor.py:161} INFO - Processing /home/airflow/.local/lib/python3.7/site-packages/airflow/example_dags/example_complex.py took 0.093 seconds
[2022-08-18 01:28:02,628] {processor.py:153} INFO - Started process (PID=1005) to work on /home/airflow/.local/lib/python3.7/site-packages/airflow/example_dags/example_complex.py
[2022-08-18 01:28:02,628] {processor.py:641} INFO - Processing file /home/airflow/.local/lib/python3.7/site-packages/airflow/example_dags/example_complex.py for tasks to queue
[2022-08-18 01:28:02,629] {logging_mixin.py:115} INFO - [2022-08-18 01:28:02,628] {dagbag.py:508} INFO - Filling up the DagBag from /home/airflow/.local/lib/python3.7/site-packages/airflow/example_dags/example_complex.py
[2022-08-18 01:28:02,641] {processor.py:651} INFO - DAG(s) dict_keys(['example_complex']) retrieved from /home/airflow/.local/lib/python3.7/site-packages/airflow/example_dags/example_complex.py
[2022-08-18 01:28:02,674] {logging_mixin.py:115} INFO - [2022-08-18 01:28:02,674] {dag.py:2420} INFO - Sync 1 DAGs
[2022-08-18 01:28:02,695] {logging_mixin.py:115} INFO - [2022-08-18 01:28:02,695] {dag.py:2972} INFO - Setting next_dagrun for example_complex to None, run_after=None
[2022-08-18 01:28:02,716] {processor.py:161} INFO - Processing /home/airflow/.local/lib/python3.7/site-packages/airflow/example_dags/example_complex.py took 0.090 seconds
[2022-08-18 01:28:33,135] {processor.py:153} INFO - Started process (PID=1066) to work on /home/airflow/.local/lib/python3.7/site-packages/airflow/example_dags/example_complex.py
[2022-08-18 01:28:33,135] {processor.py:641} INFO - Processing file /home/airflow/.local/lib/python3.7/site-packages/airflow/example_dags/example_complex.py for tasks to queue
[2022-08-18 01:28:33,136] {logging_mixin.py:115} INFO - [2022-08-18 01:28:33,136] {dagbag.py:508} INFO - Filling up the DagBag from /home/airflow/.local/lib/python3.7/site-packages/airflow/example_dags/example_complex.py
[2022-08-18 01:28:33,147] {processor.py:651} INFO - DAG(s) dict_keys(['example_complex']) retrieved from /home/airflow/.local/lib/python3.7/site-packages/airflow/example_dags/example_complex.py
[2022-08-18 01:28:33,176] {logging_mixin.py:115} INFO - [2022-08-18 01:28:33,176] {dag.py:2420} INFO - Sync 1 DAGs
[2022-08-18 01:28:33,199] {logging_mixin.py:115} INFO - [2022-08-18 01:28:33,199] {dag.py:2972} INFO - Setting next_dagrun for example_complex to None, run_after=None
[2022-08-18 01:28:33,227] {processor.py:161} INFO - Processing /home/airflow/.local/lib/python3.7/site-packages/airflow/example_dags/example_complex.py took 0.094 seconds
[2022-08-18 01:29:04,449] {processor.py:153} INFO - Started process (PID=1118) to work on /home/airflow/.local/lib/python3.7/site-packages/airflow/example_dags/example_complex.py
[2022-08-18 01:29:04,450] {processor.py:641} INFO - Processing file /home/airflow/.local/lib/python3.7/site-packages/airflow/example_dags/example_complex.py for tasks to queue
[2022-08-18 01:29:04,451] {logging_mixin.py:115} INFO - [2022-08-18 01:29:04,451] {dagbag.py:508} INFO - Filling up the DagBag from /home/airflow/.local/lib/python3.7/site-packages/airflow/example_dags/example_complex.py
[2022-08-18 01:29:04,467] {processor.py:651} INFO - DAG(s) dict_keys(['example_complex']) retrieved from /home/airflow/.local/lib/python3.7/site-packages/airflow/example_dags/example_complex.py
[2022-08-18 01:29:04,500] {logging_mixin.py:115} INFO - [2022-08-18 01:29:04,500] {dag.py:2420} INFO - Sync 1 DAGs
[2022-08-18 01:29:04,522] {logging_mixin.py:115} INFO - [2022-08-18 01:29:04,522] {dag.py:2972} INFO - Setting next_dagrun for example_complex to None, run_after=None
[2022-08-18 01:29:04,543] {processor.py:161} INFO - Processing /home/airflow/.local/lib/python3.7/site-packages/airflow/example_dags/example_complex.py took 0.099 seconds
[2022-08-18 01:29:34,598] {processor.py:153} INFO - Started process (PID=1179) to work on /home/airflow/.local/lib/python3.7/site-packages/airflow/example_dags/example_complex.py
[2022-08-18 01:29:34,599] {processor.py:641} INFO - Processing file /home/airflow/.local/lib/python3.7/site-packages/airflow/example_dags/example_complex.py for tasks to queue
[2022-08-18 01:29:34,600] {logging_mixin.py:115} INFO - [2022-08-18 01:29:34,600] {dagbag.py:508} INFO - Filling up the DagBag from /home/airflow/.local/lib/python3.7/site-packages/airflow/example_dags/example_complex.py
[2022-08-18 01:29:34,615] {processor.py:651} INFO - DAG(s) dict_keys(['example_complex']) retrieved from /home/airflow/.local/lib/python3.7/site-packages/airflow/example_dags/example_complex.py
[2022-08-18 01:29:34,641] {logging_mixin.py:115} INFO - [2022-08-18 01:29:34,640] {dag.py:2420} INFO - Sync 1 DAGs
[2022-08-18 01:29:34,663] {logging_mixin.py:115} INFO - [2022-08-18 01:29:34,663] {dag.py:2972} INFO - Setting next_dagrun for example_complex to None, run_after=None
[2022-08-18 01:29:34,684] {processor.py:161} INFO - Processing /home/airflow/.local/lib/python3.7/site-packages/airflow/example_dags/example_complex.py took 0.090 seconds
[2022-08-18 01:30:05,543] {processor.py:153} INFO - Started process (PID=1231) to work on /home/airflow/.local/lib/python3.7/site-packages/airflow/example_dags/example_complex.py
[2022-08-18 01:30:05,544] {processor.py:641} INFO - Processing file /home/airflow/.local/lib/python3.7/site-packages/airflow/example_dags/example_complex.py for tasks to queue
[2022-08-18 01:30:05,544] {logging_mixin.py:115} INFO - [2022-08-18 01:30:05,544] {dagbag.py:508} INFO - Filling up the DagBag from /home/airflow/.local/lib/python3.7/site-packages/airflow/example_dags/example_complex.py
[2022-08-18 01:30:05,561] {processor.py:651} INFO - DAG(s) dict_keys(['example_complex']) retrieved from /home/airflow/.local/lib/python3.7/site-packages/airflow/example_dags/example_complex.py
[2022-08-18 01:30:05,596] {logging_mixin.py:115} INFO - [2022-08-18 01:30:05,596] {dag.py:2420} INFO - Sync 1 DAGs
[2022-08-18 01:30:05,625] {logging_mixin.py:115} INFO - [2022-08-18 01:30:05,625] {dag.py:2972} INFO - Setting next_dagrun for example_complex to None, run_after=None
[2022-08-18 01:30:05,740] {processor.py:161} INFO - Processing /home/airflow/.local/lib/python3.7/site-packages/airflow/example_dags/example_complex.py took 0.201 seconds
[2022-08-18 01:30:35,788] {processor.py:153} INFO - Started process (PID=1292) to work on /home/airflow/.local/lib/python3.7/site-packages/airflow/example_dags/example_complex.py
[2022-08-18 01:30:35,789] {processor.py:641} INFO - Processing file /home/airflow/.local/lib/python3.7/site-packages/airflow/example_dags/example_complex.py for tasks to queue
[2022-08-18 01:30:35,790] {logging_mixin.py:115} INFO - [2022-08-18 01:30:35,790] {dagbag.py:508} INFO - Filling up the DagBag from /home/airflow/.local/lib/python3.7/site-packages/airflow/example_dags/example_complex.py
[2022-08-18 01:30:35,804] {processor.py:651} INFO - DAG(s) dict_keys(['example_complex']) retrieved from /home/airflow/.local/lib/python3.7/site-packages/airflow/example_dags/example_complex.py
[2022-08-18 01:30:35,838] {logging_mixin.py:115} INFO - [2022-08-18 01:30:35,838] {dag.py:2420} INFO - Sync 1 DAGs
[2022-08-18 01:30:35,861] {logging_mixin.py:115} INFO - [2022-08-18 01:30:35,861] {dag.py:2972} INFO - Setting next_dagrun for example_complex to None, run_after=None
[2022-08-18 01:30:35,884] {processor.py:161} INFO - Processing /home/airflow/.local/lib/python3.7/site-packages/airflow/example_dags/example_complex.py took 0.100 seconds
[2022-08-18 01:31:05,991] {processor.py:153} INFO - Started process (PID=1353) to work on /home/airflow/.local/lib/python3.7/site-packages/airflow/example_dags/example_complex.py
[2022-08-18 01:31:05,991] {processor.py:641} INFO - Processing file /home/airflow/.local/lib/python3.7/site-packages/airflow/example_dags/example_complex.py for tasks to queue
[2022-08-18 01:31:05,991] {logging_mixin.py:115} INFO - [2022-08-18 01:31:05,991] {dagbag.py:508} INFO - Filling up the DagBag from /home/airflow/.local/lib/python3.7/site-packages/airflow/example_dags/example_complex.py
[2022-08-18 01:31:06,003] {processor.py:651} INFO - DAG(s) dict_keys(['example_complex']) retrieved from /home/airflow/.local/lib/python3.7/site-packages/airflow/example_dags/example_complex.py
[2022-08-18 01:31:06,030] {logging_mixin.py:115} INFO - [2022-08-18 01:31:06,030] {dag.py:2420} INFO - Sync 1 DAGs
[2022-08-18 01:31:06,049] {logging_mixin.py:115} INFO - [2022-08-18 01:31:06,049] {dag.py:2972} INFO - Setting next_dagrun for example_complex to None, run_after=None
[2022-08-18 01:31:06,066] {processor.py:161} INFO - Processing /home/airflow/.local/lib/python3.7/site-packages/airflow/example_dags/example_complex.py took 0.077 seconds
[2022-08-18 01:31:36,999] {processor.py:153} INFO - Started process (PID=1405) to work on /home/airflow/.local/lib/python3.7/site-packages/airflow/example_dags/example_complex.py
[2022-08-18 01:31:37,000] {processor.py:641} INFO - Processing file /home/airflow/.local/lib/python3.7/site-packages/airflow/example_dags/example_complex.py for tasks to queue
[2022-08-18 01:31:37,000] {logging_mixin.py:115} INFO - [2022-08-18 01:31:37,000] {dagbag.py:508} INFO - Filling up the DagBag from /home/airflow/.local/lib/python3.7/site-packages/airflow/example_dags/example_complex.py
[2022-08-18 01:31:37,013] {processor.py:651} INFO - DAG(s) dict_keys(['example_complex']) retrieved from /home/airflow/.local/lib/python3.7/site-packages/airflow/example_dags/example_complex.py
[2022-08-18 01:31:37,050] {logging_mixin.py:115} INFO - [2022-08-18 01:31:37,049] {dag.py:2420} INFO - Sync 1 DAGs
[2022-08-18 01:31:37,076] {logging_mixin.py:115} INFO - [2022-08-18 01:31:37,076] {dag.py:2972} INFO - Setting next_dagrun for example_complex to None, run_after=None
[2022-08-18 01:31:37,106] {processor.py:161} INFO - Processing /home/airflow/.local/lib/python3.7/site-packages/airflow/example_dags/example_complex.py took 0.110 seconds
[2022-08-18 01:32:07,990] {processor.py:153} INFO - Started process (PID=1466) to work on /home/airflow/.local/lib/python3.7/site-packages/airflow/example_dags/example_complex.py
[2022-08-18 01:32:07,990] {processor.py:641} INFO - Processing file /home/airflow/.local/lib/python3.7/site-packages/airflow/example_dags/example_complex.py for tasks to queue
[2022-08-18 01:32:07,991] {logging_mixin.py:115} INFO - [2022-08-18 01:32:07,991] {dagbag.py:508} INFO - Filling up the DagBag from /home/airflow/.local/lib/python3.7/site-packages/airflow/example_dags/example_complex.py
[2022-08-18 01:32:08,008] {processor.py:651} INFO - DAG(s) dict_keys(['example_complex']) retrieved from /home/airflow/.local/lib/python3.7/site-packages/airflow/example_dags/example_complex.py
[2022-08-18 01:32:08,047] {logging_mixin.py:115} INFO - [2022-08-18 01:32:08,046] {dag.py:2420} INFO - Sync 1 DAGs
[2022-08-18 01:32:08,068] {logging_mixin.py:115} INFO - [2022-08-18 01:32:08,067] {dag.py:2972} INFO - Setting next_dagrun for example_complex to None, run_after=None
[2022-08-18 01:32:08,090] {processor.py:161} INFO - Processing /home/airflow/.local/lib/python3.7/site-packages/airflow/example_dags/example_complex.py took 0.102 seconds
[2022-08-18 01:32:38,243] {processor.py:153} INFO - Started process (PID=1526) to work on /home/airflow/.local/lib/python3.7/site-packages/airflow/example_dags/example_complex.py
[2022-08-18 01:32:38,259] {processor.py:641} INFO - Processing file /home/airflow/.local/lib/python3.7/site-packages/airflow/example_dags/example_complex.py for tasks to queue
[2022-08-18 01:32:38,260] {logging_mixin.py:115} INFO - [2022-08-18 01:32:38,260] {dagbag.py:508} INFO - Filling up the DagBag from /home/airflow/.local/lib/python3.7/site-packages/airflow/example_dags/example_complex.py
[2022-08-18 01:32:38,277] {processor.py:651} INFO - DAG(s) dict_keys(['example_complex']) retrieved from /home/airflow/.local/lib/python3.7/site-packages/airflow/example_dags/example_complex.py
[2022-08-18 01:32:38,308] {logging_mixin.py:115} INFO - [2022-08-18 01:32:38,308] {dag.py:2420} INFO - Sync 1 DAGs
[2022-08-18 01:32:38,332] {logging_mixin.py:115} INFO - [2022-08-18 01:32:38,332] {dag.py:2972} INFO - Setting next_dagrun for example_complex to None, run_after=None
[2022-08-18 01:32:38,347] {processor.py:161} INFO - Processing /home/airflow/.local/lib/python3.7/site-packages/airflow/example_dags/example_complex.py took 0.107 seconds
[2022-08-18 01:33:08,422] {processor.py:153} INFO - Started process (PID=1578) to work on /home/airflow/.local/lib/python3.7/site-packages/airflow/example_dags/example_complex.py
[2022-08-18 01:33:08,423] {processor.py:641} INFO - Processing file /home/airflow/.local/lib/python3.7/site-packages/airflow/example_dags/example_complex.py for tasks to queue
[2022-08-18 01:33:08,423] {logging_mixin.py:115} INFO - [2022-08-18 01:33:08,423] {dagbag.py:508} INFO - Filling up the DagBag from /home/airflow/.local/lib/python3.7/site-packages/airflow/example_dags/example_complex.py
[2022-08-18 01:33:08,437] {processor.py:651} INFO - DAG(s) dict_keys(['example_complex']) retrieved from /home/airflow/.local/lib/python3.7/site-packages/airflow/example_dags/example_complex.py
[2022-08-18 01:33:08,465] {logging_mixin.py:115} INFO - [2022-08-18 01:33:08,465] {dag.py:2420} INFO - Sync 1 DAGs
[2022-08-18 01:33:08,489] {logging_mixin.py:115} INFO - [2022-08-18 01:33:08,489] {dag.py:2972} INFO - Setting next_dagrun for example_complex to None, run_after=None
[2022-08-18 01:33:08,505] {processor.py:161} INFO - Processing /home/airflow/.local/lib/python3.7/site-packages/airflow/example_dags/example_complex.py took 0.088 seconds
[2022-08-18 01:33:38,583] {processor.py:153} INFO - Started process (PID=1639) to work on /home/airflow/.local/lib/python3.7/site-packages/airflow/example_dags/example_complex.py
[2022-08-18 01:33:38,584] {processor.py:641} INFO - Processing file /home/airflow/.local/lib/python3.7/site-packages/airflow/example_dags/example_complex.py for tasks to queue
[2022-08-18 01:33:38,585] {logging_mixin.py:115} INFO - [2022-08-18 01:33:38,585] {dagbag.py:508} INFO - Filling up the DagBag from /home/airflow/.local/lib/python3.7/site-packages/airflow/example_dags/example_complex.py
[2022-08-18 01:33:38,599] {processor.py:651} INFO - DAG(s) dict_keys(['example_complex']) retrieved from /home/airflow/.local/lib/python3.7/site-packages/airflow/example_dags/example_complex.py
[2022-08-18 01:33:38,632] {logging_mixin.py:115} INFO - [2022-08-18 01:33:38,632] {dag.py:2420} INFO - Sync 1 DAGs
[2022-08-18 01:33:38,654] {logging_mixin.py:115} INFO - [2022-08-18 01:33:38,654] {dag.py:2972} INFO - Setting next_dagrun for example_complex to None, run_after=None
[2022-08-18 01:33:38,675] {processor.py:161} INFO - Processing /home/airflow/.local/lib/python3.7/site-packages/airflow/example_dags/example_complex.py took 0.098 seconds
[2022-08-18 01:34:09,449] {processor.py:153} INFO - Started process (PID=1701) to work on /home/airflow/.local/lib/python3.7/site-packages/airflow/example_dags/example_complex.py
[2022-08-18 01:34:09,449] {processor.py:641} INFO - Processing file /home/airflow/.local/lib/python3.7/site-packages/airflow/example_dags/example_complex.py for tasks to queue
[2022-08-18 01:34:09,450] {logging_mixin.py:115} INFO - [2022-08-18 01:34:09,450] {dagbag.py:508} INFO - Filling up the DagBag from /home/airflow/.local/lib/python3.7/site-packages/airflow/example_dags/example_complex.py
[2022-08-18 01:34:09,462] {processor.py:651} INFO - DAG(s) dict_keys(['example_complex']) retrieved from /home/airflow/.local/lib/python3.7/site-packages/airflow/example_dags/example_complex.py
[2022-08-18 01:34:09,491] {logging_mixin.py:115} INFO - [2022-08-18 01:34:09,491] {dag.py:2420} INFO - Sync 1 DAGs
[2022-08-18 01:34:09,513] {logging_mixin.py:115} INFO - [2022-08-18 01:34:09,512] {dag.py:2972} INFO - Setting next_dagrun for example_complex to None, run_after=None
[2022-08-18 01:34:09,529] {processor.py:161} INFO - Processing /home/airflow/.local/lib/python3.7/site-packages/airflow/example_dags/example_complex.py took 0.085 seconds
[2022-08-18 01:34:39,617] {processor.py:153} INFO - Started process (PID=1753) to work on /home/airflow/.local/lib/python3.7/site-packages/airflow/example_dags/example_complex.py
[2022-08-18 01:34:39,617] {processor.py:641} INFO - Processing file /home/airflow/.local/lib/python3.7/site-packages/airflow/example_dags/example_complex.py for tasks to queue
[2022-08-18 01:34:39,618] {logging_mixin.py:115} INFO - [2022-08-18 01:34:39,618] {dagbag.py:508} INFO - Filling up the DagBag from /home/airflow/.local/lib/python3.7/site-packages/airflow/example_dags/example_complex.py
[2022-08-18 01:34:39,634] {processor.py:651} INFO - DAG(s) dict_keys(['example_complex']) retrieved from /home/airflow/.local/lib/python3.7/site-packages/airflow/example_dags/example_complex.py
[2022-08-18 01:34:39,661] {logging_mixin.py:115} INFO - [2022-08-18 01:34:39,661] {dag.py:2420} INFO - Sync 1 DAGs
[2022-08-18 01:34:39,682] {logging_mixin.py:115} INFO - [2022-08-18 01:34:39,682] {dag.py:2972} INFO - Setting next_dagrun for example_complex to None, run_after=None
[2022-08-18 01:34:39,707] {processor.py:161} INFO - Processing /home/airflow/.local/lib/python3.7/site-packages/airflow/example_dags/example_complex.py took 0.094 seconds
[2022-08-18 01:35:09,906] {processor.py:153} INFO - Started process (PID=1814) to work on /home/airflow/.local/lib/python3.7/site-packages/airflow/example_dags/example_complex.py
[2022-08-18 01:35:09,918] {processor.py:641} INFO - Processing file /home/airflow/.local/lib/python3.7/site-packages/airflow/example_dags/example_complex.py for tasks to queue
[2022-08-18 01:35:09,919] {logging_mixin.py:115} INFO - [2022-08-18 01:35:09,919] {dagbag.py:508} INFO - Filling up the DagBag from /home/airflow/.local/lib/python3.7/site-packages/airflow/example_dags/example_complex.py
[2022-08-18 01:35:09,939] {processor.py:651} INFO - DAG(s) dict_keys(['example_complex']) retrieved from /home/airflow/.local/lib/python3.7/site-packages/airflow/example_dags/example_complex.py
[2022-08-18 01:35:09,974] {logging_mixin.py:115} INFO - [2022-08-18 01:35:09,974] {dag.py:2420} INFO - Sync 1 DAGs
[2022-08-18 01:35:09,995] {logging_mixin.py:115} INFO - [2022-08-18 01:35:09,994] {dag.py:2972} INFO - Setting next_dagrun for example_complex to None, run_after=None
[2022-08-18 01:35:10,048] {processor.py:161} INFO - Processing /home/airflow/.local/lib/python3.7/site-packages/airflow/example_dags/example_complex.py took 0.147 seconds
[2022-08-18 01:35:40,250] {processor.py:153} INFO - Started process (PID=1867) to work on /home/airflow/.local/lib/python3.7/site-packages/airflow/example_dags/example_complex.py
[2022-08-18 01:35:40,251] {processor.py:641} INFO - Processing file /home/airflow/.local/lib/python3.7/site-packages/airflow/example_dags/example_complex.py for tasks to queue
[2022-08-18 01:35:40,252] {logging_mixin.py:115} INFO - [2022-08-18 01:35:40,252] {dagbag.py:508} INFO - Filling up the DagBag from /home/airflow/.local/lib/python3.7/site-packages/airflow/example_dags/example_complex.py
[2022-08-18 01:35:40,265] {processor.py:651} INFO - DAG(s) dict_keys(['example_complex']) retrieved from /home/airflow/.local/lib/python3.7/site-packages/airflow/example_dags/example_complex.py
[2022-08-18 01:35:40,297] {logging_mixin.py:115} INFO - [2022-08-18 01:35:40,297] {dag.py:2420} INFO - Sync 1 DAGs
[2022-08-18 01:35:40,321] {logging_mixin.py:115} INFO - [2022-08-18 01:35:40,320] {dag.py:2972} INFO - Setting next_dagrun for example_complex to None, run_after=None
[2022-08-18 01:35:40,337] {processor.py:161} INFO - Processing /home/airflow/.local/lib/python3.7/site-packages/airflow/example_dags/example_complex.py took 0.091 seconds
