[2022-08-18 01:19:53,564] {processor.py:153} INFO - Started process (PID=55) to work on /home/airflow/.local/lib/python3.7/site-packages/airflow/example_dags/example_task_group_decorator.py
[2022-08-18 01:19:53,564] {processor.py:641} INFO - Processing file /home/airflow/.local/lib/python3.7/site-packages/airflow/example_dags/example_task_group_decorator.py for tasks to queue
[2022-08-18 01:19:53,564] {logging_mixin.py:115} INFO - [2022-08-18 01:19:53,564] {dagbag.py:508} INFO - Filling up the DagBag from /home/airflow/.local/lib/python3.7/site-packages/airflow/example_dags/example_task_group_decorator.py
[2022-08-18 01:19:53,594] {processor.py:651} INFO - DAG(s) dict_keys(['example_task_group_decorator']) retrieved from /home/airflow/.local/lib/python3.7/site-packages/airflow/example_dags/example_task_group_decorator.py
[2022-08-18 01:19:53,838] {logging_mixin.py:115} INFO - [2022-08-18 01:19:53,838] {manager.py:508} INFO - Created Permission View: can edit on DAG:example_task_group_decorator
[2022-08-18 01:19:53,973] {logging_mixin.py:115} INFO - [2022-08-18 01:19:53,973] {manager.py:508} INFO - Created Permission View: can read on DAG:example_task_group_decorator
[2022-08-18 01:19:54,043] {logging_mixin.py:115} INFO - [2022-08-18 01:19:54,043] {manager.py:508} INFO - Created Permission View: can delete on DAG:example_task_group_decorator
[2022-08-18 01:19:54,043] {logging_mixin.py:115} INFO - [2022-08-18 01:19:54,043] {dag.py:2420} INFO - Sync 1 DAGs
[2022-08-18 01:19:54,055] {logging_mixin.py:115} INFO - [2022-08-18 01:19:54,055] {dag.py:2439} INFO - Creating ORM DAG for example_task_group_decorator
[2022-08-18 01:19:54,070] {logging_mixin.py:115} INFO - [2022-08-18 01:19:54,069] {dag.py:2972} INFO - Setting next_dagrun for example_task_group_decorator to 2022-08-17T01:19:54.069612+00:00, run_after=2022-08-18T01:19:54.069612+00:00
[2022-08-18 01:19:54,088] {processor.py:161} INFO - Processing /home/airflow/.local/lib/python3.7/site-packages/airflow/example_dags/example_task_group_decorator.py took 0.527 seconds
[2022-08-18 01:20:24,716] {processor.py:153} INFO - Started process (PID=108) to work on /home/airflow/.local/lib/python3.7/site-packages/airflow/example_dags/example_task_group_decorator.py
[2022-08-18 01:20:24,737] {processor.py:641} INFO - Processing file /home/airflow/.local/lib/python3.7/site-packages/airflow/example_dags/example_task_group_decorator.py for tasks to queue
[2022-08-18 01:20:24,738] {logging_mixin.py:115} INFO - [2022-08-18 01:20:24,738] {dagbag.py:508} INFO - Filling up the DagBag from /home/airflow/.local/lib/python3.7/site-packages/airflow/example_dags/example_task_group_decorator.py
[2022-08-18 01:20:24,765] {processor.py:651} INFO - DAG(s) dict_keys(['example_task_group_decorator']) retrieved from /home/airflow/.local/lib/python3.7/site-packages/airflow/example_dags/example_task_group_decorator.py
[2022-08-18 01:20:24,851] {logging_mixin.py:115} INFO - [2022-08-18 01:20:24,851] {dag.py:2420} INFO - Sync 1 DAGs
[2022-08-18 01:20:24,870] {logging_mixin.py:115} INFO - [2022-08-18 01:20:24,870] {dag.py:2972} INFO - Setting next_dagrun for example_task_group_decorator to 2022-08-17T01:20:24.870034+00:00, run_after=2022-08-18T01:20:24.870034+00:00
[2022-08-18 01:20:24,894] {processor.py:161} INFO - Processing /home/airflow/.local/lib/python3.7/site-packages/airflow/example_dags/example_task_group_decorator.py took 0.180 seconds
[2022-08-18 01:20:54,929] {processor.py:153} INFO - Started process (PID=169) to work on /home/airflow/.local/lib/python3.7/site-packages/airflow/example_dags/example_task_group_decorator.py
[2022-08-18 01:20:54,929] {processor.py:641} INFO - Processing file /home/airflow/.local/lib/python3.7/site-packages/airflow/example_dags/example_task_group_decorator.py for tasks to queue
[2022-08-18 01:20:54,930] {logging_mixin.py:115} INFO - [2022-08-18 01:20:54,930] {dagbag.py:508} INFO - Filling up the DagBag from /home/airflow/.local/lib/python3.7/site-packages/airflow/example_dags/example_task_group_decorator.py
[2022-08-18 01:20:54,954] {processor.py:651} INFO - DAG(s) dict_keys(['example_task_group_decorator']) retrieved from /home/airflow/.local/lib/python3.7/site-packages/airflow/example_dags/example_task_group_decorator.py
[2022-08-18 01:20:55,031] {logging_mixin.py:115} INFO - [2022-08-18 01:20:55,030] {dag.py:2420} INFO - Sync 1 DAGs
[2022-08-18 01:20:55,053] {logging_mixin.py:115} INFO - [2022-08-18 01:20:55,053] {dag.py:2972} INFO - Setting next_dagrun for example_task_group_decorator to 2022-08-17T01:20:55.053168+00:00, run_after=2022-08-18T01:20:55.053168+00:00
[2022-08-18 01:20:55,073] {processor.py:161} INFO - Processing /home/airflow/.local/lib/python3.7/site-packages/airflow/example_dags/example_task_group_decorator.py took 0.149 seconds
[2022-08-18 01:21:25,301] {processor.py:153} INFO - Started process (PID=230) to work on /home/airflow/.local/lib/python3.7/site-packages/airflow/example_dags/example_task_group_decorator.py
[2022-08-18 01:21:25,301] {processor.py:641} INFO - Processing file /home/airflow/.local/lib/python3.7/site-packages/airflow/example_dags/example_task_group_decorator.py for tasks to queue
[2022-08-18 01:21:25,301] {logging_mixin.py:115} INFO - [2022-08-18 01:21:25,301] {dagbag.py:508} INFO - Filling up the DagBag from /home/airflow/.local/lib/python3.7/site-packages/airflow/example_dags/example_task_group_decorator.py
[2022-08-18 01:21:25,326] {processor.py:651} INFO - DAG(s) dict_keys(['example_task_group_decorator']) retrieved from /home/airflow/.local/lib/python3.7/site-packages/airflow/example_dags/example_task_group_decorator.py
[2022-08-18 01:21:25,410] {logging_mixin.py:115} INFO - [2022-08-18 01:21:25,410] {dag.py:2420} INFO - Sync 1 DAGs
[2022-08-18 01:21:25,430] {logging_mixin.py:115} INFO - [2022-08-18 01:21:25,430] {dag.py:2972} INFO - Setting next_dagrun for example_task_group_decorator to 2022-08-17T01:21:25.430571+00:00, run_after=2022-08-18T01:21:25.430571+00:00
[2022-08-18 01:21:25,460] {processor.py:161} INFO - Processing /home/airflow/.local/lib/python3.7/site-packages/airflow/example_dags/example_task_group_decorator.py took 0.161 seconds
[2022-08-18 01:21:55,605] {processor.py:153} INFO - Started process (PID=282) to work on /home/airflow/.local/lib/python3.7/site-packages/airflow/example_dags/example_task_group_decorator.py
[2022-08-18 01:21:55,605] {processor.py:641} INFO - Processing file /home/airflow/.local/lib/python3.7/site-packages/airflow/example_dags/example_task_group_decorator.py for tasks to queue
[2022-08-18 01:21:55,606] {logging_mixin.py:115} INFO - [2022-08-18 01:21:55,606] {dagbag.py:508} INFO - Filling up the DagBag from /home/airflow/.local/lib/python3.7/site-packages/airflow/example_dags/example_task_group_decorator.py
[2022-08-18 01:21:55,628] {processor.py:651} INFO - DAG(s) dict_keys(['example_task_group_decorator']) retrieved from /home/airflow/.local/lib/python3.7/site-packages/airflow/example_dags/example_task_group_decorator.py
[2022-08-18 01:21:55,703] {logging_mixin.py:115} INFO - [2022-08-18 01:21:55,703] {dag.py:2420} INFO - Sync 1 DAGs
[2022-08-18 01:21:55,723] {logging_mixin.py:115} INFO - [2022-08-18 01:21:55,723] {dag.py:2972} INFO - Setting next_dagrun for example_task_group_decorator to 2022-08-17T01:21:55.723449+00:00, run_after=2022-08-18T01:21:55.723449+00:00
[2022-08-18 01:21:55,741] {processor.py:161} INFO - Processing /home/airflow/.local/lib/python3.7/site-packages/airflow/example_dags/example_task_group_decorator.py took 0.140 seconds
[2022-08-18 01:22:25,791] {processor.py:153} INFO - Started process (PID=344) to work on /home/airflow/.local/lib/python3.7/site-packages/airflow/example_dags/example_task_group_decorator.py
[2022-08-18 01:22:25,792] {processor.py:641} INFO - Processing file /home/airflow/.local/lib/python3.7/site-packages/airflow/example_dags/example_task_group_decorator.py for tasks to queue
[2022-08-18 01:22:25,793] {logging_mixin.py:115} INFO - [2022-08-18 01:22:25,793] {dagbag.py:508} INFO - Filling up the DagBag from /home/airflow/.local/lib/python3.7/site-packages/airflow/example_dags/example_task_group_decorator.py
[2022-08-18 01:22:25,819] {processor.py:651} INFO - DAG(s) dict_keys(['example_task_group_decorator']) retrieved from /home/airflow/.local/lib/python3.7/site-packages/airflow/example_dags/example_task_group_decorator.py
[2022-08-18 01:22:25,901] {logging_mixin.py:115} INFO - [2022-08-18 01:22:25,900] {dag.py:2420} INFO - Sync 1 DAGs
[2022-08-18 01:22:25,926] {logging_mixin.py:115} INFO - [2022-08-18 01:22:25,926] {dag.py:2972} INFO - Setting next_dagrun for example_task_group_decorator to 2022-08-17T01:22:25.926284+00:00, run_after=2022-08-18T01:22:25.926284+00:00
[2022-08-18 01:22:25,959] {processor.py:161} INFO - Processing /home/airflow/.local/lib/python3.7/site-packages/airflow/example_dags/example_task_group_decorator.py took 0.173 seconds
[2022-08-18 01:22:56,022] {processor.py:153} INFO - Started process (PID=396) to work on /home/airflow/.local/lib/python3.7/site-packages/airflow/example_dags/example_task_group_decorator.py
[2022-08-18 01:22:56,022] {processor.py:641} INFO - Processing file /home/airflow/.local/lib/python3.7/site-packages/airflow/example_dags/example_task_group_decorator.py for tasks to queue
[2022-08-18 01:22:56,023] {logging_mixin.py:115} INFO - [2022-08-18 01:22:56,023] {dagbag.py:508} INFO - Filling up the DagBag from /home/airflow/.local/lib/python3.7/site-packages/airflow/example_dags/example_task_group_decorator.py
[2022-08-18 01:22:56,047] {processor.py:651} INFO - DAG(s) dict_keys(['example_task_group_decorator']) retrieved from /home/airflow/.local/lib/python3.7/site-packages/airflow/example_dags/example_task_group_decorator.py
[2022-08-18 01:22:56,116] {logging_mixin.py:115} INFO - [2022-08-18 01:22:56,116] {dag.py:2420} INFO - Sync 1 DAGs
[2022-08-18 01:22:56,136] {logging_mixin.py:115} INFO - [2022-08-18 01:22:56,136] {dag.py:2972} INFO - Setting next_dagrun for example_task_group_decorator to 2022-08-17T01:22:56.136482+00:00, run_after=2022-08-18T01:22:56.136482+00:00
[2022-08-18 01:22:56,156] {processor.py:161} INFO - Processing /home/airflow/.local/lib/python3.7/site-packages/airflow/example_dags/example_task_group_decorator.py took 0.138 seconds
[2022-08-18 01:23:26,213] {processor.py:153} INFO - Started process (PID=457) to work on /home/airflow/.local/lib/python3.7/site-packages/airflow/example_dags/example_task_group_decorator.py
[2022-08-18 01:23:26,213] {processor.py:641} INFO - Processing file /home/airflow/.local/lib/python3.7/site-packages/airflow/example_dags/example_task_group_decorator.py for tasks to queue
[2022-08-18 01:23:26,213] {logging_mixin.py:115} INFO - [2022-08-18 01:23:26,213] {dagbag.py:508} INFO - Filling up the DagBag from /home/airflow/.local/lib/python3.7/site-packages/airflow/example_dags/example_task_group_decorator.py
[2022-08-18 01:23:26,238] {processor.py:651} INFO - DAG(s) dict_keys(['example_task_group_decorator']) retrieved from /home/airflow/.local/lib/python3.7/site-packages/airflow/example_dags/example_task_group_decorator.py
[2022-08-18 01:23:26,307] {logging_mixin.py:115} INFO - [2022-08-18 01:23:26,307] {dag.py:2420} INFO - Sync 1 DAGs
[2022-08-18 01:23:26,328] {logging_mixin.py:115} INFO - [2022-08-18 01:23:26,328] {dag.py:2972} INFO - Setting next_dagrun for example_task_group_decorator to 2022-08-17T01:23:26.328598+00:00, run_after=2022-08-18T01:23:26.328598+00:00
[2022-08-18 01:23:26,350] {processor.py:161} INFO - Processing /home/airflow/.local/lib/python3.7/site-packages/airflow/example_dags/example_task_group_decorator.py took 0.140 seconds
[2022-08-18 01:23:56,520] {processor.py:153} INFO - Started process (PID=517) to work on /home/airflow/.local/lib/python3.7/site-packages/airflow/example_dags/example_task_group_decorator.py
[2022-08-18 01:23:56,520] {processor.py:641} INFO - Processing file /home/airflow/.local/lib/python3.7/site-packages/airflow/example_dags/example_task_group_decorator.py for tasks to queue
[2022-08-18 01:23:56,521] {logging_mixin.py:115} INFO - [2022-08-18 01:23:56,521] {dagbag.py:508} INFO - Filling up the DagBag from /home/airflow/.local/lib/python3.7/site-packages/airflow/example_dags/example_task_group_decorator.py
[2022-08-18 01:23:56,544] {processor.py:651} INFO - DAG(s) dict_keys(['example_task_group_decorator']) retrieved from /home/airflow/.local/lib/python3.7/site-packages/airflow/example_dags/example_task_group_decorator.py
[2022-08-18 01:23:56,636] {logging_mixin.py:115} INFO - [2022-08-18 01:23:56,636] {dag.py:2420} INFO - Sync 1 DAGs
[2022-08-18 01:23:56,655] {logging_mixin.py:115} INFO - [2022-08-18 01:23:56,655] {dag.py:2972} INFO - Setting next_dagrun for example_task_group_decorator to 2022-08-17T01:23:56.654883+00:00, run_after=2022-08-18T01:23:56.654883+00:00
[2022-08-18 01:23:56,672] {processor.py:161} INFO - Processing /home/airflow/.local/lib/python3.7/site-packages/airflow/example_dags/example_task_group_decorator.py took 0.157 seconds
[2022-08-18 01:24:26,840] {processor.py:153} INFO - Started process (PID=569) to work on /home/airflow/.local/lib/python3.7/site-packages/airflow/example_dags/example_task_group_decorator.py
[2022-08-18 01:24:26,840] {processor.py:641} INFO - Processing file /home/airflow/.local/lib/python3.7/site-packages/airflow/example_dags/example_task_group_decorator.py for tasks to queue
[2022-08-18 01:24:26,841] {logging_mixin.py:115} INFO - [2022-08-18 01:24:26,841] {dagbag.py:508} INFO - Filling up the DagBag from /home/airflow/.local/lib/python3.7/site-packages/airflow/example_dags/example_task_group_decorator.py
[2022-08-18 01:24:26,864] {processor.py:651} INFO - DAG(s) dict_keys(['example_task_group_decorator']) retrieved from /home/airflow/.local/lib/python3.7/site-packages/airflow/example_dags/example_task_group_decorator.py
[2022-08-18 01:24:26,930] {logging_mixin.py:115} INFO - [2022-08-18 01:24:26,930] {dag.py:2420} INFO - Sync 1 DAGs
[2022-08-18 01:24:26,951] {logging_mixin.py:115} INFO - [2022-08-18 01:24:26,951] {dag.py:2972} INFO - Setting next_dagrun for example_task_group_decorator to 2022-08-17T01:24:26.950873+00:00, run_after=2022-08-18T01:24:26.950873+00:00
[2022-08-18 01:24:26,972] {processor.py:161} INFO - Processing /home/airflow/.local/lib/python3.7/site-packages/airflow/example_dags/example_task_group_decorator.py took 0.137 seconds
[2022-08-18 01:24:57,234] {processor.py:153} INFO - Started process (PID=630) to work on /home/airflow/.local/lib/python3.7/site-packages/airflow/example_dags/example_task_group_decorator.py
[2022-08-18 01:24:57,236] {processor.py:641} INFO - Processing file /home/airflow/.local/lib/python3.7/site-packages/airflow/example_dags/example_task_group_decorator.py for tasks to queue
[2022-08-18 01:24:57,236] {logging_mixin.py:115} INFO - [2022-08-18 01:24:57,236] {dagbag.py:508} INFO - Filling up the DagBag from /home/airflow/.local/lib/python3.7/site-packages/airflow/example_dags/example_task_group_decorator.py
[2022-08-18 01:24:57,260] {processor.py:651} INFO - DAG(s) dict_keys(['example_task_group_decorator']) retrieved from /home/airflow/.local/lib/python3.7/site-packages/airflow/example_dags/example_task_group_decorator.py
[2022-08-18 01:24:57,327] {logging_mixin.py:115} INFO - [2022-08-18 01:24:57,327] {dag.py:2420} INFO - Sync 1 DAGs
[2022-08-18 01:24:57,348] {logging_mixin.py:115} INFO - [2022-08-18 01:24:57,348] {dag.py:2972} INFO - Setting next_dagrun for example_task_group_decorator to 2022-08-17T01:24:57.347960+00:00, run_after=2022-08-18T01:24:57.347960+00:00
[2022-08-18 01:24:57,374] {processor.py:161} INFO - Processing /home/airflow/.local/lib/python3.7/site-packages/airflow/example_dags/example_task_group_decorator.py took 0.144 seconds
[2022-08-18 01:25:27,538] {processor.py:153} INFO - Started process (PID=690) to work on /home/airflow/.local/lib/python3.7/site-packages/airflow/example_dags/example_task_group_decorator.py
[2022-08-18 01:25:27,554] {processor.py:641} INFO - Processing file /home/airflow/.local/lib/python3.7/site-packages/airflow/example_dags/example_task_group_decorator.py for tasks to queue
[2022-08-18 01:25:27,555] {logging_mixin.py:115} INFO - [2022-08-18 01:25:27,555] {dagbag.py:508} INFO - Filling up the DagBag from /home/airflow/.local/lib/python3.7/site-packages/airflow/example_dags/example_task_group_decorator.py
[2022-08-18 01:25:27,585] {processor.py:651} INFO - DAG(s) dict_keys(['example_task_group_decorator']) retrieved from /home/airflow/.local/lib/python3.7/site-packages/airflow/example_dags/example_task_group_decorator.py
[2022-08-18 01:25:27,613] {logging_mixin.py:115} INFO - [2022-08-18 01:25:27,613] {dag.py:2420} INFO - Sync 1 DAGs
[2022-08-18 01:25:27,634] {logging_mixin.py:115} INFO - [2022-08-18 01:25:27,634] {dag.py:2972} INFO - Setting next_dagrun for example_task_group_decorator to 2022-08-17T01:25:27.633871+00:00, run_after=2022-08-18T01:25:27.633871+00:00
[2022-08-18 01:25:27,647] {processor.py:161} INFO - Processing /home/airflow/.local/lib/python3.7/site-packages/airflow/example_dags/example_task_group_decorator.py took 0.112 seconds
[2022-08-18 01:25:57,796] {processor.py:153} INFO - Started process (PID=744) to work on /home/airflow/.local/lib/python3.7/site-packages/airflow/example_dags/example_task_group_decorator.py
[2022-08-18 01:25:57,801] {processor.py:641} INFO - Processing file /home/airflow/.local/lib/python3.7/site-packages/airflow/example_dags/example_task_group_decorator.py for tasks to queue
[2022-08-18 01:25:57,801] {logging_mixin.py:115} INFO - [2022-08-18 01:25:57,801] {dagbag.py:508} INFO - Filling up the DagBag from /home/airflow/.local/lib/python3.7/site-packages/airflow/example_dags/example_task_group_decorator.py
[2022-08-18 01:25:57,826] {processor.py:651} INFO - DAG(s) dict_keys(['example_task_group_decorator']) retrieved from /home/airflow/.local/lib/python3.7/site-packages/airflow/example_dags/example_task_group_decorator.py
[2022-08-18 01:25:57,857] {logging_mixin.py:115} INFO - [2022-08-18 01:25:57,857] {dag.py:2420} INFO - Sync 1 DAGs
[2022-08-18 01:25:57,876] {logging_mixin.py:115} INFO - [2022-08-18 01:25:57,876] {dag.py:2972} INFO - Setting next_dagrun for example_task_group_decorator to 2022-08-17T01:25:57.876271+00:00, run_after=2022-08-18T01:25:57.876271+00:00
[2022-08-18 01:25:57,888] {processor.py:161} INFO - Processing /home/airflow/.local/lib/python3.7/site-packages/airflow/example_dags/example_task_group_decorator.py took 0.097 seconds
[2022-08-18 01:26:28,109] {processor.py:153} INFO - Started process (PID=806) to work on /home/airflow/.local/lib/python3.7/site-packages/airflow/example_dags/example_task_group_decorator.py
[2022-08-18 01:26:28,127] {processor.py:641} INFO - Processing file /home/airflow/.local/lib/python3.7/site-packages/airflow/example_dags/example_task_group_decorator.py for tasks to queue
[2022-08-18 01:26:28,127] {logging_mixin.py:115} INFO - [2022-08-18 01:26:28,127] {dagbag.py:508} INFO - Filling up the DagBag from /home/airflow/.local/lib/python3.7/site-packages/airflow/example_dags/example_task_group_decorator.py
[2022-08-18 01:26:28,156] {processor.py:651} INFO - DAG(s) dict_keys(['example_task_group_decorator']) retrieved from /home/airflow/.local/lib/python3.7/site-packages/airflow/example_dags/example_task_group_decorator.py
[2022-08-18 01:26:28,187] {logging_mixin.py:115} INFO - [2022-08-18 01:26:28,187] {dag.py:2420} INFO - Sync 1 DAGs
[2022-08-18 01:26:28,212] {logging_mixin.py:115} INFO - [2022-08-18 01:26:28,212] {dag.py:2972} INFO - Setting next_dagrun for example_task_group_decorator to 2022-08-17T01:26:28.211773+00:00, run_after=2022-08-18T01:26:28.211773+00:00
[2022-08-18 01:26:28,270] {processor.py:161} INFO - Processing /home/airflow/.local/lib/python3.7/site-packages/airflow/example_dags/example_task_group_decorator.py took 0.163 seconds
[2022-08-18 01:26:58,330] {processor.py:153} INFO - Started process (PID=857) to work on /home/airflow/.local/lib/python3.7/site-packages/airflow/example_dags/example_task_group_decorator.py
[2022-08-18 01:26:58,346] {processor.py:641} INFO - Processing file /home/airflow/.local/lib/python3.7/site-packages/airflow/example_dags/example_task_group_decorator.py for tasks to queue
[2022-08-18 01:26:58,347] {logging_mixin.py:115} INFO - [2022-08-18 01:26:58,347] {dagbag.py:508} INFO - Filling up the DagBag from /home/airflow/.local/lib/python3.7/site-packages/airflow/example_dags/example_task_group_decorator.py
[2022-08-18 01:26:58,376] {processor.py:651} INFO - DAG(s) dict_keys(['example_task_group_decorator']) retrieved from /home/airflow/.local/lib/python3.7/site-packages/airflow/example_dags/example_task_group_decorator.py
[2022-08-18 01:26:58,452] {logging_mixin.py:115} INFO - [2022-08-18 01:26:58,452] {dag.py:2420} INFO - Sync 1 DAGs
[2022-08-18 01:26:58,472] {logging_mixin.py:115} INFO - [2022-08-18 01:26:58,472] {dag.py:2972} INFO - Setting next_dagrun for example_task_group_decorator to 2022-08-17T01:26:58.472344+00:00, run_after=2022-08-18T01:26:58.472344+00:00
[2022-08-18 01:26:58,488] {processor.py:161} INFO - Processing /home/airflow/.local/lib/python3.7/site-packages/airflow/example_dags/example_task_group_decorator.py took 0.163 seconds
[2022-08-18 01:27:28,609] {processor.py:153} INFO - Started process (PID=918) to work on /home/airflow/.local/lib/python3.7/site-packages/airflow/example_dags/example_task_group_decorator.py
[2022-08-18 01:27:28,610] {processor.py:641} INFO - Processing file /home/airflow/.local/lib/python3.7/site-packages/airflow/example_dags/example_task_group_decorator.py for tasks to queue
[2022-08-18 01:27:28,610] {logging_mixin.py:115} INFO - [2022-08-18 01:27:28,610] {dagbag.py:508} INFO - Filling up the DagBag from /home/airflow/.local/lib/python3.7/site-packages/airflow/example_dags/example_task_group_decorator.py
[2022-08-18 01:27:28,633] {processor.py:651} INFO - DAG(s) dict_keys(['example_task_group_decorator']) retrieved from /home/airflow/.local/lib/python3.7/site-packages/airflow/example_dags/example_task_group_decorator.py
[2022-08-18 01:27:28,714] {logging_mixin.py:115} INFO - [2022-08-18 01:27:28,714] {dag.py:2420} INFO - Sync 1 DAGs
[2022-08-18 01:27:28,737] {logging_mixin.py:115} INFO - [2022-08-18 01:27:28,737] {dag.py:2972} INFO - Setting next_dagrun for example_task_group_decorator to 2022-08-17T01:27:28.737307+00:00, run_after=2022-08-18T01:27:28.737307+00:00
[2022-08-18 01:27:28,767] {processor.py:161} INFO - Processing /home/airflow/.local/lib/python3.7/site-packages/airflow/example_dags/example_task_group_decorator.py took 0.162 seconds
[2022-08-18 01:27:58,852] {processor.py:153} INFO - Started process (PID=979) to work on /home/airflow/.local/lib/python3.7/site-packages/airflow/example_dags/example_task_group_decorator.py
[2022-08-18 01:27:58,853] {processor.py:641} INFO - Processing file /home/airflow/.local/lib/python3.7/site-packages/airflow/example_dags/example_task_group_decorator.py for tasks to queue
[2022-08-18 01:27:58,853] {logging_mixin.py:115} INFO - [2022-08-18 01:27:58,853] {dagbag.py:508} INFO - Filling up the DagBag from /home/airflow/.local/lib/python3.7/site-packages/airflow/example_dags/example_task_group_decorator.py
[2022-08-18 01:27:58,883] {processor.py:651} INFO - DAG(s) dict_keys(['example_task_group_decorator']) retrieved from /home/airflow/.local/lib/python3.7/site-packages/airflow/example_dags/example_task_group_decorator.py
[2022-08-18 01:27:58,959] {logging_mixin.py:115} INFO - [2022-08-18 01:27:58,959] {dag.py:2420} INFO - Sync 1 DAGs
[2022-08-18 01:27:58,987] {logging_mixin.py:115} INFO - [2022-08-18 01:27:58,987] {dag.py:2972} INFO - Setting next_dagrun for example_task_group_decorator to 2022-08-17T01:27:58.987635+00:00, run_after=2022-08-18T01:27:58.987635+00:00
[2022-08-18 01:27:59,046] {processor.py:161} INFO - Processing /home/airflow/.local/lib/python3.7/site-packages/airflow/example_dags/example_task_group_decorator.py took 0.198 seconds
[2022-08-18 01:28:29,095] {processor.py:153} INFO - Started process (PID=1031) to work on /home/airflow/.local/lib/python3.7/site-packages/airflow/example_dags/example_task_group_decorator.py
[2022-08-18 01:28:29,096] {processor.py:641} INFO - Processing file /home/airflow/.local/lib/python3.7/site-packages/airflow/example_dags/example_task_group_decorator.py for tasks to queue
[2022-08-18 01:28:29,097] {logging_mixin.py:115} INFO - [2022-08-18 01:28:29,097] {dagbag.py:508} INFO - Filling up the DagBag from /home/airflow/.local/lib/python3.7/site-packages/airflow/example_dags/example_task_group_decorator.py
[2022-08-18 01:28:29,129] {processor.py:651} INFO - DAG(s) dict_keys(['example_task_group_decorator']) retrieved from /home/airflow/.local/lib/python3.7/site-packages/airflow/example_dags/example_task_group_decorator.py
[2022-08-18 01:28:29,153] {logging_mixin.py:115} INFO - [2022-08-18 01:28:29,153] {dag.py:2420} INFO - Sync 1 DAGs
[2022-08-18 01:28:29,176] {logging_mixin.py:115} INFO - [2022-08-18 01:28:29,176] {dag.py:2972} INFO - Setting next_dagrun for example_task_group_decorator to 2022-08-17T01:28:29.176310+00:00, run_after=2022-08-18T01:28:29.176310+00:00
[2022-08-18 01:28:29,189] {processor.py:161} INFO - Processing /home/airflow/.local/lib/python3.7/site-packages/airflow/example_dags/example_task_group_decorator.py took 0.097 seconds
[2022-08-18 01:28:59,679] {processor.py:153} INFO - Started process (PID=1092) to work on /home/airflow/.local/lib/python3.7/site-packages/airflow/example_dags/example_task_group_decorator.py
[2022-08-18 01:28:59,679] {processor.py:641} INFO - Processing file /home/airflow/.local/lib/python3.7/site-packages/airflow/example_dags/example_task_group_decorator.py for tasks to queue
[2022-08-18 01:28:59,680] {logging_mixin.py:115} INFO - [2022-08-18 01:28:59,680] {dagbag.py:508} INFO - Filling up the DagBag from /home/airflow/.local/lib/python3.7/site-packages/airflow/example_dags/example_task_group_decorator.py
[2022-08-18 01:28:59,706] {processor.py:651} INFO - DAG(s) dict_keys(['example_task_group_decorator']) retrieved from /home/airflow/.local/lib/python3.7/site-packages/airflow/example_dags/example_task_group_decorator.py
[2022-08-18 01:28:59,778] {logging_mixin.py:115} INFO - [2022-08-18 01:28:59,777] {dag.py:2420} INFO - Sync 1 DAGs
[2022-08-18 01:28:59,800] {logging_mixin.py:115} INFO - [2022-08-18 01:28:59,800] {dag.py:2972} INFO - Setting next_dagrun for example_task_group_decorator to 2022-08-17T01:28:59.800009+00:00, run_after=2022-08-18T01:28:59.800009+00:00
[2022-08-18 01:28:59,825] {processor.py:161} INFO - Processing /home/airflow/.local/lib/python3.7/site-packages/airflow/example_dags/example_task_group_decorator.py took 0.151 seconds
[2022-08-18 01:29:30,152] {processor.py:153} INFO - Started process (PID=1144) to work on /home/airflow/.local/lib/python3.7/site-packages/airflow/example_dags/example_task_group_decorator.py
[2022-08-18 01:29:30,179] {processor.py:641} INFO - Processing file /home/airflow/.local/lib/python3.7/site-packages/airflow/example_dags/example_task_group_decorator.py for tasks to queue
[2022-08-18 01:29:30,180] {logging_mixin.py:115} INFO - [2022-08-18 01:29:30,180] {dagbag.py:508} INFO - Filling up the DagBag from /home/airflow/.local/lib/python3.7/site-packages/airflow/example_dags/example_task_group_decorator.py
[2022-08-18 01:29:30,212] {processor.py:651} INFO - DAG(s) dict_keys(['example_task_group_decorator']) retrieved from /home/airflow/.local/lib/python3.7/site-packages/airflow/example_dags/example_task_group_decorator.py
[2022-08-18 01:29:30,287] {logging_mixin.py:115} INFO - [2022-08-18 01:29:30,287] {dag.py:2420} INFO - Sync 1 DAGs
[2022-08-18 01:29:30,308] {logging_mixin.py:115} INFO - [2022-08-18 01:29:30,308] {dag.py:2972} INFO - Setting next_dagrun for example_task_group_decorator to 2022-08-17T01:29:30.308222+00:00, run_after=2022-08-18T01:29:30.308222+00:00
[2022-08-18 01:29:30,337] {processor.py:161} INFO - Processing /home/airflow/.local/lib/python3.7/site-packages/airflow/example_dags/example_task_group_decorator.py took 0.188 seconds
[2022-08-18 01:30:01,069] {processor.py:153} INFO - Started process (PID=1205) to work on /home/airflow/.local/lib/python3.7/site-packages/airflow/example_dags/example_task_group_decorator.py
[2022-08-18 01:30:01,070] {processor.py:641} INFO - Processing file /home/airflow/.local/lib/python3.7/site-packages/airflow/example_dags/example_task_group_decorator.py for tasks to queue
[2022-08-18 01:30:01,070] {logging_mixin.py:115} INFO - [2022-08-18 01:30:01,070] {dagbag.py:508} INFO - Filling up the DagBag from /home/airflow/.local/lib/python3.7/site-packages/airflow/example_dags/example_task_group_decorator.py
[2022-08-18 01:30:01,095] {processor.py:651} INFO - DAG(s) dict_keys(['example_task_group_decorator']) retrieved from /home/airflow/.local/lib/python3.7/site-packages/airflow/example_dags/example_task_group_decorator.py
[2022-08-18 01:30:01,176] {logging_mixin.py:115} INFO - [2022-08-18 01:30:01,176] {dag.py:2420} INFO - Sync 1 DAGs
[2022-08-18 01:30:01,198] {logging_mixin.py:115} INFO - [2022-08-18 01:30:01,198] {dag.py:2972} INFO - Setting next_dagrun for example_task_group_decorator to 2022-08-17T01:30:01.198617+00:00, run_after=2022-08-18T01:30:01.198617+00:00
[2022-08-18 01:30:01,216] {processor.py:161} INFO - Processing /home/airflow/.local/lib/python3.7/site-packages/airflow/example_dags/example_task_group_decorator.py took 0.149 seconds
[2022-08-18 01:30:31,269] {processor.py:153} INFO - Started process (PID=1266) to work on /home/airflow/.local/lib/python3.7/site-packages/airflow/example_dags/example_task_group_decorator.py
[2022-08-18 01:30:31,269] {processor.py:641} INFO - Processing file /home/airflow/.local/lib/python3.7/site-packages/airflow/example_dags/example_task_group_decorator.py for tasks to queue
[2022-08-18 01:30:31,270] {logging_mixin.py:115} INFO - [2022-08-18 01:30:31,270] {dagbag.py:508} INFO - Filling up the DagBag from /home/airflow/.local/lib/python3.7/site-packages/airflow/example_dags/example_task_group_decorator.py
[2022-08-18 01:30:31,299] {processor.py:651} INFO - DAG(s) dict_keys(['example_task_group_decorator']) retrieved from /home/airflow/.local/lib/python3.7/site-packages/airflow/example_dags/example_task_group_decorator.py
[2022-08-18 01:30:31,375] {logging_mixin.py:115} INFO - [2022-08-18 01:30:31,375] {dag.py:2420} INFO - Sync 1 DAGs
[2022-08-18 01:30:31,394] {logging_mixin.py:115} INFO - [2022-08-18 01:30:31,394] {dag.py:2972} INFO - Setting next_dagrun for example_task_group_decorator to 2022-08-17T01:30:31.394001+00:00, run_after=2022-08-18T01:30:31.394001+00:00
[2022-08-18 01:30:31,451] {processor.py:161} INFO - Processing /home/airflow/.local/lib/python3.7/site-packages/airflow/example_dags/example_task_group_decorator.py took 0.184 seconds
[2022-08-18 01:31:02,298] {processor.py:153} INFO - Started process (PID=1318) to work on /home/airflow/.local/lib/python3.7/site-packages/airflow/example_dags/example_task_group_decorator.py
[2022-08-18 01:31:02,315] {processor.py:641} INFO - Processing file /home/airflow/.local/lib/python3.7/site-packages/airflow/example_dags/example_task_group_decorator.py for tasks to queue
[2022-08-18 01:31:02,316] {logging_mixin.py:115} INFO - [2022-08-18 01:31:02,316] {dagbag.py:508} INFO - Filling up the DagBag from /home/airflow/.local/lib/python3.7/site-packages/airflow/example_dags/example_task_group_decorator.py
[2022-08-18 01:31:02,342] {processor.py:651} INFO - DAG(s) dict_keys(['example_task_group_decorator']) retrieved from /home/airflow/.local/lib/python3.7/site-packages/airflow/example_dags/example_task_group_decorator.py
[2022-08-18 01:31:02,367] {logging_mixin.py:115} INFO - [2022-08-18 01:31:02,367] {dag.py:2420} INFO - Sync 1 DAGs
[2022-08-18 01:31:02,387] {logging_mixin.py:115} INFO - [2022-08-18 01:31:02,387] {dag.py:2972} INFO - Setting next_dagrun for example_task_group_decorator to 2022-08-17T01:31:02.387473+00:00, run_after=2022-08-18T01:31:02.387473+00:00
[2022-08-18 01:31:02,407] {processor.py:161} INFO - Processing /home/airflow/.local/lib/python3.7/site-packages/airflow/example_dags/example_task_group_decorator.py took 0.113 seconds
[2022-08-18 01:31:32,503] {processor.py:153} INFO - Started process (PID=1379) to work on /home/airflow/.local/lib/python3.7/site-packages/airflow/example_dags/example_task_group_decorator.py
[2022-08-18 01:31:32,515] {processor.py:641} INFO - Processing file /home/airflow/.local/lib/python3.7/site-packages/airflow/example_dags/example_task_group_decorator.py for tasks to queue
[2022-08-18 01:31:32,515] {logging_mixin.py:115} INFO - [2022-08-18 01:31:32,515] {dagbag.py:508} INFO - Filling up the DagBag from /home/airflow/.local/lib/python3.7/site-packages/airflow/example_dags/example_task_group_decorator.py
[2022-08-18 01:31:32,544] {processor.py:651} INFO - DAG(s) dict_keys(['example_task_group_decorator']) retrieved from /home/airflow/.local/lib/python3.7/site-packages/airflow/example_dags/example_task_group_decorator.py
[2022-08-18 01:31:32,623] {logging_mixin.py:115} INFO - [2022-08-18 01:31:32,623] {dag.py:2420} INFO - Sync 1 DAGs
[2022-08-18 01:31:32,645] {logging_mixin.py:115} INFO - [2022-08-18 01:31:32,644] {dag.py:2972} INFO - Setting next_dagrun for example_task_group_decorator to 2022-08-17T01:31:32.644722+00:00, run_after=2022-08-18T01:31:32.644722+00:00
[2022-08-18 01:31:32,717] {processor.py:161} INFO - Processing /home/airflow/.local/lib/python3.7/site-packages/airflow/example_dags/example_task_group_decorator.py took 0.218 seconds
[2022-08-18 01:32:03,347] {processor.py:153} INFO - Started process (PID=1440) to work on /home/airflow/.local/lib/python3.7/site-packages/airflow/example_dags/example_task_group_decorator.py
[2022-08-18 01:32:03,357] {processor.py:641} INFO - Processing file /home/airflow/.local/lib/python3.7/site-packages/airflow/example_dags/example_task_group_decorator.py for tasks to queue
[2022-08-18 01:32:03,357] {logging_mixin.py:115} INFO - [2022-08-18 01:32:03,357] {dagbag.py:508} INFO - Filling up the DagBag from /home/airflow/.local/lib/python3.7/site-packages/airflow/example_dags/example_task_group_decorator.py
[2022-08-18 01:32:03,386] {processor.py:651} INFO - DAG(s) dict_keys(['example_task_group_decorator']) retrieved from /home/airflow/.local/lib/python3.7/site-packages/airflow/example_dags/example_task_group_decorator.py
[2022-08-18 01:32:03,462] {logging_mixin.py:115} INFO - [2022-08-18 01:32:03,462] {dag.py:2420} INFO - Sync 1 DAGs
[2022-08-18 01:32:03,482] {logging_mixin.py:115} INFO - [2022-08-18 01:32:03,482] {dag.py:2972} INFO - Setting next_dagrun for example_task_group_decorator to 2022-08-17T01:32:03.482092+00:00, run_after=2022-08-18T01:32:03.482092+00:00
[2022-08-18 01:32:03,508] {processor.py:161} INFO - Processing /home/airflow/.local/lib/python3.7/site-packages/airflow/example_dags/example_task_group_decorator.py took 0.165 seconds
[2022-08-18 01:32:33,547] {processor.py:153} INFO - Started process (PID=1491) to work on /home/airflow/.local/lib/python3.7/site-packages/airflow/example_dags/example_task_group_decorator.py
[2022-08-18 01:32:33,562] {processor.py:641} INFO - Processing file /home/airflow/.local/lib/python3.7/site-packages/airflow/example_dags/example_task_group_decorator.py for tasks to queue
[2022-08-18 01:32:33,563] {logging_mixin.py:115} INFO - [2022-08-18 01:32:33,562] {dagbag.py:508} INFO - Filling up the DagBag from /home/airflow/.local/lib/python3.7/site-packages/airflow/example_dags/example_task_group_decorator.py
[2022-08-18 01:32:33,590] {processor.py:651} INFO - DAG(s) dict_keys(['example_task_group_decorator']) retrieved from /home/airflow/.local/lib/python3.7/site-packages/airflow/example_dags/example_task_group_decorator.py
[2022-08-18 01:32:33,658] {logging_mixin.py:115} INFO - [2022-08-18 01:32:33,658] {dag.py:2420} INFO - Sync 1 DAGs
[2022-08-18 01:32:33,677] {logging_mixin.py:115} INFO - [2022-08-18 01:32:33,677] {dag.py:2972} INFO - Setting next_dagrun for example_task_group_decorator to 2022-08-17T01:32:33.677708+00:00, run_after=2022-08-18T01:32:33.677708+00:00
[2022-08-18 01:32:33,708] {processor.py:161} INFO - Processing /home/airflow/.local/lib/python3.7/site-packages/airflow/example_dags/example_task_group_decorator.py took 0.166 seconds
[2022-08-18 01:33:03,786] {processor.py:153} INFO - Started process (PID=1552) to work on /home/airflow/.local/lib/python3.7/site-packages/airflow/example_dags/example_task_group_decorator.py
[2022-08-18 01:33:03,804] {processor.py:641} INFO - Processing file /home/airflow/.local/lib/python3.7/site-packages/airflow/example_dags/example_task_group_decorator.py for tasks to queue
[2022-08-18 01:33:03,804] {logging_mixin.py:115} INFO - [2022-08-18 01:33:03,804] {dagbag.py:508} INFO - Filling up the DagBag from /home/airflow/.local/lib/python3.7/site-packages/airflow/example_dags/example_task_group_decorator.py
[2022-08-18 01:33:03,833] {processor.py:651} INFO - DAG(s) dict_keys(['example_task_group_decorator']) retrieved from /home/airflow/.local/lib/python3.7/site-packages/airflow/example_dags/example_task_group_decorator.py
[2022-08-18 01:33:03,912] {logging_mixin.py:115} INFO - [2022-08-18 01:33:03,912] {dag.py:2420} INFO - Sync 1 DAGs
[2022-08-18 01:33:03,935] {logging_mixin.py:115} INFO - [2022-08-18 01:33:03,935] {dag.py:2972} INFO - Setting next_dagrun for example_task_group_decorator to 2022-08-17T01:33:03.935042+00:00, run_after=2022-08-18T01:33:03.935042+00:00
[2022-08-18 01:33:03,955] {processor.py:161} INFO - Processing /home/airflow/.local/lib/python3.7/site-packages/airflow/example_dags/example_task_group_decorator.py took 0.173 seconds
[2022-08-18 01:33:34,026] {processor.py:153} INFO - Started process (PID=1604) to work on /home/airflow/.local/lib/python3.7/site-packages/airflow/example_dags/example_task_group_decorator.py
[2022-08-18 01:33:34,037] {processor.py:641} INFO - Processing file /home/airflow/.local/lib/python3.7/site-packages/airflow/example_dags/example_task_group_decorator.py for tasks to queue
[2022-08-18 01:33:34,037] {logging_mixin.py:115} INFO - [2022-08-18 01:33:34,037] {dagbag.py:508} INFO - Filling up the DagBag from /home/airflow/.local/lib/python3.7/site-packages/airflow/example_dags/example_task_group_decorator.py
[2022-08-18 01:33:34,067] {processor.py:651} INFO - DAG(s) dict_keys(['example_task_group_decorator']) retrieved from /home/airflow/.local/lib/python3.7/site-packages/airflow/example_dags/example_task_group_decorator.py
[2022-08-18 01:33:34,150] {logging_mixin.py:115} INFO - [2022-08-18 01:33:34,150] {dag.py:2420} INFO - Sync 1 DAGs
[2022-08-18 01:33:34,177] {logging_mixin.py:115} INFO - [2022-08-18 01:33:34,177] {dag.py:2972} INFO - Setting next_dagrun for example_task_group_decorator to 2022-08-17T01:33:34.176917+00:00, run_after=2022-08-18T01:33:34.176917+00:00
[2022-08-18 01:33:34,206] {processor.py:161} INFO - Processing /home/airflow/.local/lib/python3.7/site-packages/airflow/example_dags/example_task_group_decorator.py took 0.186 seconds
[2022-08-18 01:34:05,035] {processor.py:153} INFO - Started process (PID=1665) to work on /home/airflow/.local/lib/python3.7/site-packages/airflow/example_dags/example_task_group_decorator.py
[2022-08-18 01:34:05,036] {processor.py:641} INFO - Processing file /home/airflow/.local/lib/python3.7/site-packages/airflow/example_dags/example_task_group_decorator.py for tasks to queue
[2022-08-18 01:34:05,036] {logging_mixin.py:115} INFO - [2022-08-18 01:34:05,036] {dagbag.py:508} INFO - Filling up the DagBag from /home/airflow/.local/lib/python3.7/site-packages/airflow/example_dags/example_task_group_decorator.py
[2022-08-18 01:34:05,059] {processor.py:651} INFO - DAG(s) dict_keys(['example_task_group_decorator']) retrieved from /home/airflow/.local/lib/python3.7/site-packages/airflow/example_dags/example_task_group_decorator.py
[2022-08-18 01:34:05,124] {logging_mixin.py:115} INFO - [2022-08-18 01:34:05,124] {dag.py:2420} INFO - Sync 1 DAGs
[2022-08-18 01:34:05,144] {logging_mixin.py:115} INFO - [2022-08-18 01:34:05,144] {dag.py:2972} INFO - Setting next_dagrun for example_task_group_decorator to 2022-08-17T01:34:05.144513+00:00, run_after=2022-08-18T01:34:05.144513+00:00
[2022-08-18 01:34:05,165] {processor.py:161} INFO - Processing /home/airflow/.local/lib/python3.7/site-packages/airflow/example_dags/example_task_group_decorator.py took 0.134 seconds
[2022-08-18 01:34:35,983] {processor.py:153} INFO - Started process (PID=1727) to work on /home/airflow/.local/lib/python3.7/site-packages/airflow/example_dags/example_task_group_decorator.py
[2022-08-18 01:34:35,996] {processor.py:641} INFO - Processing file /home/airflow/.local/lib/python3.7/site-packages/airflow/example_dags/example_task_group_decorator.py for tasks to queue
[2022-08-18 01:34:35,996] {logging_mixin.py:115} INFO - [2022-08-18 01:34:35,996] {dagbag.py:508} INFO - Filling up the DagBag from /home/airflow/.local/lib/python3.7/site-packages/airflow/example_dags/example_task_group_decorator.py
[2022-08-18 01:34:36,027] {processor.py:651} INFO - DAG(s) dict_keys(['example_task_group_decorator']) retrieved from /home/airflow/.local/lib/python3.7/site-packages/airflow/example_dags/example_task_group_decorator.py
[2022-08-18 01:34:36,058] {logging_mixin.py:115} INFO - [2022-08-18 01:34:36,058] {dag.py:2420} INFO - Sync 1 DAGs
[2022-08-18 01:34:36,087] {logging_mixin.py:115} INFO - [2022-08-18 01:34:36,087] {dag.py:2972} INFO - Setting next_dagrun for example_task_group_decorator to 2022-08-17T01:34:36.086867+00:00, run_after=2022-08-18T01:34:36.086867+00:00
[2022-08-18 01:34:36,105] {processor.py:161} INFO - Processing /home/airflow/.local/lib/python3.7/site-packages/airflow/example_dags/example_task_group_decorator.py took 0.127 seconds
[2022-08-18 01:35:06,185] {processor.py:153} INFO - Started process (PID=1779) to work on /home/airflow/.local/lib/python3.7/site-packages/airflow/example_dags/example_task_group_decorator.py
[2022-08-18 01:35:06,200] {processor.py:641} INFO - Processing file /home/airflow/.local/lib/python3.7/site-packages/airflow/example_dags/example_task_group_decorator.py for tasks to queue
[2022-08-18 01:35:06,200] {logging_mixin.py:115} INFO - [2022-08-18 01:35:06,200] {dagbag.py:508} INFO - Filling up the DagBag from /home/airflow/.local/lib/python3.7/site-packages/airflow/example_dags/example_task_group_decorator.py
[2022-08-18 01:35:06,228] {processor.py:651} INFO - DAG(s) dict_keys(['example_task_group_decorator']) retrieved from /home/airflow/.local/lib/python3.7/site-packages/airflow/example_dags/example_task_group_decorator.py
[2022-08-18 01:35:06,305] {logging_mixin.py:115} INFO - [2022-08-18 01:35:06,305] {dag.py:2420} INFO - Sync 1 DAGs
[2022-08-18 01:35:06,328] {logging_mixin.py:115} INFO - [2022-08-18 01:35:06,328] {dag.py:2972} INFO - Setting next_dagrun for example_task_group_decorator to 2022-08-17T01:35:06.327970+00:00, run_after=2022-08-18T01:35:06.327970+00:00
[2022-08-18 01:35:06,347] {processor.py:161} INFO - Processing /home/airflow/.local/lib/python3.7/site-packages/airflow/example_dags/example_task_group_decorator.py took 0.167 seconds
[2022-08-18 01:35:36,512] {processor.py:153} INFO - Started process (PID=1842) to work on /home/airflow/.local/lib/python3.7/site-packages/airflow/example_dags/example_task_group_decorator.py
[2022-08-18 01:35:36,525] {processor.py:641} INFO - Processing file /home/airflow/.local/lib/python3.7/site-packages/airflow/example_dags/example_task_group_decorator.py for tasks to queue
[2022-08-18 01:35:36,526] {logging_mixin.py:115} INFO - [2022-08-18 01:35:36,525] {dagbag.py:508} INFO - Filling up the DagBag from /home/airflow/.local/lib/python3.7/site-packages/airflow/example_dags/example_task_group_decorator.py
[2022-08-18 01:35:36,553] {processor.py:651} INFO - DAG(s) dict_keys(['example_task_group_decorator']) retrieved from /home/airflow/.local/lib/python3.7/site-packages/airflow/example_dags/example_task_group_decorator.py
[2022-08-18 01:35:36,623] {logging_mixin.py:115} INFO - [2022-08-18 01:35:36,623] {dag.py:2420} INFO - Sync 1 DAGs
[2022-08-18 01:35:36,647] {logging_mixin.py:115} INFO - [2022-08-18 01:35:36,646] {dag.py:2972} INFO - Setting next_dagrun for example_task_group_decorator to 2022-08-17T01:35:36.646811+00:00, run_after=2022-08-18T01:35:36.646811+00:00
[2022-08-18 01:35:36,662] {processor.py:161} INFO - Processing /home/airflow/.local/lib/python3.7/site-packages/airflow/example_dags/example_task_group_decorator.py took 0.155 seconds
