[2022-08-18 01:19:54,901] {processor.py:153} INFO - Started process (PID=61) to work on /home/airflow/.local/lib/python3.7/site-packages/airflow/example_dags/example_dag_decorator.py
[2022-08-18 01:19:54,901] {processor.py:641} INFO - Processing file /home/airflow/.local/lib/python3.7/site-packages/airflow/example_dags/example_dag_decorator.py for tasks to queue
[2022-08-18 01:19:54,901] {logging_mixin.py:115} INFO - [2022-08-18 01:19:54,901] {dagbag.py:508} INFO - Filling up the DagBag from /home/airflow/.local/lib/python3.7/site-packages/airflow/example_dags/example_dag_decorator.py
[2022-08-18 01:19:54,930] {processor.py:651} INFO - DAG(s) dict_keys(['example_dag_decorator']) retrieved from /home/airflow/.local/lib/python3.7/site-packages/airflow/example_dags/example_dag_decorator.py
[2022-08-18 01:19:55,035] {logging_mixin.py:115} INFO - [2022-08-18 01:19:55,035] {manager.py:508} INFO - Created Permission View: can edit on DAG:example_dag_decorator
[2022-08-18 01:19:55,051] {logging_mixin.py:115} INFO - [2022-08-18 01:19:55,051] {manager.py:508} INFO - Created Permission View: can read on DAG:example_dag_decorator
[2022-08-18 01:19:55,068] {logging_mixin.py:115} INFO - [2022-08-18 01:19:55,068] {manager.py:508} INFO - Created Permission View: can delete on DAG:example_dag_decorator
[2022-08-18 01:19:55,068] {logging_mixin.py:115} INFO - [2022-08-18 01:19:55,068] {dag.py:2420} INFO - Sync 1 DAGs
[2022-08-18 01:19:55,084] {logging_mixin.py:115} INFO - [2022-08-18 01:19:55,084] {dag.py:2439} INFO - Creating ORM DAG for example_dag_decorator
[2022-08-18 01:19:55,099] {logging_mixin.py:115} INFO - [2022-08-18 01:19:55,099] {dag.py:2972} INFO - Setting next_dagrun for example_dag_decorator to None, run_after=None
[2022-08-18 01:19:55,149] {processor.py:161} INFO - Processing /home/airflow/.local/lib/python3.7/site-packages/airflow/example_dags/example_dag_decorator.py took 0.250 seconds
[2022-08-18 01:20:26,118] {processor.py:153} INFO - Started process (PID=123) to work on /home/airflow/.local/lib/python3.7/site-packages/airflow/example_dags/example_dag_decorator.py
[2022-08-18 01:20:26,128] {processor.py:641} INFO - Processing file /home/airflow/.local/lib/python3.7/site-packages/airflow/example_dags/example_dag_decorator.py for tasks to queue
[2022-08-18 01:20:26,129] {logging_mixin.py:115} INFO - [2022-08-18 01:20:26,129] {dagbag.py:508} INFO - Filling up the DagBag from /home/airflow/.local/lib/python3.7/site-packages/airflow/example_dags/example_dag_decorator.py
[2022-08-18 01:20:26,154] {processor.py:651} INFO - DAG(s) dict_keys(['example_dag_decorator']) retrieved from /home/airflow/.local/lib/python3.7/site-packages/airflow/example_dags/example_dag_decorator.py
[2022-08-18 01:20:26,219] {logging_mixin.py:115} INFO - [2022-08-18 01:20:26,219] {dag.py:2420} INFO - Sync 1 DAGs
[2022-08-18 01:20:26,243] {logging_mixin.py:115} INFO - [2022-08-18 01:20:26,243] {dag.py:2972} INFO - Setting next_dagrun for example_dag_decorator to None, run_after=None
[2022-08-18 01:20:26,256] {processor.py:161} INFO - Processing /home/airflow/.local/lib/python3.7/site-packages/airflow/example_dags/example_dag_decorator.py took 0.143 seconds
[2022-08-18 01:20:56,346] {processor.py:153} INFO - Started process (PID=175) to work on /home/airflow/.local/lib/python3.7/site-packages/airflow/example_dags/example_dag_decorator.py
[2022-08-18 01:20:56,353] {processor.py:641} INFO - Processing file /home/airflow/.local/lib/python3.7/site-packages/airflow/example_dags/example_dag_decorator.py for tasks to queue
[2022-08-18 01:20:56,353] {logging_mixin.py:115} INFO - [2022-08-18 01:20:56,353] {dagbag.py:508} INFO - Filling up the DagBag from /home/airflow/.local/lib/python3.7/site-packages/airflow/example_dags/example_dag_decorator.py
[2022-08-18 01:20:56,377] {processor.py:651} INFO - DAG(s) dict_keys(['example_dag_decorator']) retrieved from /home/airflow/.local/lib/python3.7/site-packages/airflow/example_dags/example_dag_decorator.py
[2022-08-18 01:20:56,467] {logging_mixin.py:115} INFO - [2022-08-18 01:20:56,467] {dag.py:2420} INFO - Sync 1 DAGs
[2022-08-18 01:20:56,491] {logging_mixin.py:115} INFO - [2022-08-18 01:20:56,490] {dag.py:2972} INFO - Setting next_dagrun for example_dag_decorator to None, run_after=None
[2022-08-18 01:20:56,555] {processor.py:161} INFO - Processing /home/airflow/.local/lib/python3.7/site-packages/airflow/example_dags/example_dag_decorator.py took 0.215 seconds
[2022-08-18 01:21:26,663] {processor.py:153} INFO - Started process (PID=236) to work on /home/airflow/.local/lib/python3.7/site-packages/airflow/example_dags/example_dag_decorator.py
[2022-08-18 01:21:26,663] {processor.py:641} INFO - Processing file /home/airflow/.local/lib/python3.7/site-packages/airflow/example_dags/example_dag_decorator.py for tasks to queue
[2022-08-18 01:21:26,664] {logging_mixin.py:115} INFO - [2022-08-18 01:21:26,664] {dagbag.py:508} INFO - Filling up the DagBag from /home/airflow/.local/lib/python3.7/site-packages/airflow/example_dags/example_dag_decorator.py
[2022-08-18 01:21:26,681] {processor.py:651} INFO - DAG(s) dict_keys(['example_dag_decorator']) retrieved from /home/airflow/.local/lib/python3.7/site-packages/airflow/example_dags/example_dag_decorator.py
[2022-08-18 01:21:26,751] {logging_mixin.py:115} INFO - [2022-08-18 01:21:26,751] {dag.py:2420} INFO - Sync 1 DAGs
[2022-08-18 01:21:26,771] {logging_mixin.py:115} INFO - [2022-08-18 01:21:26,771] {dag.py:2972} INFO - Setting next_dagrun for example_dag_decorator to None, run_after=None
[2022-08-18 01:21:26,789] {processor.py:161} INFO - Processing /home/airflow/.local/lib/python3.7/site-packages/airflow/example_dags/example_dag_decorator.py took 0.129 seconds
[2022-08-18 01:21:56,945] {processor.py:153} INFO - Started process (PID=288) to work on /home/airflow/.local/lib/python3.7/site-packages/airflow/example_dags/example_dag_decorator.py
[2022-08-18 01:21:56,945] {processor.py:641} INFO - Processing file /home/airflow/.local/lib/python3.7/site-packages/airflow/example_dags/example_dag_decorator.py for tasks to queue
[2022-08-18 01:21:56,946] {logging_mixin.py:115} INFO - [2022-08-18 01:21:56,946] {dagbag.py:508} INFO - Filling up the DagBag from /home/airflow/.local/lib/python3.7/site-packages/airflow/example_dags/example_dag_decorator.py
[2022-08-18 01:21:56,966] {processor.py:651} INFO - DAG(s) dict_keys(['example_dag_decorator']) retrieved from /home/airflow/.local/lib/python3.7/site-packages/airflow/example_dags/example_dag_decorator.py
[2022-08-18 01:21:57,028] {logging_mixin.py:115} INFO - [2022-08-18 01:21:57,028] {dag.py:2420} INFO - Sync 1 DAGs
[2022-08-18 01:21:57,048] {logging_mixin.py:115} INFO - [2022-08-18 01:21:57,048] {dag.py:2972} INFO - Setting next_dagrun for example_dag_decorator to None, run_after=None
[2022-08-18 01:21:57,065] {processor.py:161} INFO - Processing /home/airflow/.local/lib/python3.7/site-packages/airflow/example_dags/example_dag_decorator.py took 0.125 seconds
[2022-08-18 01:22:27,256] {processor.py:153} INFO - Started process (PID=349) to work on /home/airflow/.local/lib/python3.7/site-packages/airflow/example_dags/example_dag_decorator.py
[2022-08-18 01:22:27,257] {processor.py:641} INFO - Processing file /home/airflow/.local/lib/python3.7/site-packages/airflow/example_dags/example_dag_decorator.py for tasks to queue
[2022-08-18 01:22:27,258] {logging_mixin.py:115} INFO - [2022-08-18 01:22:27,258] {dagbag.py:508} INFO - Filling up the DagBag from /home/airflow/.local/lib/python3.7/site-packages/airflow/example_dags/example_dag_decorator.py
[2022-08-18 01:22:27,276] {processor.py:651} INFO - DAG(s) dict_keys(['example_dag_decorator']) retrieved from /home/airflow/.local/lib/python3.7/site-packages/airflow/example_dags/example_dag_decorator.py
[2022-08-18 01:22:27,345] {logging_mixin.py:115} INFO - [2022-08-18 01:22:27,345] {dag.py:2420} INFO - Sync 1 DAGs
[2022-08-18 01:22:27,373] {logging_mixin.py:115} INFO - [2022-08-18 01:22:27,373] {dag.py:2972} INFO - Setting next_dagrun for example_dag_decorator to None, run_after=None
[2022-08-18 01:22:27,406] {processor.py:161} INFO - Processing /home/airflow/.local/lib/python3.7/site-packages/airflow/example_dags/example_dag_decorator.py took 0.154 seconds
[2022-08-18 01:22:57,504] {processor.py:153} INFO - Started process (PID=411) to work on /home/airflow/.local/lib/python3.7/site-packages/airflow/example_dags/example_dag_decorator.py
[2022-08-18 01:22:57,516] {processor.py:641} INFO - Processing file /home/airflow/.local/lib/python3.7/site-packages/airflow/example_dags/example_dag_decorator.py for tasks to queue
[2022-08-18 01:22:57,517] {logging_mixin.py:115} INFO - [2022-08-18 01:22:57,517] {dagbag.py:508} INFO - Filling up the DagBag from /home/airflow/.local/lib/python3.7/site-packages/airflow/example_dags/example_dag_decorator.py
[2022-08-18 01:22:57,540] {processor.py:651} INFO - DAG(s) dict_keys(['example_dag_decorator']) retrieved from /home/airflow/.local/lib/python3.7/site-packages/airflow/example_dags/example_dag_decorator.py
[2022-08-18 01:22:57,604] {logging_mixin.py:115} INFO - [2022-08-18 01:22:57,604] {dag.py:2420} INFO - Sync 1 DAGs
[2022-08-18 01:22:57,623] {logging_mixin.py:115} INFO - [2022-08-18 01:22:57,623] {dag.py:2972} INFO - Setting next_dagrun for example_dag_decorator to None, run_after=None
[2022-08-18 01:22:57,664] {processor.py:161} INFO - Processing /home/airflow/.local/lib/python3.7/site-packages/airflow/example_dags/example_dag_decorator.py took 0.165 seconds
[2022-08-18 01:23:27,736] {processor.py:153} INFO - Started process (PID=464) to work on /home/airflow/.local/lib/python3.7/site-packages/airflow/example_dags/example_dag_decorator.py
[2022-08-18 01:23:27,736] {processor.py:641} INFO - Processing file /home/airflow/.local/lib/python3.7/site-packages/airflow/example_dags/example_dag_decorator.py for tasks to queue
[2022-08-18 01:23:27,737] {logging_mixin.py:115} INFO - [2022-08-18 01:23:27,737] {dagbag.py:508} INFO - Filling up the DagBag from /home/airflow/.local/lib/python3.7/site-packages/airflow/example_dags/example_dag_decorator.py
[2022-08-18 01:23:27,757] {processor.py:651} INFO - DAG(s) dict_keys(['example_dag_decorator']) retrieved from /home/airflow/.local/lib/python3.7/site-packages/airflow/example_dags/example_dag_decorator.py
[2022-08-18 01:23:27,835] {logging_mixin.py:115} INFO - [2022-08-18 01:23:27,835] {dag.py:2420} INFO - Sync 1 DAGs
[2022-08-18 01:23:27,862] {logging_mixin.py:115} INFO - [2022-08-18 01:23:27,861] {dag.py:2972} INFO - Setting next_dagrun for example_dag_decorator to None, run_after=None
[2022-08-18 01:23:27,894] {processor.py:161} INFO - Processing /home/airflow/.local/lib/python3.7/site-packages/airflow/example_dags/example_dag_decorator.py took 0.162 seconds
[2022-08-18 01:23:57,964] {processor.py:153} INFO - Started process (PID=525) to work on /home/airflow/.local/lib/python3.7/site-packages/airflow/example_dags/example_dag_decorator.py
[2022-08-18 01:23:57,964] {processor.py:641} INFO - Processing file /home/airflow/.local/lib/python3.7/site-packages/airflow/example_dags/example_dag_decorator.py for tasks to queue
[2022-08-18 01:23:57,965] {logging_mixin.py:115} INFO - [2022-08-18 01:23:57,965] {dagbag.py:508} INFO - Filling up the DagBag from /home/airflow/.local/lib/python3.7/site-packages/airflow/example_dags/example_dag_decorator.py
[2022-08-18 01:23:57,984] {processor.py:651} INFO - DAG(s) dict_keys(['example_dag_decorator']) retrieved from /home/airflow/.local/lib/python3.7/site-packages/airflow/example_dags/example_dag_decorator.py
[2022-08-18 01:23:58,061] {logging_mixin.py:115} INFO - [2022-08-18 01:23:58,061] {dag.py:2420} INFO - Sync 1 DAGs
[2022-08-18 01:23:58,086] {logging_mixin.py:115} INFO - [2022-08-18 01:23:58,086] {dag.py:2972} INFO - Setting next_dagrun for example_dag_decorator to None, run_after=None
[2022-08-18 01:23:58,109] {processor.py:161} INFO - Processing /home/airflow/.local/lib/python3.7/site-packages/airflow/example_dags/example_dag_decorator.py took 0.149 seconds
[2022-08-18 01:24:28,190] {processor.py:153} INFO - Started process (PID=575) to work on /home/airflow/.local/lib/python3.7/site-packages/airflow/example_dags/example_dag_decorator.py
[2022-08-18 01:24:28,202] {processor.py:641} INFO - Processing file /home/airflow/.local/lib/python3.7/site-packages/airflow/example_dags/example_dag_decorator.py for tasks to queue
[2022-08-18 01:24:28,203] {logging_mixin.py:115} INFO - [2022-08-18 01:24:28,203] {dagbag.py:508} INFO - Filling up the DagBag from /home/airflow/.local/lib/python3.7/site-packages/airflow/example_dags/example_dag_decorator.py
[2022-08-18 01:24:28,223] {processor.py:651} INFO - DAG(s) dict_keys(['example_dag_decorator']) retrieved from /home/airflow/.local/lib/python3.7/site-packages/airflow/example_dags/example_dag_decorator.py
[2022-08-18 01:24:28,290] {logging_mixin.py:115} INFO - [2022-08-18 01:24:28,290] {dag.py:2420} INFO - Sync 1 DAGs
[2022-08-18 01:24:28,309] {logging_mixin.py:115} INFO - [2022-08-18 01:24:28,309] {dag.py:2972} INFO - Setting next_dagrun for example_dag_decorator to None, run_after=None
[2022-08-18 01:24:28,365] {processor.py:161} INFO - Processing /home/airflow/.local/lib/python3.7/site-packages/airflow/example_dags/example_dag_decorator.py took 0.178 seconds
[2022-08-18 01:24:58,619] {processor.py:153} INFO - Started process (PID=636) to work on /home/airflow/.local/lib/python3.7/site-packages/airflow/example_dags/example_dag_decorator.py
[2022-08-18 01:24:58,630] {processor.py:641} INFO - Processing file /home/airflow/.local/lib/python3.7/site-packages/airflow/example_dags/example_dag_decorator.py for tasks to queue
[2022-08-18 01:24:58,631] {logging_mixin.py:115} INFO - [2022-08-18 01:24:58,631] {dagbag.py:508} INFO - Filling up the DagBag from /home/airflow/.local/lib/python3.7/site-packages/airflow/example_dags/example_dag_decorator.py
[2022-08-18 01:24:58,657] {processor.py:651} INFO - DAG(s) dict_keys(['example_dag_decorator']) retrieved from /home/airflow/.local/lib/python3.7/site-packages/airflow/example_dags/example_dag_decorator.py
[2022-08-18 01:24:58,733] {logging_mixin.py:115} INFO - [2022-08-18 01:24:58,733] {dag.py:2420} INFO - Sync 1 DAGs
[2022-08-18 01:24:58,754] {logging_mixin.py:115} INFO - [2022-08-18 01:24:58,754] {dag.py:2972} INFO - Setting next_dagrun for example_dag_decorator to None, run_after=None
[2022-08-18 01:24:58,783] {processor.py:161} INFO - Processing /home/airflow/.local/lib/python3.7/site-packages/airflow/example_dags/example_dag_decorator.py took 0.169 seconds
[2022-08-18 01:25:28,902] {processor.py:153} INFO - Started process (PID=698) to work on /home/airflow/.local/lib/python3.7/site-packages/airflow/example_dags/example_dag_decorator.py
[2022-08-18 01:25:28,906] {processor.py:641} INFO - Processing file /home/airflow/.local/lib/python3.7/site-packages/airflow/example_dags/example_dag_decorator.py for tasks to queue
[2022-08-18 01:25:28,906] {logging_mixin.py:115} INFO - [2022-08-18 01:25:28,906] {dagbag.py:508} INFO - Filling up the DagBag from /home/airflow/.local/lib/python3.7/site-packages/airflow/example_dags/example_dag_decorator.py
[2022-08-18 01:25:28,923] {processor.py:651} INFO - DAG(s) dict_keys(['example_dag_decorator']) retrieved from /home/airflow/.local/lib/python3.7/site-packages/airflow/example_dags/example_dag_decorator.py
[2022-08-18 01:25:28,950] {logging_mixin.py:115} INFO - [2022-08-18 01:25:28,950] {dag.py:2420} INFO - Sync 1 DAGs
[2022-08-18 01:25:28,970] {logging_mixin.py:115} INFO - [2022-08-18 01:25:28,970] {dag.py:2972} INFO - Setting next_dagrun for example_dag_decorator to None, run_after=None
[2022-08-18 01:25:28,993] {processor.py:161} INFO - Processing /home/airflow/.local/lib/python3.7/site-packages/airflow/example_dags/example_dag_decorator.py took 0.095 seconds
[2022-08-18 01:25:59,127] {processor.py:153} INFO - Started process (PID=750) to work on /home/airflow/.local/lib/python3.7/site-packages/airflow/example_dags/example_dag_decorator.py
[2022-08-18 01:25:59,127] {processor.py:641} INFO - Processing file /home/airflow/.local/lib/python3.7/site-packages/airflow/example_dags/example_dag_decorator.py for tasks to queue
[2022-08-18 01:25:59,128] {logging_mixin.py:115} INFO - [2022-08-18 01:25:59,128] {dagbag.py:508} INFO - Filling up the DagBag from /home/airflow/.local/lib/python3.7/site-packages/airflow/example_dags/example_dag_decorator.py
[2022-08-18 01:25:59,147] {processor.py:651} INFO - DAG(s) dict_keys(['example_dag_decorator']) retrieved from /home/airflow/.local/lib/python3.7/site-packages/airflow/example_dags/example_dag_decorator.py
[2022-08-18 01:25:59,171] {logging_mixin.py:115} INFO - [2022-08-18 01:25:59,171] {dag.py:2420} INFO - Sync 1 DAGs
[2022-08-18 01:25:59,192] {logging_mixin.py:115} INFO - [2022-08-18 01:25:59,192] {dag.py:2972} INFO - Setting next_dagrun for example_dag_decorator to None, run_after=None
[2022-08-18 01:25:59,208] {processor.py:161} INFO - Processing /home/airflow/.local/lib/python3.7/site-packages/airflow/example_dags/example_dag_decorator.py took 0.084 seconds
[2022-08-18 01:26:29,674] {processor.py:153} INFO - Started process (PID=812) to work on /home/airflow/.local/lib/python3.7/site-packages/airflow/example_dags/example_dag_decorator.py
[2022-08-18 01:26:29,674] {processor.py:641} INFO - Processing file /home/airflow/.local/lib/python3.7/site-packages/airflow/example_dags/example_dag_decorator.py for tasks to queue
[2022-08-18 01:26:29,674] {logging_mixin.py:115} INFO - [2022-08-18 01:26:29,674] {dagbag.py:508} INFO - Filling up the DagBag from /home/airflow/.local/lib/python3.7/site-packages/airflow/example_dags/example_dag_decorator.py
[2022-08-18 01:26:29,694] {processor.py:651} INFO - DAG(s) dict_keys(['example_dag_decorator']) retrieved from /home/airflow/.local/lib/python3.7/site-packages/airflow/example_dags/example_dag_decorator.py
[2022-08-18 01:26:29,717] {logging_mixin.py:115} INFO - [2022-08-18 01:26:29,717] {dag.py:2420} INFO - Sync 1 DAGs
[2022-08-18 01:26:29,740] {logging_mixin.py:115} INFO - [2022-08-18 01:26:29,740] {dag.py:2972} INFO - Setting next_dagrun for example_dag_decorator to None, run_after=None
[2022-08-18 01:26:29,757] {processor.py:161} INFO - Processing /home/airflow/.local/lib/python3.7/site-packages/airflow/example_dags/example_dag_decorator.py took 0.088 seconds
[2022-08-18 01:26:59,960] {processor.py:153} INFO - Started process (PID=863) to work on /home/airflow/.local/lib/python3.7/site-packages/airflow/example_dags/example_dag_decorator.py
[2022-08-18 01:26:59,975] {processor.py:641} INFO - Processing file /home/airflow/.local/lib/python3.7/site-packages/airflow/example_dags/example_dag_decorator.py for tasks to queue
[2022-08-18 01:26:59,976] {logging_mixin.py:115} INFO - [2022-08-18 01:26:59,976] {dagbag.py:508} INFO - Filling up the DagBag from /home/airflow/.local/lib/python3.7/site-packages/airflow/example_dags/example_dag_decorator.py
[2022-08-18 01:27:00,003] {processor.py:651} INFO - DAG(s) dict_keys(['example_dag_decorator']) retrieved from /home/airflow/.local/lib/python3.7/site-packages/airflow/example_dags/example_dag_decorator.py
[2022-08-18 01:27:00,084] {logging_mixin.py:115} INFO - [2022-08-18 01:27:00,084] {dag.py:2420} INFO - Sync 1 DAGs
[2022-08-18 01:27:00,105] {logging_mixin.py:115} INFO - [2022-08-18 01:27:00,104] {dag.py:2972} INFO - Setting next_dagrun for example_dag_decorator to None, run_after=None
[2022-08-18 01:27:00,138] {processor.py:161} INFO - Processing /home/airflow/.local/lib/python3.7/site-packages/airflow/example_dags/example_dag_decorator.py took 0.182 seconds
[2022-08-18 01:27:30,242] {processor.py:153} INFO - Started process (PID=925) to work on /home/airflow/.local/lib/python3.7/site-packages/airflow/example_dags/example_dag_decorator.py
[2022-08-18 01:27:30,254] {processor.py:641} INFO - Processing file /home/airflow/.local/lib/python3.7/site-packages/airflow/example_dags/example_dag_decorator.py for tasks to queue
[2022-08-18 01:27:30,255] {logging_mixin.py:115} INFO - [2022-08-18 01:27:30,255] {dagbag.py:508} INFO - Filling up the DagBag from /home/airflow/.local/lib/python3.7/site-packages/airflow/example_dags/example_dag_decorator.py
[2022-08-18 01:27:30,279] {processor.py:651} INFO - DAG(s) dict_keys(['example_dag_decorator']) retrieved from /home/airflow/.local/lib/python3.7/site-packages/airflow/example_dags/example_dag_decorator.py
[2022-08-18 01:27:30,349] {logging_mixin.py:115} INFO - [2022-08-18 01:27:30,349] {dag.py:2420} INFO - Sync 1 DAGs
[2022-08-18 01:27:30,369] {logging_mixin.py:115} INFO - [2022-08-18 01:27:30,369] {dag.py:2972} INFO - Setting next_dagrun for example_dag_decorator to None, run_after=None
[2022-08-18 01:27:30,431] {processor.py:161} INFO - Processing /home/airflow/.local/lib/python3.7/site-packages/airflow/example_dags/example_dag_decorator.py took 0.193 seconds
[2022-08-18 01:28:00,586] {processor.py:153} INFO - Started process (PID=986) to work on /home/airflow/.local/lib/python3.7/site-packages/airflow/example_dags/example_dag_decorator.py
[2022-08-18 01:28:00,587] {processor.py:641} INFO - Processing file /home/airflow/.local/lib/python3.7/site-packages/airflow/example_dags/example_dag_decorator.py for tasks to queue
[2022-08-18 01:28:00,587] {logging_mixin.py:115} INFO - [2022-08-18 01:28:00,587] {dagbag.py:508} INFO - Filling up the DagBag from /home/airflow/.local/lib/python3.7/site-packages/airflow/example_dags/example_dag_decorator.py
[2022-08-18 01:28:00,607] {processor.py:651} INFO - DAG(s) dict_keys(['example_dag_decorator']) retrieved from /home/airflow/.local/lib/python3.7/site-packages/airflow/example_dags/example_dag_decorator.py
[2022-08-18 01:28:00,678] {logging_mixin.py:115} INFO - [2022-08-18 01:28:00,678] {dag.py:2420} INFO - Sync 1 DAGs
[2022-08-18 01:28:00,700] {logging_mixin.py:115} INFO - [2022-08-18 01:28:00,700] {dag.py:2972} INFO - Setting next_dagrun for example_dag_decorator to None, run_after=None
[2022-08-18 01:28:00,725] {processor.py:161} INFO - Processing /home/airflow/.local/lib/python3.7/site-packages/airflow/example_dags/example_dag_decorator.py took 0.144 seconds
[2022-08-18 01:28:30,836] {processor.py:153} INFO - Started process (PID=1038) to work on /home/airflow/.local/lib/python3.7/site-packages/airflow/example_dags/example_dag_decorator.py
[2022-08-18 01:28:30,836] {processor.py:641} INFO - Processing file /home/airflow/.local/lib/python3.7/site-packages/airflow/example_dags/example_dag_decorator.py for tasks to queue
[2022-08-18 01:28:30,836] {logging_mixin.py:115} INFO - [2022-08-18 01:28:30,836] {dagbag.py:508} INFO - Filling up the DagBag from /home/airflow/.local/lib/python3.7/site-packages/airflow/example_dags/example_dag_decorator.py
[2022-08-18 01:28:30,857] {processor.py:651} INFO - DAG(s) dict_keys(['example_dag_decorator']) retrieved from /home/airflow/.local/lib/python3.7/site-packages/airflow/example_dags/example_dag_decorator.py
[2022-08-18 01:28:30,927] {logging_mixin.py:115} INFO - [2022-08-18 01:28:30,927] {dag.py:2420} INFO - Sync 1 DAGs
[2022-08-18 01:28:30,950] {logging_mixin.py:115} INFO - [2022-08-18 01:28:30,950] {dag.py:2972} INFO - Setting next_dagrun for example_dag_decorator to None, run_after=None
[2022-08-18 01:28:30,976] {processor.py:161} INFO - Processing /home/airflow/.local/lib/python3.7/site-packages/airflow/example_dags/example_dag_decorator.py took 0.143 seconds
[2022-08-18 01:29:01,087] {processor.py:153} INFO - Started process (PID=1100) to work on /home/airflow/.local/lib/python3.7/site-packages/airflow/example_dags/example_dag_decorator.py
[2022-08-18 01:29:01,088] {processor.py:641} INFO - Processing file /home/airflow/.local/lib/python3.7/site-packages/airflow/example_dags/example_dag_decorator.py for tasks to queue
[2022-08-18 01:29:01,088] {logging_mixin.py:115} INFO - [2022-08-18 01:29:01,088] {dagbag.py:508} INFO - Filling up the DagBag from /home/airflow/.local/lib/python3.7/site-packages/airflow/example_dags/example_dag_decorator.py
[2022-08-18 01:29:01,106] {processor.py:651} INFO - DAG(s) dict_keys(['example_dag_decorator']) retrieved from /home/airflow/.local/lib/python3.7/site-packages/airflow/example_dags/example_dag_decorator.py
[2022-08-18 01:29:01,182] {logging_mixin.py:115} INFO - [2022-08-18 01:29:01,182] {dag.py:2420} INFO - Sync 1 DAGs
[2022-08-18 01:29:01,204] {logging_mixin.py:115} INFO - [2022-08-18 01:29:01,204] {dag.py:2972} INFO - Setting next_dagrun for example_dag_decorator to None, run_after=None
[2022-08-18 01:29:01,226] {processor.py:161} INFO - Processing /home/airflow/.local/lib/python3.7/site-packages/airflow/example_dags/example_dag_decorator.py took 0.142 seconds
[2022-08-18 01:29:31,555] {processor.py:153} INFO - Started process (PID=1159) to work on /home/airflow/.local/lib/python3.7/site-packages/airflow/example_dags/example_dag_decorator.py
[2022-08-18 01:29:31,566] {processor.py:641} INFO - Processing file /home/airflow/.local/lib/python3.7/site-packages/airflow/example_dags/example_dag_decorator.py for tasks to queue
[2022-08-18 01:29:31,567] {logging_mixin.py:115} INFO - [2022-08-18 01:29:31,566] {dagbag.py:508} INFO - Filling up the DagBag from /home/airflow/.local/lib/python3.7/site-packages/airflow/example_dags/example_dag_decorator.py
[2022-08-18 01:29:31,588] {processor.py:651} INFO - DAG(s) dict_keys(['example_dag_decorator']) retrieved from /home/airflow/.local/lib/python3.7/site-packages/airflow/example_dags/example_dag_decorator.py
[2022-08-18 01:29:31,657] {logging_mixin.py:115} INFO - [2022-08-18 01:29:31,657] {dag.py:2420} INFO - Sync 1 DAGs
[2022-08-18 01:29:31,681] {logging_mixin.py:115} INFO - [2022-08-18 01:29:31,680] {dag.py:2972} INFO - Setting next_dagrun for example_dag_decorator to None, run_after=None
[2022-08-18 01:29:31,709] {processor.py:161} INFO - Processing /home/airflow/.local/lib/python3.7/site-packages/airflow/example_dags/example_dag_decorator.py took 0.158 seconds
[2022-08-18 01:30:02,451] {processor.py:153} INFO - Started process (PID=1211) to work on /home/airflow/.local/lib/python3.7/site-packages/airflow/example_dags/example_dag_decorator.py
[2022-08-18 01:30:02,466] {processor.py:641} INFO - Processing file /home/airflow/.local/lib/python3.7/site-packages/airflow/example_dags/example_dag_decorator.py for tasks to queue
[2022-08-18 01:30:02,466] {logging_mixin.py:115} INFO - [2022-08-18 01:30:02,466] {dagbag.py:508} INFO - Filling up the DagBag from /home/airflow/.local/lib/python3.7/site-packages/airflow/example_dags/example_dag_decorator.py
[2022-08-18 01:30:02,496] {processor.py:651} INFO - DAG(s) dict_keys(['example_dag_decorator']) retrieved from /home/airflow/.local/lib/python3.7/site-packages/airflow/example_dags/example_dag_decorator.py
[2022-08-18 01:30:02,576] {logging_mixin.py:115} INFO - [2022-08-18 01:30:02,575] {dag.py:2420} INFO - Sync 1 DAGs
[2022-08-18 01:30:02,601] {logging_mixin.py:115} INFO - [2022-08-18 01:30:02,601] {dag.py:2972} INFO - Setting next_dagrun for example_dag_decorator to None, run_after=None
[2022-08-18 01:30:02,634] {processor.py:161} INFO - Processing /home/airflow/.local/lib/python3.7/site-packages/airflow/example_dags/example_dag_decorator.py took 0.186 seconds
[2022-08-18 01:30:32,762] {processor.py:153} INFO - Started process (PID=1272) to work on /home/airflow/.local/lib/python3.7/site-packages/airflow/example_dags/example_dag_decorator.py
[2022-08-18 01:30:32,777] {processor.py:641} INFO - Processing file /home/airflow/.local/lib/python3.7/site-packages/airflow/example_dags/example_dag_decorator.py for tasks to queue
[2022-08-18 01:30:32,778] {logging_mixin.py:115} INFO - [2022-08-18 01:30:32,778] {dagbag.py:508} INFO - Filling up the DagBag from /home/airflow/.local/lib/python3.7/site-packages/airflow/example_dags/example_dag_decorator.py
[2022-08-18 01:30:32,799] {processor.py:651} INFO - DAG(s) dict_keys(['example_dag_decorator']) retrieved from /home/airflow/.local/lib/python3.7/site-packages/airflow/example_dags/example_dag_decorator.py
[2022-08-18 01:30:32,874] {logging_mixin.py:115} INFO - [2022-08-18 01:30:32,874] {dag.py:2420} INFO - Sync 1 DAGs
[2022-08-18 01:30:32,895] {logging_mixin.py:115} INFO - [2022-08-18 01:30:32,895] {dag.py:2972} INFO - Setting next_dagrun for example_dag_decorator to None, run_after=None
[2022-08-18 01:30:32,943] {processor.py:161} INFO - Processing /home/airflow/.local/lib/python3.7/site-packages/airflow/example_dags/example_dag_decorator.py took 0.185 seconds
[2022-08-18 01:31:03,648] {processor.py:153} INFO - Started process (PID=1331) to work on /home/airflow/.local/lib/python3.7/site-packages/airflow/example_dags/example_dag_decorator.py
[2022-08-18 01:31:03,665] {processor.py:641} INFO - Processing file /home/airflow/.local/lib/python3.7/site-packages/airflow/example_dags/example_dag_decorator.py for tasks to queue
[2022-08-18 01:31:03,666] {logging_mixin.py:115} INFO - [2022-08-18 01:31:03,665] {dagbag.py:508} INFO - Filling up the DagBag from /home/airflow/.local/lib/python3.7/site-packages/airflow/example_dags/example_dag_decorator.py
[2022-08-18 01:31:03,686] {processor.py:651} INFO - DAG(s) dict_keys(['example_dag_decorator']) retrieved from /home/airflow/.local/lib/python3.7/site-packages/airflow/example_dags/example_dag_decorator.py
[2022-08-18 01:31:03,766] {logging_mixin.py:115} INFO - [2022-08-18 01:31:03,765] {dag.py:2420} INFO - Sync 1 DAGs
[2022-08-18 01:31:03,788] {logging_mixin.py:115} INFO - [2022-08-18 01:31:03,788] {dag.py:2972} INFO - Setting next_dagrun for example_dag_decorator to None, run_after=None
[2022-08-18 01:31:03,808] {processor.py:161} INFO - Processing /home/airflow/.local/lib/python3.7/site-packages/airflow/example_dags/example_dag_decorator.py took 0.164 seconds
[2022-08-18 01:31:33,957] {processor.py:153} INFO - Started process (PID=1385) to work on /home/airflow/.local/lib/python3.7/site-packages/airflow/example_dags/example_dag_decorator.py
[2022-08-18 01:31:33,958] {processor.py:641} INFO - Processing file /home/airflow/.local/lib/python3.7/site-packages/airflow/example_dags/example_dag_decorator.py for tasks to queue
[2022-08-18 01:31:33,959] {logging_mixin.py:115} INFO - [2022-08-18 01:31:33,959] {dagbag.py:508} INFO - Filling up the DagBag from /home/airflow/.local/lib/python3.7/site-packages/airflow/example_dags/example_dag_decorator.py
[2022-08-18 01:31:33,978] {processor.py:651} INFO - DAG(s) dict_keys(['example_dag_decorator']) retrieved from /home/airflow/.local/lib/python3.7/site-packages/airflow/example_dags/example_dag_decorator.py
[2022-08-18 01:31:34,000] {logging_mixin.py:115} INFO - [2022-08-18 01:31:34,000] {dag.py:2420} INFO - Sync 1 DAGs
[2022-08-18 01:31:34,021] {logging_mixin.py:115} INFO - [2022-08-18 01:31:34,021] {dag.py:2972} INFO - Setting next_dagrun for example_dag_decorator to None, run_after=None
[2022-08-18 01:31:34,047] {processor.py:161} INFO - Processing /home/airflow/.local/lib/python3.7/site-packages/airflow/example_dags/example_dag_decorator.py took 0.094 seconds
[2022-08-18 01:32:04,796] {processor.py:153} INFO - Started process (PID=1446) to work on /home/airflow/.local/lib/python3.7/site-packages/airflow/example_dags/example_dag_decorator.py
[2022-08-18 01:32:04,796] {processor.py:641} INFO - Processing file /home/airflow/.local/lib/python3.7/site-packages/airflow/example_dags/example_dag_decorator.py for tasks to queue
[2022-08-18 01:32:04,797] {logging_mixin.py:115} INFO - [2022-08-18 01:32:04,797] {dagbag.py:508} INFO - Filling up the DagBag from /home/airflow/.local/lib/python3.7/site-packages/airflow/example_dags/example_dag_decorator.py
[2022-08-18 01:32:04,818] {processor.py:651} INFO - DAG(s) dict_keys(['example_dag_decorator']) retrieved from /home/airflow/.local/lib/python3.7/site-packages/airflow/example_dags/example_dag_decorator.py
[2022-08-18 01:32:04,890] {logging_mixin.py:115} INFO - [2022-08-18 01:32:04,890] {dag.py:2420} INFO - Sync 1 DAGs
[2022-08-18 01:32:04,914] {logging_mixin.py:115} INFO - [2022-08-18 01:32:04,914] {dag.py:2972} INFO - Setting next_dagrun for example_dag_decorator to None, run_after=None
[2022-08-18 01:32:04,930] {processor.py:161} INFO - Processing /home/airflow/.local/lib/python3.7/site-packages/airflow/example_dags/example_dag_decorator.py took 0.139 seconds
[2022-08-18 01:32:35,050] {processor.py:153} INFO - Started process (PID=1497) to work on /home/airflow/.local/lib/python3.7/site-packages/airflow/example_dags/example_dag_decorator.py
[2022-08-18 01:32:35,050] {processor.py:641} INFO - Processing file /home/airflow/.local/lib/python3.7/site-packages/airflow/example_dags/example_dag_decorator.py for tasks to queue
[2022-08-18 01:32:35,051] {logging_mixin.py:115} INFO - [2022-08-18 01:32:35,051] {dagbag.py:508} INFO - Filling up the DagBag from /home/airflow/.local/lib/python3.7/site-packages/airflow/example_dags/example_dag_decorator.py
[2022-08-18 01:32:35,072] {processor.py:651} INFO - DAG(s) dict_keys(['example_dag_decorator']) retrieved from /home/airflow/.local/lib/python3.7/site-packages/airflow/example_dags/example_dag_decorator.py
[2022-08-18 01:32:35,100] {logging_mixin.py:115} INFO - [2022-08-18 01:32:35,100] {dag.py:2420} INFO - Sync 1 DAGs
[2022-08-18 01:32:35,123] {logging_mixin.py:115} INFO - [2022-08-18 01:32:35,123] {dag.py:2972} INFO - Setting next_dagrun for example_dag_decorator to None, run_after=None
[2022-08-18 01:32:35,139] {processor.py:161} INFO - Processing /home/airflow/.local/lib/python3.7/site-packages/airflow/example_dags/example_dag_decorator.py took 0.094 seconds
[2022-08-18 01:33:05,192] {processor.py:153} INFO - Started process (PID=1558) to work on /home/airflow/.local/lib/python3.7/site-packages/airflow/example_dags/example_dag_decorator.py
[2022-08-18 01:33:05,193] {processor.py:641} INFO - Processing file /home/airflow/.local/lib/python3.7/site-packages/airflow/example_dags/example_dag_decorator.py for tasks to queue
[2022-08-18 01:33:05,193] {logging_mixin.py:115} INFO - [2022-08-18 01:33:05,193] {dagbag.py:508} INFO - Filling up the DagBag from /home/airflow/.local/lib/python3.7/site-packages/airflow/example_dags/example_dag_decorator.py
[2022-08-18 01:33:05,211] {processor.py:651} INFO - DAG(s) dict_keys(['example_dag_decorator']) retrieved from /home/airflow/.local/lib/python3.7/site-packages/airflow/example_dags/example_dag_decorator.py
[2022-08-18 01:33:05,288] {logging_mixin.py:115} INFO - [2022-08-18 01:33:05,288] {dag.py:2420} INFO - Sync 1 DAGs
[2022-08-18 01:33:05,311] {logging_mixin.py:115} INFO - [2022-08-18 01:33:05,311] {dag.py:2972} INFO - Setting next_dagrun for example_dag_decorator to None, run_after=None
[2022-08-18 01:33:05,331] {processor.py:161} INFO - Processing /home/airflow/.local/lib/python3.7/site-packages/airflow/example_dags/example_dag_decorator.py took 0.142 seconds
[2022-08-18 01:33:35,443] {processor.py:153} INFO - Started process (PID=1619) to work on /home/airflow/.local/lib/python3.7/site-packages/airflow/example_dags/example_dag_decorator.py
[2022-08-18 01:33:35,444] {processor.py:641} INFO - Processing file /home/airflow/.local/lib/python3.7/site-packages/airflow/example_dags/example_dag_decorator.py for tasks to queue
[2022-08-18 01:33:35,444] {logging_mixin.py:115} INFO - [2022-08-18 01:33:35,444] {dagbag.py:508} INFO - Filling up the DagBag from /home/airflow/.local/lib/python3.7/site-packages/airflow/example_dags/example_dag_decorator.py
[2022-08-18 01:33:35,462] {processor.py:651} INFO - DAG(s) dict_keys(['example_dag_decorator']) retrieved from /home/airflow/.local/lib/python3.7/site-packages/airflow/example_dags/example_dag_decorator.py
[2022-08-18 01:33:35,538] {logging_mixin.py:115} INFO - [2022-08-18 01:33:35,538] {dag.py:2420} INFO - Sync 1 DAGs
[2022-08-18 01:33:35,564] {logging_mixin.py:115} INFO - [2022-08-18 01:33:35,564] {dag.py:2972} INFO - Setting next_dagrun for example_dag_decorator to None, run_after=None
[2022-08-18 01:33:35,627] {processor.py:161} INFO - Processing /home/airflow/.local/lib/python3.7/site-packages/airflow/example_dags/example_dag_decorator.py took 0.188 seconds
[2022-08-18 01:34:06,352] {processor.py:153} INFO - Started process (PID=1671) to work on /home/airflow/.local/lib/python3.7/site-packages/airflow/example_dags/example_dag_decorator.py
[2022-08-18 01:34:06,353] {processor.py:641} INFO - Processing file /home/airflow/.local/lib/python3.7/site-packages/airflow/example_dags/example_dag_decorator.py for tasks to queue
[2022-08-18 01:34:06,353] {logging_mixin.py:115} INFO - [2022-08-18 01:34:06,353] {dagbag.py:508} INFO - Filling up the DagBag from /home/airflow/.local/lib/python3.7/site-packages/airflow/example_dags/example_dag_decorator.py
[2022-08-18 01:34:06,374] {processor.py:651} INFO - DAG(s) dict_keys(['example_dag_decorator']) retrieved from /home/airflow/.local/lib/python3.7/site-packages/airflow/example_dags/example_dag_decorator.py
[2022-08-18 01:34:06,443] {logging_mixin.py:115} INFO - [2022-08-18 01:34:06,443] {dag.py:2420} INFO - Sync 1 DAGs
[2022-08-18 01:34:06,464] {logging_mixin.py:115} INFO - [2022-08-18 01:34:06,464] {dag.py:2972} INFO - Setting next_dagrun for example_dag_decorator to None, run_after=None
[2022-08-18 01:34:06,480] {processor.py:161} INFO - Processing /home/airflow/.local/lib/python3.7/site-packages/airflow/example_dags/example_dag_decorator.py took 0.132 seconds
[2022-08-18 01:34:36,554] {processor.py:153} INFO - Started process (PID=1734) to work on /home/airflow/.local/lib/python3.7/site-packages/airflow/example_dags/example_dag_decorator.py
[2022-08-18 01:34:36,555] {processor.py:641} INFO - Processing file /home/airflow/.local/lib/python3.7/site-packages/airflow/example_dags/example_dag_decorator.py for tasks to queue
[2022-08-18 01:34:36,555] {logging_mixin.py:115} INFO - [2022-08-18 01:34:36,555] {dagbag.py:508} INFO - Filling up the DagBag from /home/airflow/.local/lib/python3.7/site-packages/airflow/example_dags/example_dag_decorator.py
[2022-08-18 01:34:36,576] {processor.py:651} INFO - DAG(s) dict_keys(['example_dag_decorator']) retrieved from /home/airflow/.local/lib/python3.7/site-packages/airflow/example_dags/example_dag_decorator.py
[2022-08-18 01:34:36,637] {logging_mixin.py:115} INFO - [2022-08-18 01:34:36,637] {dag.py:2420} INFO - Sync 1 DAGs
[2022-08-18 01:34:36,657] {logging_mixin.py:115} INFO - [2022-08-18 01:34:36,657] {dag.py:2972} INFO - Setting next_dagrun for example_dag_decorator to None, run_after=None
[2022-08-18 01:34:36,671] {processor.py:161} INFO - Processing /home/airflow/.local/lib/python3.7/site-packages/airflow/example_dags/example_dag_decorator.py took 0.121 seconds
[2022-08-18 01:35:06,803] {processor.py:153} INFO - Started process (PID=1794) to work on /home/airflow/.local/lib/python3.7/site-packages/airflow/example_dags/example_dag_decorator.py
[2022-08-18 01:35:06,804] {processor.py:641} INFO - Processing file /home/airflow/.local/lib/python3.7/site-packages/airflow/example_dags/example_dag_decorator.py for tasks to queue
[2022-08-18 01:35:06,805] {logging_mixin.py:115} INFO - [2022-08-18 01:35:06,805] {dagbag.py:508} INFO - Filling up the DagBag from /home/airflow/.local/lib/python3.7/site-packages/airflow/example_dags/example_dag_decorator.py
[2022-08-18 01:35:06,822] {processor.py:651} INFO - DAG(s) dict_keys(['example_dag_decorator']) retrieved from /home/airflow/.local/lib/python3.7/site-packages/airflow/example_dags/example_dag_decorator.py
[2022-08-18 01:35:06,897] {logging_mixin.py:115} INFO - [2022-08-18 01:35:06,897] {dag.py:2420} INFO - Sync 1 DAGs
[2022-08-18 01:35:06,916] {logging_mixin.py:115} INFO - [2022-08-18 01:35:06,916] {dag.py:2972} INFO - Setting next_dagrun for example_dag_decorator to None, run_after=None
[2022-08-18 01:35:06,928] {processor.py:161} INFO - Processing /home/airflow/.local/lib/python3.7/site-packages/airflow/example_dags/example_dag_decorator.py took 0.128 seconds
[2022-08-18 01:35:36,982] {processor.py:153} INFO - Started process (PID=1849) to work on /home/airflow/.local/lib/python3.7/site-packages/airflow/example_dags/example_dag_decorator.py
[2022-08-18 01:35:36,983] {processor.py:641} INFO - Processing file /home/airflow/.local/lib/python3.7/site-packages/airflow/example_dags/example_dag_decorator.py for tasks to queue
[2022-08-18 01:35:36,983] {logging_mixin.py:115} INFO - [2022-08-18 01:35:36,983] {dagbag.py:508} INFO - Filling up the DagBag from /home/airflow/.local/lib/python3.7/site-packages/airflow/example_dags/example_dag_decorator.py
[2022-08-18 01:35:37,001] {processor.py:651} INFO - DAG(s) dict_keys(['example_dag_decorator']) retrieved from /home/airflow/.local/lib/python3.7/site-packages/airflow/example_dags/example_dag_decorator.py
[2022-08-18 01:35:37,063] {logging_mixin.py:115} INFO - [2022-08-18 01:35:37,063] {dag.py:2420} INFO - Sync 1 DAGs
[2022-08-18 01:35:37,081] {logging_mixin.py:115} INFO - [2022-08-18 01:35:37,081] {dag.py:2972} INFO - Setting next_dagrun for example_dag_decorator to None, run_after=None
[2022-08-18 01:35:37,095] {processor.py:161} INFO - Processing /home/airflow/.local/lib/python3.7/site-packages/airflow/example_dags/example_dag_decorator.py took 0.115 seconds
