[2022-08-18 01:19:54,104] {processor.py:153} INFO - Started process (PID=57) to work on /home/airflow/.local/lib/python3.7/site-packages/airflow/example_dags/example_nested_branch_dag.py
[2022-08-18 01:19:54,105] {processor.py:641} INFO - Processing file /home/airflow/.local/lib/python3.7/site-packages/airflow/example_dags/example_nested_branch_dag.py for tasks to queue
[2022-08-18 01:19:54,105] {logging_mixin.py:115} INFO - [2022-08-18 01:19:54,105] {dagbag.py:508} INFO - Filling up the DagBag from /home/airflow/.local/lib/python3.7/site-packages/airflow/example_dags/example_nested_branch_dag.py
[2022-08-18 01:19:54,116] {processor.py:651} INFO - DAG(s) dict_keys(['example_nested_branch_dag']) retrieved from /home/airflow/.local/lib/python3.7/site-packages/airflow/example_dags/example_nested_branch_dag.py
[2022-08-18 01:19:54,218] {logging_mixin.py:115} INFO - [2022-08-18 01:19:54,218] {manager.py:508} INFO - Created Permission View: can edit on DAG:example_nested_branch_dag
[2022-08-18 01:19:54,297] {logging_mixin.py:115} INFO - [2022-08-18 01:19:54,296] {manager.py:508} INFO - Created Permission View: can read on DAG:example_nested_branch_dag
[2022-08-18 01:19:54,556] {logging_mixin.py:115} INFO - [2022-08-18 01:19:54,556] {manager.py:508} INFO - Created Permission View: can delete on DAG:example_nested_branch_dag
[2022-08-18 01:19:54,556] {logging_mixin.py:115} INFO - [2022-08-18 01:19:54,556] {dag.py:2420} INFO - Sync 1 DAGs
[2022-08-18 01:19:54,573] {logging_mixin.py:115} INFO - [2022-08-18 01:19:54,572] {dag.py:2439} INFO - Creating ORM DAG for example_nested_branch_dag
[2022-08-18 01:19:54,587] {logging_mixin.py:115} INFO - [2022-08-18 01:19:54,587] {dag.py:2972} INFO - Setting next_dagrun for example_nested_branch_dag to 2022-08-17T00:00:00+00:00, run_after=2022-08-18T00:00:00+00:00
[2022-08-18 01:19:54,634] {processor.py:161} INFO - Processing /home/airflow/.local/lib/python3.7/site-packages/airflow/example_dags/example_nested_branch_dag.py took 0.531 seconds
[2022-08-18 01:20:24,912] {processor.py:153} INFO - Started process (PID=110) to work on /home/airflow/.local/lib/python3.7/site-packages/airflow/example_dags/example_nested_branch_dag.py
[2022-08-18 01:20:24,912] {processor.py:641} INFO - Processing file /home/airflow/.local/lib/python3.7/site-packages/airflow/example_dags/example_nested_branch_dag.py for tasks to queue
[2022-08-18 01:20:24,912] {logging_mixin.py:115} INFO - [2022-08-18 01:20:24,912] {dagbag.py:508} INFO - Filling up the DagBag from /home/airflow/.local/lib/python3.7/site-packages/airflow/example_dags/example_nested_branch_dag.py
[2022-08-18 01:20:24,922] {processor.py:651} INFO - DAG(s) dict_keys(['example_nested_branch_dag']) retrieved from /home/airflow/.local/lib/python3.7/site-packages/airflow/example_dags/example_nested_branch_dag.py
[2022-08-18 01:20:24,950] {logging_mixin.py:115} INFO - [2022-08-18 01:20:24,950] {dag.py:2420} INFO - Sync 1 DAGs
[2022-08-18 01:20:24,975] {logging_mixin.py:115} INFO - [2022-08-18 01:20:24,975] {dag.py:2972} INFO - Setting next_dagrun for example_nested_branch_dag to 2022-08-17T00:00:00+00:00, run_after=2022-08-18T00:00:00+00:00
[2022-08-18 01:20:24,992] {processor.py:161} INFO - Processing /home/airflow/.local/lib/python3.7/site-packages/airflow/example_dags/example_nested_branch_dag.py took 0.083 seconds
[2022-08-18 01:20:55,091] {processor.py:153} INFO - Started process (PID=171) to work on /home/airflow/.local/lib/python3.7/site-packages/airflow/example_dags/example_nested_branch_dag.py
[2022-08-18 01:20:55,091] {processor.py:641} INFO - Processing file /home/airflow/.local/lib/python3.7/site-packages/airflow/example_dags/example_nested_branch_dag.py for tasks to queue
[2022-08-18 01:20:55,092] {logging_mixin.py:115} INFO - [2022-08-18 01:20:55,092] {dagbag.py:508} INFO - Filling up the DagBag from /home/airflow/.local/lib/python3.7/site-packages/airflow/example_dags/example_nested_branch_dag.py
[2022-08-18 01:20:55,101] {processor.py:651} INFO - DAG(s) dict_keys(['example_nested_branch_dag']) retrieved from /home/airflow/.local/lib/python3.7/site-packages/airflow/example_dags/example_nested_branch_dag.py
[2022-08-18 01:20:55,127] {logging_mixin.py:115} INFO - [2022-08-18 01:20:55,127] {dag.py:2420} INFO - Sync 1 DAGs
[2022-08-18 01:20:55,156] {logging_mixin.py:115} INFO - [2022-08-18 01:20:55,156] {dag.py:2972} INFO - Setting next_dagrun for example_nested_branch_dag to 2022-08-17T00:00:00+00:00, run_after=2022-08-18T00:00:00+00:00
[2022-08-18 01:20:55,187] {processor.py:161} INFO - Processing /home/airflow/.local/lib/python3.7/site-packages/airflow/example_dags/example_nested_branch_dag.py took 0.100 seconds
[2022-08-18 01:21:25,470] {processor.py:153} INFO - Started process (PID=232) to work on /home/airflow/.local/lib/python3.7/site-packages/airflow/example_dags/example_nested_branch_dag.py
[2022-08-18 01:21:25,470] {processor.py:641} INFO - Processing file /home/airflow/.local/lib/python3.7/site-packages/airflow/example_dags/example_nested_branch_dag.py for tasks to queue
[2022-08-18 01:21:25,471] {logging_mixin.py:115} INFO - [2022-08-18 01:21:25,471] {dagbag.py:508} INFO - Filling up the DagBag from /home/airflow/.local/lib/python3.7/site-packages/airflow/example_dags/example_nested_branch_dag.py
[2022-08-18 01:21:25,478] {processor.py:651} INFO - DAG(s) dict_keys(['example_nested_branch_dag']) retrieved from /home/airflow/.local/lib/python3.7/site-packages/airflow/example_dags/example_nested_branch_dag.py
[2022-08-18 01:21:25,506] {logging_mixin.py:115} INFO - [2022-08-18 01:21:25,506] {dag.py:2420} INFO - Sync 1 DAGs
[2022-08-18 01:21:25,527] {logging_mixin.py:115} INFO - [2022-08-18 01:21:25,527] {dag.py:2972} INFO - Setting next_dagrun for example_nested_branch_dag to 2022-08-17T00:00:00+00:00, run_after=2022-08-18T00:00:00+00:00
[2022-08-18 01:21:25,539] {processor.py:161} INFO - Processing /home/airflow/.local/lib/python3.7/site-packages/airflow/example_dags/example_nested_branch_dag.py took 0.074 seconds
[2022-08-18 01:21:55,725] {processor.py:153} INFO - Started process (PID=284) to work on /home/airflow/.local/lib/python3.7/site-packages/airflow/example_dags/example_nested_branch_dag.py
[2022-08-18 01:21:55,726] {processor.py:641} INFO - Processing file /home/airflow/.local/lib/python3.7/site-packages/airflow/example_dags/example_nested_branch_dag.py for tasks to queue
[2022-08-18 01:21:55,726] {logging_mixin.py:115} INFO - [2022-08-18 01:21:55,726] {dagbag.py:508} INFO - Filling up the DagBag from /home/airflow/.local/lib/python3.7/site-packages/airflow/example_dags/example_nested_branch_dag.py
[2022-08-18 01:21:55,734] {processor.py:651} INFO - DAG(s) dict_keys(['example_nested_branch_dag']) retrieved from /home/airflow/.local/lib/python3.7/site-packages/airflow/example_dags/example_nested_branch_dag.py
[2022-08-18 01:21:55,763] {logging_mixin.py:115} INFO - [2022-08-18 01:21:55,763] {dag.py:2420} INFO - Sync 1 DAGs
[2022-08-18 01:21:55,788] {logging_mixin.py:115} INFO - [2022-08-18 01:21:55,788] {dag.py:2972} INFO - Setting next_dagrun for example_nested_branch_dag to 2022-08-17T00:00:00+00:00, run_after=2022-08-18T00:00:00+00:00
[2022-08-18 01:21:55,808] {processor.py:161} INFO - Processing /home/airflow/.local/lib/python3.7/site-packages/airflow/example_dags/example_nested_branch_dag.py took 0.088 seconds
[2022-08-18 01:22:25,982] {processor.py:153} INFO - Started process (PID=345) to work on /home/airflow/.local/lib/python3.7/site-packages/airflow/example_dags/example_nested_branch_dag.py
[2022-08-18 01:22:25,982] {processor.py:641} INFO - Processing file /home/airflow/.local/lib/python3.7/site-packages/airflow/example_dags/example_nested_branch_dag.py for tasks to queue
[2022-08-18 01:22:25,983] {logging_mixin.py:115} INFO - [2022-08-18 01:22:25,983] {dagbag.py:508} INFO - Filling up the DagBag from /home/airflow/.local/lib/python3.7/site-packages/airflow/example_dags/example_nested_branch_dag.py
[2022-08-18 01:22:25,992] {processor.py:651} INFO - DAG(s) dict_keys(['example_nested_branch_dag']) retrieved from /home/airflow/.local/lib/python3.7/site-packages/airflow/example_dags/example_nested_branch_dag.py
[2022-08-18 01:22:26,020] {logging_mixin.py:115} INFO - [2022-08-18 01:22:26,020] {dag.py:2420} INFO - Sync 1 DAGs
[2022-08-18 01:22:26,045] {logging_mixin.py:115} INFO - [2022-08-18 01:22:26,045] {dag.py:2972} INFO - Setting next_dagrun for example_nested_branch_dag to 2022-08-17T00:00:00+00:00, run_after=2022-08-18T00:00:00+00:00
[2022-08-18 01:22:26,086] {processor.py:161} INFO - Processing /home/airflow/.local/lib/python3.7/site-packages/airflow/example_dags/example_nested_branch_dag.py took 0.110 seconds
[2022-08-18 01:22:56,177] {processor.py:153} INFO - Started process (PID=397) to work on /home/airflow/.local/lib/python3.7/site-packages/airflow/example_dags/example_nested_branch_dag.py
[2022-08-18 01:22:56,178] {processor.py:641} INFO - Processing file /home/airflow/.local/lib/python3.7/site-packages/airflow/example_dags/example_nested_branch_dag.py for tasks to queue
[2022-08-18 01:22:56,178] {logging_mixin.py:115} INFO - [2022-08-18 01:22:56,178] {dagbag.py:508} INFO - Filling up the DagBag from /home/airflow/.local/lib/python3.7/site-packages/airflow/example_dags/example_nested_branch_dag.py
[2022-08-18 01:22:56,188] {processor.py:651} INFO - DAG(s) dict_keys(['example_nested_branch_dag']) retrieved from /home/airflow/.local/lib/python3.7/site-packages/airflow/example_dags/example_nested_branch_dag.py
[2022-08-18 01:22:56,218] {logging_mixin.py:115} INFO - [2022-08-18 01:22:56,218] {dag.py:2420} INFO - Sync 1 DAGs
[2022-08-18 01:22:56,243] {logging_mixin.py:115} INFO - [2022-08-18 01:22:56,243] {dag.py:2972} INFO - Setting next_dagrun for example_nested_branch_dag to 2022-08-17T00:00:00+00:00, run_after=2022-08-18T00:00:00+00:00
[2022-08-18 01:22:56,256] {processor.py:161} INFO - Processing /home/airflow/.local/lib/python3.7/site-packages/airflow/example_dags/example_nested_branch_dag.py took 0.083 seconds
[2022-08-18 01:23:26,295] {processor.py:153} INFO - Started process (PID=458) to work on /home/airflow/.local/lib/python3.7/site-packages/airflow/example_dags/example_nested_branch_dag.py
[2022-08-18 01:23:26,296] {processor.py:641} INFO - Processing file /home/airflow/.local/lib/python3.7/site-packages/airflow/example_dags/example_nested_branch_dag.py for tasks to queue
[2022-08-18 01:23:26,297] {logging_mixin.py:115} INFO - [2022-08-18 01:23:26,297] {dagbag.py:508} INFO - Filling up the DagBag from /home/airflow/.local/lib/python3.7/site-packages/airflow/example_dags/example_nested_branch_dag.py
[2022-08-18 01:23:26,310] {processor.py:651} INFO - DAG(s) dict_keys(['example_nested_branch_dag']) retrieved from /home/airflow/.local/lib/python3.7/site-packages/airflow/example_dags/example_nested_branch_dag.py
[2022-08-18 01:23:26,339] {logging_mixin.py:115} INFO - [2022-08-18 01:23:26,339] {dag.py:2420} INFO - Sync 1 DAGs
[2022-08-18 01:23:26,369] {logging_mixin.py:115} INFO - [2022-08-18 01:23:26,369] {dag.py:2972} INFO - Setting next_dagrun for example_nested_branch_dag to 2022-08-17T00:00:00+00:00, run_after=2022-08-18T00:00:00+00:00
[2022-08-18 01:23:26,383] {processor.py:161} INFO - Processing /home/airflow/.local/lib/python3.7/site-packages/airflow/example_dags/example_nested_branch_dag.py took 0.092 seconds
[2022-08-18 01:23:56,643] {processor.py:153} INFO - Started process (PID=519) to work on /home/airflow/.local/lib/python3.7/site-packages/airflow/example_dags/example_nested_branch_dag.py
[2022-08-18 01:23:56,644] {processor.py:641} INFO - Processing file /home/airflow/.local/lib/python3.7/site-packages/airflow/example_dags/example_nested_branch_dag.py for tasks to queue
[2022-08-18 01:23:56,644] {logging_mixin.py:115} INFO - [2022-08-18 01:23:56,644] {dagbag.py:508} INFO - Filling up the DagBag from /home/airflow/.local/lib/python3.7/site-packages/airflow/example_dags/example_nested_branch_dag.py
[2022-08-18 01:23:56,655] {processor.py:651} INFO - DAG(s) dict_keys(['example_nested_branch_dag']) retrieved from /home/airflow/.local/lib/python3.7/site-packages/airflow/example_dags/example_nested_branch_dag.py
[2022-08-18 01:23:56,681] {logging_mixin.py:115} INFO - [2022-08-18 01:23:56,681] {dag.py:2420} INFO - Sync 1 DAGs
[2022-08-18 01:23:56,709] {logging_mixin.py:115} INFO - [2022-08-18 01:23:56,709] {dag.py:2972} INFO - Setting next_dagrun for example_nested_branch_dag to 2022-08-17T00:00:00+00:00, run_after=2022-08-18T00:00:00+00:00
[2022-08-18 01:23:56,739] {processor.py:161} INFO - Processing /home/airflow/.local/lib/python3.7/site-packages/airflow/example_dags/example_nested_branch_dag.py took 0.101 seconds
[2022-08-18 01:24:26,982] {processor.py:153} INFO - Started process (PID=571) to work on /home/airflow/.local/lib/python3.7/site-packages/airflow/example_dags/example_nested_branch_dag.py
[2022-08-18 01:24:26,982] {processor.py:641} INFO - Processing file /home/airflow/.local/lib/python3.7/site-packages/airflow/example_dags/example_nested_branch_dag.py for tasks to queue
[2022-08-18 01:24:26,982] {logging_mixin.py:115} INFO - [2022-08-18 01:24:26,982] {dagbag.py:508} INFO - Filling up the DagBag from /home/airflow/.local/lib/python3.7/site-packages/airflow/example_dags/example_nested_branch_dag.py
[2022-08-18 01:24:26,991] {processor.py:651} INFO - DAG(s) dict_keys(['example_nested_branch_dag']) retrieved from /home/airflow/.local/lib/python3.7/site-packages/airflow/example_dags/example_nested_branch_dag.py
[2022-08-18 01:24:27,019] {logging_mixin.py:115} INFO - [2022-08-18 01:24:27,019] {dag.py:2420} INFO - Sync 1 DAGs
[2022-08-18 01:24:27,042] {logging_mixin.py:115} INFO - [2022-08-18 01:24:27,041] {dag.py:2972} INFO - Setting next_dagrun for example_nested_branch_dag to 2022-08-17T00:00:00+00:00, run_after=2022-08-18T00:00:00+00:00
[2022-08-18 01:24:27,057] {processor.py:161} INFO - Processing /home/airflow/.local/lib/python3.7/site-packages/airflow/example_dags/example_nested_branch_dag.py took 0.078 seconds
[2022-08-18 01:24:57,393] {processor.py:153} INFO - Started process (PID=632) to work on /home/airflow/.local/lib/python3.7/site-packages/airflow/example_dags/example_nested_branch_dag.py
[2022-08-18 01:24:57,394] {processor.py:641} INFO - Processing file /home/airflow/.local/lib/python3.7/site-packages/airflow/example_dags/example_nested_branch_dag.py for tasks to queue
[2022-08-18 01:24:57,395] {logging_mixin.py:115} INFO - [2022-08-18 01:24:57,395] {dagbag.py:508} INFO - Filling up the DagBag from /home/airflow/.local/lib/python3.7/site-packages/airflow/example_dags/example_nested_branch_dag.py
[2022-08-18 01:24:57,407] {processor.py:651} INFO - DAG(s) dict_keys(['example_nested_branch_dag']) retrieved from /home/airflow/.local/lib/python3.7/site-packages/airflow/example_dags/example_nested_branch_dag.py
[2022-08-18 01:24:57,429] {logging_mixin.py:115} INFO - [2022-08-18 01:24:57,429] {dag.py:2420} INFO - Sync 1 DAGs
[2022-08-18 01:24:57,451] {logging_mixin.py:115} INFO - [2022-08-18 01:24:57,451] {dag.py:2972} INFO - Setting next_dagrun for example_nested_branch_dag to 2022-08-17T00:00:00+00:00, run_after=2022-08-18T00:00:00+00:00
[2022-08-18 01:24:57,484] {processor.py:161} INFO - Processing /home/airflow/.local/lib/python3.7/site-packages/airflow/example_dags/example_nested_branch_dag.py took 0.093 seconds
[2022-08-18 01:25:27,661] {processor.py:153} INFO - Started process (PID=692) to work on /home/airflow/.local/lib/python3.7/site-packages/airflow/example_dags/example_nested_branch_dag.py
[2022-08-18 01:25:27,662] {processor.py:641} INFO - Processing file /home/airflow/.local/lib/python3.7/site-packages/airflow/example_dags/example_nested_branch_dag.py for tasks to queue
[2022-08-18 01:25:27,662] {logging_mixin.py:115} INFO - [2022-08-18 01:25:27,662] {dagbag.py:508} INFO - Filling up the DagBag from /home/airflow/.local/lib/python3.7/site-packages/airflow/example_dags/example_nested_branch_dag.py
[2022-08-18 01:25:27,671] {processor.py:651} INFO - DAG(s) dict_keys(['example_nested_branch_dag']) retrieved from /home/airflow/.local/lib/python3.7/site-packages/airflow/example_dags/example_nested_branch_dag.py
[2022-08-18 01:25:27,698] {logging_mixin.py:115} INFO - [2022-08-18 01:25:27,697] {dag.py:2420} INFO - Sync 1 DAGs
[2022-08-18 01:25:27,728] {logging_mixin.py:115} INFO - [2022-08-18 01:25:27,728] {dag.py:2972} INFO - Setting next_dagrun for example_nested_branch_dag to 2022-08-17T00:00:00+00:00, run_after=2022-08-18T00:00:00+00:00
[2022-08-18 01:25:27,748] {processor.py:161} INFO - Processing /home/airflow/.local/lib/python3.7/site-packages/airflow/example_dags/example_nested_branch_dag.py took 0.089 seconds
[2022-08-18 01:25:57,906] {processor.py:153} INFO - Started process (PID=746) to work on /home/airflow/.local/lib/python3.7/site-packages/airflow/example_dags/example_nested_branch_dag.py
[2022-08-18 01:25:57,906] {processor.py:641} INFO - Processing file /home/airflow/.local/lib/python3.7/site-packages/airflow/example_dags/example_nested_branch_dag.py for tasks to queue
[2022-08-18 01:25:57,907] {logging_mixin.py:115} INFO - [2022-08-18 01:25:57,907] {dagbag.py:508} INFO - Filling up the DagBag from /home/airflow/.local/lib/python3.7/site-packages/airflow/example_dags/example_nested_branch_dag.py
[2022-08-18 01:25:57,915] {processor.py:651} INFO - DAG(s) dict_keys(['example_nested_branch_dag']) retrieved from /home/airflow/.local/lib/python3.7/site-packages/airflow/example_dags/example_nested_branch_dag.py
[2022-08-18 01:25:57,940] {logging_mixin.py:115} INFO - [2022-08-18 01:25:57,939] {dag.py:2420} INFO - Sync 1 DAGs
[2022-08-18 01:25:57,961] {logging_mixin.py:115} INFO - [2022-08-18 01:25:57,961] {dag.py:2972} INFO - Setting next_dagrun for example_nested_branch_dag to 2022-08-17T00:00:00+00:00, run_after=2022-08-18T00:00:00+00:00
[2022-08-18 01:25:57,984] {processor.py:161} INFO - Processing /home/airflow/.local/lib/python3.7/site-packages/airflow/example_dags/example_nested_branch_dag.py took 0.081 seconds
[2022-08-18 01:26:28,292] {processor.py:153} INFO - Started process (PID=808) to work on /home/airflow/.local/lib/python3.7/site-packages/airflow/example_dags/example_nested_branch_dag.py
[2022-08-18 01:26:28,295] {processor.py:641} INFO - Processing file /home/airflow/.local/lib/python3.7/site-packages/airflow/example_dags/example_nested_branch_dag.py for tasks to queue
[2022-08-18 01:26:28,295] {logging_mixin.py:115} INFO - [2022-08-18 01:26:28,295] {dagbag.py:508} INFO - Filling up the DagBag from /home/airflow/.local/lib/python3.7/site-packages/airflow/example_dags/example_nested_branch_dag.py
[2022-08-18 01:26:28,305] {processor.py:651} INFO - DAG(s) dict_keys(['example_nested_branch_dag']) retrieved from /home/airflow/.local/lib/python3.7/site-packages/airflow/example_dags/example_nested_branch_dag.py
[2022-08-18 01:26:28,332] {logging_mixin.py:115} INFO - [2022-08-18 01:26:28,332] {dag.py:2420} INFO - Sync 1 DAGs
[2022-08-18 01:26:28,357] {logging_mixin.py:115} INFO - [2022-08-18 01:26:28,357] {dag.py:2972} INFO - Setting next_dagrun for example_nested_branch_dag to 2022-08-17T00:00:00+00:00, run_after=2022-08-18T00:00:00+00:00
[2022-08-18 01:26:28,495] {processor.py:161} INFO - Processing /home/airflow/.local/lib/python3.7/site-packages/airflow/example_dags/example_nested_branch_dag.py took 0.206 seconds
[2022-08-18 01:26:58,596] {processor.py:153} INFO - Started process (PID=859) to work on /home/airflow/.local/lib/python3.7/site-packages/airflow/example_dags/example_nested_branch_dag.py
[2022-08-18 01:26:58,610] {processor.py:641} INFO - Processing file /home/airflow/.local/lib/python3.7/site-packages/airflow/example_dags/example_nested_branch_dag.py for tasks to queue
[2022-08-18 01:26:58,611] {logging_mixin.py:115} INFO - [2022-08-18 01:26:58,611] {dagbag.py:508} INFO - Filling up the DagBag from /home/airflow/.local/lib/python3.7/site-packages/airflow/example_dags/example_nested_branch_dag.py
[2022-08-18 01:26:58,625] {processor.py:651} INFO - DAG(s) dict_keys(['example_nested_branch_dag']) retrieved from /home/airflow/.local/lib/python3.7/site-packages/airflow/example_dags/example_nested_branch_dag.py
[2022-08-18 01:26:58,651] {logging_mixin.py:115} INFO - [2022-08-18 01:26:58,651] {dag.py:2420} INFO - Sync 1 DAGs
[2022-08-18 01:26:58,677] {logging_mixin.py:115} INFO - [2022-08-18 01:26:58,677] {dag.py:2972} INFO - Setting next_dagrun for example_nested_branch_dag to 2022-08-17T00:00:00+00:00, run_after=2022-08-18T00:00:00+00:00
[2022-08-18 01:26:58,776] {processor.py:161} INFO - Processing /home/airflow/.local/lib/python3.7/site-packages/airflow/example_dags/example_nested_branch_dag.py took 0.184 seconds
[2022-08-18 01:27:28,831] {processor.py:153} INFO - Started process (PID=920) to work on /home/airflow/.local/lib/python3.7/site-packages/airflow/example_dags/example_nested_branch_dag.py
[2022-08-18 01:27:28,831] {processor.py:641} INFO - Processing file /home/airflow/.local/lib/python3.7/site-packages/airflow/example_dags/example_nested_branch_dag.py for tasks to queue
[2022-08-18 01:27:28,832] {logging_mixin.py:115} INFO - [2022-08-18 01:27:28,832] {dagbag.py:508} INFO - Filling up the DagBag from /home/airflow/.local/lib/python3.7/site-packages/airflow/example_dags/example_nested_branch_dag.py
[2022-08-18 01:27:28,840] {processor.py:651} INFO - DAG(s) dict_keys(['example_nested_branch_dag']) retrieved from /home/airflow/.local/lib/python3.7/site-packages/airflow/example_dags/example_nested_branch_dag.py
[2022-08-18 01:27:28,866] {logging_mixin.py:115} INFO - [2022-08-18 01:27:28,866] {dag.py:2420} INFO - Sync 1 DAGs
[2022-08-18 01:27:28,890] {logging_mixin.py:115} INFO - [2022-08-18 01:27:28,890] {dag.py:2972} INFO - Setting next_dagrun for example_nested_branch_dag to 2022-08-17T00:00:00+00:00, run_after=2022-08-18T00:00:00+00:00
[2022-08-18 01:27:28,904] {processor.py:161} INFO - Processing /home/airflow/.local/lib/python3.7/site-packages/airflow/example_dags/example_nested_branch_dag.py took 0.077 seconds
[2022-08-18 01:27:59,200] {processor.py:153} INFO - Started process (PID=981) to work on /home/airflow/.local/lib/python3.7/site-packages/airflow/example_dags/example_nested_branch_dag.py
[2022-08-18 01:27:59,201] {processor.py:641} INFO - Processing file /home/airflow/.local/lib/python3.7/site-packages/airflow/example_dags/example_nested_branch_dag.py for tasks to queue
[2022-08-18 01:27:59,202] {logging_mixin.py:115} INFO - [2022-08-18 01:27:59,201] {dagbag.py:508} INFO - Filling up the DagBag from /home/airflow/.local/lib/python3.7/site-packages/airflow/example_dags/example_nested_branch_dag.py
[2022-08-18 01:27:59,212] {processor.py:651} INFO - DAG(s) dict_keys(['example_nested_branch_dag']) retrieved from /home/airflow/.local/lib/python3.7/site-packages/airflow/example_dags/example_nested_branch_dag.py
[2022-08-18 01:27:59,239] {logging_mixin.py:115} INFO - [2022-08-18 01:27:59,239] {dag.py:2420} INFO - Sync 1 DAGs
[2022-08-18 01:27:59,262] {logging_mixin.py:115} INFO - [2022-08-18 01:27:59,262] {dag.py:2972} INFO - Setting next_dagrun for example_nested_branch_dag to 2022-08-17T00:00:00+00:00, run_after=2022-08-18T00:00:00+00:00
[2022-08-18 01:27:59,287] {processor.py:161} INFO - Processing /home/airflow/.local/lib/python3.7/site-packages/airflow/example_dags/example_nested_branch_dag.py took 0.092 seconds
[2022-08-18 01:28:29,306] {processor.py:153} INFO - Started process (PID=1033) to work on /home/airflow/.local/lib/python3.7/site-packages/airflow/example_dags/example_nested_branch_dag.py
[2022-08-18 01:28:29,306] {processor.py:641} INFO - Processing file /home/airflow/.local/lib/python3.7/site-packages/airflow/example_dags/example_nested_branch_dag.py for tasks to queue
[2022-08-18 01:28:29,307] {logging_mixin.py:115} INFO - [2022-08-18 01:28:29,307] {dagbag.py:508} INFO - Filling up the DagBag from /home/airflow/.local/lib/python3.7/site-packages/airflow/example_dags/example_nested_branch_dag.py
[2022-08-18 01:28:29,319] {processor.py:651} INFO - DAG(s) dict_keys(['example_nested_branch_dag']) retrieved from /home/airflow/.local/lib/python3.7/site-packages/airflow/example_dags/example_nested_branch_dag.py
[2022-08-18 01:28:29,345] {logging_mixin.py:115} INFO - [2022-08-18 01:28:29,345] {dag.py:2420} INFO - Sync 1 DAGs
[2022-08-18 01:28:29,368] {logging_mixin.py:115} INFO - [2022-08-18 01:28:29,368] {dag.py:2972} INFO - Setting next_dagrun for example_nested_branch_dag to 2022-08-17T00:00:00+00:00, run_after=2022-08-18T00:00:00+00:00
[2022-08-18 01:28:29,402] {processor.py:161} INFO - Processing /home/airflow/.local/lib/python3.7/site-packages/airflow/example_dags/example_nested_branch_dag.py took 0.101 seconds
[2022-08-18 01:28:59,779] {processor.py:153} INFO - Started process (PID=1094) to work on /home/airflow/.local/lib/python3.7/site-packages/airflow/example_dags/example_nested_branch_dag.py
[2022-08-18 01:28:59,779] {processor.py:641} INFO - Processing file /home/airflow/.local/lib/python3.7/site-packages/airflow/example_dags/example_nested_branch_dag.py for tasks to queue
[2022-08-18 01:28:59,780] {logging_mixin.py:115} INFO - [2022-08-18 01:28:59,780] {dagbag.py:508} INFO - Filling up the DagBag from /home/airflow/.local/lib/python3.7/site-packages/airflow/example_dags/example_nested_branch_dag.py
[2022-08-18 01:28:59,788] {processor.py:651} INFO - DAG(s) dict_keys(['example_nested_branch_dag']) retrieved from /home/airflow/.local/lib/python3.7/site-packages/airflow/example_dags/example_nested_branch_dag.py
[2022-08-18 01:28:59,818] {logging_mixin.py:115} INFO - [2022-08-18 01:28:59,818] {dag.py:2420} INFO - Sync 1 DAGs
[2022-08-18 01:28:59,844] {logging_mixin.py:115} INFO - [2022-08-18 01:28:59,844] {dag.py:2972} INFO - Setting next_dagrun for example_nested_branch_dag to 2022-08-17T00:00:00+00:00, run_after=2022-08-18T00:00:00+00:00
[2022-08-18 01:28:59,868] {processor.py:161} INFO - Processing /home/airflow/.local/lib/python3.7/site-packages/airflow/example_dags/example_nested_branch_dag.py took 0.092 seconds
[2022-08-18 01:29:30,334] {processor.py:153} INFO - Started process (PID=1146) to work on /home/airflow/.local/lib/python3.7/site-packages/airflow/example_dags/example_nested_branch_dag.py
[2022-08-18 01:29:30,335] {processor.py:641} INFO - Processing file /home/airflow/.local/lib/python3.7/site-packages/airflow/example_dags/example_nested_branch_dag.py for tasks to queue
[2022-08-18 01:29:30,335] {logging_mixin.py:115} INFO - [2022-08-18 01:29:30,335] {dagbag.py:508} INFO - Filling up the DagBag from /home/airflow/.local/lib/python3.7/site-packages/airflow/example_dags/example_nested_branch_dag.py
[2022-08-18 01:29:30,345] {processor.py:651} INFO - DAG(s) dict_keys(['example_nested_branch_dag']) retrieved from /home/airflow/.local/lib/python3.7/site-packages/airflow/example_dags/example_nested_branch_dag.py
[2022-08-18 01:29:30,369] {logging_mixin.py:115} INFO - [2022-08-18 01:29:30,369] {dag.py:2420} INFO - Sync 1 DAGs
[2022-08-18 01:29:30,397] {logging_mixin.py:115} INFO - [2022-08-18 01:29:30,397] {dag.py:2972} INFO - Setting next_dagrun for example_nested_branch_dag to 2022-08-17T00:00:00+00:00, run_after=2022-08-18T00:00:00+00:00
[2022-08-18 01:29:30,417] {processor.py:161} INFO - Processing /home/airflow/.local/lib/python3.7/site-packages/airflow/example_dags/example_nested_branch_dag.py took 0.085 seconds
[2022-08-18 01:30:01,236] {processor.py:153} INFO - Started process (PID=1207) to work on /home/airflow/.local/lib/python3.7/site-packages/airflow/example_dags/example_nested_branch_dag.py
[2022-08-18 01:30:01,236] {processor.py:641} INFO - Processing file /home/airflow/.local/lib/python3.7/site-packages/airflow/example_dags/example_nested_branch_dag.py for tasks to queue
[2022-08-18 01:30:01,236] {logging_mixin.py:115} INFO - [2022-08-18 01:30:01,236] {dagbag.py:508} INFO - Filling up the DagBag from /home/airflow/.local/lib/python3.7/site-packages/airflow/example_dags/example_nested_branch_dag.py
[2022-08-18 01:30:01,245] {processor.py:651} INFO - DAG(s) dict_keys(['example_nested_branch_dag']) retrieved from /home/airflow/.local/lib/python3.7/site-packages/airflow/example_dags/example_nested_branch_dag.py
[2022-08-18 01:30:01,274] {logging_mixin.py:115} INFO - [2022-08-18 01:30:01,274] {dag.py:2420} INFO - Sync 1 DAGs
[2022-08-18 01:30:01,300] {logging_mixin.py:115} INFO - [2022-08-18 01:30:01,300] {dag.py:2972} INFO - Setting next_dagrun for example_nested_branch_dag to 2022-08-17T00:00:00+00:00, run_after=2022-08-18T00:00:00+00:00
[2022-08-18 01:30:01,314] {processor.py:161} INFO - Processing /home/airflow/.local/lib/python3.7/site-packages/airflow/example_dags/example_nested_branch_dag.py took 0.081 seconds
[2022-08-18 01:30:31,567] {processor.py:153} INFO - Started process (PID=1268) to work on /home/airflow/.local/lib/python3.7/site-packages/airflow/example_dags/example_nested_branch_dag.py
[2022-08-18 01:30:31,568] {processor.py:641} INFO - Processing file /home/airflow/.local/lib/python3.7/site-packages/airflow/example_dags/example_nested_branch_dag.py for tasks to queue
[2022-08-18 01:30:31,569] {logging_mixin.py:115} INFO - [2022-08-18 01:30:31,568] {dagbag.py:508} INFO - Filling up the DagBag from /home/airflow/.local/lib/python3.7/site-packages/airflow/example_dags/example_nested_branch_dag.py
[2022-08-18 01:30:31,582] {processor.py:651} INFO - DAG(s) dict_keys(['example_nested_branch_dag']) retrieved from /home/airflow/.local/lib/python3.7/site-packages/airflow/example_dags/example_nested_branch_dag.py
[2022-08-18 01:30:31,606] {logging_mixin.py:115} INFO - [2022-08-18 01:30:31,606] {dag.py:2420} INFO - Sync 1 DAGs
[2022-08-18 01:30:31,637] {logging_mixin.py:115} INFO - [2022-08-18 01:30:31,637] {dag.py:2972} INFO - Setting next_dagrun for example_nested_branch_dag to 2022-08-17T00:00:00+00:00, run_after=2022-08-18T00:00:00+00:00
[2022-08-18 01:30:31,658] {processor.py:161} INFO - Processing /home/airflow/.local/lib/python3.7/site-packages/airflow/example_dags/example_nested_branch_dag.py took 0.096 seconds
[2022-08-18 01:31:02,429] {processor.py:153} INFO - Started process (PID=1320) to work on /home/airflow/.local/lib/python3.7/site-packages/airflow/example_dags/example_nested_branch_dag.py
[2022-08-18 01:31:02,430] {processor.py:641} INFO - Processing file /home/airflow/.local/lib/python3.7/site-packages/airflow/example_dags/example_nested_branch_dag.py for tasks to queue
[2022-08-18 01:31:02,431] {logging_mixin.py:115} INFO - [2022-08-18 01:31:02,431] {dagbag.py:508} INFO - Filling up the DagBag from /home/airflow/.local/lib/python3.7/site-packages/airflow/example_dags/example_nested_branch_dag.py
[2022-08-18 01:31:02,444] {processor.py:651} INFO - DAG(s) dict_keys(['example_nested_branch_dag']) retrieved from /home/airflow/.local/lib/python3.7/site-packages/airflow/example_dags/example_nested_branch_dag.py
[2022-08-18 01:31:02,474] {logging_mixin.py:115} INFO - [2022-08-18 01:31:02,474] {dag.py:2420} INFO - Sync 1 DAGs
[2022-08-18 01:31:02,502] {logging_mixin.py:115} INFO - [2022-08-18 01:31:02,502] {dag.py:2972} INFO - Setting next_dagrun for example_nested_branch_dag to 2022-08-17T00:00:00+00:00, run_after=2022-08-18T00:00:00+00:00
[2022-08-18 01:31:02,533] {processor.py:161} INFO - Processing /home/airflow/.local/lib/python3.7/site-packages/airflow/example_dags/example_nested_branch_dag.py took 0.107 seconds
[2022-08-18 01:31:32,740] {processor.py:153} INFO - Started process (PID=1381) to work on /home/airflow/.local/lib/python3.7/site-packages/airflow/example_dags/example_nested_branch_dag.py
[2022-08-18 01:31:32,741] {processor.py:641} INFO - Processing file /home/airflow/.local/lib/python3.7/site-packages/airflow/example_dags/example_nested_branch_dag.py for tasks to queue
[2022-08-18 01:31:32,741] {logging_mixin.py:115} INFO - [2022-08-18 01:31:32,741] {dagbag.py:508} INFO - Filling up the DagBag from /home/airflow/.local/lib/python3.7/site-packages/airflow/example_dags/example_nested_branch_dag.py
[2022-08-18 01:31:32,752] {processor.py:651} INFO - DAG(s) dict_keys(['example_nested_branch_dag']) retrieved from /home/airflow/.local/lib/python3.7/site-packages/airflow/example_dags/example_nested_branch_dag.py
[2022-08-18 01:31:32,781] {logging_mixin.py:115} INFO - [2022-08-18 01:31:32,781] {dag.py:2420} INFO - Sync 1 DAGs
[2022-08-18 01:31:32,804] {logging_mixin.py:115} INFO - [2022-08-18 01:31:32,804] {dag.py:2972} INFO - Setting next_dagrun for example_nested_branch_dag to 2022-08-17T00:00:00+00:00, run_after=2022-08-18T00:00:00+00:00
[2022-08-18 01:31:32,825] {processor.py:161} INFO - Processing /home/airflow/.local/lib/python3.7/site-packages/airflow/example_dags/example_nested_branch_dag.py took 0.090 seconds
[2022-08-18 01:32:03,529] {processor.py:153} INFO - Started process (PID=1442) to work on /home/airflow/.local/lib/python3.7/site-packages/airflow/example_dags/example_nested_branch_dag.py
[2022-08-18 01:32:03,529] {processor.py:641} INFO - Processing file /home/airflow/.local/lib/python3.7/site-packages/airflow/example_dags/example_nested_branch_dag.py for tasks to queue
[2022-08-18 01:32:03,530] {logging_mixin.py:115} INFO - [2022-08-18 01:32:03,530] {dagbag.py:508} INFO - Filling up the DagBag from /home/airflow/.local/lib/python3.7/site-packages/airflow/example_dags/example_nested_branch_dag.py
[2022-08-18 01:32:03,539] {processor.py:651} INFO - DAG(s) dict_keys(['example_nested_branch_dag']) retrieved from /home/airflow/.local/lib/python3.7/site-packages/airflow/example_dags/example_nested_branch_dag.py
[2022-08-18 01:32:03,567] {logging_mixin.py:115} INFO - [2022-08-18 01:32:03,567] {dag.py:2420} INFO - Sync 1 DAGs
[2022-08-18 01:32:03,591] {logging_mixin.py:115} INFO - [2022-08-18 01:32:03,591] {dag.py:2972} INFO - Setting next_dagrun for example_nested_branch_dag to 2022-08-17T00:00:00+00:00, run_after=2022-08-18T00:00:00+00:00
[2022-08-18 01:32:03,619] {processor.py:161} INFO - Processing /home/airflow/.local/lib/python3.7/site-packages/airflow/example_dags/example_nested_branch_dag.py took 0.095 seconds
[2022-08-18 01:32:33,819] {processor.py:153} INFO - Started process (PID=1493) to work on /home/airflow/.local/lib/python3.7/site-packages/airflow/example_dags/example_nested_branch_dag.py
[2022-08-18 01:32:33,820] {processor.py:641} INFO - Processing file /home/airflow/.local/lib/python3.7/site-packages/airflow/example_dags/example_nested_branch_dag.py for tasks to queue
[2022-08-18 01:32:33,820] {logging_mixin.py:115} INFO - [2022-08-18 01:32:33,820] {dagbag.py:508} INFO - Filling up the DagBag from /home/airflow/.local/lib/python3.7/site-packages/airflow/example_dags/example_nested_branch_dag.py
[2022-08-18 01:32:33,831] {processor.py:651} INFO - DAG(s) dict_keys(['example_nested_branch_dag']) retrieved from /home/airflow/.local/lib/python3.7/site-packages/airflow/example_dags/example_nested_branch_dag.py
[2022-08-18 01:32:33,860] {logging_mixin.py:115} INFO - [2022-08-18 01:32:33,860] {dag.py:2420} INFO - Sync 1 DAGs
[2022-08-18 01:32:33,885] {logging_mixin.py:115} INFO - [2022-08-18 01:32:33,884] {dag.py:2972} INFO - Setting next_dagrun for example_nested_branch_dag to 2022-08-17T00:00:00+00:00, run_after=2022-08-18T00:00:00+00:00
[2022-08-18 01:32:33,909] {processor.py:161} INFO - Processing /home/airflow/.local/lib/python3.7/site-packages/airflow/example_dags/example_nested_branch_dag.py took 0.092 seconds
[2022-08-18 01:33:03,970] {processor.py:153} INFO - Started process (PID=1554) to work on /home/airflow/.local/lib/python3.7/site-packages/airflow/example_dags/example_nested_branch_dag.py
[2022-08-18 01:33:03,971] {processor.py:641} INFO - Processing file /home/airflow/.local/lib/python3.7/site-packages/airflow/example_dags/example_nested_branch_dag.py for tasks to queue
[2022-08-18 01:33:03,971] {logging_mixin.py:115} INFO - [2022-08-18 01:33:03,971] {dagbag.py:508} INFO - Filling up the DagBag from /home/airflow/.local/lib/python3.7/site-packages/airflow/example_dags/example_nested_branch_dag.py
[2022-08-18 01:33:03,980] {processor.py:651} INFO - DAG(s) dict_keys(['example_nested_branch_dag']) retrieved from /home/airflow/.local/lib/python3.7/site-packages/airflow/example_dags/example_nested_branch_dag.py
[2022-08-18 01:33:04,009] {logging_mixin.py:115} INFO - [2022-08-18 01:33:04,009] {dag.py:2420} INFO - Sync 1 DAGs
[2022-08-18 01:33:04,033] {logging_mixin.py:115} INFO - [2022-08-18 01:33:04,033] {dag.py:2972} INFO - Setting next_dagrun for example_nested_branch_dag to 2022-08-17T00:00:00+00:00, run_after=2022-08-18T00:00:00+00:00
[2022-08-18 01:33:04,048] {processor.py:161} INFO - Processing /home/airflow/.local/lib/python3.7/site-packages/airflow/example_dags/example_nested_branch_dag.py took 0.081 seconds
[2022-08-18 01:33:34,225] {processor.py:153} INFO - Started process (PID=1613) to work on /home/airflow/.local/lib/python3.7/site-packages/airflow/example_dags/example_nested_branch_dag.py
[2022-08-18 01:33:34,226] {processor.py:641} INFO - Processing file /home/airflow/.local/lib/python3.7/site-packages/airflow/example_dags/example_nested_branch_dag.py for tasks to queue
[2022-08-18 01:33:34,226] {logging_mixin.py:115} INFO - [2022-08-18 01:33:34,226] {dagbag.py:508} INFO - Filling up the DagBag from /home/airflow/.local/lib/python3.7/site-packages/airflow/example_dags/example_nested_branch_dag.py
[2022-08-18 01:33:34,237] {processor.py:651} INFO - DAG(s) dict_keys(['example_nested_branch_dag']) retrieved from /home/airflow/.local/lib/python3.7/site-packages/airflow/example_dags/example_nested_branch_dag.py
[2022-08-18 01:33:34,263] {logging_mixin.py:115} INFO - [2022-08-18 01:33:34,263] {dag.py:2420} INFO - Sync 1 DAGs
[2022-08-18 01:33:34,287] {logging_mixin.py:115} INFO - [2022-08-18 01:33:34,287] {dag.py:2972} INFO - Setting next_dagrun for example_nested_branch_dag to 2022-08-17T00:00:00+00:00, run_after=2022-08-18T00:00:00+00:00
[2022-08-18 01:33:34,307] {processor.py:161} INFO - Processing /home/airflow/.local/lib/python3.7/site-packages/airflow/example_dags/example_nested_branch_dag.py took 0.084 seconds
[2022-08-18 01:34:05,150] {processor.py:153} INFO - Started process (PID=1667) to work on /home/airflow/.local/lib/python3.7/site-packages/airflow/example_dags/example_nested_branch_dag.py
[2022-08-18 01:34:05,150] {processor.py:641} INFO - Processing file /home/airflow/.local/lib/python3.7/site-packages/airflow/example_dags/example_nested_branch_dag.py for tasks to queue
[2022-08-18 01:34:05,151] {logging_mixin.py:115} INFO - [2022-08-18 01:34:05,151] {dagbag.py:508} INFO - Filling up the DagBag from /home/airflow/.local/lib/python3.7/site-packages/airflow/example_dags/example_nested_branch_dag.py
[2022-08-18 01:34:05,161] {processor.py:651} INFO - DAG(s) dict_keys(['example_nested_branch_dag']) retrieved from /home/airflow/.local/lib/python3.7/site-packages/airflow/example_dags/example_nested_branch_dag.py
[2022-08-18 01:34:05,190] {logging_mixin.py:115} INFO - [2022-08-18 01:34:05,190] {dag.py:2420} INFO - Sync 1 DAGs
[2022-08-18 01:34:05,213] {logging_mixin.py:115} INFO - [2022-08-18 01:34:05,213] {dag.py:2972} INFO - Setting next_dagrun for example_nested_branch_dag to 2022-08-17T00:00:00+00:00, run_after=2022-08-18T00:00:00+00:00
[2022-08-18 01:34:05,232] {processor.py:161} INFO - Processing /home/airflow/.local/lib/python3.7/site-packages/airflow/example_dags/example_nested_branch_dag.py took 0.083 seconds
[2022-08-18 01:34:36,127] {processor.py:153} INFO - Started process (PID=1729) to work on /home/airflow/.local/lib/python3.7/site-packages/airflow/example_dags/example_nested_branch_dag.py
[2022-08-18 01:34:36,127] {processor.py:641} INFO - Processing file /home/airflow/.local/lib/python3.7/site-packages/airflow/example_dags/example_nested_branch_dag.py for tasks to queue
[2022-08-18 01:34:36,128] {logging_mixin.py:115} INFO - [2022-08-18 01:34:36,128] {dagbag.py:508} INFO - Filling up the DagBag from /home/airflow/.local/lib/python3.7/site-packages/airflow/example_dags/example_nested_branch_dag.py
[2022-08-18 01:34:36,136] {processor.py:651} INFO - DAG(s) dict_keys(['example_nested_branch_dag']) retrieved from /home/airflow/.local/lib/python3.7/site-packages/airflow/example_dags/example_nested_branch_dag.py
[2022-08-18 01:34:36,162] {logging_mixin.py:115} INFO - [2022-08-18 01:34:36,161] {dag.py:2420} INFO - Sync 1 DAGs
[2022-08-18 01:34:36,186] {logging_mixin.py:115} INFO - [2022-08-18 01:34:36,186] {dag.py:2972} INFO - Setting next_dagrun for example_nested_branch_dag to 2022-08-17T00:00:00+00:00, run_after=2022-08-18T00:00:00+00:00
[2022-08-18 01:34:36,206] {processor.py:161} INFO - Processing /home/airflow/.local/lib/python3.7/site-packages/airflow/example_dags/example_nested_branch_dag.py took 0.084 seconds
[2022-08-18 01:35:06,335] {processor.py:153} INFO - Started process (PID=1781) to work on /home/airflow/.local/lib/python3.7/site-packages/airflow/example_dags/example_nested_branch_dag.py
[2022-08-18 01:35:06,335] {processor.py:641} INFO - Processing file /home/airflow/.local/lib/python3.7/site-packages/airflow/example_dags/example_nested_branch_dag.py for tasks to queue
[2022-08-18 01:35:06,336] {logging_mixin.py:115} INFO - [2022-08-18 01:35:06,336] {dagbag.py:508} INFO - Filling up the DagBag from /home/airflow/.local/lib/python3.7/site-packages/airflow/example_dags/example_nested_branch_dag.py
[2022-08-18 01:35:06,344] {processor.py:651} INFO - DAG(s) dict_keys(['example_nested_branch_dag']) retrieved from /home/airflow/.local/lib/python3.7/site-packages/airflow/example_dags/example_nested_branch_dag.py
[2022-08-18 01:35:06,375] {logging_mixin.py:115} INFO - [2022-08-18 01:35:06,375] {dag.py:2420} INFO - Sync 1 DAGs
[2022-08-18 01:35:06,402] {logging_mixin.py:115} INFO - [2022-08-18 01:35:06,402] {dag.py:2972} INFO - Setting next_dagrun for example_nested_branch_dag to 2022-08-17T00:00:00+00:00, run_after=2022-08-18T00:00:00+00:00
[2022-08-18 01:35:06,421] {processor.py:161} INFO - Processing /home/airflow/.local/lib/python3.7/site-packages/airflow/example_dags/example_nested_branch_dag.py took 0.089 seconds
[2022-08-18 01:35:36,571] {processor.py:153} INFO - Started process (PID=1843) to work on /home/airflow/.local/lib/python3.7/site-packages/airflow/example_dags/example_nested_branch_dag.py
[2022-08-18 01:35:36,571] {processor.py:641} INFO - Processing file /home/airflow/.local/lib/python3.7/site-packages/airflow/example_dags/example_nested_branch_dag.py for tasks to queue
[2022-08-18 01:35:36,571] {logging_mixin.py:115} INFO - [2022-08-18 01:35:36,571] {dagbag.py:508} INFO - Filling up the DagBag from /home/airflow/.local/lib/python3.7/site-packages/airflow/example_dags/example_nested_branch_dag.py
[2022-08-18 01:35:36,580] {processor.py:651} INFO - DAG(s) dict_keys(['example_nested_branch_dag']) retrieved from /home/airflow/.local/lib/python3.7/site-packages/airflow/example_dags/example_nested_branch_dag.py
[2022-08-18 01:35:36,607] {logging_mixin.py:115} INFO - [2022-08-18 01:35:36,607] {dag.py:2420} INFO - Sync 1 DAGs
[2022-08-18 01:35:36,629] {logging_mixin.py:115} INFO - [2022-08-18 01:35:36,629] {dag.py:2972} INFO - Setting next_dagrun for example_nested_branch_dag to 2022-08-17T00:00:00+00:00, run_after=2022-08-18T00:00:00+00:00
[2022-08-18 01:35:36,647] {processor.py:161} INFO - Processing /home/airflow/.local/lib/python3.7/site-packages/airflow/example_dags/example_nested_branch_dag.py took 0.079 seconds
