[2022-08-18 01:19:56,666] {processor.py:153} INFO - Started process (PID=77) to work on /home/airflow/.local/lib/python3.7/site-packages/airflow/example_dags/example_skip_dag.py
[2022-08-18 01:19:56,666] {processor.py:641} INFO - Processing file /home/airflow/.local/lib/python3.7/site-packages/airflow/example_dags/example_skip_dag.py for tasks to queue
[2022-08-18 01:19:56,667] {logging_mixin.py:115} INFO - [2022-08-18 01:19:56,667] {dagbag.py:508} INFO - Filling up the DagBag from /home/airflow/.local/lib/python3.7/site-packages/airflow/example_dags/example_skip_dag.py
[2022-08-18 01:19:56,673] {processor.py:651} INFO - DAG(s) dict_keys(['example_skip_dag']) retrieved from /home/airflow/.local/lib/python3.7/site-packages/airflow/example_dags/example_skip_dag.py
[2022-08-18 01:19:56,794] {logging_mixin.py:115} INFO - [2022-08-18 01:19:56,793] {manager.py:508} INFO - Created Permission View: can edit on DAG:example_skip_dag
[2022-08-18 01:19:56,810] {logging_mixin.py:115} INFO - [2022-08-18 01:19:56,810] {manager.py:508} INFO - Created Permission View: can read on DAG:example_skip_dag
[2022-08-18 01:19:56,835] {logging_mixin.py:115} INFO - [2022-08-18 01:19:56,835] {manager.py:508} INFO - Created Permission View: can delete on DAG:example_skip_dag
[2022-08-18 01:19:56,835] {logging_mixin.py:115} INFO - [2022-08-18 01:19:56,835] {dag.py:2420} INFO - Sync 1 DAGs
[2022-08-18 01:19:56,845] {logging_mixin.py:115} INFO - [2022-08-18 01:19:56,845] {dag.py:2439} INFO - Creating ORM DAG for example_skip_dag
[2022-08-18 01:19:56,860] {logging_mixin.py:115} INFO - [2022-08-18 01:19:56,859] {dag.py:2972} INFO - Setting next_dagrun for example_skip_dag to 2022-08-17T01:19:56.859647+00:00, run_after=2022-08-18T01:19:56.859647+00:00
[2022-08-18 01:19:56,882] {processor.py:161} INFO - Processing /home/airflow/.local/lib/python3.7/site-packages/airflow/example_dags/example_skip_dag.py took 0.219 seconds
[2022-08-18 01:20:27,084] {processor.py:153} INFO - Started process (PID=139) to work on /home/airflow/.local/lib/python3.7/site-packages/airflow/example_dags/example_skip_dag.py
[2022-08-18 01:20:27,084] {processor.py:641} INFO - Processing file /home/airflow/.local/lib/python3.7/site-packages/airflow/example_dags/example_skip_dag.py for tasks to queue
[2022-08-18 01:20:27,085] {logging_mixin.py:115} INFO - [2022-08-18 01:20:27,085] {dagbag.py:508} INFO - Filling up the DagBag from /home/airflow/.local/lib/python3.7/site-packages/airflow/example_dags/example_skip_dag.py
[2022-08-18 01:20:27,089] {processor.py:651} INFO - DAG(s) dict_keys(['example_skip_dag']) retrieved from /home/airflow/.local/lib/python3.7/site-packages/airflow/example_dags/example_skip_dag.py
[2022-08-18 01:20:27,118] {logging_mixin.py:115} INFO - [2022-08-18 01:20:27,118] {dag.py:2420} INFO - Sync 1 DAGs
[2022-08-18 01:20:27,143] {logging_mixin.py:115} INFO - [2022-08-18 01:20:27,143] {dag.py:2972} INFO - Setting next_dagrun for example_skip_dag to 2022-08-17T01:20:27.143688+00:00, run_after=2022-08-18T01:20:27.143688+00:00
[2022-08-18 01:20:27,211] {processor.py:161} INFO - Processing /home/airflow/.local/lib/python3.7/site-packages/airflow/example_dags/example_skip_dag.py took 0.130 seconds
[2022-08-18 01:20:57,527] {processor.py:153} INFO - Started process (PID=191) to work on /home/airflow/.local/lib/python3.7/site-packages/airflow/example_dags/example_skip_dag.py
[2022-08-18 01:20:57,528] {processor.py:641} INFO - Processing file /home/airflow/.local/lib/python3.7/site-packages/airflow/example_dags/example_skip_dag.py for tasks to queue
[2022-08-18 01:20:57,529] {logging_mixin.py:115} INFO - [2022-08-18 01:20:57,529] {dagbag.py:508} INFO - Filling up the DagBag from /home/airflow/.local/lib/python3.7/site-packages/airflow/example_dags/example_skip_dag.py
[2022-08-18 01:20:57,536] {processor.py:651} INFO - DAG(s) dict_keys(['example_skip_dag']) retrieved from /home/airflow/.local/lib/python3.7/site-packages/airflow/example_dags/example_skip_dag.py
[2022-08-18 01:20:57,567] {logging_mixin.py:115} INFO - [2022-08-18 01:20:57,567] {dag.py:2420} INFO - Sync 1 DAGs
[2022-08-18 01:20:57,590] {logging_mixin.py:115} INFO - [2022-08-18 01:20:57,590] {dag.py:2972} INFO - Setting next_dagrun for example_skip_dag to 2022-08-17T01:20:57.590234+00:00, run_after=2022-08-18T01:20:57.590234+00:00
[2022-08-18 01:20:57,609] {processor.py:161} INFO - Processing /home/airflow/.local/lib/python3.7/site-packages/airflow/example_dags/example_skip_dag.py took 0.085 seconds
[2022-08-18 01:21:28,780] {processor.py:153} INFO - Started process (PID=252) to work on /home/airflow/.local/lib/python3.7/site-packages/airflow/example_dags/example_skip_dag.py
[2022-08-18 01:21:28,780] {processor.py:641} INFO - Processing file /home/airflow/.local/lib/python3.7/site-packages/airflow/example_dags/example_skip_dag.py for tasks to queue
[2022-08-18 01:21:28,781] {logging_mixin.py:115} INFO - [2022-08-18 01:21:28,781] {dagbag.py:508} INFO - Filling up the DagBag from /home/airflow/.local/lib/python3.7/site-packages/airflow/example_dags/example_skip_dag.py
[2022-08-18 01:21:28,790] {processor.py:651} INFO - DAG(s) dict_keys(['example_skip_dag']) retrieved from /home/airflow/.local/lib/python3.7/site-packages/airflow/example_dags/example_skip_dag.py
[2022-08-18 01:21:28,824] {logging_mixin.py:115} INFO - [2022-08-18 01:21:28,824] {dag.py:2420} INFO - Sync 1 DAGs
[2022-08-18 01:21:28,847] {logging_mixin.py:115} INFO - [2022-08-18 01:21:28,847] {dag.py:2972} INFO - Setting next_dagrun for example_skip_dag to 2022-08-17T01:21:28.846844+00:00, run_after=2022-08-18T01:21:28.846844+00:00
[2022-08-18 01:21:28,869] {processor.py:161} INFO - Processing /home/airflow/.local/lib/python3.7/site-packages/airflow/example_dags/example_skip_dag.py took 0.094 seconds
[2022-08-18 01:21:59,032] {processor.py:153} INFO - Started process (PID=313) to work on /home/airflow/.local/lib/python3.7/site-packages/airflow/example_dags/example_skip_dag.py
[2022-08-18 01:21:59,032] {processor.py:641} INFO - Processing file /home/airflow/.local/lib/python3.7/site-packages/airflow/example_dags/example_skip_dag.py for tasks to queue
[2022-08-18 01:21:59,033] {logging_mixin.py:115} INFO - [2022-08-18 01:21:59,033] {dagbag.py:508} INFO - Filling up the DagBag from /home/airflow/.local/lib/python3.7/site-packages/airflow/example_dags/example_skip_dag.py
[2022-08-18 01:21:59,037] {processor.py:651} INFO - DAG(s) dict_keys(['example_skip_dag']) retrieved from /home/airflow/.local/lib/python3.7/site-packages/airflow/example_dags/example_skip_dag.py
[2022-08-18 01:21:59,063] {logging_mixin.py:115} INFO - [2022-08-18 01:21:59,063] {dag.py:2420} INFO - Sync 1 DAGs
[2022-08-18 01:21:59,094] {logging_mixin.py:115} INFO - [2022-08-18 01:21:59,093] {dag.py:2972} INFO - Setting next_dagrun for example_skip_dag to 2022-08-17T01:21:59.093697+00:00, run_after=2022-08-18T01:21:59.093697+00:00
[2022-08-18 01:21:59,116] {processor.py:161} INFO - Processing /home/airflow/.local/lib/python3.7/site-packages/airflow/example_dags/example_skip_dag.py took 0.089 seconds
[2022-08-18 01:22:29,262] {processor.py:153} INFO - Started process (PID=365) to work on /home/airflow/.local/lib/python3.7/site-packages/airflow/example_dags/example_skip_dag.py
[2022-08-18 01:22:29,263] {processor.py:641} INFO - Processing file /home/airflow/.local/lib/python3.7/site-packages/airflow/example_dags/example_skip_dag.py for tasks to queue
[2022-08-18 01:22:29,263] {logging_mixin.py:115} INFO - [2022-08-18 01:22:29,263] {dagbag.py:508} INFO - Filling up the DagBag from /home/airflow/.local/lib/python3.7/site-packages/airflow/example_dags/example_skip_dag.py
[2022-08-18 01:22:29,271] {processor.py:651} INFO - DAG(s) dict_keys(['example_skip_dag']) retrieved from /home/airflow/.local/lib/python3.7/site-packages/airflow/example_dags/example_skip_dag.py
[2022-08-18 01:22:29,299] {logging_mixin.py:115} INFO - [2022-08-18 01:22:29,299] {dag.py:2420} INFO - Sync 1 DAGs
[2022-08-18 01:22:29,324] {logging_mixin.py:115} INFO - [2022-08-18 01:22:29,323] {dag.py:2972} INFO - Setting next_dagrun for example_skip_dag to 2022-08-17T01:22:29.323480+00:00, run_after=2022-08-18T01:22:29.323480+00:00
[2022-08-18 01:22:29,339] {processor.py:161} INFO - Processing /home/airflow/.local/lib/python3.7/site-packages/airflow/example_dags/example_skip_dag.py took 0.081 seconds
[2022-08-18 01:22:59,400] {processor.py:153} INFO - Started process (PID=426) to work on /home/airflow/.local/lib/python3.7/site-packages/airflow/example_dags/example_skip_dag.py
[2022-08-18 01:22:59,400] {processor.py:641} INFO - Processing file /home/airflow/.local/lib/python3.7/site-packages/airflow/example_dags/example_skip_dag.py for tasks to queue
[2022-08-18 01:22:59,401] {logging_mixin.py:115} INFO - [2022-08-18 01:22:59,401] {dagbag.py:508} INFO - Filling up the DagBag from /home/airflow/.local/lib/python3.7/site-packages/airflow/example_dags/example_skip_dag.py
[2022-08-18 01:22:59,405] {processor.py:651} INFO - DAG(s) dict_keys(['example_skip_dag']) retrieved from /home/airflow/.local/lib/python3.7/site-packages/airflow/example_dags/example_skip_dag.py
[2022-08-18 01:22:59,434] {logging_mixin.py:115} INFO - [2022-08-18 01:22:59,434] {dag.py:2420} INFO - Sync 1 DAGs
[2022-08-18 01:22:59,455] {logging_mixin.py:115} INFO - [2022-08-18 01:22:59,455] {dag.py:2972} INFO - Setting next_dagrun for example_skip_dag to 2022-08-17T01:22:59.455102+00:00, run_after=2022-08-18T01:22:59.455102+00:00
[2022-08-18 01:22:59,485] {processor.py:161} INFO - Processing /home/airflow/.local/lib/python3.7/site-packages/airflow/example_dags/example_skip_dag.py took 0.087 seconds
[2022-08-18 01:23:29,730] {processor.py:153} INFO - Started process (PID=478) to work on /home/airflow/.local/lib/python3.7/site-packages/airflow/example_dags/example_skip_dag.py
[2022-08-18 01:23:29,730] {processor.py:641} INFO - Processing file /home/airflow/.local/lib/python3.7/site-packages/airflow/example_dags/example_skip_dag.py for tasks to queue
[2022-08-18 01:23:29,731] {logging_mixin.py:115} INFO - [2022-08-18 01:23:29,731] {dagbag.py:508} INFO - Filling up the DagBag from /home/airflow/.local/lib/python3.7/site-packages/airflow/example_dags/example_skip_dag.py
[2022-08-18 01:23:29,739] {processor.py:651} INFO - DAG(s) dict_keys(['example_skip_dag']) retrieved from /home/airflow/.local/lib/python3.7/site-packages/airflow/example_dags/example_skip_dag.py
[2022-08-18 01:23:29,766] {logging_mixin.py:115} INFO - [2022-08-18 01:23:29,765] {dag.py:2420} INFO - Sync 1 DAGs
[2022-08-18 01:23:29,788] {logging_mixin.py:115} INFO - [2022-08-18 01:23:29,787] {dag.py:2972} INFO - Setting next_dagrun for example_skip_dag to 2022-08-17T01:23:29.787731+00:00, run_after=2022-08-18T01:23:29.787731+00:00
[2022-08-18 01:23:29,809] {processor.py:161} INFO - Processing /home/airflow/.local/lib/python3.7/site-packages/airflow/example_dags/example_skip_dag.py took 0.084 seconds
[2022-08-18 01:23:59,966] {processor.py:153} INFO - Started process (PID=539) to work on /home/airflow/.local/lib/python3.7/site-packages/airflow/example_dags/example_skip_dag.py
[2022-08-18 01:23:59,966] {processor.py:641} INFO - Processing file /home/airflow/.local/lib/python3.7/site-packages/airflow/example_dags/example_skip_dag.py for tasks to queue
[2022-08-18 01:23:59,966] {logging_mixin.py:115} INFO - [2022-08-18 01:23:59,966] {dagbag.py:508} INFO - Filling up the DagBag from /home/airflow/.local/lib/python3.7/site-packages/airflow/example_dags/example_skip_dag.py
[2022-08-18 01:23:59,970] {processor.py:651} INFO - DAG(s) dict_keys(['example_skip_dag']) retrieved from /home/airflow/.local/lib/python3.7/site-packages/airflow/example_dags/example_skip_dag.py
[2022-08-18 01:23:59,997] {logging_mixin.py:115} INFO - [2022-08-18 01:23:59,997] {dag.py:2420} INFO - Sync 1 DAGs
[2022-08-18 01:24:00,024] {logging_mixin.py:115} INFO - [2022-08-18 01:24:00,024] {dag.py:2972} INFO - Setting next_dagrun for example_skip_dag to 2022-08-17T01:24:00.024341+00:00, run_after=2022-08-18T01:24:00.024341+00:00
[2022-08-18 01:24:00,049] {processor.py:161} INFO - Processing /home/airflow/.local/lib/python3.7/site-packages/airflow/example_dags/example_skip_dag.py took 0.086 seconds
[2022-08-18 01:24:30,203] {processor.py:153} INFO - Started process (PID=600) to work on /home/airflow/.local/lib/python3.7/site-packages/airflow/example_dags/example_skip_dag.py
[2022-08-18 01:24:30,221] {processor.py:641} INFO - Processing file /home/airflow/.local/lib/python3.7/site-packages/airflow/example_dags/example_skip_dag.py for tasks to queue
[2022-08-18 01:24:30,221] {logging_mixin.py:115} INFO - [2022-08-18 01:24:30,221] {dagbag.py:508} INFO - Filling up the DagBag from /home/airflow/.local/lib/python3.7/site-packages/airflow/example_dags/example_skip_dag.py
[2022-08-18 01:24:30,228] {processor.py:651} INFO - DAG(s) dict_keys(['example_skip_dag']) retrieved from /home/airflow/.local/lib/python3.7/site-packages/airflow/example_dags/example_skip_dag.py
[2022-08-18 01:24:30,251] {logging_mixin.py:115} INFO - [2022-08-18 01:24:30,251] {dag.py:2420} INFO - Sync 1 DAGs
[2022-08-18 01:24:30,272] {logging_mixin.py:115} INFO - [2022-08-18 01:24:30,272] {dag.py:2972} INFO - Setting next_dagrun for example_skip_dag to 2022-08-17T01:24:30.272269+00:00, run_after=2022-08-18T01:24:30.272269+00:00
[2022-08-18 01:24:30,301] {processor.py:161} INFO - Processing /home/airflow/.local/lib/python3.7/site-packages/airflow/example_dags/example_skip_dag.py took 0.102 seconds
[2022-08-18 01:25:00,712] {processor.py:153} INFO - Started process (PID=652) to work on /home/airflow/.local/lib/python3.7/site-packages/airflow/example_dags/example_skip_dag.py
[2022-08-18 01:25:00,713] {processor.py:641} INFO - Processing file /home/airflow/.local/lib/python3.7/site-packages/airflow/example_dags/example_skip_dag.py for tasks to queue
[2022-08-18 01:25:00,714] {logging_mixin.py:115} INFO - [2022-08-18 01:25:00,714] {dagbag.py:508} INFO - Filling up the DagBag from /home/airflow/.local/lib/python3.7/site-packages/airflow/example_dags/example_skip_dag.py
[2022-08-18 01:25:00,720] {processor.py:651} INFO - DAG(s) dict_keys(['example_skip_dag']) retrieved from /home/airflow/.local/lib/python3.7/site-packages/airflow/example_dags/example_skip_dag.py
[2022-08-18 01:25:00,742] {logging_mixin.py:115} INFO - [2022-08-18 01:25:00,742] {dag.py:2420} INFO - Sync 1 DAGs
[2022-08-18 01:25:00,769] {logging_mixin.py:115} INFO - [2022-08-18 01:25:00,769] {dag.py:2972} INFO - Setting next_dagrun for example_skip_dag to 2022-08-17T01:25:00.769202+00:00, run_after=2022-08-18T01:25:00.769202+00:00
[2022-08-18 01:25:00,802] {processor.py:161} INFO - Processing /home/airflow/.local/lib/python3.7/site-packages/airflow/example_dags/example_skip_dag.py took 0.093 seconds
[2022-08-18 01:25:30,882] {processor.py:153} INFO - Started process (PID=714) to work on /home/airflow/.local/lib/python3.7/site-packages/airflow/example_dags/example_skip_dag.py
[2022-08-18 01:25:30,883] {processor.py:641} INFO - Processing file /home/airflow/.local/lib/python3.7/site-packages/airflow/example_dags/example_skip_dag.py for tasks to queue
[2022-08-18 01:25:30,883] {logging_mixin.py:115} INFO - [2022-08-18 01:25:30,883] {dagbag.py:508} INFO - Filling up the DagBag from /home/airflow/.local/lib/python3.7/site-packages/airflow/example_dags/example_skip_dag.py
[2022-08-18 01:25:30,887] {processor.py:651} INFO - DAG(s) dict_keys(['example_skip_dag']) retrieved from /home/airflow/.local/lib/python3.7/site-packages/airflow/example_dags/example_skip_dag.py
[2022-08-18 01:25:30,916] {logging_mixin.py:115} INFO - [2022-08-18 01:25:30,916] {dag.py:2420} INFO - Sync 1 DAGs
[2022-08-18 01:25:30,941] {logging_mixin.py:115} INFO - [2022-08-18 01:25:30,941] {dag.py:2972} INFO - Setting next_dagrun for example_skip_dag to 2022-08-17T01:25:30.941643+00:00, run_after=2022-08-18T01:25:30.941643+00:00
[2022-08-18 01:25:30,956] {processor.py:161} INFO - Processing /home/airflow/.local/lib/python3.7/site-packages/airflow/example_dags/example_skip_dag.py took 0.079 seconds
[2022-08-18 01:26:01,280] {processor.py:153} INFO - Started process (PID=766) to work on /home/airflow/.local/lib/python3.7/site-packages/airflow/example_dags/example_skip_dag.py
[2022-08-18 01:26:01,296] {processor.py:641} INFO - Processing file /home/airflow/.local/lib/python3.7/site-packages/airflow/example_dags/example_skip_dag.py for tasks to queue
[2022-08-18 01:26:01,297] {logging_mixin.py:115} INFO - [2022-08-18 01:26:01,297] {dagbag.py:508} INFO - Filling up the DagBag from /home/airflow/.local/lib/python3.7/site-packages/airflow/example_dags/example_skip_dag.py
[2022-08-18 01:26:01,306] {processor.py:651} INFO - DAG(s) dict_keys(['example_skip_dag']) retrieved from /home/airflow/.local/lib/python3.7/site-packages/airflow/example_dags/example_skip_dag.py
[2022-08-18 01:26:01,336] {logging_mixin.py:115} INFO - [2022-08-18 01:26:01,336] {dag.py:2420} INFO - Sync 1 DAGs
[2022-08-18 01:26:01,359] {logging_mixin.py:115} INFO - [2022-08-18 01:26:01,359] {dag.py:2972} INFO - Setting next_dagrun for example_skip_dag to 2022-08-17T01:26:01.359386+00:00, run_after=2022-08-18T01:26:01.359386+00:00
[2022-08-18 01:26:01,372] {processor.py:161} INFO - Processing /home/airflow/.local/lib/python3.7/site-packages/airflow/example_dags/example_skip_dag.py took 0.097 seconds
[2022-08-18 01:26:31,517] {processor.py:153} INFO - Started process (PID=828) to work on /home/airflow/.local/lib/python3.7/site-packages/airflow/example_dags/example_skip_dag.py
[2022-08-18 01:26:31,518] {processor.py:641} INFO - Processing file /home/airflow/.local/lib/python3.7/site-packages/airflow/example_dags/example_skip_dag.py for tasks to queue
[2022-08-18 01:26:31,519] {logging_mixin.py:115} INFO - [2022-08-18 01:26:31,519] {dagbag.py:508} INFO - Filling up the DagBag from /home/airflow/.local/lib/python3.7/site-packages/airflow/example_dags/example_skip_dag.py
[2022-08-18 01:26:31,524] {processor.py:651} INFO - DAG(s) dict_keys(['example_skip_dag']) retrieved from /home/airflow/.local/lib/python3.7/site-packages/airflow/example_dags/example_skip_dag.py
[2022-08-18 01:26:31,553] {logging_mixin.py:115} INFO - [2022-08-18 01:26:31,553] {dag.py:2420} INFO - Sync 1 DAGs
[2022-08-18 01:26:31,574] {logging_mixin.py:115} INFO - [2022-08-18 01:26:31,574] {dag.py:2972} INFO - Setting next_dagrun for example_skip_dag to 2022-08-17T01:26:31.574412+00:00, run_after=2022-08-18T01:26:31.574412+00:00
[2022-08-18 01:26:31,590] {processor.py:161} INFO - Processing /home/airflow/.local/lib/python3.7/site-packages/airflow/example_dags/example_skip_dag.py took 0.077 seconds
[2022-08-18 01:27:01,915] {processor.py:153} INFO - Started process (PID=888) to work on /home/airflow/.local/lib/python3.7/site-packages/airflow/example_dags/example_skip_dag.py
[2022-08-18 01:27:01,916] {processor.py:641} INFO - Processing file /home/airflow/.local/lib/python3.7/site-packages/airflow/example_dags/example_skip_dag.py for tasks to queue
[2022-08-18 01:27:01,917] {logging_mixin.py:115} INFO - [2022-08-18 01:27:01,916] {dagbag.py:508} INFO - Filling up the DagBag from /home/airflow/.local/lib/python3.7/site-packages/airflow/example_dags/example_skip_dag.py
[2022-08-18 01:27:01,920] {processor.py:651} INFO - DAG(s) dict_keys(['example_skip_dag']) retrieved from /home/airflow/.local/lib/python3.7/site-packages/airflow/example_dags/example_skip_dag.py
[2022-08-18 01:27:01,950] {logging_mixin.py:115} INFO - [2022-08-18 01:27:01,950] {dag.py:2420} INFO - Sync 1 DAGs
[2022-08-18 01:27:01,970] {logging_mixin.py:115} INFO - [2022-08-18 01:27:01,970] {dag.py:2972} INFO - Setting next_dagrun for example_skip_dag to 2022-08-17T01:27:01.970581+00:00, run_after=2022-08-18T01:27:01.970581+00:00
[2022-08-18 01:27:02,002] {processor.py:161} INFO - Processing /home/airflow/.local/lib/python3.7/site-packages/airflow/example_dags/example_skip_dag.py took 0.089 seconds
[2022-08-18 01:27:32,178] {processor.py:153} INFO - Started process (PID=940) to work on /home/airflow/.local/lib/python3.7/site-packages/airflow/example_dags/example_skip_dag.py
[2022-08-18 01:27:32,178] {processor.py:641} INFO - Processing file /home/airflow/.local/lib/python3.7/site-packages/airflow/example_dags/example_skip_dag.py for tasks to queue
[2022-08-18 01:27:32,179] {logging_mixin.py:115} INFO - [2022-08-18 01:27:32,179] {dagbag.py:508} INFO - Filling up the DagBag from /home/airflow/.local/lib/python3.7/site-packages/airflow/example_dags/example_skip_dag.py
[2022-08-18 01:27:32,187] {processor.py:651} INFO - DAG(s) dict_keys(['example_skip_dag']) retrieved from /home/airflow/.local/lib/python3.7/site-packages/airflow/example_dags/example_skip_dag.py
[2022-08-18 01:27:32,226] {logging_mixin.py:115} INFO - [2022-08-18 01:27:32,226] {dag.py:2420} INFO - Sync 1 DAGs
[2022-08-18 01:27:32,251] {logging_mixin.py:115} INFO - [2022-08-18 01:27:32,251] {dag.py:2972} INFO - Setting next_dagrun for example_skip_dag to 2022-08-17T01:27:32.251055+00:00, run_after=2022-08-18T01:27:32.251055+00:00
[2022-08-18 01:27:32,275] {processor.py:161} INFO - Processing /home/airflow/.local/lib/python3.7/site-packages/airflow/example_dags/example_skip_dag.py took 0.102 seconds
[2022-08-18 01:28:02,417] {processor.py:153} INFO - Started process (PID=1001) to work on /home/airflow/.local/lib/python3.7/site-packages/airflow/example_dags/example_skip_dag.py
[2022-08-18 01:28:02,419] {processor.py:641} INFO - Processing file /home/airflow/.local/lib/python3.7/site-packages/airflow/example_dags/example_skip_dag.py for tasks to queue
[2022-08-18 01:28:02,420] {logging_mixin.py:115} INFO - [2022-08-18 01:28:02,420] {dagbag.py:508} INFO - Filling up the DagBag from /home/airflow/.local/lib/python3.7/site-packages/airflow/example_dags/example_skip_dag.py
[2022-08-18 01:28:02,429] {processor.py:651} INFO - DAG(s) dict_keys(['example_skip_dag']) retrieved from /home/airflow/.local/lib/python3.7/site-packages/airflow/example_dags/example_skip_dag.py
[2022-08-18 01:28:02,460] {logging_mixin.py:115} INFO - [2022-08-18 01:28:02,460] {dag.py:2420} INFO - Sync 1 DAGs
[2022-08-18 01:28:02,484] {logging_mixin.py:115} INFO - [2022-08-18 01:28:02,484] {dag.py:2972} INFO - Setting next_dagrun for example_skip_dag to 2022-08-17T01:28:02.484119+00:00, run_after=2022-08-18T01:28:02.484119+00:00
[2022-08-18 01:28:02,498] {processor.py:161} INFO - Processing /home/airflow/.local/lib/python3.7/site-packages/airflow/example_dags/example_skip_dag.py took 0.083 seconds
[2022-08-18 01:28:32,735] {processor.py:153} INFO - Started process (PID=1062) to work on /home/airflow/.local/lib/python3.7/site-packages/airflow/example_dags/example_skip_dag.py
[2022-08-18 01:28:32,737] {processor.py:641} INFO - Processing file /home/airflow/.local/lib/python3.7/site-packages/airflow/example_dags/example_skip_dag.py for tasks to queue
[2022-08-18 01:28:32,737] {logging_mixin.py:115} INFO - [2022-08-18 01:28:32,737] {dagbag.py:508} INFO - Filling up the DagBag from /home/airflow/.local/lib/python3.7/site-packages/airflow/example_dags/example_skip_dag.py
[2022-08-18 01:28:32,873] {processor.py:651} INFO - DAG(s) dict_keys(['example_skip_dag']) retrieved from /home/airflow/.local/lib/python3.7/site-packages/airflow/example_dags/example_skip_dag.py
[2022-08-18 01:28:32,907] {logging_mixin.py:115} INFO - [2022-08-18 01:28:32,907] {dag.py:2420} INFO - Sync 1 DAGs
[2022-08-18 01:28:32,931] {logging_mixin.py:115} INFO - [2022-08-18 01:28:32,930] {dag.py:2972} INFO - Setting next_dagrun for example_skip_dag to 2022-08-17T01:28:32.930725+00:00, run_after=2022-08-18T01:28:32.930725+00:00
[2022-08-18 01:28:32,991] {processor.py:161} INFO - Processing /home/airflow/.local/lib/python3.7/site-packages/airflow/example_dags/example_skip_dag.py took 0.260 seconds
[2022-08-18 01:29:03,966] {processor.py:153} INFO - Started process (PID=1114) to work on /home/airflow/.local/lib/python3.7/site-packages/airflow/example_dags/example_skip_dag.py
[2022-08-18 01:29:03,976] {processor.py:641} INFO - Processing file /home/airflow/.local/lib/python3.7/site-packages/airflow/example_dags/example_skip_dag.py for tasks to queue
[2022-08-18 01:29:03,977] {logging_mixin.py:115} INFO - [2022-08-18 01:29:03,977] {dagbag.py:508} INFO - Filling up the DagBag from /home/airflow/.local/lib/python3.7/site-packages/airflow/example_dags/example_skip_dag.py
[2022-08-18 01:29:03,987] {processor.py:651} INFO - DAG(s) dict_keys(['example_skip_dag']) retrieved from /home/airflow/.local/lib/python3.7/site-packages/airflow/example_dags/example_skip_dag.py
[2022-08-18 01:29:04,015] {logging_mixin.py:115} INFO - [2022-08-18 01:29:04,015] {dag.py:2420} INFO - Sync 1 DAGs
[2022-08-18 01:29:04,045] {logging_mixin.py:115} INFO - [2022-08-18 01:29:04,045] {dag.py:2972} INFO - Setting next_dagrun for example_skip_dag to 2022-08-17T01:29:04.045023+00:00, run_after=2022-08-18T01:29:04.045023+00:00
[2022-08-18 01:29:04,178] {processor.py:161} INFO - Processing /home/airflow/.local/lib/python3.7/site-packages/airflow/example_dags/example_skip_dag.py took 0.215 seconds
[2022-08-18 01:29:34,383] {processor.py:153} INFO - Started process (PID=1175) to work on /home/airflow/.local/lib/python3.7/site-packages/airflow/example_dags/example_skip_dag.py
[2022-08-18 01:29:34,383] {processor.py:641} INFO - Processing file /home/airflow/.local/lib/python3.7/site-packages/airflow/example_dags/example_skip_dag.py for tasks to queue
[2022-08-18 01:29:34,383] {logging_mixin.py:115} INFO - [2022-08-18 01:29:34,383] {dagbag.py:508} INFO - Filling up the DagBag from /home/airflow/.local/lib/python3.7/site-packages/airflow/example_dags/example_skip_dag.py
[2022-08-18 01:29:34,387] {processor.py:651} INFO - DAG(s) dict_keys(['example_skip_dag']) retrieved from /home/airflow/.local/lib/python3.7/site-packages/airflow/example_dags/example_skip_dag.py
[2022-08-18 01:29:34,413] {logging_mixin.py:115} INFO - [2022-08-18 01:29:34,412] {dag.py:2420} INFO - Sync 1 DAGs
[2022-08-18 01:29:34,435] {logging_mixin.py:115} INFO - [2022-08-18 01:29:34,435] {dag.py:2972} INFO - Setting next_dagrun for example_skip_dag to 2022-08-17T01:29:34.434957+00:00, run_after=2022-08-18T01:29:34.434957+00:00
[2022-08-18 01:29:34,468] {processor.py:161} INFO - Processing /home/airflow/.local/lib/python3.7/site-packages/airflow/example_dags/example_skip_dag.py took 0.088 seconds
[2022-08-18 01:30:05,331] {processor.py:153} INFO - Started process (PID=1227) to work on /home/airflow/.local/lib/python3.7/site-packages/airflow/example_dags/example_skip_dag.py
[2022-08-18 01:30:05,331] {processor.py:641} INFO - Processing file /home/airflow/.local/lib/python3.7/site-packages/airflow/example_dags/example_skip_dag.py for tasks to queue
[2022-08-18 01:30:05,332] {logging_mixin.py:115} INFO - [2022-08-18 01:30:05,332] {dagbag.py:508} INFO - Filling up the DagBag from /home/airflow/.local/lib/python3.7/site-packages/airflow/example_dags/example_skip_dag.py
[2022-08-18 01:30:05,336] {processor.py:651} INFO - DAG(s) dict_keys(['example_skip_dag']) retrieved from /home/airflow/.local/lib/python3.7/site-packages/airflow/example_dags/example_skip_dag.py
[2022-08-18 01:30:05,364] {logging_mixin.py:115} INFO - [2022-08-18 01:30:05,364] {dag.py:2420} INFO - Sync 1 DAGs
[2022-08-18 01:30:05,390] {logging_mixin.py:115} INFO - [2022-08-18 01:30:05,390] {dag.py:2972} INFO - Setting next_dagrun for example_skip_dag to 2022-08-17T01:30:05.390140+00:00, run_after=2022-08-18T01:30:05.390140+00:00
[2022-08-18 01:30:05,420] {processor.py:161} INFO - Processing /home/airflow/.local/lib/python3.7/site-packages/airflow/example_dags/example_skip_dag.py took 0.093 seconds
[2022-08-18 01:30:35,587] {processor.py:153} INFO - Started process (PID=1288) to work on /home/airflow/.local/lib/python3.7/site-packages/airflow/example_dags/example_skip_dag.py
[2022-08-18 01:30:35,588] {processor.py:641} INFO - Processing file /home/airflow/.local/lib/python3.7/site-packages/airflow/example_dags/example_skip_dag.py for tasks to queue
[2022-08-18 01:30:35,589] {logging_mixin.py:115} INFO - [2022-08-18 01:30:35,588] {dagbag.py:508} INFO - Filling up the DagBag from /home/airflow/.local/lib/python3.7/site-packages/airflow/example_dags/example_skip_dag.py
[2022-08-18 01:30:35,592] {processor.py:651} INFO - DAG(s) dict_keys(['example_skip_dag']) retrieved from /home/airflow/.local/lib/python3.7/site-packages/airflow/example_dags/example_skip_dag.py
[2022-08-18 01:30:35,615] {logging_mixin.py:115} INFO - [2022-08-18 01:30:35,615] {dag.py:2420} INFO - Sync 1 DAGs
[2022-08-18 01:30:35,637] {logging_mixin.py:115} INFO - [2022-08-18 01:30:35,637] {dag.py:2972} INFO - Setting next_dagrun for example_skip_dag to 2022-08-17T01:30:35.637687+00:00, run_after=2022-08-18T01:30:35.637687+00:00
[2022-08-18 01:30:35,657] {processor.py:161} INFO - Processing /home/airflow/.local/lib/python3.7/site-packages/airflow/example_dags/example_skip_dag.py took 0.075 seconds
[2022-08-18 01:31:05,795] {processor.py:153} INFO - Started process (PID=1349) to work on /home/airflow/.local/lib/python3.7/site-packages/airflow/example_dags/example_skip_dag.py
[2022-08-18 01:31:05,795] {processor.py:641} INFO - Processing file /home/airflow/.local/lib/python3.7/site-packages/airflow/example_dags/example_skip_dag.py for tasks to queue
[2022-08-18 01:31:05,796] {logging_mixin.py:115} INFO - [2022-08-18 01:31:05,796] {dagbag.py:508} INFO - Filling up the DagBag from /home/airflow/.local/lib/python3.7/site-packages/airflow/example_dags/example_skip_dag.py
[2022-08-18 01:31:05,800] {processor.py:651} INFO - DAG(s) dict_keys(['example_skip_dag']) retrieved from /home/airflow/.local/lib/python3.7/site-packages/airflow/example_dags/example_skip_dag.py
[2022-08-18 01:31:05,827] {logging_mixin.py:115} INFO - [2022-08-18 01:31:05,827] {dag.py:2420} INFO - Sync 1 DAGs
[2022-08-18 01:31:05,851] {logging_mixin.py:115} INFO - [2022-08-18 01:31:05,851] {dag.py:2972} INFO - Setting next_dagrun for example_skip_dag to 2022-08-17T01:31:05.851162+00:00, run_after=2022-08-18T01:31:05.851162+00:00
[2022-08-18 01:31:05,864] {processor.py:161} INFO - Processing /home/airflow/.local/lib/python3.7/site-packages/airflow/example_dags/example_skip_dag.py took 0.073 seconds
[2022-08-18 01:31:36,784] {processor.py:153} INFO - Started process (PID=1401) to work on /home/airflow/.local/lib/python3.7/site-packages/airflow/example_dags/example_skip_dag.py
[2022-08-18 01:31:36,784] {processor.py:641} INFO - Processing file /home/airflow/.local/lib/python3.7/site-packages/airflow/example_dags/example_skip_dag.py for tasks to queue
[2022-08-18 01:31:36,785] {logging_mixin.py:115} INFO - [2022-08-18 01:31:36,785] {dagbag.py:508} INFO - Filling up the DagBag from /home/airflow/.local/lib/python3.7/site-packages/airflow/example_dags/example_skip_dag.py
[2022-08-18 01:31:36,789] {processor.py:651} INFO - DAG(s) dict_keys(['example_skip_dag']) retrieved from /home/airflow/.local/lib/python3.7/site-packages/airflow/example_dags/example_skip_dag.py
[2022-08-18 01:31:36,820] {logging_mixin.py:115} INFO - [2022-08-18 01:31:36,820] {dag.py:2420} INFO - Sync 1 DAGs
[2022-08-18 01:31:36,845] {logging_mixin.py:115} INFO - [2022-08-18 01:31:36,845] {dag.py:2972} INFO - Setting next_dagrun for example_skip_dag to 2022-08-17T01:31:36.845218+00:00, run_after=2022-08-18T01:31:36.845218+00:00
[2022-08-18 01:31:36,864] {processor.py:161} INFO - Processing /home/airflow/.local/lib/python3.7/site-packages/airflow/example_dags/example_skip_dag.py took 0.083 seconds
[2022-08-18 01:32:07,776] {processor.py:153} INFO - Started process (PID=1462) to work on /home/airflow/.local/lib/python3.7/site-packages/airflow/example_dags/example_skip_dag.py
[2022-08-18 01:32:07,777] {processor.py:641} INFO - Processing file /home/airflow/.local/lib/python3.7/site-packages/airflow/example_dags/example_skip_dag.py for tasks to queue
[2022-08-18 01:32:07,777] {logging_mixin.py:115} INFO - [2022-08-18 01:32:07,777] {dagbag.py:508} INFO - Filling up the DagBag from /home/airflow/.local/lib/python3.7/site-packages/airflow/example_dags/example_skip_dag.py
[2022-08-18 01:32:07,784] {processor.py:651} INFO - DAG(s) dict_keys(['example_skip_dag']) retrieved from /home/airflow/.local/lib/python3.7/site-packages/airflow/example_dags/example_skip_dag.py
[2022-08-18 01:32:07,810] {logging_mixin.py:115} INFO - [2022-08-18 01:32:07,810] {dag.py:2420} INFO - Sync 1 DAGs
[2022-08-18 01:32:07,835] {logging_mixin.py:115} INFO - [2022-08-18 01:32:07,835] {dag.py:2972} INFO - Setting next_dagrun for example_skip_dag to 2022-08-17T01:32:07.834977+00:00, run_after=2022-08-18T01:32:07.834977+00:00
[2022-08-18 01:32:07,857] {processor.py:161} INFO - Processing /home/airflow/.local/lib/python3.7/site-packages/airflow/example_dags/example_skip_dag.py took 0.085 seconds
[2022-08-18 01:32:38,033] {processor.py:153} INFO - Started process (PID=1522) to work on /home/airflow/.local/lib/python3.7/site-packages/airflow/example_dags/example_skip_dag.py
[2022-08-18 01:32:38,034] {processor.py:641} INFO - Processing file /home/airflow/.local/lib/python3.7/site-packages/airflow/example_dags/example_skip_dag.py for tasks to queue
[2022-08-18 01:32:38,034] {logging_mixin.py:115} INFO - [2022-08-18 01:32:38,034] {dagbag.py:508} INFO - Filling up the DagBag from /home/airflow/.local/lib/python3.7/site-packages/airflow/example_dags/example_skip_dag.py
[2022-08-18 01:32:38,040] {processor.py:651} INFO - DAG(s) dict_keys(['example_skip_dag']) retrieved from /home/airflow/.local/lib/python3.7/site-packages/airflow/example_dags/example_skip_dag.py
[2022-08-18 01:32:38,062] {logging_mixin.py:115} INFO - [2022-08-18 01:32:38,062] {dag.py:2420} INFO - Sync 1 DAGs
[2022-08-18 01:32:38,086] {logging_mixin.py:115} INFO - [2022-08-18 01:32:38,086] {dag.py:2972} INFO - Setting next_dagrun for example_skip_dag to 2022-08-17T01:32:38.086633+00:00, run_after=2022-08-18T01:32:38.086633+00:00
[2022-08-18 01:32:38,108] {processor.py:161} INFO - Processing /home/airflow/.local/lib/python3.7/site-packages/airflow/example_dags/example_skip_dag.py took 0.079 seconds
[2022-08-18 01:33:08,212] {processor.py:153} INFO - Started process (PID=1574) to work on /home/airflow/.local/lib/python3.7/site-packages/airflow/example_dags/example_skip_dag.py
[2022-08-18 01:33:08,213] {processor.py:641} INFO - Processing file /home/airflow/.local/lib/python3.7/site-packages/airflow/example_dags/example_skip_dag.py for tasks to queue
[2022-08-18 01:33:08,214] {logging_mixin.py:115} INFO - [2022-08-18 01:33:08,214] {dagbag.py:508} INFO - Filling up the DagBag from /home/airflow/.local/lib/python3.7/site-packages/airflow/example_dags/example_skip_dag.py
[2022-08-18 01:33:08,220] {processor.py:651} INFO - DAG(s) dict_keys(['example_skip_dag']) retrieved from /home/airflow/.local/lib/python3.7/site-packages/airflow/example_dags/example_skip_dag.py
[2022-08-18 01:33:08,248] {logging_mixin.py:115} INFO - [2022-08-18 01:33:08,248] {dag.py:2420} INFO - Sync 1 DAGs
[2022-08-18 01:33:08,272] {logging_mixin.py:115} INFO - [2022-08-18 01:33:08,272] {dag.py:2972} INFO - Setting next_dagrun for example_skip_dag to 2022-08-17T01:33:08.272551+00:00, run_after=2022-08-18T01:33:08.272551+00:00
[2022-08-18 01:33:08,290] {processor.py:161} INFO - Processing /home/airflow/.local/lib/python3.7/site-packages/airflow/example_dags/example_skip_dag.py took 0.083 seconds
[2022-08-18 01:33:38,377] {processor.py:153} INFO - Started process (PID=1635) to work on /home/airflow/.local/lib/python3.7/site-packages/airflow/example_dags/example_skip_dag.py
[2022-08-18 01:33:38,377] {processor.py:641} INFO - Processing file /home/airflow/.local/lib/python3.7/site-packages/airflow/example_dags/example_skip_dag.py for tasks to queue
[2022-08-18 01:33:38,378] {logging_mixin.py:115} INFO - [2022-08-18 01:33:38,378] {dagbag.py:508} INFO - Filling up the DagBag from /home/airflow/.local/lib/python3.7/site-packages/airflow/example_dags/example_skip_dag.py
[2022-08-18 01:33:38,386] {processor.py:651} INFO - DAG(s) dict_keys(['example_skip_dag']) retrieved from /home/airflow/.local/lib/python3.7/site-packages/airflow/example_dags/example_skip_dag.py
[2022-08-18 01:33:38,419] {logging_mixin.py:115} INFO - [2022-08-18 01:33:38,419] {dag.py:2420} INFO - Sync 1 DAGs
[2022-08-18 01:33:38,440] {logging_mixin.py:115} INFO - [2022-08-18 01:33:38,440] {dag.py:2972} INFO - Setting next_dagrun for example_skip_dag to 2022-08-17T01:33:38.440379+00:00, run_after=2022-08-18T01:33:38.440379+00:00
[2022-08-18 01:33:38,458] {processor.py:161} INFO - Processing /home/airflow/.local/lib/python3.7/site-packages/airflow/example_dags/example_skip_dag.py took 0.086 seconds
[2022-08-18 01:34:09,228] {processor.py:153} INFO - Started process (PID=1697) to work on /home/airflow/.local/lib/python3.7/site-packages/airflow/example_dags/example_skip_dag.py
[2022-08-18 01:34:09,228] {processor.py:641} INFO - Processing file /home/airflow/.local/lib/python3.7/site-packages/airflow/example_dags/example_skip_dag.py for tasks to queue
[2022-08-18 01:34:09,228] {logging_mixin.py:115} INFO - [2022-08-18 01:34:09,228] {dagbag.py:508} INFO - Filling up the DagBag from /home/airflow/.local/lib/python3.7/site-packages/airflow/example_dags/example_skip_dag.py
[2022-08-18 01:34:09,233] {processor.py:651} INFO - DAG(s) dict_keys(['example_skip_dag']) retrieved from /home/airflow/.local/lib/python3.7/site-packages/airflow/example_dags/example_skip_dag.py
[2022-08-18 01:34:09,261] {logging_mixin.py:115} INFO - [2022-08-18 01:34:09,260] {dag.py:2420} INFO - Sync 1 DAGs
[2022-08-18 01:34:09,291] {logging_mixin.py:115} INFO - [2022-08-18 01:34:09,291] {dag.py:2972} INFO - Setting next_dagrun for example_skip_dag to 2022-08-17T01:34:09.291178+00:00, run_after=2022-08-18T01:34:09.291178+00:00
[2022-08-18 01:34:09,317] {processor.py:161} INFO - Processing /home/airflow/.local/lib/python3.7/site-packages/airflow/example_dags/example_skip_dag.py took 0.092 seconds
[2022-08-18 01:34:39,415] {processor.py:153} INFO - Started process (PID=1749) to work on /home/airflow/.local/lib/python3.7/site-packages/airflow/example_dags/example_skip_dag.py
[2022-08-18 01:34:39,415] {processor.py:641} INFO - Processing file /home/airflow/.local/lib/python3.7/site-packages/airflow/example_dags/example_skip_dag.py for tasks to queue
[2022-08-18 01:34:39,416] {logging_mixin.py:115} INFO - [2022-08-18 01:34:39,416] {dagbag.py:508} INFO - Filling up the DagBag from /home/airflow/.local/lib/python3.7/site-packages/airflow/example_dags/example_skip_dag.py
[2022-08-18 01:34:39,423] {processor.py:651} INFO - DAG(s) dict_keys(['example_skip_dag']) retrieved from /home/airflow/.local/lib/python3.7/site-packages/airflow/example_dags/example_skip_dag.py
[2022-08-18 01:34:39,451] {logging_mixin.py:115} INFO - [2022-08-18 01:34:39,451] {dag.py:2420} INFO - Sync 1 DAGs
[2022-08-18 01:34:39,472] {logging_mixin.py:115} INFO - [2022-08-18 01:34:39,472] {dag.py:2972} INFO - Setting next_dagrun for example_skip_dag to 2022-08-17T01:34:39.472099+00:00, run_after=2022-08-18T01:34:39.472099+00:00
[2022-08-18 01:34:39,489] {processor.py:161} INFO - Processing /home/airflow/.local/lib/python3.7/site-packages/airflow/example_dags/example_skip_dag.py took 0.076 seconds
[2022-08-18 01:35:09,646] {processor.py:153} INFO - Started process (PID=1810) to work on /home/airflow/.local/lib/python3.7/site-packages/airflow/example_dags/example_skip_dag.py
[2022-08-18 01:35:09,647] {processor.py:641} INFO - Processing file /home/airflow/.local/lib/python3.7/site-packages/airflow/example_dags/example_skip_dag.py for tasks to queue
[2022-08-18 01:35:09,647] {logging_mixin.py:115} INFO - [2022-08-18 01:35:09,647] {dagbag.py:508} INFO - Filling up the DagBag from /home/airflow/.local/lib/python3.7/site-packages/airflow/example_dags/example_skip_dag.py
[2022-08-18 01:35:09,651] {processor.py:651} INFO - DAG(s) dict_keys(['example_skip_dag']) retrieved from /home/airflow/.local/lib/python3.7/site-packages/airflow/example_dags/example_skip_dag.py
[2022-08-18 01:35:09,678] {logging_mixin.py:115} INFO - [2022-08-18 01:35:09,678] {dag.py:2420} INFO - Sync 1 DAGs
[2022-08-18 01:35:09,700] {logging_mixin.py:115} INFO - [2022-08-18 01:35:09,700] {dag.py:2972} INFO - Setting next_dagrun for example_skip_dag to 2022-08-17T01:35:09.700235+00:00, run_after=2022-08-18T01:35:09.700235+00:00
[2022-08-18 01:35:09,712] {processor.py:161} INFO - Processing /home/airflow/.local/lib/python3.7/site-packages/airflow/example_dags/example_skip_dag.py took 0.069 seconds
[2022-08-18 01:35:40,037] {processor.py:153} INFO - Started process (PID=1863) to work on /home/airflow/.local/lib/python3.7/site-packages/airflow/example_dags/example_skip_dag.py
[2022-08-18 01:35:40,038] {processor.py:641} INFO - Processing file /home/airflow/.local/lib/python3.7/site-packages/airflow/example_dags/example_skip_dag.py for tasks to queue
[2022-08-18 01:35:40,038] {logging_mixin.py:115} INFO - [2022-08-18 01:35:40,038] {dagbag.py:508} INFO - Filling up the DagBag from /home/airflow/.local/lib/python3.7/site-packages/airflow/example_dags/example_skip_dag.py
[2022-08-18 01:35:40,042] {processor.py:651} INFO - DAG(s) dict_keys(['example_skip_dag']) retrieved from /home/airflow/.local/lib/python3.7/site-packages/airflow/example_dags/example_skip_dag.py
[2022-08-18 01:35:40,065] {logging_mixin.py:115} INFO - [2022-08-18 01:35:40,065] {dag.py:2420} INFO - Sync 1 DAGs
[2022-08-18 01:35:40,086] {logging_mixin.py:115} INFO - [2022-08-18 01:35:40,086] {dag.py:2972} INFO - Setting next_dagrun for example_skip_dag to 2022-08-17T01:35:40.086429+00:00, run_after=2022-08-18T01:35:40.086429+00:00
[2022-08-18 01:35:40,107] {processor.py:161} INFO - Processing /home/airflow/.local/lib/python3.7/site-packages/airflow/example_dags/example_skip_dag.py took 0.072 seconds
