[2022-08-18 01:19:57,278] {processor.py:153} INFO - Started process (PID=82) to work on /home/airflow/.local/lib/python3.7/site-packages/airflow/example_dags/example_xcom.py
[2022-08-18 01:19:57,279] {processor.py:641} INFO - Processing file /home/airflow/.local/lib/python3.7/site-packages/airflow/example_dags/example_xcom.py for tasks to queue
[2022-08-18 01:19:57,280] {logging_mixin.py:115} INFO - [2022-08-18 01:19:57,279] {dagbag.py:508} INFO - Filling up the DagBag from /home/airflow/.local/lib/python3.7/site-packages/airflow/example_dags/example_xcom.py
[2022-08-18 01:19:57,296] {processor.py:651} INFO - DAG(s) dict_keys(['example_xcom']) retrieved from /home/airflow/.local/lib/python3.7/site-packages/airflow/example_dags/example_xcom.py
[2022-08-18 01:19:57,419] {logging_mixin.py:115} INFO - [2022-08-18 01:19:57,419] {manager.py:508} INFO - Created Permission View: can edit on DAG:example_xcom
[2022-08-18 01:19:57,444] {logging_mixin.py:115} INFO - [2022-08-18 01:19:57,444] {manager.py:508} INFO - Created Permission View: can read on DAG:example_xcom
[2022-08-18 01:19:57,460] {logging_mixin.py:115} INFO - [2022-08-18 01:19:57,460] {manager.py:508} INFO - Created Permission View: can delete on DAG:example_xcom
[2022-08-18 01:19:57,460] {logging_mixin.py:115} INFO - [2022-08-18 01:19:57,460] {dag.py:2420} INFO - Sync 1 DAGs
[2022-08-18 01:19:57,473] {logging_mixin.py:115} INFO - [2022-08-18 01:19:57,473] {dag.py:2439} INFO - Creating ORM DAG for example_xcom
[2022-08-18 01:19:57,485] {logging_mixin.py:115} INFO - [2022-08-18 01:19:57,485] {dag.py:2972} INFO - Setting next_dagrun for example_xcom to 2021-01-01T00:00:00+00:00, run_after=2021-01-01T00:00:00+00:00
[2022-08-18 01:19:57,509] {processor.py:161} INFO - Processing /home/airflow/.local/lib/python3.7/site-packages/airflow/example_dags/example_xcom.py took 0.232 seconds
[2022-08-18 01:20:28,360] {processor.py:153} INFO - Started process (PID=144) to work on /home/airflow/.local/lib/python3.7/site-packages/airflow/example_dags/example_xcom.py
[2022-08-18 01:20:28,361] {processor.py:641} INFO - Processing file /home/airflow/.local/lib/python3.7/site-packages/airflow/example_dags/example_xcom.py for tasks to queue
[2022-08-18 01:20:28,361] {logging_mixin.py:115} INFO - [2022-08-18 01:20:28,361] {dagbag.py:508} INFO - Filling up the DagBag from /home/airflow/.local/lib/python3.7/site-packages/airflow/example_dags/example_xcom.py
[2022-08-18 01:20:28,377] {processor.py:651} INFO - DAG(s) dict_keys(['example_xcom']) retrieved from /home/airflow/.local/lib/python3.7/site-packages/airflow/example_dags/example_xcom.py
[2022-08-18 01:20:28,450] {logging_mixin.py:115} INFO - [2022-08-18 01:20:28,449] {dag.py:2420} INFO - Sync 1 DAGs
[2022-08-18 01:20:28,473] {logging_mixin.py:115} INFO - [2022-08-18 01:20:28,473] {dag.py:2972} INFO - Setting next_dagrun for example_xcom to 2021-01-01T00:00:00+00:00, run_after=2021-01-01T00:00:00+00:00
[2022-08-18 01:20:28,528] {processor.py:161} INFO - Processing /home/airflow/.local/lib/python3.7/site-packages/airflow/example_dags/example_xcom.py took 0.172 seconds
[2022-08-18 01:20:58,742] {processor.py:153} INFO - Started process (PID=196) to work on /home/airflow/.local/lib/python3.7/site-packages/airflow/example_dags/example_xcom.py
[2022-08-18 01:20:58,743] {processor.py:641} INFO - Processing file /home/airflow/.local/lib/python3.7/site-packages/airflow/example_dags/example_xcom.py for tasks to queue
[2022-08-18 01:20:58,743] {logging_mixin.py:115} INFO - [2022-08-18 01:20:58,743] {dagbag.py:508} INFO - Filling up the DagBag from /home/airflow/.local/lib/python3.7/site-packages/airflow/example_dags/example_xcom.py
[2022-08-18 01:20:58,757] {processor.py:651} INFO - DAG(s) dict_keys(['example_xcom']) retrieved from /home/airflow/.local/lib/python3.7/site-packages/airflow/example_dags/example_xcom.py
[2022-08-18 01:20:58,822] {logging_mixin.py:115} INFO - [2022-08-18 01:20:58,822] {dag.py:2420} INFO - Sync 1 DAGs
[2022-08-18 01:20:58,843] {logging_mixin.py:115} INFO - [2022-08-18 01:20:58,843] {dag.py:2972} INFO - Setting next_dagrun for example_xcom to 2021-01-01T00:00:00+00:00, run_after=2021-01-01T00:00:00+00:00
[2022-08-18 01:20:58,857] {processor.py:161} INFO - Processing /home/airflow/.local/lib/python3.7/site-packages/airflow/example_dags/example_xcom.py took 0.119 seconds
[2022-08-18 01:21:29,024] {processor.py:153} INFO - Started process (PID=257) to work on /home/airflow/.local/lib/python3.7/site-packages/airflow/example_dags/example_xcom.py
[2022-08-18 01:21:29,025] {processor.py:641} INFO - Processing file /home/airflow/.local/lib/python3.7/site-packages/airflow/example_dags/example_xcom.py for tasks to queue
[2022-08-18 01:21:29,026] {logging_mixin.py:115} INFO - [2022-08-18 01:21:29,026] {dagbag.py:508} INFO - Filling up the DagBag from /home/airflow/.local/lib/python3.7/site-packages/airflow/example_dags/example_xcom.py
[2022-08-18 01:21:29,043] {processor.py:651} INFO - DAG(s) dict_keys(['example_xcom']) retrieved from /home/airflow/.local/lib/python3.7/site-packages/airflow/example_dags/example_xcom.py
[2022-08-18 01:21:29,115] {logging_mixin.py:115} INFO - [2022-08-18 01:21:29,115] {dag.py:2420} INFO - Sync 1 DAGs
[2022-08-18 01:21:29,138] {logging_mixin.py:115} INFO - [2022-08-18 01:21:29,138] {dag.py:2972} INFO - Setting next_dagrun for example_xcom to 2021-01-01T00:00:00+00:00, run_after=2021-01-01T00:00:00+00:00
[2022-08-18 01:21:29,169] {processor.py:161} INFO - Processing /home/airflow/.local/lib/python3.7/site-packages/airflow/example_dags/example_xcom.py took 0.149 seconds
[2022-08-18 01:21:59,283] {processor.py:153} INFO - Started process (PID=318) to work on /home/airflow/.local/lib/python3.7/site-packages/airflow/example_dags/example_xcom.py
[2022-08-18 01:21:59,284] {processor.py:641} INFO - Processing file /home/airflow/.local/lib/python3.7/site-packages/airflow/example_dags/example_xcom.py for tasks to queue
[2022-08-18 01:21:59,284] {logging_mixin.py:115} INFO - [2022-08-18 01:21:59,284] {dagbag.py:508} INFO - Filling up the DagBag from /home/airflow/.local/lib/python3.7/site-packages/airflow/example_dags/example_xcom.py
[2022-08-18 01:21:59,301] {processor.py:651} INFO - DAG(s) dict_keys(['example_xcom']) retrieved from /home/airflow/.local/lib/python3.7/site-packages/airflow/example_dags/example_xcom.py
[2022-08-18 01:21:59,376] {logging_mixin.py:115} INFO - [2022-08-18 01:21:59,376] {dag.py:2420} INFO - Sync 1 DAGs
[2022-08-18 01:21:59,400] {logging_mixin.py:115} INFO - [2022-08-18 01:21:59,400] {dag.py:2972} INFO - Setting next_dagrun for example_xcom to 2021-01-01T00:00:00+00:00, run_after=2021-01-01T00:00:00+00:00
[2022-08-18 01:21:59,435] {processor.py:161} INFO - Processing /home/airflow/.local/lib/python3.7/site-packages/airflow/example_dags/example_xcom.py took 0.154 seconds
[2022-08-18 01:22:29,536] {processor.py:153} INFO - Started process (PID=371) to work on /home/airflow/.local/lib/python3.7/site-packages/airflow/example_dags/example_xcom.py
[2022-08-18 01:22:29,536] {processor.py:641} INFO - Processing file /home/airflow/.local/lib/python3.7/site-packages/airflow/example_dags/example_xcom.py for tasks to queue
[2022-08-18 01:22:29,537] {logging_mixin.py:115} INFO - [2022-08-18 01:22:29,537] {dagbag.py:508} INFO - Filling up the DagBag from /home/airflow/.local/lib/python3.7/site-packages/airflow/example_dags/example_xcom.py
[2022-08-18 01:22:29,552] {processor.py:651} INFO - DAG(s) dict_keys(['example_xcom']) retrieved from /home/airflow/.local/lib/python3.7/site-packages/airflow/example_dags/example_xcom.py
[2022-08-18 01:22:29,627] {logging_mixin.py:115} INFO - [2022-08-18 01:22:29,627] {dag.py:2420} INFO - Sync 1 DAGs
[2022-08-18 01:22:29,650] {logging_mixin.py:115} INFO - [2022-08-18 01:22:29,650] {dag.py:2972} INFO - Setting next_dagrun for example_xcom to 2021-01-01T00:00:00+00:00, run_after=2021-01-01T00:00:00+00:00
[2022-08-18 01:22:29,665] {processor.py:161} INFO - Processing /home/airflow/.local/lib/python3.7/site-packages/airflow/example_dags/example_xcom.py took 0.131 seconds
[2022-08-18 01:22:59,756] {processor.py:153} INFO - Started process (PID=432) to work on /home/airflow/.local/lib/python3.7/site-packages/airflow/example_dags/example_xcom.py
[2022-08-18 01:22:59,757] {processor.py:641} INFO - Processing file /home/airflow/.local/lib/python3.7/site-packages/airflow/example_dags/example_xcom.py for tasks to queue
[2022-08-18 01:22:59,758] {logging_mixin.py:115} INFO - [2022-08-18 01:22:59,758] {dagbag.py:508} INFO - Filling up the DagBag from /home/airflow/.local/lib/python3.7/site-packages/airflow/example_dags/example_xcom.py
[2022-08-18 01:22:59,772] {processor.py:651} INFO - DAG(s) dict_keys(['example_xcom']) retrieved from /home/airflow/.local/lib/python3.7/site-packages/airflow/example_dags/example_xcom.py
[2022-08-18 01:22:59,795] {logging_mixin.py:115} INFO - [2022-08-18 01:22:59,795] {dag.py:2420} INFO - Sync 1 DAGs
[2022-08-18 01:22:59,820] {logging_mixin.py:115} INFO - [2022-08-18 01:22:59,820] {dag.py:2972} INFO - Setting next_dagrun for example_xcom to 2021-01-01T00:00:00+00:00, run_after=2021-01-01T00:00:00+00:00
[2022-08-18 01:22:59,862] {processor.py:161} INFO - Processing /home/airflow/.local/lib/python3.7/site-packages/airflow/example_dags/example_xcom.py took 0.110 seconds
[2022-08-18 01:23:30,058] {processor.py:153} INFO - Started process (PID=483) to work on /home/airflow/.local/lib/python3.7/site-packages/airflow/example_dags/example_xcom.py
[2022-08-18 01:23:30,058] {processor.py:641} INFO - Processing file /home/airflow/.local/lib/python3.7/site-packages/airflow/example_dags/example_xcom.py for tasks to queue
[2022-08-18 01:23:30,059] {logging_mixin.py:115} INFO - [2022-08-18 01:23:30,059] {dagbag.py:508} INFO - Filling up the DagBag from /home/airflow/.local/lib/python3.7/site-packages/airflow/example_dags/example_xcom.py
[2022-08-18 01:23:30,077] {processor.py:651} INFO - DAG(s) dict_keys(['example_xcom']) retrieved from /home/airflow/.local/lib/python3.7/site-packages/airflow/example_dags/example_xcom.py
[2022-08-18 01:23:30,104] {logging_mixin.py:115} INFO - [2022-08-18 01:23:30,104] {dag.py:2420} INFO - Sync 1 DAGs
[2022-08-18 01:23:30,126] {logging_mixin.py:115} INFO - [2022-08-18 01:23:30,126] {dag.py:2972} INFO - Setting next_dagrun for example_xcom to 2021-01-01T00:00:00+00:00, run_after=2021-01-01T00:00:00+00:00
[2022-08-18 01:23:30,140] {processor.py:161} INFO - Processing /home/airflow/.local/lib/python3.7/site-packages/airflow/example_dags/example_xcom.py took 0.086 seconds
[2022-08-18 01:24:00,321] {processor.py:153} INFO - Started process (PID=544) to work on /home/airflow/.local/lib/python3.7/site-packages/airflow/example_dags/example_xcom.py
[2022-08-18 01:24:00,344] {processor.py:641} INFO - Processing file /home/airflow/.local/lib/python3.7/site-packages/airflow/example_dags/example_xcom.py for tasks to queue
[2022-08-18 01:24:00,345] {logging_mixin.py:115} INFO - [2022-08-18 01:24:00,345] {dagbag.py:508} INFO - Filling up the DagBag from /home/airflow/.local/lib/python3.7/site-packages/airflow/example_dags/example_xcom.py
[2022-08-18 01:24:00,368] {processor.py:651} INFO - DAG(s) dict_keys(['example_xcom']) retrieved from /home/airflow/.local/lib/python3.7/site-packages/airflow/example_dags/example_xcom.py
[2022-08-18 01:24:00,435] {logging_mixin.py:115} INFO - [2022-08-18 01:24:00,435] {dag.py:2420} INFO - Sync 1 DAGs
[2022-08-18 01:24:00,463] {logging_mixin.py:115} INFO - [2022-08-18 01:24:00,463] {dag.py:2972} INFO - Setting next_dagrun for example_xcom to 2021-01-01T00:00:00+00:00, run_after=2021-01-01T00:00:00+00:00
[2022-08-18 01:24:00,493] {processor.py:161} INFO - Processing /home/airflow/.local/lib/python3.7/site-packages/airflow/example_dags/example_xcom.py took 0.175 seconds
[2022-08-18 01:24:30,528] {processor.py:153} INFO - Started process (PID=607) to work on /home/airflow/.local/lib/python3.7/site-packages/airflow/example_dags/example_xcom.py
[2022-08-18 01:24:30,529] {processor.py:641} INFO - Processing file /home/airflow/.local/lib/python3.7/site-packages/airflow/example_dags/example_xcom.py for tasks to queue
[2022-08-18 01:24:30,529] {logging_mixin.py:115} INFO - [2022-08-18 01:24:30,529] {dagbag.py:508} INFO - Filling up the DagBag from /home/airflow/.local/lib/python3.7/site-packages/airflow/example_dags/example_xcom.py
[2022-08-18 01:24:30,547] {processor.py:651} INFO - DAG(s) dict_keys(['example_xcom']) retrieved from /home/airflow/.local/lib/python3.7/site-packages/airflow/example_dags/example_xcom.py
[2022-08-18 01:24:30,616] {logging_mixin.py:115} INFO - [2022-08-18 01:24:30,616] {dag.py:2420} INFO - Sync 1 DAGs
[2022-08-18 01:24:30,637] {logging_mixin.py:115} INFO - [2022-08-18 01:24:30,637] {dag.py:2972} INFO - Setting next_dagrun for example_xcom to 2021-01-01T00:00:00+00:00, run_after=2021-01-01T00:00:00+00:00
[2022-08-18 01:24:30,676] {processor.py:161} INFO - Processing /home/airflow/.local/lib/python3.7/site-packages/airflow/example_dags/example_xcom.py took 0.150 seconds
[2022-08-18 01:25:01,011] {processor.py:153} INFO - Started process (PID=657) to work on /home/airflow/.local/lib/python3.7/site-packages/airflow/example_dags/example_xcom.py
[2022-08-18 01:25:01,012] {processor.py:641} INFO - Processing file /home/airflow/.local/lib/python3.7/site-packages/airflow/example_dags/example_xcom.py for tasks to queue
[2022-08-18 01:25:01,013] {logging_mixin.py:115} INFO - [2022-08-18 01:25:01,013] {dagbag.py:508} INFO - Filling up the DagBag from /home/airflow/.local/lib/python3.7/site-packages/airflow/example_dags/example_xcom.py
[2022-08-18 01:25:01,029] {processor.py:651} INFO - DAG(s) dict_keys(['example_xcom']) retrieved from /home/airflow/.local/lib/python3.7/site-packages/airflow/example_dags/example_xcom.py
[2022-08-18 01:25:01,106] {logging_mixin.py:115} INFO - [2022-08-18 01:25:01,106] {dag.py:2420} INFO - Sync 1 DAGs
[2022-08-18 01:25:01,129] {logging_mixin.py:115} INFO - [2022-08-18 01:25:01,128] {dag.py:2972} INFO - Setting next_dagrun for example_xcom to 2021-01-01T00:00:00+00:00, run_after=2021-01-01T00:00:00+00:00
[2022-08-18 01:25:01,159] {processor.py:161} INFO - Processing /home/airflow/.local/lib/python3.7/site-packages/airflow/example_dags/example_xcom.py took 0.152 seconds
[2022-08-18 01:25:31,180] {processor.py:153} INFO - Started process (PID=719) to work on /home/airflow/.local/lib/python3.7/site-packages/airflow/example_dags/example_xcom.py
[2022-08-18 01:25:31,181] {processor.py:641} INFO - Processing file /home/airflow/.local/lib/python3.7/site-packages/airflow/example_dags/example_xcom.py for tasks to queue
[2022-08-18 01:25:31,182] {logging_mixin.py:115} INFO - [2022-08-18 01:25:31,182] {dagbag.py:508} INFO - Filling up the DagBag from /home/airflow/.local/lib/python3.7/site-packages/airflow/example_dags/example_xcom.py
[2022-08-18 01:25:31,195] {processor.py:651} INFO - DAG(s) dict_keys(['example_xcom']) retrieved from /home/airflow/.local/lib/python3.7/site-packages/airflow/example_dags/example_xcom.py
[2022-08-18 01:25:31,268] {logging_mixin.py:115} INFO - [2022-08-18 01:25:31,268] {dag.py:2420} INFO - Sync 1 DAGs
[2022-08-18 01:25:31,295] {logging_mixin.py:115} INFO - [2022-08-18 01:25:31,295] {dag.py:2972} INFO - Setting next_dagrun for example_xcom to 2021-01-01T00:00:00+00:00, run_after=2021-01-01T00:00:00+00:00
[2022-08-18 01:25:31,319] {processor.py:161} INFO - Processing /home/airflow/.local/lib/python3.7/site-packages/airflow/example_dags/example_xcom.py took 0.143 seconds
[2022-08-18 01:26:01,659] {processor.py:153} INFO - Started process (PID=772) to work on /home/airflow/.local/lib/python3.7/site-packages/airflow/example_dags/example_xcom.py
[2022-08-18 01:26:01,660] {processor.py:641} INFO - Processing file /home/airflow/.local/lib/python3.7/site-packages/airflow/example_dags/example_xcom.py for tasks to queue
[2022-08-18 01:26:01,660] {logging_mixin.py:115} INFO - [2022-08-18 01:26:01,660] {dagbag.py:508} INFO - Filling up the DagBag from /home/airflow/.local/lib/python3.7/site-packages/airflow/example_dags/example_xcom.py
[2022-08-18 01:26:01,674] {processor.py:651} INFO - DAG(s) dict_keys(['example_xcom']) retrieved from /home/airflow/.local/lib/python3.7/site-packages/airflow/example_dags/example_xcom.py
[2022-08-18 01:26:01,748] {logging_mixin.py:115} INFO - [2022-08-18 01:26:01,748] {dag.py:2420} INFO - Sync 1 DAGs
[2022-08-18 01:26:01,775] {logging_mixin.py:115} INFO - [2022-08-18 01:26:01,775] {dag.py:2972} INFO - Setting next_dagrun for example_xcom to 2021-01-01T00:00:00+00:00, run_after=2021-01-01T00:00:00+00:00
[2022-08-18 01:26:01,800] {processor.py:161} INFO - Processing /home/airflow/.local/lib/python3.7/site-packages/airflow/example_dags/example_xcom.py took 0.145 seconds
[2022-08-18 01:26:31,831] {processor.py:153} INFO - Started process (PID=835) to work on /home/airflow/.local/lib/python3.7/site-packages/airflow/example_dags/example_xcom.py
[2022-08-18 01:26:31,832] {processor.py:641} INFO - Processing file /home/airflow/.local/lib/python3.7/site-packages/airflow/example_dags/example_xcom.py for tasks to queue
[2022-08-18 01:26:31,832] {logging_mixin.py:115} INFO - [2022-08-18 01:26:31,832] {dagbag.py:508} INFO - Filling up the DagBag from /home/airflow/.local/lib/python3.7/site-packages/airflow/example_dags/example_xcom.py
[2022-08-18 01:26:31,847] {processor.py:651} INFO - DAG(s) dict_keys(['example_xcom']) retrieved from /home/airflow/.local/lib/python3.7/site-packages/airflow/example_dags/example_xcom.py
[2022-08-18 01:26:31,918] {logging_mixin.py:115} INFO - [2022-08-18 01:26:31,917] {dag.py:2420} INFO - Sync 1 DAGs
[2022-08-18 01:26:31,946] {logging_mixin.py:115} INFO - [2022-08-18 01:26:31,946] {dag.py:2972} INFO - Setting next_dagrun for example_xcom to 2021-01-01T00:00:00+00:00, run_after=2021-01-01T00:00:00+00:00
[2022-08-18 01:26:31,967] {processor.py:161} INFO - Processing /home/airflow/.local/lib/python3.7/site-packages/airflow/example_dags/example_xcom.py took 0.141 seconds
[2022-08-18 01:27:02,197] {processor.py:153} INFO - Started process (PID=893) to work on /home/airflow/.local/lib/python3.7/site-packages/airflow/example_dags/example_xcom.py
[2022-08-18 01:27:02,197] {processor.py:641} INFO - Processing file /home/airflow/.local/lib/python3.7/site-packages/airflow/example_dags/example_xcom.py for tasks to queue
[2022-08-18 01:27:02,198] {logging_mixin.py:115} INFO - [2022-08-18 01:27:02,198] {dagbag.py:508} INFO - Filling up the DagBag from /home/airflow/.local/lib/python3.7/site-packages/airflow/example_dags/example_xcom.py
[2022-08-18 01:27:02,216] {processor.py:651} INFO - DAG(s) dict_keys(['example_xcom']) retrieved from /home/airflow/.local/lib/python3.7/site-packages/airflow/example_dags/example_xcom.py
[2022-08-18 01:27:02,281] {logging_mixin.py:115} INFO - [2022-08-18 01:27:02,281] {dag.py:2420} INFO - Sync 1 DAGs
[2022-08-18 01:27:02,306] {logging_mixin.py:115} INFO - [2022-08-18 01:27:02,306] {dag.py:2972} INFO - Setting next_dagrun for example_xcom to 2021-01-01T00:00:00+00:00, run_after=2021-01-01T00:00:00+00:00
[2022-08-18 01:27:02,325] {processor.py:161} INFO - Processing /home/airflow/.local/lib/python3.7/site-packages/airflow/example_dags/example_xcom.py took 0.130 seconds
[2022-08-18 01:27:32,504] {processor.py:153} INFO - Started process (PID=947) to work on /home/airflow/.local/lib/python3.7/site-packages/airflow/example_dags/example_xcom.py
[2022-08-18 01:27:32,505] {processor.py:641} INFO - Processing file /home/airflow/.local/lib/python3.7/site-packages/airflow/example_dags/example_xcom.py for tasks to queue
[2022-08-18 01:27:32,505] {logging_mixin.py:115} INFO - [2022-08-18 01:27:32,505] {dagbag.py:508} INFO - Filling up the DagBag from /home/airflow/.local/lib/python3.7/site-packages/airflow/example_dags/example_xcom.py
[2022-08-18 01:27:32,521] {processor.py:651} INFO - DAG(s) dict_keys(['example_xcom']) retrieved from /home/airflow/.local/lib/python3.7/site-packages/airflow/example_dags/example_xcom.py
[2022-08-18 01:27:32,594] {logging_mixin.py:115} INFO - [2022-08-18 01:27:32,594] {dag.py:2420} INFO - Sync 1 DAGs
[2022-08-18 01:27:32,614] {logging_mixin.py:115} INFO - [2022-08-18 01:27:32,614] {dag.py:2972} INFO - Setting next_dagrun for example_xcom to 2021-01-01T00:00:00+00:00, run_after=2021-01-01T00:00:00+00:00
[2022-08-18 01:27:32,631] {processor.py:161} INFO - Processing /home/airflow/.local/lib/python3.7/site-packages/airflow/example_dags/example_xcom.py took 0.132 seconds
[2022-08-18 01:28:02,735] {processor.py:153} INFO - Started process (PID=1008) to work on /home/airflow/.local/lib/python3.7/site-packages/airflow/example_dags/example_xcom.py
[2022-08-18 01:28:02,735] {processor.py:641} INFO - Processing file /home/airflow/.local/lib/python3.7/site-packages/airflow/example_dags/example_xcom.py for tasks to queue
[2022-08-18 01:28:02,736] {logging_mixin.py:115} INFO - [2022-08-18 01:28:02,736] {dagbag.py:508} INFO - Filling up the DagBag from /home/airflow/.local/lib/python3.7/site-packages/airflow/example_dags/example_xcom.py
[2022-08-18 01:28:02,750] {processor.py:651} INFO - DAG(s) dict_keys(['example_xcom']) retrieved from /home/airflow/.local/lib/python3.7/site-packages/airflow/example_dags/example_xcom.py
[2022-08-18 01:28:02,821] {logging_mixin.py:115} INFO - [2022-08-18 01:28:02,821] {dag.py:2420} INFO - Sync 1 DAGs
[2022-08-18 01:28:02,842] {logging_mixin.py:115} INFO - [2022-08-18 01:28:02,842] {dag.py:2972} INFO - Setting next_dagrun for example_xcom to 2021-01-01T00:00:00+00:00, run_after=2021-01-01T00:00:00+00:00
[2022-08-18 01:28:02,856] {processor.py:161} INFO - Processing /home/airflow/.local/lib/python3.7/site-packages/airflow/example_dags/example_xcom.py took 0.124 seconds
[2022-08-18 01:28:33,249] {processor.py:153} INFO - Started process (PID=1067) to work on /home/airflow/.local/lib/python3.7/site-packages/airflow/example_dags/example_xcom.py
[2022-08-18 01:28:33,250] {processor.py:641} INFO - Processing file /home/airflow/.local/lib/python3.7/site-packages/airflow/example_dags/example_xcom.py for tasks to queue
[2022-08-18 01:28:33,250] {logging_mixin.py:115} INFO - [2022-08-18 01:28:33,250] {dagbag.py:508} INFO - Filling up the DagBag from /home/airflow/.local/lib/python3.7/site-packages/airflow/example_dags/example_xcom.py
[2022-08-18 01:28:33,270] {processor.py:651} INFO - DAG(s) dict_keys(['example_xcom']) retrieved from /home/airflow/.local/lib/python3.7/site-packages/airflow/example_dags/example_xcom.py
[2022-08-18 01:28:33,342] {logging_mixin.py:115} INFO - [2022-08-18 01:28:33,342] {dag.py:2420} INFO - Sync 1 DAGs
[2022-08-18 01:28:33,367] {logging_mixin.py:115} INFO - [2022-08-18 01:28:33,367] {dag.py:2972} INFO - Setting next_dagrun for example_xcom to 2021-01-01T00:00:00+00:00, run_after=2021-01-01T00:00:00+00:00
[2022-08-18 01:28:33,399] {processor.py:161} INFO - Processing /home/airflow/.local/lib/python3.7/site-packages/airflow/example_dags/example_xcom.py took 0.154 seconds
[2022-08-18 01:29:04,561] {processor.py:153} INFO - Started process (PID=1119) to work on /home/airflow/.local/lib/python3.7/site-packages/airflow/example_dags/example_xcom.py
[2022-08-18 01:29:04,562] {processor.py:641} INFO - Processing file /home/airflow/.local/lib/python3.7/site-packages/airflow/example_dags/example_xcom.py for tasks to queue
[2022-08-18 01:29:04,563] {logging_mixin.py:115} INFO - [2022-08-18 01:29:04,562] {dagbag.py:508} INFO - Filling up the DagBag from /home/airflow/.local/lib/python3.7/site-packages/airflow/example_dags/example_xcom.py
[2022-08-18 01:29:04,578] {processor.py:651} INFO - DAG(s) dict_keys(['example_xcom']) retrieved from /home/airflow/.local/lib/python3.7/site-packages/airflow/example_dags/example_xcom.py
[2022-08-18 01:29:04,652] {logging_mixin.py:115} INFO - [2022-08-18 01:29:04,652] {dag.py:2420} INFO - Sync 1 DAGs
[2022-08-18 01:29:04,678] {logging_mixin.py:115} INFO - [2022-08-18 01:29:04,677] {dag.py:2972} INFO - Setting next_dagrun for example_xcom to 2021-01-01T00:00:00+00:00, run_after=2021-01-01T00:00:00+00:00
[2022-08-18 01:29:04,699] {processor.py:161} INFO - Processing /home/airflow/.local/lib/python3.7/site-packages/airflow/example_dags/example_xcom.py took 0.142 seconds
[2022-08-18 01:29:34,750] {processor.py:153} INFO - Started process (PID=1182) to work on /home/airflow/.local/lib/python3.7/site-packages/airflow/example_dags/example_xcom.py
[2022-08-18 01:29:34,762] {processor.py:641} INFO - Processing file /home/airflow/.local/lib/python3.7/site-packages/airflow/example_dags/example_xcom.py for tasks to queue
[2022-08-18 01:29:34,763] {logging_mixin.py:115} INFO - [2022-08-18 01:29:34,763] {dagbag.py:508} INFO - Filling up the DagBag from /home/airflow/.local/lib/python3.7/site-packages/airflow/example_dags/example_xcom.py
[2022-08-18 01:29:34,784] {processor.py:651} INFO - DAG(s) dict_keys(['example_xcom']) retrieved from /home/airflow/.local/lib/python3.7/site-packages/airflow/example_dags/example_xcom.py
[2022-08-18 01:29:34,856] {logging_mixin.py:115} INFO - [2022-08-18 01:29:34,856] {dag.py:2420} INFO - Sync 1 DAGs
[2022-08-18 01:29:34,879] {logging_mixin.py:115} INFO - [2022-08-18 01:29:34,879] {dag.py:2972} INFO - Setting next_dagrun for example_xcom to 2021-01-01T00:00:00+00:00, run_after=2021-01-01T00:00:00+00:00
[2022-08-18 01:29:34,909] {processor.py:161} INFO - Processing /home/airflow/.local/lib/python3.7/site-packages/airflow/example_dags/example_xcom.py took 0.163 seconds
[2022-08-18 01:30:05,755] {processor.py:153} INFO - Started process (PID=1239) to work on /home/airflow/.local/lib/python3.7/site-packages/airflow/example_dags/example_xcom.py
[2022-08-18 01:30:05,755] {processor.py:641} INFO - Processing file /home/airflow/.local/lib/python3.7/site-packages/airflow/example_dags/example_xcom.py for tasks to queue
[2022-08-18 01:30:05,755] {logging_mixin.py:115} INFO - [2022-08-18 01:30:05,755] {dagbag.py:508} INFO - Filling up the DagBag from /home/airflow/.local/lib/python3.7/site-packages/airflow/example_dags/example_xcom.py
[2022-08-18 01:30:05,772] {processor.py:651} INFO - DAG(s) dict_keys(['example_xcom']) retrieved from /home/airflow/.local/lib/python3.7/site-packages/airflow/example_dags/example_xcom.py
[2022-08-18 01:30:05,846] {logging_mixin.py:115} INFO - [2022-08-18 01:30:05,846] {dag.py:2420} INFO - Sync 1 DAGs
[2022-08-18 01:30:05,879] {logging_mixin.py:115} INFO - [2022-08-18 01:30:05,878] {dag.py:2972} INFO - Setting next_dagrun for example_xcom to 2021-01-01T00:00:00+00:00, run_after=2021-01-01T00:00:00+00:00
[2022-08-18 01:30:05,901] {processor.py:161} INFO - Processing /home/airflow/.local/lib/python3.7/site-packages/airflow/example_dags/example_xcom.py took 0.150 seconds
[2022-08-18 01:30:35,925] {processor.py:153} INFO - Started process (PID=1295) to work on /home/airflow/.local/lib/python3.7/site-packages/airflow/example_dags/example_xcom.py
[2022-08-18 01:30:35,926] {processor.py:641} INFO - Processing file /home/airflow/.local/lib/python3.7/site-packages/airflow/example_dags/example_xcom.py for tasks to queue
[2022-08-18 01:30:35,926] {logging_mixin.py:115} INFO - [2022-08-18 01:30:35,926] {dagbag.py:508} INFO - Filling up the DagBag from /home/airflow/.local/lib/python3.7/site-packages/airflow/example_dags/example_xcom.py
[2022-08-18 01:30:35,947] {processor.py:651} INFO - DAG(s) dict_keys(['example_xcom']) retrieved from /home/airflow/.local/lib/python3.7/site-packages/airflow/example_dags/example_xcom.py
[2022-08-18 01:30:36,025] {logging_mixin.py:115} INFO - [2022-08-18 01:30:36,025] {dag.py:2420} INFO - Sync 1 DAGs
[2022-08-18 01:30:36,045] {logging_mixin.py:115} INFO - [2022-08-18 01:30:36,045] {dag.py:2972} INFO - Setting next_dagrun for example_xcom to 2021-01-01T00:00:00+00:00, run_after=2021-01-01T00:00:00+00:00
[2022-08-18 01:30:36,067] {processor.py:161} INFO - Processing /home/airflow/.local/lib/python3.7/site-packages/airflow/example_dags/example_xcom.py took 0.145 seconds
[2022-08-18 01:31:06,122] {processor.py:153} INFO - Started process (PID=1356) to work on /home/airflow/.local/lib/python3.7/site-packages/airflow/example_dags/example_xcom.py
[2022-08-18 01:31:06,122] {processor.py:641} INFO - Processing file /home/airflow/.local/lib/python3.7/site-packages/airflow/example_dags/example_xcom.py for tasks to queue
[2022-08-18 01:31:06,122] {logging_mixin.py:115} INFO - [2022-08-18 01:31:06,122] {dagbag.py:508} INFO - Filling up the DagBag from /home/airflow/.local/lib/python3.7/site-packages/airflow/example_dags/example_xcom.py
[2022-08-18 01:31:06,136] {processor.py:651} INFO - DAG(s) dict_keys(['example_xcom']) retrieved from /home/airflow/.local/lib/python3.7/site-packages/airflow/example_dags/example_xcom.py
[2022-08-18 01:31:06,202] {logging_mixin.py:115} INFO - [2022-08-18 01:31:06,202] {dag.py:2420} INFO - Sync 1 DAGs
[2022-08-18 01:31:06,226] {logging_mixin.py:115} INFO - [2022-08-18 01:31:06,226] {dag.py:2972} INFO - Setting next_dagrun for example_xcom to 2021-01-01T00:00:00+00:00, run_after=2021-01-01T00:00:00+00:00
[2022-08-18 01:31:06,255] {processor.py:161} INFO - Processing /home/airflow/.local/lib/python3.7/site-packages/airflow/example_dags/example_xcom.py took 0.138 seconds
[2022-08-18 01:31:37,131] {processor.py:153} INFO - Started process (PID=1408) to work on /home/airflow/.local/lib/python3.7/site-packages/airflow/example_dags/example_xcom.py
[2022-08-18 01:31:37,132] {processor.py:641} INFO - Processing file /home/airflow/.local/lib/python3.7/site-packages/airflow/example_dags/example_xcom.py for tasks to queue
[2022-08-18 01:31:37,132] {logging_mixin.py:115} INFO - [2022-08-18 01:31:37,132] {dagbag.py:508} INFO - Filling up the DagBag from /home/airflow/.local/lib/python3.7/site-packages/airflow/example_dags/example_xcom.py
[2022-08-18 01:31:37,146] {processor.py:651} INFO - DAG(s) dict_keys(['example_xcom']) retrieved from /home/airflow/.local/lib/python3.7/site-packages/airflow/example_dags/example_xcom.py
[2022-08-18 01:31:37,224] {logging_mixin.py:115} INFO - [2022-08-18 01:31:37,224] {dag.py:2420} INFO - Sync 1 DAGs
[2022-08-18 01:31:37,252] {logging_mixin.py:115} INFO - [2022-08-18 01:31:37,251] {dag.py:2972} INFO - Setting next_dagrun for example_xcom to 2021-01-01T00:00:00+00:00, run_after=2021-01-01T00:00:00+00:00
[2022-08-18 01:31:37,274] {processor.py:161} INFO - Processing /home/airflow/.local/lib/python3.7/site-packages/airflow/example_dags/example_xcom.py took 0.147 seconds
[2022-08-18 01:32:08,044] {processor.py:153} INFO - Started process (PID=1467) to work on /home/airflow/.local/lib/python3.7/site-packages/airflow/example_dags/example_xcom.py
[2022-08-18 01:32:08,045] {processor.py:641} INFO - Processing file /home/airflow/.local/lib/python3.7/site-packages/airflow/example_dags/example_xcom.py for tasks to queue
[2022-08-18 01:32:08,045] {logging_mixin.py:115} INFO - [2022-08-18 01:32:08,045] {dagbag.py:508} INFO - Filling up the DagBag from /home/airflow/.local/lib/python3.7/site-packages/airflow/example_dags/example_xcom.py
[2022-08-18 01:32:08,060] {processor.py:651} INFO - DAG(s) dict_keys(['example_xcom']) retrieved from /home/airflow/.local/lib/python3.7/site-packages/airflow/example_dags/example_xcom.py
[2022-08-18 01:32:08,082] {logging_mixin.py:115} INFO - [2022-08-18 01:32:08,082] {dag.py:2420} INFO - Sync 1 DAGs
[2022-08-18 01:32:08,106] {logging_mixin.py:115} INFO - [2022-08-18 01:32:08,106] {dag.py:2972} INFO - Setting next_dagrun for example_xcom to 2021-01-01T00:00:00+00:00, run_after=2021-01-01T00:00:00+00:00
[2022-08-18 01:32:08,122] {processor.py:161} INFO - Processing /home/airflow/.local/lib/python3.7/site-packages/airflow/example_dags/example_xcom.py took 0.083 seconds
[2022-08-18 01:32:38,343] {processor.py:153} INFO - Started process (PID=1527) to work on /home/airflow/.local/lib/python3.7/site-packages/airflow/example_dags/example_xcom.py
[2022-08-18 01:32:38,344] {processor.py:641} INFO - Processing file /home/airflow/.local/lib/python3.7/site-packages/airflow/example_dags/example_xcom.py for tasks to queue
[2022-08-18 01:32:38,344] {logging_mixin.py:115} INFO - [2022-08-18 01:32:38,344] {dagbag.py:508} INFO - Filling up the DagBag from /home/airflow/.local/lib/python3.7/site-packages/airflow/example_dags/example_xcom.py
[2022-08-18 01:32:38,361] {processor.py:651} INFO - DAG(s) dict_keys(['example_xcom']) retrieved from /home/airflow/.local/lib/python3.7/site-packages/airflow/example_dags/example_xcom.py
[2022-08-18 01:32:38,434] {logging_mixin.py:115} INFO - [2022-08-18 01:32:38,434] {dag.py:2420} INFO - Sync 1 DAGs
[2022-08-18 01:32:38,456] {logging_mixin.py:115} INFO - [2022-08-18 01:32:38,456] {dag.py:2972} INFO - Setting next_dagrun for example_xcom to 2021-01-01T00:00:00+00:00, run_after=2021-01-01T00:00:00+00:00
[2022-08-18 01:32:38,471] {processor.py:161} INFO - Processing /home/airflow/.local/lib/python3.7/site-packages/airflow/example_dags/example_xcom.py took 0.132 seconds
[2022-08-18 01:33:08,516] {processor.py:153} INFO - Started process (PID=1580) to work on /home/airflow/.local/lib/python3.7/site-packages/airflow/example_dags/example_xcom.py
[2022-08-18 01:33:08,517] {processor.py:641} INFO - Processing file /home/airflow/.local/lib/python3.7/site-packages/airflow/example_dags/example_xcom.py for tasks to queue
[2022-08-18 01:33:08,517] {logging_mixin.py:115} INFO - [2022-08-18 01:33:08,517] {dagbag.py:508} INFO - Filling up the DagBag from /home/airflow/.local/lib/python3.7/site-packages/airflow/example_dags/example_xcom.py
[2022-08-18 01:33:08,533] {processor.py:651} INFO - DAG(s) dict_keys(['example_xcom']) retrieved from /home/airflow/.local/lib/python3.7/site-packages/airflow/example_dags/example_xcom.py
[2022-08-18 01:33:08,617] {logging_mixin.py:115} INFO - [2022-08-18 01:33:08,617] {dag.py:2420} INFO - Sync 1 DAGs
[2022-08-18 01:33:08,644] {logging_mixin.py:115} INFO - [2022-08-18 01:33:08,644] {dag.py:2972} INFO - Setting next_dagrun for example_xcom to 2021-01-01T00:00:00+00:00, run_after=2021-01-01T00:00:00+00:00
[2022-08-18 01:33:08,666] {processor.py:161} INFO - Processing /home/airflow/.local/lib/python3.7/site-packages/airflow/example_dags/example_xcom.py took 0.153 seconds
[2022-08-18 01:33:38,691] {processor.py:153} INFO - Started process (PID=1642) to work on /home/airflow/.local/lib/python3.7/site-packages/airflow/example_dags/example_xcom.py
[2022-08-18 01:33:38,692] {processor.py:641} INFO - Processing file /home/airflow/.local/lib/python3.7/site-packages/airflow/example_dags/example_xcom.py for tasks to queue
[2022-08-18 01:33:38,693] {logging_mixin.py:115} INFO - [2022-08-18 01:33:38,693] {dagbag.py:508} INFO - Filling up the DagBag from /home/airflow/.local/lib/python3.7/site-packages/airflow/example_dags/example_xcom.py
[2022-08-18 01:33:38,708] {processor.py:651} INFO - DAG(s) dict_keys(['example_xcom']) retrieved from /home/airflow/.local/lib/python3.7/site-packages/airflow/example_dags/example_xcom.py
[2022-08-18 01:33:38,738] {logging_mixin.py:115} INFO - [2022-08-18 01:33:38,738] {dag.py:2420} INFO - Sync 1 DAGs
[2022-08-18 01:33:38,762] {logging_mixin.py:115} INFO - [2022-08-18 01:33:38,762] {dag.py:2972} INFO - Setting next_dagrun for example_xcom to 2021-01-01T00:00:00+00:00, run_after=2021-01-01T00:00:00+00:00
[2022-08-18 01:33:38,784] {processor.py:161} INFO - Processing /home/airflow/.local/lib/python3.7/site-packages/airflow/example_dags/example_xcom.py took 0.095 seconds
[2022-08-18 01:34:09,514] {processor.py:153} INFO - Started process (PID=1702) to work on /home/airflow/.local/lib/python3.7/site-packages/airflow/example_dags/example_xcom.py
[2022-08-18 01:34:09,514] {processor.py:641} INFO - Processing file /home/airflow/.local/lib/python3.7/site-packages/airflow/example_dags/example_xcom.py for tasks to queue
[2022-08-18 01:34:09,514] {logging_mixin.py:115} INFO - [2022-08-18 01:34:09,514] {dagbag.py:508} INFO - Filling up the DagBag from /home/airflow/.local/lib/python3.7/site-packages/airflow/example_dags/example_xcom.py
[2022-08-18 01:34:09,530] {processor.py:651} INFO - DAG(s) dict_keys(['example_xcom']) retrieved from /home/airflow/.local/lib/python3.7/site-packages/airflow/example_dags/example_xcom.py
[2022-08-18 01:34:09,553] {logging_mixin.py:115} INFO - [2022-08-18 01:34:09,553] {dag.py:2420} INFO - Sync 1 DAGs
[2022-08-18 01:34:09,581] {logging_mixin.py:115} INFO - [2022-08-18 01:34:09,581] {dag.py:2972} INFO - Setting next_dagrun for example_xcom to 2021-01-01T00:00:00+00:00, run_after=2021-01-01T00:00:00+00:00
[2022-08-18 01:34:09,601] {processor.py:161} INFO - Processing /home/airflow/.local/lib/python3.7/site-packages/airflow/example_dags/example_xcom.py took 0.090 seconds
[2022-08-18 01:34:39,673] {processor.py:153} INFO - Started process (PID=1755) to work on /home/airflow/.local/lib/python3.7/site-packages/airflow/example_dags/example_xcom.py
[2022-08-18 01:34:39,688] {processor.py:641} INFO - Processing file /home/airflow/.local/lib/python3.7/site-packages/airflow/example_dags/example_xcom.py for tasks to queue
[2022-08-18 01:34:39,688] {logging_mixin.py:115} INFO - [2022-08-18 01:34:39,688] {dagbag.py:508} INFO - Filling up the DagBag from /home/airflow/.local/lib/python3.7/site-packages/airflow/example_dags/example_xcom.py
[2022-08-18 01:34:39,707] {processor.py:651} INFO - DAG(s) dict_keys(['example_xcom']) retrieved from /home/airflow/.local/lib/python3.7/site-packages/airflow/example_dags/example_xcom.py
[2022-08-18 01:34:39,735] {logging_mixin.py:115} INFO - [2022-08-18 01:34:39,735] {dag.py:2420} INFO - Sync 1 DAGs
[2022-08-18 01:34:39,756] {logging_mixin.py:115} INFO - [2022-08-18 01:34:39,756] {dag.py:2972} INFO - Setting next_dagrun for example_xcom to 2021-01-01T00:00:00+00:00, run_after=2021-01-01T00:00:00+00:00
[2022-08-18 01:34:39,773] {processor.py:161} INFO - Processing /home/airflow/.local/lib/python3.7/site-packages/airflow/example_dags/example_xcom.py took 0.102 seconds
[2022-08-18 01:35:10,069] {processor.py:153} INFO - Started process (PID=1817) to work on /home/airflow/.local/lib/python3.7/site-packages/airflow/example_dags/example_xcom.py
[2022-08-18 01:35:10,073] {processor.py:641} INFO - Processing file /home/airflow/.local/lib/python3.7/site-packages/airflow/example_dags/example_xcom.py for tasks to queue
[2022-08-18 01:35:10,074] {logging_mixin.py:115} INFO - [2022-08-18 01:35:10,074] {dagbag.py:508} INFO - Filling up the DagBag from /home/airflow/.local/lib/python3.7/site-packages/airflow/example_dags/example_xcom.py
[2022-08-18 01:35:10,090] {processor.py:651} INFO - DAG(s) dict_keys(['example_xcom']) retrieved from /home/airflow/.local/lib/python3.7/site-packages/airflow/example_dags/example_xcom.py
[2022-08-18 01:35:10,159] {logging_mixin.py:115} INFO - [2022-08-18 01:35:10,159] {dag.py:2420} INFO - Sync 1 DAGs
[2022-08-18 01:35:10,182] {logging_mixin.py:115} INFO - [2022-08-18 01:35:10,181] {dag.py:2972} INFO - Setting next_dagrun for example_xcom to 2021-01-01T00:00:00+00:00, run_after=2021-01-01T00:00:00+00:00
[2022-08-18 01:35:10,196] {processor.py:161} INFO - Processing /home/airflow/.local/lib/python3.7/site-packages/airflow/example_dags/example_xcom.py took 0.131 seconds
[2022-08-18 01:35:40,277] {processor.py:153} INFO - Started process (PID=1868) to work on /home/airflow/.local/lib/python3.7/site-packages/airflow/example_dags/example_xcom.py
[2022-08-18 01:35:40,278] {processor.py:641} INFO - Processing file /home/airflow/.local/lib/python3.7/site-packages/airflow/example_dags/example_xcom.py for tasks to queue
[2022-08-18 01:35:40,278] {logging_mixin.py:115} INFO - [2022-08-18 01:35:40,278] {dagbag.py:508} INFO - Filling up the DagBag from /home/airflow/.local/lib/python3.7/site-packages/airflow/example_dags/example_xcom.py
[2022-08-18 01:35:40,296] {processor.py:651} INFO - DAG(s) dict_keys(['example_xcom']) retrieved from /home/airflow/.local/lib/python3.7/site-packages/airflow/example_dags/example_xcom.py
[2022-08-18 01:35:40,360] {logging_mixin.py:115} INFO - [2022-08-18 01:35:40,360] {dag.py:2420} INFO - Sync 1 DAGs
[2022-08-18 01:35:40,379] {logging_mixin.py:115} INFO - [2022-08-18 01:35:40,379] {dag.py:2972} INFO - Setting next_dagrun for example_xcom to 2021-01-01T00:00:00+00:00, run_after=2021-01-01T00:00:00+00:00
[2022-08-18 01:35:40,412] {processor.py:161} INFO - Processing /home/airflow/.local/lib/python3.7/site-packages/airflow/example_dags/example_xcom.py took 0.139 seconds
