[2022-08-18 01:19:51,670] {processor.py:153} INFO - Started process (PID=52) to work on /home/airflow/.local/lib/python3.7/site-packages/airflow/example_dags/example_latest_only.py
[2022-08-18 01:19:51,671] {processor.py:641} INFO - Processing file /home/airflow/.local/lib/python3.7/site-packages/airflow/example_dags/example_latest_only.py for tasks to queue
[2022-08-18 01:19:51,671] {logging_mixin.py:115} INFO - [2022-08-18 01:19:51,671] {dagbag.py:508} INFO - Filling up the DagBag from /home/airflow/.local/lib/python3.7/site-packages/airflow/example_dags/example_latest_only.py
[2022-08-18 01:19:51,780] {processor.py:651} INFO - DAG(s) dict_keys(['latest_only']) retrieved from /home/airflow/.local/lib/python3.7/site-packages/airflow/example_dags/example_latest_only.py
[2022-08-18 01:19:52,396] {logging_mixin.py:115} INFO - [2022-08-18 01:19:52,395] {manager.py:508} INFO - Created Permission View: can edit on DAG:latest_only
[2022-08-18 01:19:52,590] {logging_mixin.py:115} INFO - [2022-08-18 01:19:52,590] {manager.py:508} INFO - Created Permission View: can read on DAG:latest_only
[2022-08-18 01:19:52,785] {logging_mixin.py:115} INFO - [2022-08-18 01:19:52,785] {manager.py:508} INFO - Created Permission View: can delete on DAG:latest_only
[2022-08-18 01:19:52,785] {logging_mixin.py:115} INFO - [2022-08-18 01:19:52,785] {dag.py:2420} INFO - Sync 1 DAGs
[2022-08-18 01:19:52,803] {logging_mixin.py:115} INFO - [2022-08-18 01:19:52,803] {dag.py:2439} INFO - Creating ORM DAG for latest_only
[2022-08-18 01:19:52,820] {logging_mixin.py:115} INFO - [2022-08-18 01:19:52,820] {dag.py:2972} INFO - Setting next_dagrun for latest_only to 2022-08-17T21:19:52.820727+00:00, run_after=2022-08-18T01:19:52.820727+00:00
[2022-08-18 01:19:52,960] {processor.py:161} INFO - Processing /home/airflow/.local/lib/python3.7/site-packages/airflow/example_dags/example_latest_only.py took 1.294 seconds
[2022-08-18 01:20:23,571] {processor.py:153} INFO - Started process (PID=105) to work on /home/airflow/.local/lib/python3.7/site-packages/airflow/example_dags/example_latest_only.py
[2022-08-18 01:20:23,571] {processor.py:641} INFO - Processing file /home/airflow/.local/lib/python3.7/site-packages/airflow/example_dags/example_latest_only.py for tasks to queue
[2022-08-18 01:20:23,572] {logging_mixin.py:115} INFO - [2022-08-18 01:20:23,572] {dagbag.py:508} INFO - Filling up the DagBag from /home/airflow/.local/lib/python3.7/site-packages/airflow/example_dags/example_latest_only.py
[2022-08-18 01:20:23,579] {processor.py:651} INFO - DAG(s) dict_keys(['latest_only']) retrieved from /home/airflow/.local/lib/python3.7/site-packages/airflow/example_dags/example_latest_only.py
[2022-08-18 01:20:23,605] {logging_mixin.py:115} INFO - [2022-08-18 01:20:23,605] {dag.py:2420} INFO - Sync 1 DAGs
[2022-08-18 01:20:23,627] {logging_mixin.py:115} INFO - [2022-08-18 01:20:23,627] {dag.py:2972} INFO - Setting next_dagrun for latest_only to 2022-08-17T21:20:23.626913+00:00, run_after=2022-08-18T01:20:23.626913+00:00
[2022-08-18 01:20:23,640] {processor.py:161} INFO - Processing /home/airflow/.local/lib/python3.7/site-packages/airflow/example_dags/example_latest_only.py took 0.074 seconds
[2022-08-18 01:20:54,657] {processor.py:153} INFO - Started process (PID=166) to work on /home/airflow/.local/lib/python3.7/site-packages/airflow/example_dags/example_latest_only.py
[2022-08-18 01:20:54,658] {processor.py:641} INFO - Processing file /home/airflow/.local/lib/python3.7/site-packages/airflow/example_dags/example_latest_only.py for tasks to queue
[2022-08-18 01:20:54,658] {logging_mixin.py:115} INFO - [2022-08-18 01:20:54,658] {dagbag.py:508} INFO - Filling up the DagBag from /home/airflow/.local/lib/python3.7/site-packages/airflow/example_dags/example_latest_only.py
[2022-08-18 01:20:54,663] {processor.py:651} INFO - DAG(s) dict_keys(['latest_only']) retrieved from /home/airflow/.local/lib/python3.7/site-packages/airflow/example_dags/example_latest_only.py
[2022-08-18 01:20:54,684] {logging_mixin.py:115} INFO - [2022-08-18 01:20:54,684] {dag.py:2420} INFO - Sync 1 DAGs
[2022-08-18 01:20:54,712] {logging_mixin.py:115} INFO - [2022-08-18 01:20:54,711] {dag.py:2972} INFO - Setting next_dagrun for latest_only to 2022-08-17T21:20:54.711689+00:00, run_after=2022-08-18T01:20:54.711689+00:00
[2022-08-18 01:20:54,752] {processor.py:161} INFO - Processing /home/airflow/.local/lib/python3.7/site-packages/airflow/example_dags/example_latest_only.py took 0.099 seconds
[2022-08-18 01:21:24,999] {processor.py:153} INFO - Started process (PID=227) to work on /home/airflow/.local/lib/python3.7/site-packages/airflow/example_dags/example_latest_only.py
[2022-08-18 01:21:25,031] {processor.py:641} INFO - Processing file /home/airflow/.local/lib/python3.7/site-packages/airflow/example_dags/example_latest_only.py for tasks to queue
[2022-08-18 01:21:25,032] {logging_mixin.py:115} INFO - [2022-08-18 01:21:25,032] {dagbag.py:508} INFO - Filling up the DagBag from /home/airflow/.local/lib/python3.7/site-packages/airflow/example_dags/example_latest_only.py
[2022-08-18 01:21:25,039] {processor.py:651} INFO - DAG(s) dict_keys(['latest_only']) retrieved from /home/airflow/.local/lib/python3.7/site-packages/airflow/example_dags/example_latest_only.py
[2022-08-18 01:21:25,064] {logging_mixin.py:115} INFO - [2022-08-18 01:21:25,064] {dag.py:2420} INFO - Sync 1 DAGs
[2022-08-18 01:21:25,087] {logging_mixin.py:115} INFO - [2022-08-18 01:21:25,087] {dag.py:2972} INFO - Setting next_dagrun for latest_only to 2022-08-17T21:21:25.086837+00:00, run_after=2022-08-18T01:21:25.086837+00:00
[2022-08-18 01:21:25,152] {processor.py:161} INFO - Processing /home/airflow/.local/lib/python3.7/site-packages/airflow/example_dags/example_latest_only.py took 0.156 seconds
[2022-08-18 01:21:55,276] {processor.py:153} INFO - Started process (PID=279) to work on /home/airflow/.local/lib/python3.7/site-packages/airflow/example_dags/example_latest_only.py
[2022-08-18 01:21:55,289] {processor.py:641} INFO - Processing file /home/airflow/.local/lib/python3.7/site-packages/airflow/example_dags/example_latest_only.py for tasks to queue
[2022-08-18 01:21:55,290] {logging_mixin.py:115} INFO - [2022-08-18 01:21:55,290] {dagbag.py:508} INFO - Filling up the DagBag from /home/airflow/.local/lib/python3.7/site-packages/airflow/example_dags/example_latest_only.py
[2022-08-18 01:21:55,296] {processor.py:651} INFO - DAG(s) dict_keys(['latest_only']) retrieved from /home/airflow/.local/lib/python3.7/site-packages/airflow/example_dags/example_latest_only.py
[2022-08-18 01:21:55,322] {logging_mixin.py:115} INFO - [2022-08-18 01:21:55,322] {dag.py:2420} INFO - Sync 1 DAGs
[2022-08-18 01:21:55,354] {logging_mixin.py:115} INFO - [2022-08-18 01:21:55,354] {dag.py:2972} INFO - Setting next_dagrun for latest_only to 2022-08-17T21:21:55.353879+00:00, run_after=2022-08-18T01:21:55.353879+00:00
[2022-08-18 01:21:55,423] {processor.py:161} INFO - Processing /home/airflow/.local/lib/python3.7/site-packages/airflow/example_dags/example_latest_only.py took 0.152 seconds
[2022-08-18 01:22:25,508] {processor.py:153} INFO - Started process (PID=340) to work on /home/airflow/.local/lib/python3.7/site-packages/airflow/example_dags/example_latest_only.py
[2022-08-18 01:22:25,514] {processor.py:641} INFO - Processing file /home/airflow/.local/lib/python3.7/site-packages/airflow/example_dags/example_latest_only.py for tasks to queue
[2022-08-18 01:22:25,514] {logging_mixin.py:115} INFO - [2022-08-18 01:22:25,514] {dagbag.py:508} INFO - Filling up the DagBag from /home/airflow/.local/lib/python3.7/site-packages/airflow/example_dags/example_latest_only.py
[2022-08-18 01:22:25,517] {processor.py:651} INFO - DAG(s) dict_keys(['latest_only']) retrieved from /home/airflow/.local/lib/python3.7/site-packages/airflow/example_dags/example_latest_only.py
[2022-08-18 01:22:25,547] {logging_mixin.py:115} INFO - [2022-08-18 01:22:25,547] {dag.py:2420} INFO - Sync 1 DAGs
[2022-08-18 01:22:25,580] {logging_mixin.py:115} INFO - [2022-08-18 01:22:25,580] {dag.py:2972} INFO - Setting next_dagrun for latest_only to 2022-08-17T21:22:25.580231+00:00, run_after=2022-08-18T01:22:25.580231+00:00
[2022-08-18 01:22:25,607] {processor.py:161} INFO - Processing /home/airflow/.local/lib/python3.7/site-packages/airflow/example_dags/example_latest_only.py took 0.101 seconds
[2022-08-18 01:22:55,733] {processor.py:153} INFO - Started process (PID=392) to work on /home/airflow/.local/lib/python3.7/site-packages/airflow/example_dags/example_latest_only.py
[2022-08-18 01:22:55,734] {processor.py:641} INFO - Processing file /home/airflow/.local/lib/python3.7/site-packages/airflow/example_dags/example_latest_only.py for tasks to queue
[2022-08-18 01:22:55,734] {logging_mixin.py:115} INFO - [2022-08-18 01:22:55,734] {dagbag.py:508} INFO - Filling up the DagBag from /home/airflow/.local/lib/python3.7/site-packages/airflow/example_dags/example_latest_only.py
[2022-08-18 01:22:55,738] {processor.py:651} INFO - DAG(s) dict_keys(['latest_only']) retrieved from /home/airflow/.local/lib/python3.7/site-packages/airflow/example_dags/example_latest_only.py
[2022-08-18 01:22:55,766] {logging_mixin.py:115} INFO - [2022-08-18 01:22:55,765] {dag.py:2420} INFO - Sync 1 DAGs
[2022-08-18 01:22:55,789] {logging_mixin.py:115} INFO - [2022-08-18 01:22:55,789] {dag.py:2972} INFO - Setting next_dagrun for latest_only to 2022-08-17T21:22:55.788893+00:00, run_after=2022-08-18T01:22:55.788893+00:00
[2022-08-18 01:22:55,826] {processor.py:161} INFO - Processing /home/airflow/.local/lib/python3.7/site-packages/airflow/example_dags/example_latest_only.py took 0.097 seconds
[2022-08-18 01:23:25,958] {processor.py:153} INFO - Started process (PID=453) to work on /home/airflow/.local/lib/python3.7/site-packages/airflow/example_dags/example_latest_only.py
[2022-08-18 01:23:25,979] {processor.py:641} INFO - Processing file /home/airflow/.local/lib/python3.7/site-packages/airflow/example_dags/example_latest_only.py for tasks to queue
[2022-08-18 01:23:25,980] {logging_mixin.py:115} INFO - [2022-08-18 01:23:25,980] {dagbag.py:508} INFO - Filling up the DagBag from /home/airflow/.local/lib/python3.7/site-packages/airflow/example_dags/example_latest_only.py
[2022-08-18 01:23:25,988] {processor.py:651} INFO - DAG(s) dict_keys(['latest_only']) retrieved from /home/airflow/.local/lib/python3.7/site-packages/airflow/example_dags/example_latest_only.py
[2022-08-18 01:23:26,009] {logging_mixin.py:115} INFO - [2022-08-18 01:23:26,009] {dag.py:2420} INFO - Sync 1 DAGs
[2022-08-18 01:23:26,031] {logging_mixin.py:115} INFO - [2022-08-18 01:23:26,031] {dag.py:2972} INFO - Setting next_dagrun for latest_only to 2022-08-17T21:23:26.031011+00:00, run_after=2022-08-18T01:23:26.031011+00:00
[2022-08-18 01:23:26,056] {processor.py:161} INFO - Processing /home/airflow/.local/lib/python3.7/site-packages/airflow/example_dags/example_latest_only.py took 0.102 seconds
[2022-08-18 01:23:56,301] {processor.py:153} INFO - Started process (PID=514) to work on /home/airflow/.local/lib/python3.7/site-packages/airflow/example_dags/example_latest_only.py
[2022-08-18 01:23:56,302] {processor.py:641} INFO - Processing file /home/airflow/.local/lib/python3.7/site-packages/airflow/example_dags/example_latest_only.py for tasks to queue
[2022-08-18 01:23:56,302] {logging_mixin.py:115} INFO - [2022-08-18 01:23:56,302] {dagbag.py:508} INFO - Filling up the DagBag from /home/airflow/.local/lib/python3.7/site-packages/airflow/example_dags/example_latest_only.py
[2022-08-18 01:23:56,308] {processor.py:651} INFO - DAG(s) dict_keys(['latest_only']) retrieved from /home/airflow/.local/lib/python3.7/site-packages/airflow/example_dags/example_latest_only.py
[2022-08-18 01:23:56,334] {logging_mixin.py:115} INFO - [2022-08-18 01:23:56,334] {dag.py:2420} INFO - Sync 1 DAGs
[2022-08-18 01:23:56,354] {logging_mixin.py:115} INFO - [2022-08-18 01:23:56,354] {dag.py:2972} INFO - Setting next_dagrun for latest_only to 2022-08-17T21:23:56.354706+00:00, run_after=2022-08-18T01:23:56.354706+00:00
[2022-08-18 01:23:56,381] {processor.py:161} INFO - Processing /home/airflow/.local/lib/python3.7/site-packages/airflow/example_dags/example_latest_only.py took 0.084 seconds
[2022-08-18 01:24:26,515] {processor.py:153} INFO - Started process (PID=566) to work on /home/airflow/.local/lib/python3.7/site-packages/airflow/example_dags/example_latest_only.py
[2022-08-18 01:24:26,536] {processor.py:641} INFO - Processing file /home/airflow/.local/lib/python3.7/site-packages/airflow/example_dags/example_latest_only.py for tasks to queue
[2022-08-18 01:24:26,537] {logging_mixin.py:115} INFO - [2022-08-18 01:24:26,537] {dagbag.py:508} INFO - Filling up the DagBag from /home/airflow/.local/lib/python3.7/site-packages/airflow/example_dags/example_latest_only.py
[2022-08-18 01:24:26,541] {processor.py:651} INFO - DAG(s) dict_keys(['latest_only']) retrieved from /home/airflow/.local/lib/python3.7/site-packages/airflow/example_dags/example_latest_only.py
[2022-08-18 01:24:26,564] {logging_mixin.py:115} INFO - [2022-08-18 01:24:26,564] {dag.py:2420} INFO - Sync 1 DAGs
[2022-08-18 01:24:26,596] {logging_mixin.py:115} INFO - [2022-08-18 01:24:26,596] {dag.py:2972} INFO - Setting next_dagrun for latest_only to 2022-08-17T21:24:26.596356+00:00, run_after=2022-08-18T01:24:26.596356+00:00
[2022-08-18 01:24:26,625] {processor.py:161} INFO - Processing /home/airflow/.local/lib/python3.7/site-packages/airflow/example_dags/example_latest_only.py took 0.115 seconds
[2022-08-18 01:24:56,804] {processor.py:153} INFO - Started process (PID=627) to work on /home/airflow/.local/lib/python3.7/site-packages/airflow/example_dags/example_latest_only.py
[2022-08-18 01:24:56,827] {processor.py:641} INFO - Processing file /home/airflow/.local/lib/python3.7/site-packages/airflow/example_dags/example_latest_only.py for tasks to queue
[2022-08-18 01:24:56,828] {logging_mixin.py:115} INFO - [2022-08-18 01:24:56,828] {dagbag.py:508} INFO - Filling up the DagBag from /home/airflow/.local/lib/python3.7/site-packages/airflow/example_dags/example_latest_only.py
[2022-08-18 01:24:56,835] {processor.py:651} INFO - DAG(s) dict_keys(['latest_only']) retrieved from /home/airflow/.local/lib/python3.7/site-packages/airflow/example_dags/example_latest_only.py
[2022-08-18 01:24:56,862] {logging_mixin.py:115} INFO - [2022-08-18 01:24:56,862] {dag.py:2420} INFO - Sync 1 DAGs
[2022-08-18 01:24:56,890] {logging_mixin.py:115} INFO - [2022-08-18 01:24:56,889] {dag.py:2972} INFO - Setting next_dagrun for latest_only to 2022-08-17T21:24:56.889708+00:00, run_after=2022-08-18T01:24:56.889708+00:00
[2022-08-18 01:24:56,927] {processor.py:161} INFO - Processing /home/airflow/.local/lib/python3.7/site-packages/airflow/example_dags/example_latest_only.py took 0.128 seconds
[2022-08-18 01:25:27,243] {processor.py:153} INFO - Started process (PID=680) to work on /home/airflow/.local/lib/python3.7/site-packages/airflow/example_dags/example_latest_only.py
[2022-08-18 01:25:27,253] {processor.py:641} INFO - Processing file /home/airflow/.local/lib/python3.7/site-packages/airflow/example_dags/example_latest_only.py for tasks to queue
[2022-08-18 01:25:27,253] {logging_mixin.py:115} INFO - [2022-08-18 01:25:27,253] {dagbag.py:508} INFO - Filling up the DagBag from /home/airflow/.local/lib/python3.7/site-packages/airflow/example_dags/example_latest_only.py
[2022-08-18 01:25:27,259] {processor.py:651} INFO - DAG(s) dict_keys(['latest_only']) retrieved from /home/airflow/.local/lib/python3.7/site-packages/airflow/example_dags/example_latest_only.py
[2022-08-18 01:25:27,281] {logging_mixin.py:115} INFO - [2022-08-18 01:25:27,281] {dag.py:2420} INFO - Sync 1 DAGs
[2022-08-18 01:25:27,303] {logging_mixin.py:115} INFO - [2022-08-18 01:25:27,303] {dag.py:2972} INFO - Setting next_dagrun for latest_only to 2022-08-17T21:25:27.303242+00:00, run_after=2022-08-18T01:25:27.303242+00:00
[2022-08-18 01:25:27,385] {processor.py:161} INFO - Processing /home/airflow/.local/lib/python3.7/site-packages/airflow/example_dags/example_latest_only.py took 0.147 seconds
[2022-08-18 01:25:57,413] {processor.py:153} INFO - Started process (PID=740) to work on /home/airflow/.local/lib/python3.7/site-packages/airflow/example_dags/example_latest_only.py
[2022-08-18 01:25:57,414] {processor.py:641} INFO - Processing file /home/airflow/.local/lib/python3.7/site-packages/airflow/example_dags/example_latest_only.py for tasks to queue
[2022-08-18 01:25:57,415] {logging_mixin.py:115} INFO - [2022-08-18 01:25:57,415] {dagbag.py:508} INFO - Filling up the DagBag from /home/airflow/.local/lib/python3.7/site-packages/airflow/example_dags/example_latest_only.py
[2022-08-18 01:25:57,419] {processor.py:651} INFO - DAG(s) dict_keys(['latest_only']) retrieved from /home/airflow/.local/lib/python3.7/site-packages/airflow/example_dags/example_latest_only.py
[2022-08-18 01:25:57,445] {logging_mixin.py:115} INFO - [2022-08-18 01:25:57,445] {dag.py:2420} INFO - Sync 1 DAGs
[2022-08-18 01:25:57,466] {logging_mixin.py:115} INFO - [2022-08-18 01:25:57,466] {dag.py:2972} INFO - Setting next_dagrun for latest_only to 2022-08-17T21:25:57.466002+00:00, run_after=2022-08-18T01:25:57.466002+00:00
[2022-08-18 01:25:57,480] {processor.py:161} INFO - Processing /home/airflow/.local/lib/python3.7/site-packages/airflow/example_dags/example_latest_only.py took 0.071 seconds
[2022-08-18 01:26:27,846] {processor.py:153} INFO - Started process (PID=803) to work on /home/airflow/.local/lib/python3.7/site-packages/airflow/example_dags/example_latest_only.py
[2022-08-18 01:26:27,856] {processor.py:641} INFO - Processing file /home/airflow/.local/lib/python3.7/site-packages/airflow/example_dags/example_latest_only.py for tasks to queue
[2022-08-18 01:26:27,856] {logging_mixin.py:115} INFO - [2022-08-18 01:26:27,856] {dagbag.py:508} INFO - Filling up the DagBag from /home/airflow/.local/lib/python3.7/site-packages/airflow/example_dags/example_latest_only.py
[2022-08-18 01:26:27,864] {processor.py:651} INFO - DAG(s) dict_keys(['latest_only']) retrieved from /home/airflow/.local/lib/python3.7/site-packages/airflow/example_dags/example_latest_only.py
[2022-08-18 01:26:27,887] {logging_mixin.py:115} INFO - [2022-08-18 01:26:27,887] {dag.py:2420} INFO - Sync 1 DAGs
[2022-08-18 01:26:27,908] {logging_mixin.py:115} INFO - [2022-08-18 01:26:27,908] {dag.py:2972} INFO - Setting next_dagrun for latest_only to 2022-08-17T21:26:27.908520+00:00, run_after=2022-08-18T01:26:27.908520+00:00
[2022-08-18 01:26:27,933] {processor.py:161} INFO - Processing /home/airflow/.local/lib/python3.7/site-packages/airflow/example_dags/example_latest_only.py took 0.091 seconds
[2022-08-18 01:26:58,065] {processor.py:153} INFO - Started process (PID=854) to work on /home/airflow/.local/lib/python3.7/site-packages/airflow/example_dags/example_latest_only.py
[2022-08-18 01:26:58,075] {processor.py:641} INFO - Processing file /home/airflow/.local/lib/python3.7/site-packages/airflow/example_dags/example_latest_only.py for tasks to queue
[2022-08-18 01:26:58,076] {logging_mixin.py:115} INFO - [2022-08-18 01:26:58,076] {dagbag.py:508} INFO - Filling up the DagBag from /home/airflow/.local/lib/python3.7/site-packages/airflow/example_dags/example_latest_only.py
[2022-08-18 01:26:58,082] {processor.py:651} INFO - DAG(s) dict_keys(['latest_only']) retrieved from /home/airflow/.local/lib/python3.7/site-packages/airflow/example_dags/example_latest_only.py
[2022-08-18 01:26:58,108] {logging_mixin.py:115} INFO - [2022-08-18 01:26:58,108] {dag.py:2420} INFO - Sync 1 DAGs
[2022-08-18 01:26:58,131] {logging_mixin.py:115} INFO - [2022-08-18 01:26:58,131] {dag.py:2972} INFO - Setting next_dagrun for latest_only to 2022-08-17T21:26:58.130978+00:00, run_after=2022-08-18T01:26:58.130978+00:00
[2022-08-18 01:26:58,157] {processor.py:161} INFO - Processing /home/airflow/.local/lib/python3.7/site-packages/airflow/example_dags/example_latest_only.py took 0.097 seconds
[2022-08-18 01:27:28,408] {processor.py:153} INFO - Started process (PID=915) to work on /home/airflow/.local/lib/python3.7/site-packages/airflow/example_dags/example_latest_only.py
[2022-08-18 01:27:28,409] {processor.py:641} INFO - Processing file /home/airflow/.local/lib/python3.7/site-packages/airflow/example_dags/example_latest_only.py for tasks to queue
[2022-08-18 01:27:28,410] {logging_mixin.py:115} INFO - [2022-08-18 01:27:28,410] {dagbag.py:508} INFO - Filling up the DagBag from /home/airflow/.local/lib/python3.7/site-packages/airflow/example_dags/example_latest_only.py
[2022-08-18 01:27:28,413] {processor.py:651} INFO - DAG(s) dict_keys(['latest_only']) retrieved from /home/airflow/.local/lib/python3.7/site-packages/airflow/example_dags/example_latest_only.py
[2022-08-18 01:27:28,439] {logging_mixin.py:115} INFO - [2022-08-18 01:27:28,439] {dag.py:2420} INFO - Sync 1 DAGs
[2022-08-18 01:27:28,464] {logging_mixin.py:115} INFO - [2022-08-18 01:27:28,464] {dag.py:2972} INFO - Setting next_dagrun for latest_only to 2022-08-17T21:27:28.464224+00:00, run_after=2022-08-18T01:27:28.464224+00:00
[2022-08-18 01:27:28,481] {processor.py:161} INFO - Processing /home/airflow/.local/lib/python3.7/site-packages/airflow/example_dags/example_latest_only.py took 0.077 seconds
[2022-08-18 01:27:58,609] {processor.py:153} INFO - Started process (PID=976) to work on /home/airflow/.local/lib/python3.7/site-packages/airflow/example_dags/example_latest_only.py
[2022-08-18 01:27:58,616] {processor.py:641} INFO - Processing file /home/airflow/.local/lib/python3.7/site-packages/airflow/example_dags/example_latest_only.py for tasks to queue
[2022-08-18 01:27:58,617] {logging_mixin.py:115} INFO - [2022-08-18 01:27:58,616] {dagbag.py:508} INFO - Filling up the DagBag from /home/airflow/.local/lib/python3.7/site-packages/airflow/example_dags/example_latest_only.py
[2022-08-18 01:27:58,620] {processor.py:651} INFO - DAG(s) dict_keys(['latest_only']) retrieved from /home/airflow/.local/lib/python3.7/site-packages/airflow/example_dags/example_latest_only.py
[2022-08-18 01:27:58,647] {logging_mixin.py:115} INFO - [2022-08-18 01:27:58,647] {dag.py:2420} INFO - Sync 1 DAGs
[2022-08-18 01:27:58,676] {logging_mixin.py:115} INFO - [2022-08-18 01:27:58,676] {dag.py:2972} INFO - Setting next_dagrun for latest_only to 2022-08-17T21:27:58.676026+00:00, run_after=2022-08-18T01:27:58.676026+00:00
[2022-08-18 01:27:58,705] {processor.py:161} INFO - Processing /home/airflow/.local/lib/python3.7/site-packages/airflow/example_dags/example_latest_only.py took 0.100 seconds
[2022-08-18 01:28:28,856] {processor.py:153} INFO - Started process (PID=1028) to work on /home/airflow/.local/lib/python3.7/site-packages/airflow/example_dags/example_latest_only.py
[2022-08-18 01:28:28,857] {processor.py:641} INFO - Processing file /home/airflow/.local/lib/python3.7/site-packages/airflow/example_dags/example_latest_only.py for tasks to queue
[2022-08-18 01:28:28,858] {logging_mixin.py:115} INFO - [2022-08-18 01:28:28,858] {dagbag.py:508} INFO - Filling up the DagBag from /home/airflow/.local/lib/python3.7/site-packages/airflow/example_dags/example_latest_only.py
[2022-08-18 01:28:28,861] {processor.py:651} INFO - DAG(s) dict_keys(['latest_only']) retrieved from /home/airflow/.local/lib/python3.7/site-packages/airflow/example_dags/example_latest_only.py
[2022-08-18 01:28:28,890] {logging_mixin.py:115} INFO - [2022-08-18 01:28:28,890] {dag.py:2420} INFO - Sync 1 DAGs
[2022-08-18 01:28:28,915] {logging_mixin.py:115} INFO - [2022-08-18 01:28:28,915] {dag.py:2972} INFO - Setting next_dagrun for latest_only to 2022-08-17T21:28:28.915172+00:00, run_after=2022-08-18T01:28:28.915172+00:00
[2022-08-18 01:28:28,942] {processor.py:161} INFO - Processing /home/airflow/.local/lib/python3.7/site-packages/airflow/example_dags/example_latest_only.py took 0.090 seconds
[2022-08-18 01:28:59,440] {processor.py:153} INFO - Started process (PID=1089) to work on /home/airflow/.local/lib/python3.7/site-packages/airflow/example_dags/example_latest_only.py
[2022-08-18 01:28:59,466] {processor.py:641} INFO - Processing file /home/airflow/.local/lib/python3.7/site-packages/airflow/example_dags/example_latest_only.py for tasks to queue
[2022-08-18 01:28:59,467] {logging_mixin.py:115} INFO - [2022-08-18 01:28:59,467] {dagbag.py:508} INFO - Filling up the DagBag from /home/airflow/.local/lib/python3.7/site-packages/airflow/example_dags/example_latest_only.py
[2022-08-18 01:28:59,475] {processor.py:651} INFO - DAG(s) dict_keys(['latest_only']) retrieved from /home/airflow/.local/lib/python3.7/site-packages/airflow/example_dags/example_latest_only.py
[2022-08-18 01:28:59,505] {logging_mixin.py:115} INFO - [2022-08-18 01:28:59,504] {dag.py:2420} INFO - Sync 1 DAGs
[2022-08-18 01:28:59,538] {logging_mixin.py:115} INFO - [2022-08-18 01:28:59,538] {dag.py:2972} INFO - Setting next_dagrun for latest_only to 2022-08-17T21:28:59.538510+00:00, run_after=2022-08-18T01:28:59.538510+00:00
[2022-08-18 01:28:59,556] {processor.py:161} INFO - Processing /home/airflow/.local/lib/python3.7/site-packages/airflow/example_dags/example_latest_only.py took 0.119 seconds
[2022-08-18 01:29:29,747] {processor.py:153} INFO - Started process (PID=1141) to work on /home/airflow/.local/lib/python3.7/site-packages/airflow/example_dags/example_latest_only.py
[2022-08-18 01:29:29,754] {processor.py:641} INFO - Processing file /home/airflow/.local/lib/python3.7/site-packages/airflow/example_dags/example_latest_only.py for tasks to queue
[2022-08-18 01:29:29,755] {logging_mixin.py:115} INFO - [2022-08-18 01:29:29,755] {dagbag.py:508} INFO - Filling up the DagBag from /home/airflow/.local/lib/python3.7/site-packages/airflow/example_dags/example_latest_only.py
[2022-08-18 01:29:29,760] {processor.py:651} INFO - DAG(s) dict_keys(['latest_only']) retrieved from /home/airflow/.local/lib/python3.7/site-packages/airflow/example_dags/example_latest_only.py
[2022-08-18 01:29:29,782] {logging_mixin.py:115} INFO - [2022-08-18 01:29:29,782] {dag.py:2420} INFO - Sync 1 DAGs
[2022-08-18 01:29:29,804] {logging_mixin.py:115} INFO - [2022-08-18 01:29:29,804] {dag.py:2972} INFO - Setting next_dagrun for latest_only to 2022-08-17T21:29:29.803834+00:00, run_after=2022-08-18T01:29:29.803834+00:00
[2022-08-18 01:29:29,834] {processor.py:161} INFO - Processing /home/airflow/.local/lib/python3.7/site-packages/airflow/example_dags/example_latest_only.py took 0.091 seconds
[2022-08-18 01:29:59,881] {processor.py:153} INFO - Started process (PID=1202) to work on /home/airflow/.local/lib/python3.7/site-packages/airflow/example_dags/example_latest_only.py
[2022-08-18 01:29:59,881] {processor.py:641} INFO - Processing file /home/airflow/.local/lib/python3.7/site-packages/airflow/example_dags/example_latest_only.py for tasks to queue
[2022-08-18 01:29:59,882] {logging_mixin.py:115} INFO - [2022-08-18 01:29:59,882] {dagbag.py:508} INFO - Filling up the DagBag from /home/airflow/.local/lib/python3.7/site-packages/airflow/example_dags/example_latest_only.py
[2022-08-18 01:29:59,888] {processor.py:651} INFO - DAG(s) dict_keys(['latest_only']) retrieved from /home/airflow/.local/lib/python3.7/site-packages/airflow/example_dags/example_latest_only.py
[2022-08-18 01:29:59,907] {logging_mixin.py:115} INFO - [2022-08-18 01:29:59,907] {dag.py:2420} INFO - Sync 1 DAGs
[2022-08-18 01:29:59,930] {logging_mixin.py:115} INFO - [2022-08-18 01:29:59,930] {dag.py:2972} INFO - Setting next_dagrun for latest_only to 2022-08-17T21:29:59.930501+00:00, run_after=2022-08-18T01:29:59.930501+00:00
[2022-08-18 01:29:59,947] {processor.py:161} INFO - Processing /home/airflow/.local/lib/python3.7/site-packages/airflow/example_dags/example_latest_only.py took 0.071 seconds
[2022-08-18 01:30:29,989] {processor.py:153} INFO - Started process (PID=1263) to work on /home/airflow/.local/lib/python3.7/site-packages/airflow/example_dags/example_latest_only.py
[2022-08-18 01:30:30,003] {processor.py:641} INFO - Processing file /home/airflow/.local/lib/python3.7/site-packages/airflow/example_dags/example_latest_only.py for tasks to queue
[2022-08-18 01:30:30,004] {logging_mixin.py:115} INFO - [2022-08-18 01:30:30,004] {dagbag.py:508} INFO - Filling up the DagBag from /home/airflow/.local/lib/python3.7/site-packages/airflow/example_dags/example_latest_only.py
[2022-08-18 01:30:30,011] {processor.py:651} INFO - DAG(s) dict_keys(['latest_only']) retrieved from /home/airflow/.local/lib/python3.7/site-packages/airflow/example_dags/example_latest_only.py
[2022-08-18 01:30:30,035] {logging_mixin.py:115} INFO - [2022-08-18 01:30:30,035] {dag.py:2420} INFO - Sync 1 DAGs
[2022-08-18 01:30:30,063] {logging_mixin.py:115} INFO - [2022-08-18 01:30:30,063] {dag.py:2972} INFO - Setting next_dagrun for latest_only to 2022-08-17T21:30:30.063583+00:00, run_after=2022-08-18T01:30:30.063583+00:00
[2022-08-18 01:30:30,089] {processor.py:161} INFO - Processing /home/airflow/.local/lib/python3.7/site-packages/airflow/example_dags/example_latest_only.py took 0.102 seconds
[2022-08-18 01:31:00,155] {processor.py:153} INFO - Started process (PID=1315) to work on /home/airflow/.local/lib/python3.7/site-packages/airflow/example_dags/example_latest_only.py
[2022-08-18 01:31:00,170] {processor.py:641} INFO - Processing file /home/airflow/.local/lib/python3.7/site-packages/airflow/example_dags/example_latest_only.py for tasks to queue
[2022-08-18 01:31:00,170] {logging_mixin.py:115} INFO - [2022-08-18 01:31:00,170] {dagbag.py:508} INFO - Filling up the DagBag from /home/airflow/.local/lib/python3.7/site-packages/airflow/example_dags/example_latest_only.py
[2022-08-18 01:31:00,178] {processor.py:651} INFO - DAG(s) dict_keys(['latest_only']) retrieved from /home/airflow/.local/lib/python3.7/site-packages/airflow/example_dags/example_latest_only.py
[2022-08-18 01:31:00,199] {logging_mixin.py:115} INFO - [2022-08-18 01:31:00,199] {dag.py:2420} INFO - Sync 1 DAGs
[2022-08-18 01:31:00,219] {logging_mixin.py:115} INFO - [2022-08-18 01:31:00,218] {dag.py:2972} INFO - Setting next_dagrun for latest_only to 2022-08-17T21:31:00.218770+00:00, run_after=2022-08-18T01:31:00.218770+00:00
[2022-08-18 01:31:00,246] {processor.py:161} INFO - Processing /home/airflow/.local/lib/python3.7/site-packages/airflow/example_dags/example_latest_only.py took 0.095 seconds
[2022-08-18 01:31:30,350] {processor.py:153} INFO - Started process (PID=1376) to work on /home/airflow/.local/lib/python3.7/site-packages/airflow/example_dags/example_latest_only.py
[2022-08-18 01:31:30,361] {processor.py:641} INFO - Processing file /home/airflow/.local/lib/python3.7/site-packages/airflow/example_dags/example_latest_only.py for tasks to queue
[2022-08-18 01:31:30,362] {logging_mixin.py:115} INFO - [2022-08-18 01:31:30,362] {dagbag.py:508} INFO - Filling up the DagBag from /home/airflow/.local/lib/python3.7/site-packages/airflow/example_dags/example_latest_only.py
[2022-08-18 01:31:30,369] {processor.py:651} INFO - DAG(s) dict_keys(['latest_only']) retrieved from /home/airflow/.local/lib/python3.7/site-packages/airflow/example_dags/example_latest_only.py
[2022-08-18 01:31:30,393] {logging_mixin.py:115} INFO - [2022-08-18 01:31:30,393] {dag.py:2420} INFO - Sync 1 DAGs
[2022-08-18 01:31:30,420] {logging_mixin.py:115} INFO - [2022-08-18 01:31:30,419] {dag.py:2972} INFO - Setting next_dagrun for latest_only to 2022-08-17T21:31:30.419764+00:00, run_after=2022-08-18T01:31:30.419764+00:00
[2022-08-18 01:31:30,457] {processor.py:161} INFO - Processing /home/airflow/.local/lib/python3.7/site-packages/airflow/example_dags/example_latest_only.py took 0.110 seconds
[2022-08-18 01:32:01,229] {processor.py:153} INFO - Started process (PID=1428) to work on /home/airflow/.local/lib/python3.7/site-packages/airflow/example_dags/example_latest_only.py
[2022-08-18 01:32:01,230] {processor.py:641} INFO - Processing file /home/airflow/.local/lib/python3.7/site-packages/airflow/example_dags/example_latest_only.py for tasks to queue
[2022-08-18 01:32:01,230] {logging_mixin.py:115} INFO - [2022-08-18 01:32:01,230] {dagbag.py:508} INFO - Filling up the DagBag from /home/airflow/.local/lib/python3.7/site-packages/airflow/example_dags/example_latest_only.py
[2022-08-18 01:32:01,234] {processor.py:651} INFO - DAG(s) dict_keys(['latest_only']) retrieved from /home/airflow/.local/lib/python3.7/site-packages/airflow/example_dags/example_latest_only.py
[2022-08-18 01:32:01,264] {logging_mixin.py:115} INFO - [2022-08-18 01:32:01,264] {dag.py:2420} INFO - Sync 1 DAGs
[2022-08-18 01:32:01,287] {logging_mixin.py:115} INFO - [2022-08-18 01:32:01,287] {dag.py:2972} INFO - Setting next_dagrun for latest_only to 2022-08-17T21:32:01.287081+00:00, run_after=2022-08-18T01:32:01.287081+00:00
[2022-08-18 01:32:01,307] {processor.py:161} INFO - Processing /home/airflow/.local/lib/python3.7/site-packages/airflow/example_dags/example_latest_only.py took 0.082 seconds
[2022-08-18 01:32:32,264] {processor.py:153} INFO - Started process (PID=1488) to work on /home/airflow/.local/lib/python3.7/site-packages/airflow/example_dags/example_latest_only.py
[2022-08-18 01:32:32,275] {processor.py:641} INFO - Processing file /home/airflow/.local/lib/python3.7/site-packages/airflow/example_dags/example_latest_only.py for tasks to queue
[2022-08-18 01:32:32,275] {logging_mixin.py:115} INFO - [2022-08-18 01:32:32,275] {dagbag.py:508} INFO - Filling up the DagBag from /home/airflow/.local/lib/python3.7/site-packages/airflow/example_dags/example_latest_only.py
[2022-08-18 01:32:32,282] {processor.py:651} INFO - DAG(s) dict_keys(['latest_only']) retrieved from /home/airflow/.local/lib/python3.7/site-packages/airflow/example_dags/example_latest_only.py
[2022-08-18 01:32:32,306] {logging_mixin.py:115} INFO - [2022-08-18 01:32:32,306] {dag.py:2420} INFO - Sync 1 DAGs
[2022-08-18 01:32:32,326] {logging_mixin.py:115} INFO - [2022-08-18 01:32:32,326] {dag.py:2972} INFO - Setting next_dagrun for latest_only to 2022-08-17T21:32:32.326544+00:00, run_after=2022-08-18T01:32:32.326544+00:00
[2022-08-18 01:32:32,358] {processor.py:161} INFO - Processing /home/airflow/.local/lib/python3.7/site-packages/airflow/example_dags/example_latest_only.py took 0.098 seconds
[2022-08-18 01:33:02,539] {processor.py:153} INFO - Started process (PID=1549) to work on /home/airflow/.local/lib/python3.7/site-packages/airflow/example_dags/example_latest_only.py
[2022-08-18 01:33:02,549] {processor.py:641} INFO - Processing file /home/airflow/.local/lib/python3.7/site-packages/airflow/example_dags/example_latest_only.py for tasks to queue
[2022-08-18 01:33:02,550] {logging_mixin.py:115} INFO - [2022-08-18 01:33:02,550] {dagbag.py:508} INFO - Filling up the DagBag from /home/airflow/.local/lib/python3.7/site-packages/airflow/example_dags/example_latest_only.py
[2022-08-18 01:33:02,558] {processor.py:651} INFO - DAG(s) dict_keys(['latest_only']) retrieved from /home/airflow/.local/lib/python3.7/site-packages/airflow/example_dags/example_latest_only.py
[2022-08-18 01:33:02,583] {logging_mixin.py:115} INFO - [2022-08-18 01:33:02,583] {dag.py:2420} INFO - Sync 1 DAGs
[2022-08-18 01:33:02,612] {logging_mixin.py:115} INFO - [2022-08-18 01:33:02,612] {dag.py:2972} INFO - Setting next_dagrun for latest_only to 2022-08-17T21:33:02.612241+00:00, run_after=2022-08-18T01:33:02.612241+00:00
[2022-08-18 01:33:02,638] {processor.py:161} INFO - Processing /home/airflow/.local/lib/python3.7/site-packages/airflow/example_dags/example_latest_only.py took 0.104 seconds
[2022-08-18 01:33:32,761] {processor.py:153} INFO - Started process (PID=1601) to work on /home/airflow/.local/lib/python3.7/site-packages/airflow/example_dags/example_latest_only.py
[2022-08-18 01:33:32,774] {processor.py:641} INFO - Processing file /home/airflow/.local/lib/python3.7/site-packages/airflow/example_dags/example_latest_only.py for tasks to queue
[2022-08-18 01:33:32,774] {logging_mixin.py:115} INFO - [2022-08-18 01:33:32,774] {dagbag.py:508} INFO - Filling up the DagBag from /home/airflow/.local/lib/python3.7/site-packages/airflow/example_dags/example_latest_only.py
[2022-08-18 01:33:32,783] {processor.py:651} INFO - DAG(s) dict_keys(['latest_only']) retrieved from /home/airflow/.local/lib/python3.7/site-packages/airflow/example_dags/example_latest_only.py
[2022-08-18 01:33:32,808] {logging_mixin.py:115} INFO - [2022-08-18 01:33:32,808] {dag.py:2420} INFO - Sync 1 DAGs
[2022-08-18 01:33:32,832] {logging_mixin.py:115} INFO - [2022-08-18 01:33:32,832] {dag.py:2972} INFO - Setting next_dagrun for latest_only to 2022-08-17T21:33:32.832218+00:00, run_after=2022-08-18T01:33:32.832218+00:00
[2022-08-18 01:33:32,860] {processor.py:161} INFO - Processing /home/airflow/.local/lib/python3.7/site-packages/airflow/example_dags/example_latest_only.py took 0.103 seconds
[2022-08-18 01:34:03,805] {processor.py:153} INFO - Started process (PID=1662) to work on /home/airflow/.local/lib/python3.7/site-packages/airflow/example_dags/example_latest_only.py
[2022-08-18 01:34:03,832] {processor.py:641} INFO - Processing file /home/airflow/.local/lib/python3.7/site-packages/airflow/example_dags/example_latest_only.py for tasks to queue
[2022-08-18 01:34:03,832] {logging_mixin.py:115} INFO - [2022-08-18 01:34:03,832] {dagbag.py:508} INFO - Filling up the DagBag from /home/airflow/.local/lib/python3.7/site-packages/airflow/example_dags/example_latest_only.py
[2022-08-18 01:34:03,839] {processor.py:651} INFO - DAG(s) dict_keys(['latest_only']) retrieved from /home/airflow/.local/lib/python3.7/site-packages/airflow/example_dags/example_latest_only.py
[2022-08-18 01:34:03,858] {logging_mixin.py:115} INFO - [2022-08-18 01:34:03,858] {dag.py:2420} INFO - Sync 1 DAGs
[2022-08-18 01:34:03,878] {logging_mixin.py:115} INFO - [2022-08-18 01:34:03,878] {dag.py:2972} INFO - Setting next_dagrun for latest_only to 2022-08-17T21:34:03.878362+00:00, run_after=2022-08-18T01:34:03.878362+00:00
[2022-08-18 01:34:03,908] {processor.py:161} INFO - Processing /home/airflow/.local/lib/python3.7/site-packages/airflow/example_dags/example_latest_only.py took 0.107 seconds
[2022-08-18 01:34:34,721] {processor.py:153} INFO - Started process (PID=1724) to work on /home/airflow/.local/lib/python3.7/site-packages/airflow/example_dags/example_latest_only.py
[2022-08-18 01:34:34,727] {processor.py:641} INFO - Processing file /home/airflow/.local/lib/python3.7/site-packages/airflow/example_dags/example_latest_only.py for tasks to queue
[2022-08-18 01:34:34,728] {logging_mixin.py:115} INFO - [2022-08-18 01:34:34,728] {dagbag.py:508} INFO - Filling up the DagBag from /home/airflow/.local/lib/python3.7/site-packages/airflow/example_dags/example_latest_only.py
[2022-08-18 01:34:34,735] {processor.py:651} INFO - DAG(s) dict_keys(['latest_only']) retrieved from /home/airflow/.local/lib/python3.7/site-packages/airflow/example_dags/example_latest_only.py
[2022-08-18 01:34:34,767] {logging_mixin.py:115} INFO - [2022-08-18 01:34:34,767] {dag.py:2420} INFO - Sync 1 DAGs
[2022-08-18 01:34:34,795] {logging_mixin.py:115} INFO - [2022-08-18 01:34:34,795] {dag.py:2972} INFO - Setting next_dagrun for latest_only to 2022-08-17T21:34:34.795090+00:00, run_after=2022-08-18T01:34:34.795090+00:00
[2022-08-18 01:34:34,813] {processor.py:161} INFO - Processing /home/airflow/.local/lib/python3.7/site-packages/airflow/example_dags/example_latest_only.py took 0.095 seconds
[2022-08-18 01:35:04,901] {processor.py:153} INFO - Started process (PID=1776) to work on /home/airflow/.local/lib/python3.7/site-packages/airflow/example_dags/example_latest_only.py
[2022-08-18 01:35:04,910] {processor.py:641} INFO - Processing file /home/airflow/.local/lib/python3.7/site-packages/airflow/example_dags/example_latest_only.py for tasks to queue
[2022-08-18 01:35:04,911] {logging_mixin.py:115} INFO - [2022-08-18 01:35:04,910] {dagbag.py:508} INFO - Filling up the DagBag from /home/airflow/.local/lib/python3.7/site-packages/airflow/example_dags/example_latest_only.py
[2022-08-18 01:35:04,916] {processor.py:651} INFO - DAG(s) dict_keys(['latest_only']) retrieved from /home/airflow/.local/lib/python3.7/site-packages/airflow/example_dags/example_latest_only.py
[2022-08-18 01:35:04,948] {logging_mixin.py:115} INFO - [2022-08-18 01:35:04,948] {dag.py:2420} INFO - Sync 1 DAGs
[2022-08-18 01:35:04,970] {logging_mixin.py:115} INFO - [2022-08-18 01:35:04,970] {dag.py:2972} INFO - Setting next_dagrun for latest_only to 2022-08-17T21:35:04.970589+00:00, run_after=2022-08-18T01:35:04.970589+00:00
[2022-08-18 01:35:05,009] {processor.py:161} INFO - Processing /home/airflow/.local/lib/python3.7/site-packages/airflow/example_dags/example_latest_only.py took 0.111 seconds
[2022-08-18 01:35:35,215] {processor.py:153} INFO - Started process (PID=1838) to work on /home/airflow/.local/lib/python3.7/site-packages/airflow/example_dags/example_latest_only.py
[2022-08-18 01:35:35,216] {processor.py:641} INFO - Processing file /home/airflow/.local/lib/python3.7/site-packages/airflow/example_dags/example_latest_only.py for tasks to queue
[2022-08-18 01:35:35,216] {logging_mixin.py:115} INFO - [2022-08-18 01:35:35,216] {dagbag.py:508} INFO - Filling up the DagBag from /home/airflow/.local/lib/python3.7/site-packages/airflow/example_dags/example_latest_only.py
[2022-08-18 01:35:35,220] {processor.py:651} INFO - DAG(s) dict_keys(['latest_only']) retrieved from /home/airflow/.local/lib/python3.7/site-packages/airflow/example_dags/example_latest_only.py
[2022-08-18 01:35:35,238] {logging_mixin.py:115} INFO - [2022-08-18 01:35:35,238] {dag.py:2420} INFO - Sync 1 DAGs
[2022-08-18 01:35:35,259] {logging_mixin.py:115} INFO - [2022-08-18 01:35:35,259] {dag.py:2972} INFO - Setting next_dagrun for latest_only to 2022-08-17T21:35:35.259066+00:00, run_after=2022-08-18T01:35:35.259066+00:00
[2022-08-18 01:35:35,291] {processor.py:161} INFO - Processing /home/airflow/.local/lib/python3.7/site-packages/airflow/example_dags/example_latest_only.py took 0.080 seconds
