[2022-08-18 01:19:51,664] {processor.py:153} INFO - Started process (PID=51) to work on /home/airflow/.local/lib/python3.7/site-packages/airflow/example_dags/example_external_task_marker_dag.py
[2022-08-18 01:19:51,664] {processor.py:641} INFO - Processing file /home/airflow/.local/lib/python3.7/site-packages/airflow/example_dags/example_external_task_marker_dag.py for tasks to queue
[2022-08-18 01:19:51,665] {logging_mixin.py:115} INFO - [2022-08-18 01:19:51,665] {dagbag.py:508} INFO - Filling up the DagBag from /home/airflow/.local/lib/python3.7/site-packages/airflow/example_dags/example_external_task_marker_dag.py
[2022-08-18 01:19:51,668] {processor.py:651} INFO - DAG(s) dict_keys(['example_external_task_marker_parent', 'example_external_task_marker_child']) retrieved from /home/airflow/.local/lib/python3.7/site-packages/airflow/example_dags/example_external_task_marker_dag.py
[2022-08-18 01:19:52,425] {logging_mixin.py:115} INFO - [2022-08-18 01:19:52,424] {manager.py:508} INFO - Created Permission View: can edit on DAG:example_external_task_marker_parent
[2022-08-18 01:19:52,702] {logging_mixin.py:115} INFO - [2022-08-18 01:19:52,702] {manager.py:508} INFO - Created Permission View: can read on DAG:example_external_task_marker_parent
[2022-08-18 01:19:52,868] {logging_mixin.py:115} INFO - [2022-08-18 01:19:52,868] {manager.py:508} INFO - Created Permission View: can delete on DAG:example_external_task_marker_parent
[2022-08-18 01:19:53,163] {logging_mixin.py:115} INFO - [2022-08-18 01:19:53,162] {manager.py:508} INFO - Created Permission View: can edit on DAG:example_external_task_marker_child
[2022-08-18 01:19:53,218] {logging_mixin.py:115} INFO - [2022-08-18 01:19:53,218] {manager.py:508} INFO - Created Permission View: can read on DAG:example_external_task_marker_child
[2022-08-18 01:19:53,276] {logging_mixin.py:115} INFO - [2022-08-18 01:19:53,276] {manager.py:508} INFO - Created Permission View: can delete on DAG:example_external_task_marker_child
[2022-08-18 01:19:53,277] {logging_mixin.py:115} INFO - [2022-08-18 01:19:53,277] {dag.py:2420} INFO - Sync 2 DAGs
[2022-08-18 01:19:53,286] {logging_mixin.py:115} INFO - [2022-08-18 01:19:53,285] {dag.py:2439} INFO - Creating ORM DAG for example_external_task_marker_child
[2022-08-18 01:19:53,286] {logging_mixin.py:115} INFO - [2022-08-18 01:19:53,286] {dag.py:2439} INFO - Creating ORM DAG for example_external_task_marker_parent
[2022-08-18 01:19:53,302] {logging_mixin.py:115} INFO - [2022-08-18 01:19:53,302] {dag.py:2972} INFO - Setting next_dagrun for example_external_task_marker_child to None, run_after=None
[2022-08-18 01:19:53,302] {logging_mixin.py:115} INFO - [2022-08-18 01:19:53,302] {dag.py:2972} INFO - Setting next_dagrun for example_external_task_marker_parent to None, run_after=None
[2022-08-18 01:19:53,447] {processor.py:161} INFO - Processing /home/airflow/.local/lib/python3.7/site-packages/airflow/example_dags/example_external_task_marker_dag.py took 1.786 seconds
[2022-08-18 01:20:23,565] {processor.py:153} INFO - Started process (PID=104) to work on /home/airflow/.local/lib/python3.7/site-packages/airflow/example_dags/example_external_task_marker_dag.py
[2022-08-18 01:20:23,568] {processor.py:641} INFO - Processing file /home/airflow/.local/lib/python3.7/site-packages/airflow/example_dags/example_external_task_marker_dag.py for tasks to queue
[2022-08-18 01:20:23,569] {logging_mixin.py:115} INFO - [2022-08-18 01:20:23,569] {dagbag.py:508} INFO - Filling up the DagBag from /home/airflow/.local/lib/python3.7/site-packages/airflow/example_dags/example_external_task_marker_dag.py
[2022-08-18 01:20:23,575] {processor.py:651} INFO - DAG(s) dict_keys(['example_external_task_marker_parent', 'example_external_task_marker_child']) retrieved from /home/airflow/.local/lib/python3.7/site-packages/airflow/example_dags/example_external_task_marker_dag.py
[2022-08-18 01:20:23,623] {logging_mixin.py:115} INFO - [2022-08-18 01:20:23,623] {dag.py:2420} INFO - Sync 2 DAGs
[2022-08-18 01:20:23,649] {logging_mixin.py:115} INFO - [2022-08-18 01:20:23,649] {dag.py:2972} INFO - Setting next_dagrun for example_external_task_marker_child to None, run_after=None
[2022-08-18 01:20:23,649] {logging_mixin.py:115} INFO - [2022-08-18 01:20:23,649] {dag.py:2972} INFO - Setting next_dagrun for example_external_task_marker_parent to None, run_after=None
[2022-08-18 01:20:23,690] {processor.py:161} INFO - Processing /home/airflow/.local/lib/python3.7/site-packages/airflow/example_dags/example_external_task_marker_dag.py took 0.130 seconds
[2022-08-18 01:20:54,653] {processor.py:153} INFO - Started process (PID=165) to work on /home/airflow/.local/lib/python3.7/site-packages/airflow/example_dags/example_external_task_marker_dag.py
[2022-08-18 01:20:54,654] {processor.py:641} INFO - Processing file /home/airflow/.local/lib/python3.7/site-packages/airflow/example_dags/example_external_task_marker_dag.py for tasks to queue
[2022-08-18 01:20:54,655] {logging_mixin.py:115} INFO - [2022-08-18 01:20:54,655] {dagbag.py:508} INFO - Filling up the DagBag from /home/airflow/.local/lib/python3.7/site-packages/airflow/example_dags/example_external_task_marker_dag.py
[2022-08-18 01:20:54,659] {processor.py:651} INFO - DAG(s) dict_keys(['example_external_task_marker_parent', 'example_external_task_marker_child']) retrieved from /home/airflow/.local/lib/python3.7/site-packages/airflow/example_dags/example_external_task_marker_dag.py
[2022-08-18 01:20:54,716] {logging_mixin.py:115} INFO - [2022-08-18 01:20:54,716] {dag.py:2420} INFO - Sync 2 DAGs
[2022-08-18 01:20:54,739] {logging_mixin.py:115} INFO - [2022-08-18 01:20:54,739] {dag.py:2972} INFO - Setting next_dagrun for example_external_task_marker_child to None, run_after=None
[2022-08-18 01:20:54,740] {logging_mixin.py:115} INFO - [2022-08-18 01:20:54,740] {dag.py:2972} INFO - Setting next_dagrun for example_external_task_marker_parent to None, run_after=None
[2022-08-18 01:20:54,768] {processor.py:161} INFO - Processing /home/airflow/.local/lib/python3.7/site-packages/airflow/example_dags/example_external_task_marker_dag.py took 0.119 seconds
[2022-08-18 01:21:24,995] {processor.py:153} INFO - Started process (PID=226) to work on /home/airflow/.local/lib/python3.7/site-packages/airflow/example_dags/example_external_task_marker_dag.py
[2022-08-18 01:21:25,031] {processor.py:641} INFO - Processing file /home/airflow/.local/lib/python3.7/site-packages/airflow/example_dags/example_external_task_marker_dag.py for tasks to queue
[2022-08-18 01:21:25,032] {logging_mixin.py:115} INFO - [2022-08-18 01:21:25,032] {dagbag.py:508} INFO - Filling up the DagBag from /home/airflow/.local/lib/python3.7/site-packages/airflow/example_dags/example_external_task_marker_dag.py
[2022-08-18 01:21:25,038] {processor.py:651} INFO - DAG(s) dict_keys(['example_external_task_marker_parent', 'example_external_task_marker_child']) retrieved from /home/airflow/.local/lib/python3.7/site-packages/airflow/example_dags/example_external_task_marker_dag.py
[2022-08-18 01:21:25,084] {logging_mixin.py:115} INFO - [2022-08-18 01:21:25,084] {dag.py:2420} INFO - Sync 2 DAGs
[2022-08-18 01:21:25,108] {logging_mixin.py:115} INFO - [2022-08-18 01:21:25,108] {dag.py:2972} INFO - Setting next_dagrun for example_external_task_marker_child to None, run_after=None
[2022-08-18 01:21:25,108] {logging_mixin.py:115} INFO - [2022-08-18 01:21:25,108] {dag.py:2972} INFO - Setting next_dagrun for example_external_task_marker_parent to None, run_after=None
[2022-08-18 01:21:25,175] {processor.py:161} INFO - Processing /home/airflow/.local/lib/python3.7/site-packages/airflow/example_dags/example_external_task_marker_dag.py took 0.186 seconds
[2022-08-18 01:21:55,272] {processor.py:153} INFO - Started process (PID=278) to work on /home/airflow/.local/lib/python3.7/site-packages/airflow/example_dags/example_external_task_marker_dag.py
[2022-08-18 01:21:55,288] {processor.py:641} INFO - Processing file /home/airflow/.local/lib/python3.7/site-packages/airflow/example_dags/example_external_task_marker_dag.py for tasks to queue
[2022-08-18 01:21:55,289] {logging_mixin.py:115} INFO - [2022-08-18 01:21:55,289] {dagbag.py:508} INFO - Filling up the DagBag from /home/airflow/.local/lib/python3.7/site-packages/airflow/example_dags/example_external_task_marker_dag.py
[2022-08-18 01:21:55,296] {processor.py:651} INFO - DAG(s) dict_keys(['example_external_task_marker_parent', 'example_external_task_marker_child']) retrieved from /home/airflow/.local/lib/python3.7/site-packages/airflow/example_dags/example_external_task_marker_dag.py
[2022-08-18 01:21:55,343] {logging_mixin.py:115} INFO - [2022-08-18 01:21:55,342] {dag.py:2420} INFO - Sync 2 DAGs
[2022-08-18 01:21:55,375] {logging_mixin.py:115} INFO - [2022-08-18 01:21:55,374] {dag.py:2972} INFO - Setting next_dagrun for example_external_task_marker_child to None, run_after=None
[2022-08-18 01:21:55,375] {logging_mixin.py:115} INFO - [2022-08-18 01:21:55,375] {dag.py:2972} INFO - Setting next_dagrun for example_external_task_marker_parent to None, run_after=None
[2022-08-18 01:21:55,467] {processor.py:161} INFO - Processing /home/airflow/.local/lib/python3.7/site-packages/airflow/example_dags/example_external_task_marker_dag.py took 0.199 seconds
[2022-08-18 01:22:25,507] {processor.py:153} INFO - Started process (PID=339) to work on /home/airflow/.local/lib/python3.7/site-packages/airflow/example_dags/example_external_task_marker_dag.py
[2022-08-18 01:22:25,513] {processor.py:641} INFO - Processing file /home/airflow/.local/lib/python3.7/site-packages/airflow/example_dags/example_external_task_marker_dag.py for tasks to queue
[2022-08-18 01:22:25,513] {logging_mixin.py:115} INFO - [2022-08-18 01:22:25,513] {dagbag.py:508} INFO - Filling up the DagBag from /home/airflow/.local/lib/python3.7/site-packages/airflow/example_dags/example_external_task_marker_dag.py
[2022-08-18 01:22:25,516] {processor.py:651} INFO - DAG(s) dict_keys(['example_external_task_marker_parent', 'example_external_task_marker_child']) retrieved from /home/airflow/.local/lib/python3.7/site-packages/airflow/example_dags/example_external_task_marker_dag.py
[2022-08-18 01:22:25,568] {logging_mixin.py:115} INFO - [2022-08-18 01:22:25,568] {dag.py:2420} INFO - Sync 2 DAGs
[2022-08-18 01:22:25,597] {logging_mixin.py:115} INFO - [2022-08-18 01:22:25,597] {dag.py:2972} INFO - Setting next_dagrun for example_external_task_marker_child to None, run_after=None
[2022-08-18 01:22:25,597] {logging_mixin.py:115} INFO - [2022-08-18 01:22:25,597] {dag.py:2972} INFO - Setting next_dagrun for example_external_task_marker_parent to None, run_after=None
[2022-08-18 01:22:25,615] {processor.py:161} INFO - Processing /home/airflow/.local/lib/python3.7/site-packages/airflow/example_dags/example_external_task_marker_dag.py took 0.113 seconds
[2022-08-18 01:22:55,726] {processor.py:153} INFO - Started process (PID=391) to work on /home/airflow/.local/lib/python3.7/site-packages/airflow/example_dags/example_external_task_marker_dag.py
[2022-08-18 01:22:55,727] {processor.py:641} INFO - Processing file /home/airflow/.local/lib/python3.7/site-packages/airflow/example_dags/example_external_task_marker_dag.py for tasks to queue
[2022-08-18 01:22:55,727] {logging_mixin.py:115} INFO - [2022-08-18 01:22:55,727] {dagbag.py:508} INFO - Filling up the DagBag from /home/airflow/.local/lib/python3.7/site-packages/airflow/example_dags/example_external_task_marker_dag.py
[2022-08-18 01:22:55,730] {processor.py:651} INFO - DAG(s) dict_keys(['example_external_task_marker_parent', 'example_external_task_marker_child']) retrieved from /home/airflow/.local/lib/python3.7/site-packages/airflow/example_dags/example_external_task_marker_dag.py
[2022-08-18 01:22:55,776] {logging_mixin.py:115} INFO - [2022-08-18 01:22:55,776] {dag.py:2420} INFO - Sync 2 DAGs
[2022-08-18 01:22:55,800] {logging_mixin.py:115} INFO - [2022-08-18 01:22:55,800] {dag.py:2972} INFO - Setting next_dagrun for example_external_task_marker_child to None, run_after=None
[2022-08-18 01:22:55,801] {logging_mixin.py:115} INFO - [2022-08-18 01:22:55,801] {dag.py:2972} INFO - Setting next_dagrun for example_external_task_marker_parent to None, run_after=None
[2022-08-18 01:22:55,834] {processor.py:161} INFO - Processing /home/airflow/.local/lib/python3.7/site-packages/airflow/example_dags/example_external_task_marker_dag.py took 0.111 seconds
[2022-08-18 01:23:25,954] {processor.py:153} INFO - Started process (PID=452) to work on /home/airflow/.local/lib/python3.7/site-packages/airflow/example_dags/example_external_task_marker_dag.py
[2022-08-18 01:23:25,979] {processor.py:641} INFO - Processing file /home/airflow/.local/lib/python3.7/site-packages/airflow/example_dags/example_external_task_marker_dag.py for tasks to queue
[2022-08-18 01:23:25,980] {logging_mixin.py:115} INFO - [2022-08-18 01:23:25,980] {dagbag.py:508} INFO - Filling up the DagBag from /home/airflow/.local/lib/python3.7/site-packages/airflow/example_dags/example_external_task_marker_dag.py
[2022-08-18 01:23:25,988] {processor.py:651} INFO - DAG(s) dict_keys(['example_external_task_marker_parent', 'example_external_task_marker_child']) retrieved from /home/airflow/.local/lib/python3.7/site-packages/airflow/example_dags/example_external_task_marker_dag.py
[2022-08-18 01:23:26,034] {logging_mixin.py:115} INFO - [2022-08-18 01:23:26,034] {dag.py:2420} INFO - Sync 2 DAGs
[2022-08-18 01:23:26,055] {logging_mixin.py:115} INFO - [2022-08-18 01:23:26,055] {dag.py:2972} INFO - Setting next_dagrun for example_external_task_marker_child to None, run_after=None
[2022-08-18 01:23:26,055] {logging_mixin.py:115} INFO - [2022-08-18 01:23:26,055] {dag.py:2972} INFO - Setting next_dagrun for example_external_task_marker_parent to None, run_after=None
[2022-08-18 01:23:26,075] {processor.py:161} INFO - Processing /home/airflow/.local/lib/python3.7/site-packages/airflow/example_dags/example_external_task_marker_dag.py took 0.126 seconds
[2022-08-18 01:23:56,295] {processor.py:153} INFO - Started process (PID=513) to work on /home/airflow/.local/lib/python3.7/site-packages/airflow/example_dags/example_external_task_marker_dag.py
[2022-08-18 01:23:56,296] {processor.py:641} INFO - Processing file /home/airflow/.local/lib/python3.7/site-packages/airflow/example_dags/example_external_task_marker_dag.py for tasks to queue
[2022-08-18 01:23:56,297] {logging_mixin.py:115} INFO - [2022-08-18 01:23:56,297] {dagbag.py:508} INFO - Filling up the DagBag from /home/airflow/.local/lib/python3.7/site-packages/airflow/example_dags/example_external_task_marker_dag.py
[2022-08-18 01:23:56,303] {processor.py:651} INFO - DAG(s) dict_keys(['example_external_task_marker_parent', 'example_external_task_marker_child']) retrieved from /home/airflow/.local/lib/python3.7/site-packages/airflow/example_dags/example_external_task_marker_dag.py
[2022-08-18 01:23:56,347] {logging_mixin.py:115} INFO - [2022-08-18 01:23:56,347] {dag.py:2420} INFO - Sync 2 DAGs
[2022-08-18 01:23:56,366] {logging_mixin.py:115} INFO - [2022-08-18 01:23:56,366] {dag.py:2972} INFO - Setting next_dagrun for example_external_task_marker_child to None, run_after=None
[2022-08-18 01:23:56,367] {logging_mixin.py:115} INFO - [2022-08-18 01:23:56,367] {dag.py:2972} INFO - Setting next_dagrun for example_external_task_marker_parent to None, run_after=None
[2022-08-18 01:23:56,392] {processor.py:161} INFO - Processing /home/airflow/.local/lib/python3.7/site-packages/airflow/example_dags/example_external_task_marker_dag.py took 0.101 seconds
[2022-08-18 01:24:26,507] {processor.py:153} INFO - Started process (PID=565) to work on /home/airflow/.local/lib/python3.7/site-packages/airflow/example_dags/example_external_task_marker_dag.py
[2022-08-18 01:24:26,537] {processor.py:641} INFO - Processing file /home/airflow/.local/lib/python3.7/site-packages/airflow/example_dags/example_external_task_marker_dag.py for tasks to queue
[2022-08-18 01:24:26,538] {logging_mixin.py:115} INFO - [2022-08-18 01:24:26,538] {dagbag.py:508} INFO - Filling up the DagBag from /home/airflow/.local/lib/python3.7/site-packages/airflow/example_dags/example_external_task_marker_dag.py
[2022-08-18 01:24:26,545] {processor.py:651} INFO - DAG(s) dict_keys(['example_external_task_marker_parent', 'example_external_task_marker_child']) retrieved from /home/airflow/.local/lib/python3.7/site-packages/airflow/example_dags/example_external_task_marker_dag.py
[2022-08-18 01:24:26,602] {logging_mixin.py:115} INFO - [2022-08-18 01:24:26,602] {dag.py:2420} INFO - Sync 2 DAGs
[2022-08-18 01:24:26,634] {logging_mixin.py:115} INFO - [2022-08-18 01:24:26,634] {dag.py:2972} INFO - Setting next_dagrun for example_external_task_marker_child to None, run_after=None
[2022-08-18 01:24:26,635] {logging_mixin.py:115} INFO - [2022-08-18 01:24:26,634] {dag.py:2972} INFO - Setting next_dagrun for example_external_task_marker_parent to None, run_after=None
[2022-08-18 01:24:26,741] {processor.py:161} INFO - Processing /home/airflow/.local/lib/python3.7/site-packages/airflow/example_dags/example_external_task_marker_dag.py took 0.238 seconds
[2022-08-18 01:24:56,798] {processor.py:153} INFO - Started process (PID=626) to work on /home/airflow/.local/lib/python3.7/site-packages/airflow/example_dags/example_external_task_marker_dag.py
[2022-08-18 01:24:56,828] {processor.py:641} INFO - Processing file /home/airflow/.local/lib/python3.7/site-packages/airflow/example_dags/example_external_task_marker_dag.py for tasks to queue
[2022-08-18 01:24:56,829] {logging_mixin.py:115} INFO - [2022-08-18 01:24:56,829] {dagbag.py:508} INFO - Filling up the DagBag from /home/airflow/.local/lib/python3.7/site-packages/airflow/example_dags/example_external_task_marker_dag.py
[2022-08-18 01:24:56,835] {processor.py:651} INFO - DAG(s) dict_keys(['example_external_task_marker_parent', 'example_external_task_marker_child']) retrieved from /home/airflow/.local/lib/python3.7/site-packages/airflow/example_dags/example_external_task_marker_dag.py
[2022-08-18 01:24:56,885] {logging_mixin.py:115} INFO - [2022-08-18 01:24:56,884] {dag.py:2420} INFO - Sync 2 DAGs
[2022-08-18 01:24:56,909] {logging_mixin.py:115} INFO - [2022-08-18 01:24:56,909] {dag.py:2972} INFO - Setting next_dagrun for example_external_task_marker_child to None, run_after=None
[2022-08-18 01:24:56,909] {logging_mixin.py:115} INFO - [2022-08-18 01:24:56,909] {dag.py:2972} INFO - Setting next_dagrun for example_external_task_marker_parent to None, run_after=None
[2022-08-18 01:24:56,936] {processor.py:161} INFO - Processing /home/airflow/.local/lib/python3.7/site-packages/airflow/example_dags/example_external_task_marker_dag.py took 0.142 seconds
[2022-08-18 01:25:27,237] {processor.py:153} INFO - Started process (PID=679) to work on /home/airflow/.local/lib/python3.7/site-packages/airflow/example_dags/example_external_task_marker_dag.py
[2022-08-18 01:25:27,253] {processor.py:641} INFO - Processing file /home/airflow/.local/lib/python3.7/site-packages/airflow/example_dags/example_external_task_marker_dag.py for tasks to queue
[2022-08-18 01:25:27,254] {logging_mixin.py:115} INFO - [2022-08-18 01:25:27,254] {dagbag.py:508} INFO - Filling up the DagBag from /home/airflow/.local/lib/python3.7/site-packages/airflow/example_dags/example_external_task_marker_dag.py
[2022-08-18 01:25:27,259] {processor.py:651} INFO - DAG(s) dict_keys(['example_external_task_marker_parent', 'example_external_task_marker_child']) retrieved from /home/airflow/.local/lib/python3.7/site-packages/airflow/example_dags/example_external_task_marker_dag.py
[2022-08-18 01:25:27,306] {logging_mixin.py:115} INFO - [2022-08-18 01:25:27,306] {dag.py:2420} INFO - Sync 2 DAGs
[2022-08-18 01:25:27,334] {logging_mixin.py:115} INFO - [2022-08-18 01:25:27,334] {dag.py:2972} INFO - Setting next_dagrun for example_external_task_marker_child to None, run_after=None
[2022-08-18 01:25:27,334] {logging_mixin.py:115} INFO - [2022-08-18 01:25:27,334] {dag.py:2972} INFO - Setting next_dagrun for example_external_task_marker_parent to None, run_after=None
[2022-08-18 01:25:27,393] {processor.py:161} INFO - Processing /home/airflow/.local/lib/python3.7/site-packages/airflow/example_dags/example_external_task_marker_dag.py took 0.161 seconds
[2022-08-18 01:25:57,500] {processor.py:153} INFO - Started process (PID=741) to work on /home/airflow/.local/lib/python3.7/site-packages/airflow/example_dags/example_external_task_marker_dag.py
[2022-08-18 01:25:57,501] {processor.py:641} INFO - Processing file /home/airflow/.local/lib/python3.7/site-packages/airflow/example_dags/example_external_task_marker_dag.py for tasks to queue
[2022-08-18 01:25:57,502] {logging_mixin.py:115} INFO - [2022-08-18 01:25:57,501] {dagbag.py:508} INFO - Filling up the DagBag from /home/airflow/.local/lib/python3.7/site-packages/airflow/example_dags/example_external_task_marker_dag.py
[2022-08-18 01:25:57,506] {processor.py:651} INFO - DAG(s) dict_keys(['example_external_task_marker_parent', 'example_external_task_marker_child']) retrieved from /home/airflow/.local/lib/python3.7/site-packages/airflow/example_dags/example_external_task_marker_dag.py
[2022-08-18 01:25:57,556] {logging_mixin.py:115} INFO - [2022-08-18 01:25:57,556] {dag.py:2420} INFO - Sync 2 DAGs
[2022-08-18 01:25:57,582] {logging_mixin.py:115} INFO - [2022-08-18 01:25:57,582] {dag.py:2972} INFO - Setting next_dagrun for example_external_task_marker_child to None, run_after=None
[2022-08-18 01:25:57,583] {logging_mixin.py:115} INFO - [2022-08-18 01:25:57,583] {dag.py:2972} INFO - Setting next_dagrun for example_external_task_marker_parent to None, run_after=None
[2022-08-18 01:25:57,635] {processor.py:161} INFO - Processing /home/airflow/.local/lib/python3.7/site-packages/airflow/example_dags/example_external_task_marker_dag.py took 0.139 seconds
[2022-08-18 01:26:27,842] {processor.py:153} INFO - Started process (PID=802) to work on /home/airflow/.local/lib/python3.7/site-packages/airflow/example_dags/example_external_task_marker_dag.py
[2022-08-18 01:26:27,856] {processor.py:641} INFO - Processing file /home/airflow/.local/lib/python3.7/site-packages/airflow/example_dags/example_external_task_marker_dag.py for tasks to queue
[2022-08-18 01:26:27,857] {logging_mixin.py:115} INFO - [2022-08-18 01:26:27,857] {dagbag.py:508} INFO - Filling up the DagBag from /home/airflow/.local/lib/python3.7/site-packages/airflow/example_dags/example_external_task_marker_dag.py
[2022-08-18 01:26:27,864] {processor.py:651} INFO - DAG(s) dict_keys(['example_external_task_marker_parent', 'example_external_task_marker_child']) retrieved from /home/airflow/.local/lib/python3.7/site-packages/airflow/example_dags/example_external_task_marker_dag.py
[2022-08-18 01:26:27,906] {logging_mixin.py:115} INFO - [2022-08-18 01:26:27,906] {dag.py:2420} INFO - Sync 2 DAGs
[2022-08-18 01:26:27,926] {logging_mixin.py:115} INFO - [2022-08-18 01:26:27,926] {dag.py:2972} INFO - Setting next_dagrun for example_external_task_marker_child to None, run_after=None
[2022-08-18 01:26:27,927] {logging_mixin.py:115} INFO - [2022-08-18 01:26:27,926] {dag.py:2972} INFO - Setting next_dagrun for example_external_task_marker_parent to None, run_after=None
[2022-08-18 01:26:27,951] {processor.py:161} INFO - Processing /home/airflow/.local/lib/python3.7/site-packages/airflow/example_dags/example_external_task_marker_dag.py took 0.114 seconds
[2022-08-18 01:26:58,059] {processor.py:153} INFO - Started process (PID=853) to work on /home/airflow/.local/lib/python3.7/site-packages/airflow/example_dags/example_external_task_marker_dag.py
[2022-08-18 01:26:58,072] {processor.py:641} INFO - Processing file /home/airflow/.local/lib/python3.7/site-packages/airflow/example_dags/example_external_task_marker_dag.py for tasks to queue
[2022-08-18 01:26:58,073] {logging_mixin.py:115} INFO - [2022-08-18 01:26:58,072] {dagbag.py:508} INFO - Filling up the DagBag from /home/airflow/.local/lib/python3.7/site-packages/airflow/example_dags/example_external_task_marker_dag.py
[2022-08-18 01:26:58,080] {processor.py:651} INFO - DAG(s) dict_keys(['example_external_task_marker_parent', 'example_external_task_marker_child']) retrieved from /home/airflow/.local/lib/python3.7/site-packages/airflow/example_dags/example_external_task_marker_dag.py
[2022-08-18 01:26:58,124] {logging_mixin.py:115} INFO - [2022-08-18 01:26:58,124] {dag.py:2420} INFO - Sync 2 DAGs
[2022-08-18 01:26:58,148] {logging_mixin.py:115} INFO - [2022-08-18 01:26:58,148] {dag.py:2972} INFO - Setting next_dagrun for example_external_task_marker_child to None, run_after=None
[2022-08-18 01:26:58,149] {logging_mixin.py:115} INFO - [2022-08-18 01:26:58,149] {dag.py:2972} INFO - Setting next_dagrun for example_external_task_marker_parent to None, run_after=None
[2022-08-18 01:26:58,163] {processor.py:161} INFO - Processing /home/airflow/.local/lib/python3.7/site-packages/airflow/example_dags/example_external_task_marker_dag.py took 0.108 seconds
[2022-08-18 01:27:28,404] {processor.py:153} INFO - Started process (PID=914) to work on /home/airflow/.local/lib/python3.7/site-packages/airflow/example_dags/example_external_task_marker_dag.py
[2022-08-18 01:27:28,405] {processor.py:641} INFO - Processing file /home/airflow/.local/lib/python3.7/site-packages/airflow/example_dags/example_external_task_marker_dag.py for tasks to queue
[2022-08-18 01:27:28,406] {logging_mixin.py:115} INFO - [2022-08-18 01:27:28,406] {dagbag.py:508} INFO - Filling up the DagBag from /home/airflow/.local/lib/python3.7/site-packages/airflow/example_dags/example_external_task_marker_dag.py
[2022-08-18 01:27:28,411] {processor.py:651} INFO - DAG(s) dict_keys(['example_external_task_marker_parent', 'example_external_task_marker_child']) retrieved from /home/airflow/.local/lib/python3.7/site-packages/airflow/example_dags/example_external_task_marker_dag.py
[2022-08-18 01:27:28,458] {logging_mixin.py:115} INFO - [2022-08-18 01:27:28,458] {dag.py:2420} INFO - Sync 2 DAGs
[2022-08-18 01:27:28,481] {logging_mixin.py:115} INFO - [2022-08-18 01:27:28,481] {dag.py:2972} INFO - Setting next_dagrun for example_external_task_marker_child to None, run_after=None
[2022-08-18 01:27:28,481] {logging_mixin.py:115} INFO - [2022-08-18 01:27:28,481] {dag.py:2972} INFO - Setting next_dagrun for example_external_task_marker_parent to None, run_after=None
[2022-08-18 01:27:28,507] {processor.py:161} INFO - Processing /home/airflow/.local/lib/python3.7/site-packages/airflow/example_dags/example_external_task_marker_dag.py took 0.107 seconds
[2022-08-18 01:27:58,606] {processor.py:153} INFO - Started process (PID=975) to work on /home/airflow/.local/lib/python3.7/site-packages/airflow/example_dags/example_external_task_marker_dag.py
[2022-08-18 01:27:58,616] {processor.py:641} INFO - Processing file /home/airflow/.local/lib/python3.7/site-packages/airflow/example_dags/example_external_task_marker_dag.py for tasks to queue
[2022-08-18 01:27:58,617] {logging_mixin.py:115} INFO - [2022-08-18 01:27:58,617] {dagbag.py:508} INFO - Filling up the DagBag from /home/airflow/.local/lib/python3.7/site-packages/airflow/example_dags/example_external_task_marker_dag.py
[2022-08-18 01:27:58,621] {processor.py:651} INFO - DAG(s) dict_keys(['example_external_task_marker_parent', 'example_external_task_marker_child']) retrieved from /home/airflow/.local/lib/python3.7/site-packages/airflow/example_dags/example_external_task_marker_dag.py
[2022-08-18 01:27:58,673] {logging_mixin.py:115} INFO - [2022-08-18 01:27:58,672] {dag.py:2420} INFO - Sync 2 DAGs
[2022-08-18 01:27:58,696] {logging_mixin.py:115} INFO - [2022-08-18 01:27:58,696] {dag.py:2972} INFO - Setting next_dagrun for example_external_task_marker_child to None, run_after=None
[2022-08-18 01:27:58,696] {logging_mixin.py:115} INFO - [2022-08-18 01:27:58,696] {dag.py:2972} INFO - Setting next_dagrun for example_external_task_marker_parent to None, run_after=None
[2022-08-18 01:27:58,714] {processor.py:161} INFO - Processing /home/airflow/.local/lib/python3.7/site-packages/airflow/example_dags/example_external_task_marker_dag.py took 0.113 seconds
[2022-08-18 01:28:28,847] {processor.py:153} INFO - Started process (PID=1027) to work on /home/airflow/.local/lib/python3.7/site-packages/airflow/example_dags/example_external_task_marker_dag.py
[2022-08-18 01:28:28,857] {processor.py:641} INFO - Processing file /home/airflow/.local/lib/python3.7/site-packages/airflow/example_dags/example_external_task_marker_dag.py for tasks to queue
[2022-08-18 01:28:28,858] {logging_mixin.py:115} INFO - [2022-08-18 01:28:28,858] {dagbag.py:508} INFO - Filling up the DagBag from /home/airflow/.local/lib/python3.7/site-packages/airflow/example_dags/example_external_task_marker_dag.py
[2022-08-18 01:28:28,862] {processor.py:651} INFO - DAG(s) dict_keys(['example_external_task_marker_parent', 'example_external_task_marker_child']) retrieved from /home/airflow/.local/lib/python3.7/site-packages/airflow/example_dags/example_external_task_marker_dag.py
[2022-08-18 01:28:28,910] {logging_mixin.py:115} INFO - [2022-08-18 01:28:28,910] {dag.py:2420} INFO - Sync 2 DAGs
[2022-08-18 01:28:28,930] {logging_mixin.py:115} INFO - [2022-08-18 01:28:28,930] {dag.py:2972} INFO - Setting next_dagrun for example_external_task_marker_child to None, run_after=None
[2022-08-18 01:28:28,930] {logging_mixin.py:115} INFO - [2022-08-18 01:28:28,930] {dag.py:2972} INFO - Setting next_dagrun for example_external_task_marker_parent to None, run_after=None
[2022-08-18 01:28:28,948] {processor.py:161} INFO - Processing /home/airflow/.local/lib/python3.7/site-packages/airflow/example_dags/example_external_task_marker_dag.py took 0.103 seconds
[2022-08-18 01:28:59,433] {processor.py:153} INFO - Started process (PID=1088) to work on /home/airflow/.local/lib/python3.7/site-packages/airflow/example_dags/example_external_task_marker_dag.py
[2022-08-18 01:28:59,434] {processor.py:641} INFO - Processing file /home/airflow/.local/lib/python3.7/site-packages/airflow/example_dags/example_external_task_marker_dag.py for tasks to queue
[2022-08-18 01:28:59,434] {logging_mixin.py:115} INFO - [2022-08-18 01:28:59,434] {dagbag.py:508} INFO - Filling up the DagBag from /home/airflow/.local/lib/python3.7/site-packages/airflow/example_dags/example_external_task_marker_dag.py
[2022-08-18 01:28:59,438] {processor.py:651} INFO - DAG(s) dict_keys(['example_external_task_marker_parent', 'example_external_task_marker_child']) retrieved from /home/airflow/.local/lib/python3.7/site-packages/airflow/example_dags/example_external_task_marker_dag.py
[2022-08-18 01:28:59,479] {logging_mixin.py:115} INFO - [2022-08-18 01:28:59,479] {dag.py:2420} INFO - Sync 2 DAGs
[2022-08-18 01:28:59,501] {logging_mixin.py:115} INFO - [2022-08-18 01:28:59,501] {dag.py:2972} INFO - Setting next_dagrun for example_external_task_marker_child to None, run_after=None
[2022-08-18 01:28:59,502] {logging_mixin.py:115} INFO - [2022-08-18 01:28:59,502] {dag.py:2972} INFO - Setting next_dagrun for example_external_task_marker_parent to None, run_after=None
[2022-08-18 01:28:59,523] {processor.py:161} INFO - Processing /home/airflow/.local/lib/python3.7/site-packages/airflow/example_dags/example_external_task_marker_dag.py took 0.094 seconds
[2022-08-18 01:29:29,742] {processor.py:153} INFO - Started process (PID=1140) to work on /home/airflow/.local/lib/python3.7/site-packages/airflow/example_dags/example_external_task_marker_dag.py
[2022-08-18 01:29:29,754] {processor.py:641} INFO - Processing file /home/airflow/.local/lib/python3.7/site-packages/airflow/example_dags/example_external_task_marker_dag.py for tasks to queue
[2022-08-18 01:29:29,754] {logging_mixin.py:115} INFO - [2022-08-18 01:29:29,754] {dagbag.py:508} INFO - Filling up the DagBag from /home/airflow/.local/lib/python3.7/site-packages/airflow/example_dags/example_external_task_marker_dag.py
[2022-08-18 01:29:29,757] {processor.py:651} INFO - DAG(s) dict_keys(['example_external_task_marker_parent', 'example_external_task_marker_child']) retrieved from /home/airflow/.local/lib/python3.7/site-packages/airflow/example_dags/example_external_task_marker_dag.py
[2022-08-18 01:29:29,800] {logging_mixin.py:115} INFO - [2022-08-18 01:29:29,800] {dag.py:2420} INFO - Sync 2 DAGs
[2022-08-18 01:29:29,824] {logging_mixin.py:115} INFO - [2022-08-18 01:29:29,824] {dag.py:2972} INFO - Setting next_dagrun for example_external_task_marker_child to None, run_after=None
[2022-08-18 01:29:29,824] {logging_mixin.py:115} INFO - [2022-08-18 01:29:29,824] {dag.py:2972} INFO - Setting next_dagrun for example_external_task_marker_parent to None, run_after=None
[2022-08-18 01:29:29,839] {processor.py:161} INFO - Processing /home/airflow/.local/lib/python3.7/site-packages/airflow/example_dags/example_external_task_marker_dag.py took 0.102 seconds
[2022-08-18 01:29:59,874] {processor.py:153} INFO - Started process (PID=1201) to work on /home/airflow/.local/lib/python3.7/site-packages/airflow/example_dags/example_external_task_marker_dag.py
[2022-08-18 01:29:59,875] {processor.py:641} INFO - Processing file /home/airflow/.local/lib/python3.7/site-packages/airflow/example_dags/example_external_task_marker_dag.py for tasks to queue
[2022-08-18 01:29:59,875] {logging_mixin.py:115} INFO - [2022-08-18 01:29:59,875] {dagbag.py:508} INFO - Filling up the DagBag from /home/airflow/.local/lib/python3.7/site-packages/airflow/example_dags/example_external_task_marker_dag.py
[2022-08-18 01:29:59,882] {processor.py:651} INFO - DAG(s) dict_keys(['example_external_task_marker_parent', 'example_external_task_marker_child']) retrieved from /home/airflow/.local/lib/python3.7/site-packages/airflow/example_dags/example_external_task_marker_dag.py
[2022-08-18 01:29:59,928] {logging_mixin.py:115} INFO - [2022-08-18 01:29:59,928] {dag.py:2420} INFO - Sync 2 DAGs
[2022-08-18 01:29:59,950] {logging_mixin.py:115} INFO - [2022-08-18 01:29:59,950] {dag.py:2972} INFO - Setting next_dagrun for example_external_task_marker_child to None, run_after=None
[2022-08-18 01:29:59,950] {logging_mixin.py:115} INFO - [2022-08-18 01:29:59,950] {dag.py:2972} INFO - Setting next_dagrun for example_external_task_marker_parent to None, run_after=None
[2022-08-18 01:29:59,966] {processor.py:161} INFO - Processing /home/airflow/.local/lib/python3.7/site-packages/airflow/example_dags/example_external_task_marker_dag.py took 0.096 seconds
[2022-08-18 01:30:29,987] {processor.py:153} INFO - Started process (PID=1262) to work on /home/airflow/.local/lib/python3.7/site-packages/airflow/example_dags/example_external_task_marker_dag.py
[2022-08-18 01:30:30,003] {processor.py:641} INFO - Processing file /home/airflow/.local/lib/python3.7/site-packages/airflow/example_dags/example_external_task_marker_dag.py for tasks to queue
[2022-08-18 01:30:30,004] {logging_mixin.py:115} INFO - [2022-08-18 01:30:30,004] {dagbag.py:508} INFO - Filling up the DagBag from /home/airflow/.local/lib/python3.7/site-packages/airflow/example_dags/example_external_task_marker_dag.py
[2022-08-18 01:30:30,010] {processor.py:651} INFO - DAG(s) dict_keys(['example_external_task_marker_parent', 'example_external_task_marker_child']) retrieved from /home/airflow/.local/lib/python3.7/site-packages/airflow/example_dags/example_external_task_marker_dag.py
[2022-08-18 01:30:30,060] {logging_mixin.py:115} INFO - [2022-08-18 01:30:30,060] {dag.py:2420} INFO - Sync 2 DAGs
[2022-08-18 01:30:30,083] {logging_mixin.py:115} INFO - [2022-08-18 01:30:30,083] {dag.py:2972} INFO - Setting next_dagrun for example_external_task_marker_child to None, run_after=None
[2022-08-18 01:30:30,084] {logging_mixin.py:115} INFO - [2022-08-18 01:30:30,084] {dag.py:2972} INFO - Setting next_dagrun for example_external_task_marker_parent to None, run_after=None
[2022-08-18 01:30:30,107] {processor.py:161} INFO - Processing /home/airflow/.local/lib/python3.7/site-packages/airflow/example_dags/example_external_task_marker_dag.py took 0.124 seconds
[2022-08-18 01:31:00,151] {processor.py:153} INFO - Started process (PID=1314) to work on /home/airflow/.local/lib/python3.7/site-packages/airflow/example_dags/example_external_task_marker_dag.py
[2022-08-18 01:31:00,170] {processor.py:641} INFO - Processing file /home/airflow/.local/lib/python3.7/site-packages/airflow/example_dags/example_external_task_marker_dag.py for tasks to queue
[2022-08-18 01:31:00,170] {logging_mixin.py:115} INFO - [2022-08-18 01:31:00,170] {dagbag.py:508} INFO - Filling up the DagBag from /home/airflow/.local/lib/python3.7/site-packages/airflow/example_dags/example_external_task_marker_dag.py
[2022-08-18 01:31:00,177] {processor.py:651} INFO - DAG(s) dict_keys(['example_external_task_marker_parent', 'example_external_task_marker_child']) retrieved from /home/airflow/.local/lib/python3.7/site-packages/airflow/example_dags/example_external_task_marker_dag.py
[2022-08-18 01:31:00,222] {logging_mixin.py:115} INFO - [2022-08-18 01:31:00,222] {dag.py:2420} INFO - Sync 2 DAGs
[2022-08-18 01:31:00,246] {logging_mixin.py:115} INFO - [2022-08-18 01:31:00,246] {dag.py:2972} INFO - Setting next_dagrun for example_external_task_marker_child to None, run_after=None
[2022-08-18 01:31:00,246] {logging_mixin.py:115} INFO - [2022-08-18 01:31:00,246] {dag.py:2972} INFO - Setting next_dagrun for example_external_task_marker_parent to None, run_after=None
[2022-08-18 01:31:00,263] {processor.py:161} INFO - Processing /home/airflow/.local/lib/python3.7/site-packages/airflow/example_dags/example_external_task_marker_dag.py took 0.117 seconds
[2022-08-18 01:31:30,343] {processor.py:153} INFO - Started process (PID=1375) to work on /home/airflow/.local/lib/python3.7/site-packages/airflow/example_dags/example_external_task_marker_dag.py
[2022-08-18 01:31:30,355] {processor.py:641} INFO - Processing file /home/airflow/.local/lib/python3.7/site-packages/airflow/example_dags/example_external_task_marker_dag.py for tasks to queue
[2022-08-18 01:31:30,356] {logging_mixin.py:115} INFO - [2022-08-18 01:31:30,356] {dagbag.py:508} INFO - Filling up the DagBag from /home/airflow/.local/lib/python3.7/site-packages/airflow/example_dags/example_external_task_marker_dag.py
[2022-08-18 01:31:30,364] {processor.py:651} INFO - DAG(s) dict_keys(['example_external_task_marker_parent', 'example_external_task_marker_child']) retrieved from /home/airflow/.local/lib/python3.7/site-packages/airflow/example_dags/example_external_task_marker_dag.py
[2022-08-18 01:31:30,422] {logging_mixin.py:115} INFO - [2022-08-18 01:31:30,422] {dag.py:2420} INFO - Sync 2 DAGs
[2022-08-18 01:31:30,444] {logging_mixin.py:115} INFO - [2022-08-18 01:31:30,444] {dag.py:2972} INFO - Setting next_dagrun for example_external_task_marker_child to None, run_after=None
[2022-08-18 01:31:30,445] {logging_mixin.py:115} INFO - [2022-08-18 01:31:30,444] {dag.py:2972} INFO - Setting next_dagrun for example_external_task_marker_parent to None, run_after=None
[2022-08-18 01:31:30,467] {processor.py:161} INFO - Processing /home/airflow/.local/lib/python3.7/site-packages/airflow/example_dags/example_external_task_marker_dag.py took 0.129 seconds
[2022-08-18 01:32:01,226] {processor.py:153} INFO - Started process (PID=1427) to work on /home/airflow/.local/lib/python3.7/site-packages/airflow/example_dags/example_external_task_marker_dag.py
[2022-08-18 01:32:01,226] {processor.py:641} INFO - Processing file /home/airflow/.local/lib/python3.7/site-packages/airflow/example_dags/example_external_task_marker_dag.py for tasks to queue
[2022-08-18 01:32:01,226] {logging_mixin.py:115} INFO - [2022-08-18 01:32:01,226] {dagbag.py:508} INFO - Filling up the DagBag from /home/airflow/.local/lib/python3.7/site-packages/airflow/example_dags/example_external_task_marker_dag.py
[2022-08-18 01:32:01,229] {processor.py:651} INFO - DAG(s) dict_keys(['example_external_task_marker_parent', 'example_external_task_marker_child']) retrieved from /home/airflow/.local/lib/python3.7/site-packages/airflow/example_dags/example_external_task_marker_dag.py
[2022-08-18 01:32:01,274] {logging_mixin.py:115} INFO - [2022-08-18 01:32:01,274] {dag.py:2420} INFO - Sync 2 DAGs
[2022-08-18 01:32:01,297] {logging_mixin.py:115} INFO - [2022-08-18 01:32:01,297] {dag.py:2972} INFO - Setting next_dagrun for example_external_task_marker_child to None, run_after=None
[2022-08-18 01:32:01,297] {logging_mixin.py:115} INFO - [2022-08-18 01:32:01,297] {dag.py:2972} INFO - Setting next_dagrun for example_external_task_marker_parent to None, run_after=None
[2022-08-18 01:32:01,313] {processor.py:161} INFO - Processing /home/airflow/.local/lib/python3.7/site-packages/airflow/example_dags/example_external_task_marker_dag.py took 0.092 seconds
[2022-08-18 01:32:32,260] {processor.py:153} INFO - Started process (PID=1487) to work on /home/airflow/.local/lib/python3.7/site-packages/airflow/example_dags/example_external_task_marker_dag.py
[2022-08-18 01:32:32,271] {processor.py:641} INFO - Processing file /home/airflow/.local/lib/python3.7/site-packages/airflow/example_dags/example_external_task_marker_dag.py for tasks to queue
[2022-08-18 01:32:32,271] {logging_mixin.py:115} INFO - [2022-08-18 01:32:32,271] {dagbag.py:508} INFO - Filling up the DagBag from /home/airflow/.local/lib/python3.7/site-packages/airflow/example_dags/example_external_task_marker_dag.py
[2022-08-18 01:32:32,277] {processor.py:651} INFO - DAG(s) dict_keys(['example_external_task_marker_parent', 'example_external_task_marker_child']) retrieved from /home/airflow/.local/lib/python3.7/site-packages/airflow/example_dags/example_external_task_marker_dag.py
[2022-08-18 01:32:32,323] {logging_mixin.py:115} INFO - [2022-08-18 01:32:32,323] {dag.py:2420} INFO - Sync 2 DAGs
[2022-08-18 01:32:32,343] {logging_mixin.py:115} INFO - [2022-08-18 01:32:32,343] {dag.py:2972} INFO - Setting next_dagrun for example_external_task_marker_child to None, run_after=None
[2022-08-18 01:32:32,344] {logging_mixin.py:115} INFO - [2022-08-18 01:32:32,344] {dag.py:2972} INFO - Setting next_dagrun for example_external_task_marker_parent to None, run_after=None
[2022-08-18 01:32:32,363] {processor.py:161} INFO - Processing /home/airflow/.local/lib/python3.7/site-packages/airflow/example_dags/example_external_task_marker_dag.py took 0.107 seconds
[2022-08-18 01:33:02,533] {processor.py:153} INFO - Started process (PID=1548) to work on /home/airflow/.local/lib/python3.7/site-packages/airflow/example_dags/example_external_task_marker_dag.py
[2022-08-18 01:33:02,545] {processor.py:641} INFO - Processing file /home/airflow/.local/lib/python3.7/site-packages/airflow/example_dags/example_external_task_marker_dag.py for tasks to queue
[2022-08-18 01:33:02,546] {logging_mixin.py:115} INFO - [2022-08-18 01:33:02,546] {dagbag.py:508} INFO - Filling up the DagBag from /home/airflow/.local/lib/python3.7/site-packages/airflow/example_dags/example_external_task_marker_dag.py
[2022-08-18 01:33:02,552] {processor.py:651} INFO - DAG(s) dict_keys(['example_external_task_marker_parent', 'example_external_task_marker_child']) retrieved from /home/airflow/.local/lib/python3.7/site-packages/airflow/example_dags/example_external_task_marker_dag.py
[2022-08-18 01:33:02,605] {logging_mixin.py:115} INFO - [2022-08-18 01:33:02,605] {dag.py:2420} INFO - Sync 2 DAGs
[2022-08-18 01:33:02,630] {logging_mixin.py:115} INFO - [2022-08-18 01:33:02,630] {dag.py:2972} INFO - Setting next_dagrun for example_external_task_marker_child to None, run_after=None
[2022-08-18 01:33:02,631] {logging_mixin.py:115} INFO - [2022-08-18 01:33:02,631] {dag.py:2972} INFO - Setting next_dagrun for example_external_task_marker_parent to None, run_after=None
[2022-08-18 01:33:02,647] {processor.py:161} INFO - Processing /home/airflow/.local/lib/python3.7/site-packages/airflow/example_dags/example_external_task_marker_dag.py took 0.118 seconds
[2022-08-18 01:33:32,755] {processor.py:153} INFO - Started process (PID=1600) to work on /home/airflow/.local/lib/python3.7/site-packages/airflow/example_dags/example_external_task_marker_dag.py
[2022-08-18 01:33:32,770] {processor.py:641} INFO - Processing file /home/airflow/.local/lib/python3.7/site-packages/airflow/example_dags/example_external_task_marker_dag.py for tasks to queue
[2022-08-18 01:33:32,771] {logging_mixin.py:115} INFO - [2022-08-18 01:33:32,771] {dagbag.py:508} INFO - Filling up the DagBag from /home/airflow/.local/lib/python3.7/site-packages/airflow/example_dags/example_external_task_marker_dag.py
[2022-08-18 01:33:32,777] {processor.py:651} INFO - DAG(s) dict_keys(['example_external_task_marker_parent', 'example_external_task_marker_child']) retrieved from /home/airflow/.local/lib/python3.7/site-packages/airflow/example_dags/example_external_task_marker_dag.py
[2022-08-18 01:33:32,821] {logging_mixin.py:115} INFO - [2022-08-18 01:33:32,821] {dag.py:2420} INFO - Sync 2 DAGs
[2022-08-18 01:33:32,846] {logging_mixin.py:115} INFO - [2022-08-18 01:33:32,846] {dag.py:2972} INFO - Setting next_dagrun for example_external_task_marker_child to None, run_after=None
[2022-08-18 01:33:32,846] {logging_mixin.py:115} INFO - [2022-08-18 01:33:32,846] {dag.py:2972} INFO - Setting next_dagrun for example_external_task_marker_parent to None, run_after=None
[2022-08-18 01:33:32,866] {processor.py:161} INFO - Processing /home/airflow/.local/lib/python3.7/site-packages/airflow/example_dags/example_external_task_marker_dag.py took 0.116 seconds
[2022-08-18 01:34:03,803] {processor.py:153} INFO - Started process (PID=1661) to work on /home/airflow/.local/lib/python3.7/site-packages/airflow/example_dags/example_external_task_marker_dag.py
[2022-08-18 01:34:03,828] {processor.py:641} INFO - Processing file /home/airflow/.local/lib/python3.7/site-packages/airflow/example_dags/example_external_task_marker_dag.py for tasks to queue
[2022-08-18 01:34:03,829] {logging_mixin.py:115} INFO - [2022-08-18 01:34:03,829] {dagbag.py:508} INFO - Filling up the DagBag from /home/airflow/.local/lib/python3.7/site-packages/airflow/example_dags/example_external_task_marker_dag.py
[2022-08-18 01:34:03,834] {processor.py:651} INFO - DAG(s) dict_keys(['example_external_task_marker_parent', 'example_external_task_marker_child']) retrieved from /home/airflow/.local/lib/python3.7/site-packages/airflow/example_dags/example_external_task_marker_dag.py
[2022-08-18 01:34:03,876] {logging_mixin.py:115} INFO - [2022-08-18 01:34:03,876] {dag.py:2420} INFO - Sync 2 DAGs
[2022-08-18 01:34:03,897] {logging_mixin.py:115} INFO - [2022-08-18 01:34:03,897] {dag.py:2972} INFO - Setting next_dagrun for example_external_task_marker_child to None, run_after=None
[2022-08-18 01:34:03,897] {logging_mixin.py:115} INFO - [2022-08-18 01:34:03,897] {dag.py:2972} INFO - Setting next_dagrun for example_external_task_marker_parent to None, run_after=None
[2022-08-18 01:34:03,914] {processor.py:161} INFO - Processing /home/airflow/.local/lib/python3.7/site-packages/airflow/example_dags/example_external_task_marker_dag.py took 0.116 seconds
[2022-08-18 01:34:34,721] {processor.py:153} INFO - Started process (PID=1723) to work on /home/airflow/.local/lib/python3.7/site-packages/airflow/example_dags/example_external_task_marker_dag.py
[2022-08-18 01:34:34,727] {processor.py:641} INFO - Processing file /home/airflow/.local/lib/python3.7/site-packages/airflow/example_dags/example_external_task_marker_dag.py for tasks to queue
[2022-08-18 01:34:34,728] {logging_mixin.py:115} INFO - [2022-08-18 01:34:34,728] {dagbag.py:508} INFO - Filling up the DagBag from /home/airflow/.local/lib/python3.7/site-packages/airflow/example_dags/example_external_task_marker_dag.py
[2022-08-18 01:34:34,730] {processor.py:651} INFO - DAG(s) dict_keys(['example_external_task_marker_parent', 'example_external_task_marker_child']) retrieved from /home/airflow/.local/lib/python3.7/site-packages/airflow/example_dags/example_external_task_marker_dag.py
[2022-08-18 01:34:34,787] {logging_mixin.py:115} INFO - [2022-08-18 01:34:34,787] {dag.py:2420} INFO - Sync 2 DAGs
[2022-08-18 01:34:34,816] {logging_mixin.py:115} INFO - [2022-08-18 01:34:34,816] {dag.py:2972} INFO - Setting next_dagrun for example_external_task_marker_child to None, run_after=None
[2022-08-18 01:34:34,817] {logging_mixin.py:115} INFO - [2022-08-18 01:34:34,817] {dag.py:2972} INFO - Setting next_dagrun for example_external_task_marker_parent to None, run_after=None
[2022-08-18 01:34:34,840] {processor.py:161} INFO - Processing /home/airflow/.local/lib/python3.7/site-packages/airflow/example_dags/example_external_task_marker_dag.py took 0.125 seconds
[2022-08-18 01:35:04,896] {processor.py:153} INFO - Started process (PID=1775) to work on /home/airflow/.local/lib/python3.7/site-packages/airflow/example_dags/example_external_task_marker_dag.py
[2022-08-18 01:35:04,910] {processor.py:641} INFO - Processing file /home/airflow/.local/lib/python3.7/site-packages/airflow/example_dags/example_external_task_marker_dag.py for tasks to queue
[2022-08-18 01:35:04,911] {logging_mixin.py:115} INFO - [2022-08-18 01:35:04,911] {dagbag.py:508} INFO - Filling up the DagBag from /home/airflow/.local/lib/python3.7/site-packages/airflow/example_dags/example_external_task_marker_dag.py
[2022-08-18 01:35:04,918] {processor.py:651} INFO - DAG(s) dict_keys(['example_external_task_marker_parent', 'example_external_task_marker_child']) retrieved from /home/airflow/.local/lib/python3.7/site-packages/airflow/example_dags/example_external_task_marker_dag.py
[2022-08-18 01:35:04,964] {logging_mixin.py:115} INFO - [2022-08-18 01:35:04,964] {dag.py:2420} INFO - Sync 2 DAGs
[2022-08-18 01:35:04,987] {logging_mixin.py:115} INFO - [2022-08-18 01:35:04,987] {dag.py:2972} INFO - Setting next_dagrun for example_external_task_marker_child to None, run_after=None
[2022-08-18 01:35:04,987] {logging_mixin.py:115} INFO - [2022-08-18 01:35:04,987] {dag.py:2972} INFO - Setting next_dagrun for example_external_task_marker_parent to None, run_after=None
[2022-08-18 01:35:05,016] {processor.py:161} INFO - Processing /home/airflow/.local/lib/python3.7/site-packages/airflow/example_dags/example_external_task_marker_dag.py took 0.125 seconds
[2022-08-18 01:35:35,211] {processor.py:153} INFO - Started process (PID=1837) to work on /home/airflow/.local/lib/python3.7/site-packages/airflow/example_dags/example_external_task_marker_dag.py
[2022-08-18 01:35:35,231] {processor.py:641} INFO - Processing file /home/airflow/.local/lib/python3.7/site-packages/airflow/example_dags/example_external_task_marker_dag.py for tasks to queue
[2022-08-18 01:35:35,232] {logging_mixin.py:115} INFO - [2022-08-18 01:35:35,232] {dagbag.py:508} INFO - Filling up the DagBag from /home/airflow/.local/lib/python3.7/site-packages/airflow/example_dags/example_external_task_marker_dag.py
[2022-08-18 01:35:35,238] {processor.py:651} INFO - DAG(s) dict_keys(['example_external_task_marker_parent', 'example_external_task_marker_child']) retrieved from /home/airflow/.local/lib/python3.7/site-packages/airflow/example_dags/example_external_task_marker_dag.py
[2022-08-18 01:35:35,284] {logging_mixin.py:115} INFO - [2022-08-18 01:35:35,284] {dag.py:2420} INFO - Sync 2 DAGs
[2022-08-18 01:35:35,305] {logging_mixin.py:115} INFO - [2022-08-18 01:35:35,305] {dag.py:2972} INFO - Setting next_dagrun for example_external_task_marker_child to None, run_after=None
[2022-08-18 01:35:35,305] {logging_mixin.py:115} INFO - [2022-08-18 01:35:35,305] {dag.py:2972} INFO - Setting next_dagrun for example_external_task_marker_parent to None, run_after=None
[2022-08-18 01:35:35,322] {processor.py:161} INFO - Processing /home/airflow/.local/lib/python3.7/site-packages/airflow/example_dags/example_external_task_marker_dag.py took 0.115 seconds
