[2022-08-18 01:19:57,038] {processor.py:153} INFO - Started process (PID=80) to work on /home/airflow/.local/lib/python3.7/site-packages/airflow/example_dags/example_kubernetes_executor.py
[2022-08-18 01:19:57,039] {processor.py:641} INFO - Processing file /home/airflow/.local/lib/python3.7/site-packages/airflow/example_dags/example_kubernetes_executor.py for tasks to queue
[2022-08-18 01:19:57,039] {logging_mixin.py:115} INFO - [2022-08-18 01:19:57,039] {dagbag.py:508} INFO - Filling up the DagBag from /home/airflow/.local/lib/python3.7/site-packages/airflow/example_dags/example_kubernetes_executor.py
[2022-08-18 01:19:57,063] {processor.py:651} INFO - DAG(s) dict_keys(['example_kubernetes_executor']) retrieved from /home/airflow/.local/lib/python3.7/site-packages/airflow/example_dags/example_kubernetes_executor.py
[2022-08-18 01:19:57,169] {logging_mixin.py:115} INFO - [2022-08-18 01:19:57,169] {manager.py:508} INFO - Created Permission View: can edit on DAG:example_kubernetes_executor
[2022-08-18 01:19:57,194] {logging_mixin.py:115} INFO - [2022-08-18 01:19:57,194] {manager.py:508} INFO - Created Permission View: can read on DAG:example_kubernetes_executor
[2022-08-18 01:19:57,210] {logging_mixin.py:115} INFO - [2022-08-18 01:19:57,210] {manager.py:508} INFO - Created Permission View: can delete on DAG:example_kubernetes_executor
[2022-08-18 01:19:57,210] {logging_mixin.py:115} INFO - [2022-08-18 01:19:57,210] {dag.py:2420} INFO - Sync 1 DAGs
[2022-08-18 01:19:57,221] {logging_mixin.py:115} INFO - [2022-08-18 01:19:57,221] {dag.py:2439} INFO - Creating ORM DAG for example_kubernetes_executor
[2022-08-18 01:19:57,237] {logging_mixin.py:115} INFO - [2022-08-18 01:19:57,237] {dag.py:2972} INFO - Setting next_dagrun for example_kubernetes_executor to None, run_after=None
[2022-08-18 01:19:57,266] {processor.py:161} INFO - Processing /home/airflow/.local/lib/python3.7/site-packages/airflow/example_dags/example_kubernetes_executor.py took 0.230 seconds
[2022-08-18 01:20:27,291] {processor.py:153} INFO - Started process (PID=142) to work on /home/airflow/.local/lib/python3.7/site-packages/airflow/example_dags/example_kubernetes_executor.py
[2022-08-18 01:20:27,291] {processor.py:641} INFO - Processing file /home/airflow/.local/lib/python3.7/site-packages/airflow/example_dags/example_kubernetes_executor.py for tasks to queue
[2022-08-18 01:20:27,292] {logging_mixin.py:115} INFO - [2022-08-18 01:20:27,292] {dagbag.py:508} INFO - Filling up the DagBag from /home/airflow/.local/lib/python3.7/site-packages/airflow/example_dags/example_kubernetes_executor.py
[2022-08-18 01:20:27,312] {processor.py:651} INFO - DAG(s) dict_keys(['example_kubernetes_executor']) retrieved from /home/airflow/.local/lib/python3.7/site-packages/airflow/example_dags/example_kubernetes_executor.py
[2022-08-18 01:20:27,342] {logging_mixin.py:115} INFO - [2022-08-18 01:20:27,341] {dag.py:2420} INFO - Sync 1 DAGs
[2022-08-18 01:20:27,363] {logging_mixin.py:115} INFO - [2022-08-18 01:20:27,363] {dag.py:2972} INFO - Setting next_dagrun for example_kubernetes_executor to None, run_after=None
[2022-08-18 01:20:27,373] {processor.py:161} INFO - Processing /home/airflow/.local/lib/python3.7/site-packages/airflow/example_dags/example_kubernetes_executor.py took 0.084 seconds
[2022-08-18 01:20:57,657] {processor.py:153} INFO - Started process (PID=194) to work on /home/airflow/.local/lib/python3.7/site-packages/airflow/example_dags/example_kubernetes_executor.py
[2022-08-18 01:20:57,657] {processor.py:641} INFO - Processing file /home/airflow/.local/lib/python3.7/site-packages/airflow/example_dags/example_kubernetes_executor.py for tasks to queue
[2022-08-18 01:20:57,658] {logging_mixin.py:115} INFO - [2022-08-18 01:20:57,658] {dagbag.py:508} INFO - Filling up the DagBag from /home/airflow/.local/lib/python3.7/site-packages/airflow/example_dags/example_kubernetes_executor.py
[2022-08-18 01:20:57,675] {processor.py:651} INFO - DAG(s) dict_keys(['example_kubernetes_executor']) retrieved from /home/airflow/.local/lib/python3.7/site-packages/airflow/example_dags/example_kubernetes_executor.py
[2022-08-18 01:20:57,704] {logging_mixin.py:115} INFO - [2022-08-18 01:20:57,703] {dag.py:2420} INFO - Sync 1 DAGs
[2022-08-18 01:20:57,723] {logging_mixin.py:115} INFO - [2022-08-18 01:20:57,723] {dag.py:2972} INFO - Setting next_dagrun for example_kubernetes_executor to None, run_after=None
[2022-08-18 01:20:57,742] {processor.py:161} INFO - Processing /home/airflow/.local/lib/python3.7/site-packages/airflow/example_dags/example_kubernetes_executor.py took 0.086 seconds
[2022-08-18 01:21:28,917] {processor.py:153} INFO - Started process (PID=255) to work on /home/airflow/.local/lib/python3.7/site-packages/airflow/example_dags/example_kubernetes_executor.py
[2022-08-18 01:21:28,918] {processor.py:641} INFO - Processing file /home/airflow/.local/lib/python3.7/site-packages/airflow/example_dags/example_kubernetes_executor.py for tasks to queue
[2022-08-18 01:21:28,919] {logging_mixin.py:115} INFO - [2022-08-18 01:21:28,919] {dagbag.py:508} INFO - Filling up the DagBag from /home/airflow/.local/lib/python3.7/site-packages/airflow/example_dags/example_kubernetes_executor.py
[2022-08-18 01:21:28,939] {processor.py:651} INFO - DAG(s) dict_keys(['example_kubernetes_executor']) retrieved from /home/airflow/.local/lib/python3.7/site-packages/airflow/example_dags/example_kubernetes_executor.py
[2022-08-18 01:21:28,969] {logging_mixin.py:115} INFO - [2022-08-18 01:21:28,969] {dag.py:2420} INFO - Sync 1 DAGs
[2022-08-18 01:21:28,993] {logging_mixin.py:115} INFO - [2022-08-18 01:21:28,992] {dag.py:2972} INFO - Setting next_dagrun for example_kubernetes_executor to None, run_after=None
[2022-08-18 01:21:29,006] {processor.py:161} INFO - Processing /home/airflow/.local/lib/python3.7/site-packages/airflow/example_dags/example_kubernetes_executor.py took 0.093 seconds
[2022-08-18 01:21:59,186] {processor.py:153} INFO - Started process (PID=316) to work on /home/airflow/.local/lib/python3.7/site-packages/airflow/example_dags/example_kubernetes_executor.py
[2022-08-18 01:21:59,186] {processor.py:641} INFO - Processing file /home/airflow/.local/lib/python3.7/site-packages/airflow/example_dags/example_kubernetes_executor.py for tasks to queue
[2022-08-18 01:21:59,187] {logging_mixin.py:115} INFO - [2022-08-18 01:21:59,187] {dagbag.py:508} INFO - Filling up the DagBag from /home/airflow/.local/lib/python3.7/site-packages/airflow/example_dags/example_kubernetes_executor.py
[2022-08-18 01:21:59,205] {processor.py:651} INFO - DAG(s) dict_keys(['example_kubernetes_executor']) retrieved from /home/airflow/.local/lib/python3.7/site-packages/airflow/example_dags/example_kubernetes_executor.py
[2022-08-18 01:21:59,226] {logging_mixin.py:115} INFO - [2022-08-18 01:21:59,226] {dag.py:2420} INFO - Sync 1 DAGs
[2022-08-18 01:21:59,249] {logging_mixin.py:115} INFO - [2022-08-18 01:21:59,249] {dag.py:2972} INFO - Setting next_dagrun for example_kubernetes_executor to None, run_after=None
[2022-08-18 01:21:59,267] {processor.py:161} INFO - Processing /home/airflow/.local/lib/python3.7/site-packages/airflow/example_dags/example_kubernetes_executor.py took 0.083 seconds
[2022-08-18 01:22:29,400] {processor.py:153} INFO - Started process (PID=368) to work on /home/airflow/.local/lib/python3.7/site-packages/airflow/example_dags/example_kubernetes_executor.py
[2022-08-18 01:22:29,411] {processor.py:641} INFO - Processing file /home/airflow/.local/lib/python3.7/site-packages/airflow/example_dags/example_kubernetes_executor.py for tasks to queue
[2022-08-18 01:22:29,412] {logging_mixin.py:115} INFO - [2022-08-18 01:22:29,412] {dagbag.py:508} INFO - Filling up the DagBag from /home/airflow/.local/lib/python3.7/site-packages/airflow/example_dags/example_kubernetes_executor.py
[2022-08-18 01:22:29,435] {processor.py:651} INFO - DAG(s) dict_keys(['example_kubernetes_executor']) retrieved from /home/airflow/.local/lib/python3.7/site-packages/airflow/example_dags/example_kubernetes_executor.py
[2022-08-18 01:22:29,458] {logging_mixin.py:115} INFO - [2022-08-18 01:22:29,458] {dag.py:2420} INFO - Sync 1 DAGs
[2022-08-18 01:22:29,478] {logging_mixin.py:115} INFO - [2022-08-18 01:22:29,477] {dag.py:2972} INFO - Setting next_dagrun for example_kubernetes_executor to None, run_after=None
[2022-08-18 01:22:29,489] {processor.py:161} INFO - Processing /home/airflow/.local/lib/python3.7/site-packages/airflow/example_dags/example_kubernetes_executor.py took 0.093 seconds
[2022-08-18 01:22:59,612] {processor.py:153} INFO - Started process (PID=429) to work on /home/airflow/.local/lib/python3.7/site-packages/airflow/example_dags/example_kubernetes_executor.py
[2022-08-18 01:22:59,613] {processor.py:641} INFO - Processing file /home/airflow/.local/lib/python3.7/site-packages/airflow/example_dags/example_kubernetes_executor.py for tasks to queue
[2022-08-18 01:22:59,614] {logging_mixin.py:115} INFO - [2022-08-18 01:22:59,614] {dagbag.py:508} INFO - Filling up the DagBag from /home/airflow/.local/lib/python3.7/site-packages/airflow/example_dags/example_kubernetes_executor.py
[2022-08-18 01:22:59,634] {processor.py:651} INFO - DAG(s) dict_keys(['example_kubernetes_executor']) retrieved from /home/airflow/.local/lib/python3.7/site-packages/airflow/example_dags/example_kubernetes_executor.py
[2022-08-18 01:22:59,661] {logging_mixin.py:115} INFO - [2022-08-18 01:22:59,661] {dag.py:2420} INFO - Sync 1 DAGs
[2022-08-18 01:22:59,684] {logging_mixin.py:115} INFO - [2022-08-18 01:22:59,684] {dag.py:2972} INFO - Setting next_dagrun for example_kubernetes_executor to None, run_after=None
[2022-08-18 01:22:59,697] {processor.py:161} INFO - Processing /home/airflow/.local/lib/python3.7/site-packages/airflow/example_dags/example_kubernetes_executor.py took 0.089 seconds
[2022-08-18 01:23:29,942] {processor.py:153} INFO - Started process (PID=481) to work on /home/airflow/.local/lib/python3.7/site-packages/airflow/example_dags/example_kubernetes_executor.py
[2022-08-18 01:23:29,943] {processor.py:641} INFO - Processing file /home/airflow/.local/lib/python3.7/site-packages/airflow/example_dags/example_kubernetes_executor.py for tasks to queue
[2022-08-18 01:23:29,943] {logging_mixin.py:115} INFO - [2022-08-18 01:23:29,943] {dagbag.py:508} INFO - Filling up the DagBag from /home/airflow/.local/lib/python3.7/site-packages/airflow/example_dags/example_kubernetes_executor.py
[2022-08-18 01:23:29,962] {processor.py:651} INFO - DAG(s) dict_keys(['example_kubernetes_executor']) retrieved from /home/airflow/.local/lib/python3.7/site-packages/airflow/example_dags/example_kubernetes_executor.py
[2022-08-18 01:23:29,991] {logging_mixin.py:115} INFO - [2022-08-18 01:23:29,991] {dag.py:2420} INFO - Sync 1 DAGs
[2022-08-18 01:23:30,019] {logging_mixin.py:115} INFO - [2022-08-18 01:23:30,019] {dag.py:2972} INFO - Setting next_dagrun for example_kubernetes_executor to None, run_after=None
[2022-08-18 01:23:30,031] {processor.py:161} INFO - Processing /home/airflow/.local/lib/python3.7/site-packages/airflow/example_dags/example_kubernetes_executor.py took 0.093 seconds
[2022-08-18 01:24:00,198] {processor.py:153} INFO - Started process (PID=542) to work on /home/airflow/.local/lib/python3.7/site-packages/airflow/example_dags/example_kubernetes_executor.py
[2022-08-18 01:24:00,199] {processor.py:641} INFO - Processing file /home/airflow/.local/lib/python3.7/site-packages/airflow/example_dags/example_kubernetes_executor.py for tasks to queue
[2022-08-18 01:24:00,199] {logging_mixin.py:115} INFO - [2022-08-18 01:24:00,199] {dagbag.py:508} INFO - Filling up the DagBag from /home/airflow/.local/lib/python3.7/site-packages/airflow/example_dags/example_kubernetes_executor.py
[2022-08-18 01:24:00,223] {processor.py:651} INFO - DAG(s) dict_keys(['example_kubernetes_executor']) retrieved from /home/airflow/.local/lib/python3.7/site-packages/airflow/example_dags/example_kubernetes_executor.py
[2022-08-18 01:24:00,249] {logging_mixin.py:115} INFO - [2022-08-18 01:24:00,249] {dag.py:2420} INFO - Sync 1 DAGs
[2022-08-18 01:24:00,271] {logging_mixin.py:115} INFO - [2022-08-18 01:24:00,271] {dag.py:2972} INFO - Setting next_dagrun for example_kubernetes_executor to None, run_after=None
[2022-08-18 01:24:00,302] {processor.py:161} INFO - Processing /home/airflow/.local/lib/python3.7/site-packages/airflow/example_dags/example_kubernetes_executor.py took 0.108 seconds
[2022-08-18 01:24:30,324] {processor.py:153} INFO - Started process (PID=603) to work on /home/airflow/.local/lib/python3.7/site-packages/airflow/example_dags/example_kubernetes_executor.py
[2022-08-18 01:24:30,324] {processor.py:641} INFO - Processing file /home/airflow/.local/lib/python3.7/site-packages/airflow/example_dags/example_kubernetes_executor.py for tasks to queue
[2022-08-18 01:24:30,324] {logging_mixin.py:115} INFO - [2022-08-18 01:24:30,324] {dagbag.py:508} INFO - Filling up the DagBag from /home/airflow/.local/lib/python3.7/site-packages/airflow/example_dags/example_kubernetes_executor.py
[2022-08-18 01:24:30,345] {processor.py:651} INFO - DAG(s) dict_keys(['example_kubernetes_executor']) retrieved from /home/airflow/.local/lib/python3.7/site-packages/airflow/example_dags/example_kubernetes_executor.py
[2022-08-18 01:24:30,381] {logging_mixin.py:115} INFO - [2022-08-18 01:24:30,381] {dag.py:2420} INFO - Sync 1 DAGs
[2022-08-18 01:24:30,408] {logging_mixin.py:115} INFO - [2022-08-18 01:24:30,408] {dag.py:2972} INFO - Setting next_dagrun for example_kubernetes_executor to None, run_after=None
[2022-08-18 01:24:30,423] {processor.py:161} INFO - Processing /home/airflow/.local/lib/python3.7/site-packages/airflow/example_dags/example_kubernetes_executor.py took 0.102 seconds
[2022-08-18 01:25:00,878] {processor.py:153} INFO - Started process (PID=655) to work on /home/airflow/.local/lib/python3.7/site-packages/airflow/example_dags/example_kubernetes_executor.py
[2022-08-18 01:25:00,884] {processor.py:641} INFO - Processing file /home/airflow/.local/lib/python3.7/site-packages/airflow/example_dags/example_kubernetes_executor.py for tasks to queue
[2022-08-18 01:25:00,885] {logging_mixin.py:115} INFO - [2022-08-18 01:25:00,885] {dagbag.py:508} INFO - Filling up the DagBag from /home/airflow/.local/lib/python3.7/site-packages/airflow/example_dags/example_kubernetes_executor.py
[2022-08-18 01:25:00,907] {processor.py:651} INFO - DAG(s) dict_keys(['example_kubernetes_executor']) retrieved from /home/airflow/.local/lib/python3.7/site-packages/airflow/example_dags/example_kubernetes_executor.py
[2022-08-18 01:25:00,939] {logging_mixin.py:115} INFO - [2022-08-18 01:25:00,939] {dag.py:2420} INFO - Sync 1 DAGs
[2022-08-18 01:25:00,961] {logging_mixin.py:115} INFO - [2022-08-18 01:25:00,961] {dag.py:2972} INFO - Setting next_dagrun for example_kubernetes_executor to None, run_after=None
[2022-08-18 01:25:00,990] {processor.py:161} INFO - Processing /home/airflow/.local/lib/python3.7/site-packages/airflow/example_dags/example_kubernetes_executor.py took 0.116 seconds
[2022-08-18 01:25:31,068] {processor.py:153} INFO - Started process (PID=717) to work on /home/airflow/.local/lib/python3.7/site-packages/airflow/example_dags/example_kubernetes_executor.py
[2022-08-18 01:25:31,069] {processor.py:641} INFO - Processing file /home/airflow/.local/lib/python3.7/site-packages/airflow/example_dags/example_kubernetes_executor.py for tasks to queue
[2022-08-18 01:25:31,070] {logging_mixin.py:115} INFO - [2022-08-18 01:25:31,070] {dagbag.py:508} INFO - Filling up the DagBag from /home/airflow/.local/lib/python3.7/site-packages/airflow/example_dags/example_kubernetes_executor.py
[2022-08-18 01:25:31,090] {processor.py:651} INFO - DAG(s) dict_keys(['example_kubernetes_executor']) retrieved from /home/airflow/.local/lib/python3.7/site-packages/airflow/example_dags/example_kubernetes_executor.py
[2022-08-18 01:25:31,114] {logging_mixin.py:115} INFO - [2022-08-18 01:25:31,114] {dag.py:2420} INFO - Sync 1 DAGs
[2022-08-18 01:25:31,136] {logging_mixin.py:115} INFO - [2022-08-18 01:25:31,135] {dag.py:2972} INFO - Setting next_dagrun for example_kubernetes_executor to None, run_after=None
[2022-08-18 01:25:31,158] {processor.py:161} INFO - Processing /home/airflow/.local/lib/python3.7/site-packages/airflow/example_dags/example_kubernetes_executor.py took 0.094 seconds
[2022-08-18 01:26:01,502] {processor.py:153} INFO - Started process (PID=769) to work on /home/airflow/.local/lib/python3.7/site-packages/airflow/example_dags/example_kubernetes_executor.py
[2022-08-18 01:26:01,502] {processor.py:641} INFO - Processing file /home/airflow/.local/lib/python3.7/site-packages/airflow/example_dags/example_kubernetes_executor.py for tasks to queue
[2022-08-18 01:26:01,503] {logging_mixin.py:115} INFO - [2022-08-18 01:26:01,503] {dagbag.py:508} INFO - Filling up the DagBag from /home/airflow/.local/lib/python3.7/site-packages/airflow/example_dags/example_kubernetes_executor.py
[2022-08-18 01:26:01,532] {processor.py:651} INFO - DAG(s) dict_keys(['example_kubernetes_executor']) retrieved from /home/airflow/.local/lib/python3.7/site-packages/airflow/example_dags/example_kubernetes_executor.py
[2022-08-18 01:26:01,559] {logging_mixin.py:115} INFO - [2022-08-18 01:26:01,559] {dag.py:2420} INFO - Sync 1 DAGs
[2022-08-18 01:26:01,582] {logging_mixin.py:115} INFO - [2022-08-18 01:26:01,582] {dag.py:2972} INFO - Setting next_dagrun for example_kubernetes_executor to None, run_after=None
[2022-08-18 01:26:01,602] {processor.py:161} INFO - Processing /home/airflow/.local/lib/python3.7/site-packages/airflow/example_dags/example_kubernetes_executor.py took 0.105 seconds
[2022-08-18 01:26:31,629] {processor.py:153} INFO - Started process (PID=831) to work on /home/airflow/.local/lib/python3.7/site-packages/airflow/example_dags/example_kubernetes_executor.py
[2022-08-18 01:26:31,630] {processor.py:641} INFO - Processing file /home/airflow/.local/lib/python3.7/site-packages/airflow/example_dags/example_kubernetes_executor.py for tasks to queue
[2022-08-18 01:26:31,630] {logging_mixin.py:115} INFO - [2022-08-18 01:26:31,630] {dagbag.py:508} INFO - Filling up the DagBag from /home/airflow/.local/lib/python3.7/site-packages/airflow/example_dags/example_kubernetes_executor.py
[2022-08-18 01:26:31,648] {processor.py:651} INFO - DAG(s) dict_keys(['example_kubernetes_executor']) retrieved from /home/airflow/.local/lib/python3.7/site-packages/airflow/example_dags/example_kubernetes_executor.py
[2022-08-18 01:26:31,670] {logging_mixin.py:115} INFO - [2022-08-18 01:26:31,670] {dag.py:2420} INFO - Sync 1 DAGs
[2022-08-18 01:26:31,690] {logging_mixin.py:115} INFO - [2022-08-18 01:26:31,690] {dag.py:2972} INFO - Setting next_dagrun for example_kubernetes_executor to None, run_after=None
[2022-08-18 01:26:31,717] {processor.py:161} INFO - Processing /home/airflow/.local/lib/python3.7/site-packages/airflow/example_dags/example_kubernetes_executor.py took 0.090 seconds
[2022-08-18 01:27:02,088] {processor.py:153} INFO - Started process (PID=891) to work on /home/airflow/.local/lib/python3.7/site-packages/airflow/example_dags/example_kubernetes_executor.py
[2022-08-18 01:27:02,093] {processor.py:641} INFO - Processing file /home/airflow/.local/lib/python3.7/site-packages/airflow/example_dags/example_kubernetes_executor.py for tasks to queue
[2022-08-18 01:27:02,093] {logging_mixin.py:115} INFO - [2022-08-18 01:27:02,093] {dagbag.py:508} INFO - Filling up the DagBag from /home/airflow/.local/lib/python3.7/site-packages/airflow/example_dags/example_kubernetes_executor.py
[2022-08-18 01:27:02,112] {processor.py:651} INFO - DAG(s) dict_keys(['example_kubernetes_executor']) retrieved from /home/airflow/.local/lib/python3.7/site-packages/airflow/example_dags/example_kubernetes_executor.py
[2022-08-18 01:27:02,140] {logging_mixin.py:115} INFO - [2022-08-18 01:27:02,140] {dag.py:2420} INFO - Sync 1 DAGs
[2022-08-18 01:27:02,160] {logging_mixin.py:115} INFO - [2022-08-18 01:27:02,160] {dag.py:2972} INFO - Setting next_dagrun for example_kubernetes_executor to None, run_after=None
[2022-08-18 01:27:02,181] {processor.py:161} INFO - Processing /home/airflow/.local/lib/python3.7/site-packages/airflow/example_dags/example_kubernetes_executor.py took 0.097 seconds
[2022-08-18 01:27:32,327] {processor.py:153} INFO - Started process (PID=943) to work on /home/airflow/.local/lib/python3.7/site-packages/airflow/example_dags/example_kubernetes_executor.py
[2022-08-18 01:27:32,328] {processor.py:641} INFO - Processing file /home/airflow/.local/lib/python3.7/site-packages/airflow/example_dags/example_kubernetes_executor.py for tasks to queue
[2022-08-18 01:27:32,328] {logging_mixin.py:115} INFO - [2022-08-18 01:27:32,328] {dagbag.py:508} INFO - Filling up the DagBag from /home/airflow/.local/lib/python3.7/site-packages/airflow/example_dags/example_kubernetes_executor.py
[2022-08-18 01:27:32,353] {processor.py:651} INFO - DAG(s) dict_keys(['example_kubernetes_executor']) retrieved from /home/airflow/.local/lib/python3.7/site-packages/airflow/example_dags/example_kubernetes_executor.py
[2022-08-18 01:27:32,381] {logging_mixin.py:115} INFO - [2022-08-18 01:27:32,381] {dag.py:2420} INFO - Sync 1 DAGs
[2022-08-18 01:27:32,407] {logging_mixin.py:115} INFO - [2022-08-18 01:27:32,407] {dag.py:2972} INFO - Setting next_dagrun for example_kubernetes_executor to None, run_after=None
[2022-08-18 01:27:32,421] {processor.py:161} INFO - Processing /home/airflow/.local/lib/python3.7/site-packages/airflow/example_dags/example_kubernetes_executor.py took 0.097 seconds
[2022-08-18 01:28:02,559] {processor.py:153} INFO - Started process (PID=1004) to work on /home/airflow/.local/lib/python3.7/site-packages/airflow/example_dags/example_kubernetes_executor.py
[2022-08-18 01:28:02,559] {processor.py:641} INFO - Processing file /home/airflow/.local/lib/python3.7/site-packages/airflow/example_dags/example_kubernetes_executor.py for tasks to queue
[2022-08-18 01:28:02,559] {logging_mixin.py:115} INFO - [2022-08-18 01:28:02,559] {dagbag.py:508} INFO - Filling up the DagBag from /home/airflow/.local/lib/python3.7/site-packages/airflow/example_dags/example_kubernetes_executor.py
[2022-08-18 01:28:02,586] {processor.py:651} INFO - DAG(s) dict_keys(['example_kubernetes_executor']) retrieved from /home/airflow/.local/lib/python3.7/site-packages/airflow/example_dags/example_kubernetes_executor.py
[2022-08-18 01:28:02,617] {logging_mixin.py:115} INFO - [2022-08-18 01:28:02,616] {dag.py:2420} INFO - Sync 1 DAGs
[2022-08-18 01:28:02,644] {logging_mixin.py:115} INFO - [2022-08-18 01:28:02,644] {dag.py:2972} INFO - Setting next_dagrun for example_kubernetes_executor to None, run_after=None
[2022-08-18 01:28:02,667] {processor.py:161} INFO - Processing /home/airflow/.local/lib/python3.7/site-packages/airflow/example_dags/example_kubernetes_executor.py took 0.110 seconds
[2022-08-18 01:28:33,131] {processor.py:153} INFO - Started process (PID=1065) to work on /home/airflow/.local/lib/python3.7/site-packages/airflow/example_dags/example_kubernetes_executor.py
[2022-08-18 01:28:33,131] {processor.py:641} INFO - Processing file /home/airflow/.local/lib/python3.7/site-packages/airflow/example_dags/example_kubernetes_executor.py for tasks to queue
[2022-08-18 01:28:33,131] {logging_mixin.py:115} INFO - [2022-08-18 01:28:33,131] {dagbag.py:508} INFO - Filling up the DagBag from /home/airflow/.local/lib/python3.7/site-packages/airflow/example_dags/example_kubernetes_executor.py
[2022-08-18 01:28:33,153] {processor.py:651} INFO - DAG(s) dict_keys(['example_kubernetes_executor']) retrieved from /home/airflow/.local/lib/python3.7/site-packages/airflow/example_dags/example_kubernetes_executor.py
[2022-08-18 01:28:33,183] {logging_mixin.py:115} INFO - [2022-08-18 01:28:33,182] {dag.py:2420} INFO - Sync 1 DAGs
[2022-08-18 01:28:33,213] {logging_mixin.py:115} INFO - [2022-08-18 01:28:33,213] {dag.py:2972} INFO - Setting next_dagrun for example_kubernetes_executor to None, run_after=None
[2022-08-18 01:28:33,249] {processor.py:161} INFO - Processing /home/airflow/.local/lib/python3.7/site-packages/airflow/example_dags/example_kubernetes_executor.py took 0.121 seconds
[2022-08-18 01:29:04,334] {processor.py:153} INFO - Started process (PID=1117) to work on /home/airflow/.local/lib/python3.7/site-packages/airflow/example_dags/example_kubernetes_executor.py
[2022-08-18 01:29:04,335] {processor.py:641} INFO - Processing file /home/airflow/.local/lib/python3.7/site-packages/airflow/example_dags/example_kubernetes_executor.py for tasks to queue
[2022-08-18 01:29:04,335] {logging_mixin.py:115} INFO - [2022-08-18 01:29:04,335] {dagbag.py:508} INFO - Filling up the DagBag from /home/airflow/.local/lib/python3.7/site-packages/airflow/example_dags/example_kubernetes_executor.py
[2022-08-18 01:29:04,359] {processor.py:651} INFO - DAG(s) dict_keys(['example_kubernetes_executor']) retrieved from /home/airflow/.local/lib/python3.7/site-packages/airflow/example_dags/example_kubernetes_executor.py
[2022-08-18 01:29:04,388] {logging_mixin.py:115} INFO - [2022-08-18 01:29:04,388] {dag.py:2420} INFO - Sync 1 DAGs
[2022-08-18 01:29:04,411] {logging_mixin.py:115} INFO - [2022-08-18 01:29:04,411] {dag.py:2972} INFO - Setting next_dagrun for example_kubernetes_executor to None, run_after=None
[2022-08-18 01:29:04,435] {processor.py:161} INFO - Processing /home/airflow/.local/lib/python3.7/site-packages/airflow/example_dags/example_kubernetes_executor.py took 0.104 seconds
[2022-08-18 01:29:34,577] {processor.py:153} INFO - Started process (PID=1178) to work on /home/airflow/.local/lib/python3.7/site-packages/airflow/example_dags/example_kubernetes_executor.py
[2022-08-18 01:29:34,577] {processor.py:641} INFO - Processing file /home/airflow/.local/lib/python3.7/site-packages/airflow/example_dags/example_kubernetes_executor.py for tasks to queue
[2022-08-18 01:29:34,578] {logging_mixin.py:115} INFO - [2022-08-18 01:29:34,578] {dagbag.py:508} INFO - Filling up the DagBag from /home/airflow/.local/lib/python3.7/site-packages/airflow/example_dags/example_kubernetes_executor.py
[2022-08-18 01:29:34,601] {processor.py:651} INFO - DAG(s) dict_keys(['example_kubernetes_executor']) retrieved from /home/airflow/.local/lib/python3.7/site-packages/airflow/example_dags/example_kubernetes_executor.py
[2022-08-18 01:29:34,628] {logging_mixin.py:115} INFO - [2022-08-18 01:29:34,628] {dag.py:2420} INFO - Sync 1 DAGs
[2022-08-18 01:29:34,650] {logging_mixin.py:115} INFO - [2022-08-18 01:29:34,650] {dag.py:2972} INFO - Setting next_dagrun for example_kubernetes_executor to None, run_after=None
[2022-08-18 01:29:34,664] {processor.py:161} INFO - Processing /home/airflow/.local/lib/python3.7/site-packages/airflow/example_dags/example_kubernetes_executor.py took 0.092 seconds
[2022-08-18 01:30:05,532] {processor.py:153} INFO - Started process (PID=1230) to work on /home/airflow/.local/lib/python3.7/site-packages/airflow/example_dags/example_kubernetes_executor.py
[2022-08-18 01:30:05,532] {processor.py:641} INFO - Processing file /home/airflow/.local/lib/python3.7/site-packages/airflow/example_dags/example_kubernetes_executor.py for tasks to queue
[2022-08-18 01:30:05,532] {logging_mixin.py:115} INFO - [2022-08-18 01:30:05,532] {dagbag.py:508} INFO - Filling up the DagBag from /home/airflow/.local/lib/python3.7/site-packages/airflow/example_dags/example_kubernetes_executor.py
[2022-08-18 01:30:05,557] {processor.py:651} INFO - DAG(s) dict_keys(['example_kubernetes_executor']) retrieved from /home/airflow/.local/lib/python3.7/site-packages/airflow/example_dags/example_kubernetes_executor.py
[2022-08-18 01:30:05,584] {logging_mixin.py:115} INFO - [2022-08-18 01:30:05,584] {dag.py:2420} INFO - Sync 1 DAGs
[2022-08-18 01:30:05,606] {logging_mixin.py:115} INFO - [2022-08-18 01:30:05,606] {dag.py:2972} INFO - Setting next_dagrun for example_kubernetes_executor to None, run_after=None
[2022-08-18 01:30:05,734] {processor.py:161} INFO - Processing /home/airflow/.local/lib/python3.7/site-packages/airflow/example_dags/example_kubernetes_executor.py took 0.205 seconds
[2022-08-18 01:30:35,779] {processor.py:153} INFO - Started process (PID=1291) to work on /home/airflow/.local/lib/python3.7/site-packages/airflow/example_dags/example_kubernetes_executor.py
[2022-08-18 01:30:35,779] {processor.py:641} INFO - Processing file /home/airflow/.local/lib/python3.7/site-packages/airflow/example_dags/example_kubernetes_executor.py for tasks to queue
[2022-08-18 01:30:35,780] {logging_mixin.py:115} INFO - [2022-08-18 01:30:35,780] {dagbag.py:508} INFO - Filling up the DagBag from /home/airflow/.local/lib/python3.7/site-packages/airflow/example_dags/example_kubernetes_executor.py
[2022-08-18 01:30:35,805] {processor.py:651} INFO - DAG(s) dict_keys(['example_kubernetes_executor']) retrieved from /home/airflow/.local/lib/python3.7/site-packages/airflow/example_dags/example_kubernetes_executor.py
[2022-08-18 01:30:35,833] {logging_mixin.py:115} INFO - [2022-08-18 01:30:35,833] {dag.py:2420} INFO - Sync 1 DAGs
[2022-08-18 01:30:35,859] {logging_mixin.py:115} INFO - [2022-08-18 01:30:35,859] {dag.py:2972} INFO - Setting next_dagrun for example_kubernetes_executor to None, run_after=None
[2022-08-18 01:30:35,873] {processor.py:161} INFO - Processing /home/airflow/.local/lib/python3.7/site-packages/airflow/example_dags/example_kubernetes_executor.py took 0.096 seconds
[2022-08-18 01:31:05,962] {processor.py:153} INFO - Started process (PID=1352) to work on /home/airflow/.local/lib/python3.7/site-packages/airflow/example_dags/example_kubernetes_executor.py
[2022-08-18 01:31:05,968] {processor.py:641} INFO - Processing file /home/airflow/.local/lib/python3.7/site-packages/airflow/example_dags/example_kubernetes_executor.py for tasks to queue
[2022-08-18 01:31:05,969] {logging_mixin.py:115} INFO - [2022-08-18 01:31:05,969] {dagbag.py:508} INFO - Filling up the DagBag from /home/airflow/.local/lib/python3.7/site-packages/airflow/example_dags/example_kubernetes_executor.py
[2022-08-18 01:31:05,996] {processor.py:651} INFO - DAG(s) dict_keys(['example_kubernetes_executor']) retrieved from /home/airflow/.local/lib/python3.7/site-packages/airflow/example_dags/example_kubernetes_executor.py
[2022-08-18 01:31:06,018] {logging_mixin.py:115} INFO - [2022-08-18 01:31:06,018] {dag.py:2420} INFO - Sync 1 DAGs
[2022-08-18 01:31:06,039] {logging_mixin.py:115} INFO - [2022-08-18 01:31:06,039] {dag.py:2972} INFO - Setting next_dagrun for example_kubernetes_executor to None, run_after=None
[2022-08-18 01:31:06,057] {processor.py:161} INFO - Processing /home/airflow/.local/lib/python3.7/site-packages/airflow/example_dags/example_kubernetes_executor.py took 0.098 seconds
[2022-08-18 01:31:36,930] {processor.py:153} INFO - Started process (PID=1404) to work on /home/airflow/.local/lib/python3.7/site-packages/airflow/example_dags/example_kubernetes_executor.py
[2022-08-18 01:31:36,930] {processor.py:641} INFO - Processing file /home/airflow/.local/lib/python3.7/site-packages/airflow/example_dags/example_kubernetes_executor.py for tasks to queue
[2022-08-18 01:31:36,931] {logging_mixin.py:115} INFO - [2022-08-18 01:31:36,931] {dagbag.py:508} INFO - Filling up the DagBag from /home/airflow/.local/lib/python3.7/site-packages/airflow/example_dags/example_kubernetes_executor.py
[2022-08-18 01:31:36,954] {processor.py:651} INFO - DAG(s) dict_keys(['example_kubernetes_executor']) retrieved from /home/airflow/.local/lib/python3.7/site-packages/airflow/example_dags/example_kubernetes_executor.py
[2022-08-18 01:31:36,978] {logging_mixin.py:115} INFO - [2022-08-18 01:31:36,978] {dag.py:2420} INFO - Sync 1 DAGs
[2022-08-18 01:31:37,003] {logging_mixin.py:115} INFO - [2022-08-18 01:31:37,003] {dag.py:2972} INFO - Setting next_dagrun for example_kubernetes_executor to None, run_after=None
[2022-08-18 01:31:37,026] {processor.py:161} INFO - Processing /home/airflow/.local/lib/python3.7/site-packages/airflow/example_dags/example_kubernetes_executor.py took 0.100 seconds
[2022-08-18 01:32:07,929] {processor.py:153} INFO - Started process (PID=1465) to work on /home/airflow/.local/lib/python3.7/site-packages/airflow/example_dags/example_kubernetes_executor.py
[2022-08-18 01:32:07,930] {processor.py:641} INFO - Processing file /home/airflow/.local/lib/python3.7/site-packages/airflow/example_dags/example_kubernetes_executor.py for tasks to queue
[2022-08-18 01:32:07,931] {logging_mixin.py:115} INFO - [2022-08-18 01:32:07,931] {dagbag.py:508} INFO - Filling up the DagBag from /home/airflow/.local/lib/python3.7/site-packages/airflow/example_dags/example_kubernetes_executor.py
[2022-08-18 01:32:07,953] {processor.py:651} INFO - DAG(s) dict_keys(['example_kubernetes_executor']) retrieved from /home/airflow/.local/lib/python3.7/site-packages/airflow/example_dags/example_kubernetes_executor.py
[2022-08-18 01:32:07,984] {logging_mixin.py:115} INFO - [2022-08-18 01:32:07,984] {dag.py:2420} INFO - Sync 1 DAGs
[2022-08-18 01:32:08,006] {logging_mixin.py:115} INFO - [2022-08-18 01:32:08,006] {dag.py:2972} INFO - Setting next_dagrun for example_kubernetes_executor to None, run_after=None
[2022-08-18 01:32:08,022] {processor.py:161} INFO - Processing /home/airflow/.local/lib/python3.7/site-packages/airflow/example_dags/example_kubernetes_executor.py took 0.097 seconds
[2022-08-18 01:32:38,216] {processor.py:153} INFO - Started process (PID=1525) to work on /home/airflow/.local/lib/python3.7/site-packages/airflow/example_dags/example_kubernetes_executor.py
[2022-08-18 01:32:38,216] {processor.py:641} INFO - Processing file /home/airflow/.local/lib/python3.7/site-packages/airflow/example_dags/example_kubernetes_executor.py for tasks to queue
[2022-08-18 01:32:38,217] {logging_mixin.py:115} INFO - [2022-08-18 01:32:38,217] {dagbag.py:508} INFO - Filling up the DagBag from /home/airflow/.local/lib/python3.7/site-packages/airflow/example_dags/example_kubernetes_executor.py
[2022-08-18 01:32:38,240] {processor.py:651} INFO - DAG(s) dict_keys(['example_kubernetes_executor']) retrieved from /home/airflow/.local/lib/python3.7/site-packages/airflow/example_dags/example_kubernetes_executor.py
[2022-08-18 01:32:38,270] {logging_mixin.py:115} INFO - [2022-08-18 01:32:38,270] {dag.py:2420} INFO - Sync 1 DAGs
[2022-08-18 01:32:38,291] {logging_mixin.py:115} INFO - [2022-08-18 01:32:38,291] {dag.py:2972} INFO - Setting next_dagrun for example_kubernetes_executor to None, run_after=None
[2022-08-18 01:32:38,325] {processor.py:161} INFO - Processing /home/airflow/.local/lib/python3.7/site-packages/airflow/example_dags/example_kubernetes_executor.py took 0.114 seconds
[2022-08-18 01:33:08,366] {processor.py:153} INFO - Started process (PID=1577) to work on /home/airflow/.local/lib/python3.7/site-packages/airflow/example_dags/example_kubernetes_executor.py
[2022-08-18 01:33:08,367] {processor.py:641} INFO - Processing file /home/airflow/.local/lib/python3.7/site-packages/airflow/example_dags/example_kubernetes_executor.py for tasks to queue
[2022-08-18 01:33:08,368] {logging_mixin.py:115} INFO - [2022-08-18 01:33:08,368] {dagbag.py:508} INFO - Filling up the DagBag from /home/airflow/.local/lib/python3.7/site-packages/airflow/example_dags/example_kubernetes_executor.py
[2022-08-18 01:33:08,391] {processor.py:651} INFO - DAG(s) dict_keys(['example_kubernetes_executor']) retrieved from /home/airflow/.local/lib/python3.7/site-packages/airflow/example_dags/example_kubernetes_executor.py
[2022-08-18 01:33:08,420] {logging_mixin.py:115} INFO - [2022-08-18 01:33:08,420] {dag.py:2420} INFO - Sync 1 DAGs
[2022-08-18 01:33:08,445] {logging_mixin.py:115} INFO - [2022-08-18 01:33:08,445] {dag.py:2972} INFO - Setting next_dagrun for example_kubernetes_executor to None, run_after=None
[2022-08-18 01:33:08,466] {processor.py:161} INFO - Processing /home/airflow/.local/lib/python3.7/site-packages/airflow/example_dags/example_kubernetes_executor.py took 0.104 seconds
[2022-08-18 01:33:38,538] {processor.py:153} INFO - Started process (PID=1638) to work on /home/airflow/.local/lib/python3.7/site-packages/airflow/example_dags/example_kubernetes_executor.py
[2022-08-18 01:33:38,539] {processor.py:641} INFO - Processing file /home/airflow/.local/lib/python3.7/site-packages/airflow/example_dags/example_kubernetes_executor.py for tasks to queue
[2022-08-18 01:33:38,539] {logging_mixin.py:115} INFO - [2022-08-18 01:33:38,539] {dagbag.py:508} INFO - Filling up the DagBag from /home/airflow/.local/lib/python3.7/site-packages/airflow/example_dags/example_kubernetes_executor.py
[2022-08-18 01:33:38,560] {processor.py:651} INFO - DAG(s) dict_keys(['example_kubernetes_executor']) retrieved from /home/airflow/.local/lib/python3.7/site-packages/airflow/example_dags/example_kubernetes_executor.py
[2022-08-18 01:33:38,587] {logging_mixin.py:115} INFO - [2022-08-18 01:33:38,587] {dag.py:2420} INFO - Sync 1 DAGs
[2022-08-18 01:33:38,610] {logging_mixin.py:115} INFO - [2022-08-18 01:33:38,610] {dag.py:2972} INFO - Setting next_dagrun for example_kubernetes_executor to None, run_after=None
[2022-08-18 01:33:38,621] {processor.py:161} INFO - Processing /home/airflow/.local/lib/python3.7/site-packages/airflow/example_dags/example_kubernetes_executor.py took 0.088 seconds
[2022-08-18 01:34:09,403] {processor.py:153} INFO - Started process (PID=1700) to work on /home/airflow/.local/lib/python3.7/site-packages/airflow/example_dags/example_kubernetes_executor.py
[2022-08-18 01:34:09,403] {processor.py:641} INFO - Processing file /home/airflow/.local/lib/python3.7/site-packages/airflow/example_dags/example_kubernetes_executor.py for tasks to queue
[2022-08-18 01:34:09,403] {logging_mixin.py:115} INFO - [2022-08-18 01:34:09,403] {dagbag.py:508} INFO - Filling up the DagBag from /home/airflow/.local/lib/python3.7/site-packages/airflow/example_dags/example_kubernetes_executor.py
[2022-08-18 01:34:09,423] {processor.py:651} INFO - DAG(s) dict_keys(['example_kubernetes_executor']) retrieved from /home/airflow/.local/lib/python3.7/site-packages/airflow/example_dags/example_kubernetes_executor.py
[2022-08-18 01:34:09,452] {logging_mixin.py:115} INFO - [2022-08-18 01:34:09,452] {dag.py:2420} INFO - Sync 1 DAGs
[2022-08-18 01:34:09,476] {logging_mixin.py:115} INFO - [2022-08-18 01:34:09,476] {dag.py:2972} INFO - Setting next_dagrun for example_kubernetes_executor to None, run_after=None
[2022-08-18 01:34:09,498] {processor.py:161} INFO - Processing /home/airflow/.local/lib/python3.7/site-packages/airflow/example_dags/example_kubernetes_executor.py took 0.100 seconds
[2022-08-18 01:34:39,547] {processor.py:153} INFO - Started process (PID=1752) to work on /home/airflow/.local/lib/python3.7/site-packages/airflow/example_dags/example_kubernetes_executor.py
[2022-08-18 01:34:39,548] {processor.py:641} INFO - Processing file /home/airflow/.local/lib/python3.7/site-packages/airflow/example_dags/example_kubernetes_executor.py for tasks to queue
[2022-08-18 01:34:39,549] {logging_mixin.py:115} INFO - [2022-08-18 01:34:39,548] {dagbag.py:508} INFO - Filling up the DagBag from /home/airflow/.local/lib/python3.7/site-packages/airflow/example_dags/example_kubernetes_executor.py
[2022-08-18 01:34:39,571] {processor.py:651} INFO - DAG(s) dict_keys(['example_kubernetes_executor']) retrieved from /home/airflow/.local/lib/python3.7/site-packages/airflow/example_dags/example_kubernetes_executor.py
[2022-08-18 01:34:39,593] {logging_mixin.py:115} INFO - [2022-08-18 01:34:39,592] {dag.py:2420} INFO - Sync 1 DAGs
[2022-08-18 01:34:39,613] {logging_mixin.py:115} INFO - [2022-08-18 01:34:39,613] {dag.py:2972} INFO - Setting next_dagrun for example_kubernetes_executor to None, run_after=None
[2022-08-18 01:34:39,633] {processor.py:161} INFO - Processing /home/airflow/.local/lib/python3.7/site-packages/airflow/example_dags/example_kubernetes_executor.py took 0.090 seconds
[2022-08-18 01:35:09,774] {processor.py:153} INFO - Started process (PID=1813) to work on /home/airflow/.local/lib/python3.7/site-packages/airflow/example_dags/example_kubernetes_executor.py
[2022-08-18 01:35:09,774] {processor.py:641} INFO - Processing file /home/airflow/.local/lib/python3.7/site-packages/airflow/example_dags/example_kubernetes_executor.py for tasks to queue
[2022-08-18 01:35:09,775] {logging_mixin.py:115} INFO - [2022-08-18 01:35:09,775] {dagbag.py:508} INFO - Filling up the DagBag from /home/airflow/.local/lib/python3.7/site-packages/airflow/example_dags/example_kubernetes_executor.py
[2022-08-18 01:35:09,795] {processor.py:651} INFO - DAG(s) dict_keys(['example_kubernetes_executor']) retrieved from /home/airflow/.local/lib/python3.7/site-packages/airflow/example_dags/example_kubernetes_executor.py
[2022-08-18 01:35:09,823] {logging_mixin.py:115} INFO - [2022-08-18 01:35:09,823] {dag.py:2420} INFO - Sync 1 DAGs
[2022-08-18 01:35:09,846] {logging_mixin.py:115} INFO - [2022-08-18 01:35:09,846] {dag.py:2972} INFO - Setting next_dagrun for example_kubernetes_executor to None, run_after=None
[2022-08-18 01:35:09,926] {processor.py:161} INFO - Processing /home/airflow/.local/lib/python3.7/site-packages/airflow/example_dags/example_kubernetes_executor.py took 0.156 seconds
[2022-08-18 01:35:40,159] {processor.py:153} INFO - Started process (PID=1866) to work on /home/airflow/.local/lib/python3.7/site-packages/airflow/example_dags/example_kubernetes_executor.py
[2022-08-18 01:35:40,160] {processor.py:641} INFO - Processing file /home/airflow/.local/lib/python3.7/site-packages/airflow/example_dags/example_kubernetes_executor.py for tasks to queue
[2022-08-18 01:35:40,160] {logging_mixin.py:115} INFO - [2022-08-18 01:35:40,160] {dagbag.py:508} INFO - Filling up the DagBag from /home/airflow/.local/lib/python3.7/site-packages/airflow/example_dags/example_kubernetes_executor.py
[2022-08-18 01:35:40,178] {processor.py:651} INFO - DAG(s) dict_keys(['example_kubernetes_executor']) retrieved from /home/airflow/.local/lib/python3.7/site-packages/airflow/example_dags/example_kubernetes_executor.py
[2022-08-18 01:35:40,207] {logging_mixin.py:115} INFO - [2022-08-18 01:35:40,207] {dag.py:2420} INFO - Sync 1 DAGs
[2022-08-18 01:35:40,234] {logging_mixin.py:115} INFO - [2022-08-18 01:35:40,234] {dag.py:2972} INFO - Setting next_dagrun for example_kubernetes_executor to None, run_after=None
[2022-08-18 01:35:40,256] {processor.py:161} INFO - Processing /home/airflow/.local/lib/python3.7/site-packages/airflow/example_dags/example_kubernetes_executor.py took 0.100 seconds
