[2022-08-18 01:19:54,708] {processor.py:153} INFO - Started process (PID=60) to work on /home/airflow/.local/lib/python3.7/site-packages/airflow/example_dags/example_branch_datetime_operator.py
[2022-08-18 01:19:54,709] {processor.py:641} INFO - Processing file /home/airflow/.local/lib/python3.7/site-packages/airflow/example_dags/example_branch_datetime_operator.py for tasks to queue
[2022-08-18 01:19:54,709] {logging_mixin.py:115} INFO - [2022-08-18 01:19:54,709] {dagbag.py:508} INFO - Filling up the DagBag from /home/airflow/.local/lib/python3.7/site-packages/airflow/example_dags/example_branch_datetime_operator.py
[2022-08-18 01:19:54,720] {processor.py:651} INFO - DAG(s) dict_keys(['example_branch_datetime_operator', 'example_branch_datetime_operator_2']) retrieved from /home/airflow/.local/lib/python3.7/site-packages/airflow/example_dags/example_branch_datetime_operator.py
[2022-08-18 01:19:54,835] {logging_mixin.py:115} INFO - [2022-08-18 01:19:54,834] {manager.py:508} INFO - Created Permission View: can edit on DAG:example_branch_datetime_operator
[2022-08-18 01:19:54,860] {logging_mixin.py:115} INFO - [2022-08-18 01:19:54,860] {manager.py:508} INFO - Created Permission View: can read on DAG:example_branch_datetime_operator
[2022-08-18 01:19:54,876] {logging_mixin.py:115} INFO - [2022-08-18 01:19:54,876] {manager.py:508} INFO - Created Permission View: can delete on DAG:example_branch_datetime_operator
[2022-08-18 01:19:54,901] {logging_mixin.py:115} INFO - [2022-08-18 01:19:54,901] {manager.py:508} INFO - Created Permission View: can edit on DAG:example_branch_datetime_operator_2
[2022-08-18 01:19:54,918] {logging_mixin.py:115} INFO - [2022-08-18 01:19:54,918] {manager.py:508} INFO - Created Permission View: can read on DAG:example_branch_datetime_operator_2
[2022-08-18 01:19:54,935] {logging_mixin.py:115} INFO - [2022-08-18 01:19:54,934] {manager.py:508} INFO - Created Permission View: can delete on DAG:example_branch_datetime_operator_2
[2022-08-18 01:19:54,935] {logging_mixin.py:115} INFO - [2022-08-18 01:19:54,935] {dag.py:2420} INFO - Sync 2 DAGs
[2022-08-18 01:19:54,947] {logging_mixin.py:115} INFO - [2022-08-18 01:19:54,947] {dag.py:2439} INFO - Creating ORM DAG for example_branch_datetime_operator_2
[2022-08-18 01:19:54,948] {logging_mixin.py:115} INFO - [2022-08-18 01:19:54,948] {dag.py:2439} INFO - Creating ORM DAG for example_branch_datetime_operator
[2022-08-18 01:19:54,967] {logging_mixin.py:115} INFO - [2022-08-18 01:19:54,967] {dag.py:2972} INFO - Setting next_dagrun for example_branch_datetime_operator to 2022-08-17T00:00:00+00:00, run_after=2022-08-18T00:00:00+00:00
[2022-08-18 01:19:54,970] {logging_mixin.py:115} INFO - [2022-08-18 01:19:54,970] {dag.py:2972} INFO - Setting next_dagrun for example_branch_datetime_operator_2 to 2022-08-17T00:00:00+00:00, run_after=2022-08-18T00:00:00+00:00
[2022-08-18 01:19:54,999] {processor.py:161} INFO - Processing /home/airflow/.local/lib/python3.7/site-packages/airflow/example_dags/example_branch_datetime_operator.py took 0.293 seconds
[2022-08-18 01:20:25,038] {processor.py:153} INFO - Started process (PID=113) to work on /home/airflow/.local/lib/python3.7/site-packages/airflow/example_dags/example_branch_datetime_operator.py
[2022-08-18 01:20:25,038] {processor.py:641} INFO - Processing file /home/airflow/.local/lib/python3.7/site-packages/airflow/example_dags/example_branch_datetime_operator.py for tasks to queue
[2022-08-18 01:20:25,039] {logging_mixin.py:115} INFO - [2022-08-18 01:20:25,038] {dagbag.py:508} INFO - Filling up the DagBag from /home/airflow/.local/lib/python3.7/site-packages/airflow/example_dags/example_branch_datetime_operator.py
[2022-08-18 01:20:25,046] {processor.py:651} INFO - DAG(s) dict_keys(['example_branch_datetime_operator', 'example_branch_datetime_operator_2']) retrieved from /home/airflow/.local/lib/python3.7/site-packages/airflow/example_dags/example_branch_datetime_operator.py
[2022-08-18 01:20:25,074] {logging_mixin.py:115} INFO - [2022-08-18 01:20:25,074] {dag.py:2420} INFO - Sync 2 DAGs
[2022-08-18 01:20:25,101] {logging_mixin.py:115} INFO - [2022-08-18 01:20:25,101] {dag.py:2972} INFO - Setting next_dagrun for example_branch_datetime_operator to 2022-08-17T00:00:00+00:00, run_after=2022-08-18T00:00:00+00:00
[2022-08-18 01:20:25,103] {logging_mixin.py:115} INFO - [2022-08-18 01:20:25,102] {dag.py:2972} INFO - Setting next_dagrun for example_branch_datetime_operator_2 to 2022-08-17T00:00:00+00:00, run_after=2022-08-18T00:00:00+00:00
[2022-08-18 01:20:25,140] {processor.py:161} INFO - Processing /home/airflow/.local/lib/python3.7/site-packages/airflow/example_dags/example_branch_datetime_operator.py took 0.106 seconds
[2022-08-18 01:20:55,287] {processor.py:153} INFO - Started process (PID=174) to work on /home/airflow/.local/lib/python3.7/site-packages/airflow/example_dags/example_branch_datetime_operator.py
[2022-08-18 01:20:55,287] {processor.py:641} INFO - Processing file /home/airflow/.local/lib/python3.7/site-packages/airflow/example_dags/example_branch_datetime_operator.py for tasks to queue
[2022-08-18 01:20:55,288] {logging_mixin.py:115} INFO - [2022-08-18 01:20:55,287] {dagbag.py:508} INFO - Filling up the DagBag from /home/airflow/.local/lib/python3.7/site-packages/airflow/example_dags/example_branch_datetime_operator.py
[2022-08-18 01:20:55,295] {processor.py:651} INFO - DAG(s) dict_keys(['example_branch_datetime_operator', 'example_branch_datetime_operator_2']) retrieved from /home/airflow/.local/lib/python3.7/site-packages/airflow/example_dags/example_branch_datetime_operator.py
[2022-08-18 01:20:55,322] {logging_mixin.py:115} INFO - [2022-08-18 01:20:55,322] {dag.py:2420} INFO - Sync 2 DAGs
[2022-08-18 01:20:55,348] {logging_mixin.py:115} INFO - [2022-08-18 01:20:55,348] {dag.py:2972} INFO - Setting next_dagrun for example_branch_datetime_operator to 2022-08-17T00:00:00+00:00, run_after=2022-08-18T00:00:00+00:00
[2022-08-18 01:20:55,350] {logging_mixin.py:115} INFO - [2022-08-18 01:20:55,350] {dag.py:2972} INFO - Setting next_dagrun for example_branch_datetime_operator_2 to 2022-08-17T00:00:00+00:00, run_after=2022-08-18T00:00:00+00:00
[2022-08-18 01:20:55,365] {processor.py:161} INFO - Processing /home/airflow/.local/lib/python3.7/site-packages/airflow/example_dags/example_branch_datetime_operator.py took 0.081 seconds
[2022-08-18 01:21:25,560] {processor.py:153} INFO - Started process (PID=235) to work on /home/airflow/.local/lib/python3.7/site-packages/airflow/example_dags/example_branch_datetime_operator.py
[2022-08-18 01:21:25,560] {processor.py:641} INFO - Processing file /home/airflow/.local/lib/python3.7/site-packages/airflow/example_dags/example_branch_datetime_operator.py for tasks to queue
[2022-08-18 01:21:25,561] {logging_mixin.py:115} INFO - [2022-08-18 01:21:25,561] {dagbag.py:508} INFO - Filling up the DagBag from /home/airflow/.local/lib/python3.7/site-packages/airflow/example_dags/example_branch_datetime_operator.py
[2022-08-18 01:21:25,570] {processor.py:651} INFO - DAG(s) dict_keys(['example_branch_datetime_operator', 'example_branch_datetime_operator_2']) retrieved from /home/airflow/.local/lib/python3.7/site-packages/airflow/example_dags/example_branch_datetime_operator.py
[2022-08-18 01:21:25,605] {logging_mixin.py:115} INFO - [2022-08-18 01:21:25,605] {dag.py:2420} INFO - Sync 2 DAGs
[2022-08-18 01:21:25,628] {logging_mixin.py:115} INFO - [2022-08-18 01:21:25,628] {dag.py:2972} INFO - Setting next_dagrun for example_branch_datetime_operator to 2022-08-17T00:00:00+00:00, run_after=2022-08-18T00:00:00+00:00
[2022-08-18 01:21:25,629] {logging_mixin.py:115} INFO - [2022-08-18 01:21:25,629] {dag.py:2972} INFO - Setting next_dagrun for example_branch_datetime_operator_2 to 2022-08-17T00:00:00+00:00, run_after=2022-08-18T00:00:00+00:00
[2022-08-18 01:21:25,651] {processor.py:161} INFO - Processing /home/airflow/.local/lib/python3.7/site-packages/airflow/example_dags/example_branch_datetime_operator.py took 0.094 seconds
[2022-08-18 01:21:55,883] {processor.py:153} INFO - Started process (PID=287) to work on /home/airflow/.local/lib/python3.7/site-packages/airflow/example_dags/example_branch_datetime_operator.py
[2022-08-18 01:21:55,883] {processor.py:641} INFO - Processing file /home/airflow/.local/lib/python3.7/site-packages/airflow/example_dags/example_branch_datetime_operator.py for tasks to queue
[2022-08-18 01:21:55,883] {logging_mixin.py:115} INFO - [2022-08-18 01:21:55,883] {dagbag.py:508} INFO - Filling up the DagBag from /home/airflow/.local/lib/python3.7/site-packages/airflow/example_dags/example_branch_datetime_operator.py
[2022-08-18 01:21:55,892] {processor.py:651} INFO - DAG(s) dict_keys(['example_branch_datetime_operator', 'example_branch_datetime_operator_2']) retrieved from /home/airflow/.local/lib/python3.7/site-packages/airflow/example_dags/example_branch_datetime_operator.py
[2022-08-18 01:21:55,916] {logging_mixin.py:115} INFO - [2022-08-18 01:21:55,915] {dag.py:2420} INFO - Sync 2 DAGs
[2022-08-18 01:21:55,940] {logging_mixin.py:115} INFO - [2022-08-18 01:21:55,940] {dag.py:2972} INFO - Setting next_dagrun for example_branch_datetime_operator to 2022-08-17T00:00:00+00:00, run_after=2022-08-18T00:00:00+00:00
[2022-08-18 01:21:55,942] {logging_mixin.py:115} INFO - [2022-08-18 01:21:55,942] {dag.py:2972} INFO - Setting next_dagrun for example_branch_datetime_operator_2 to 2022-08-17T00:00:00+00:00, run_after=2022-08-18T00:00:00+00:00
[2022-08-18 01:21:55,957] {processor.py:161} INFO - Processing /home/airflow/.local/lib/python3.7/site-packages/airflow/example_dags/example_branch_datetime_operator.py took 0.076 seconds
[2022-08-18 01:22:26,246] {processor.py:153} INFO - Started process (PID=348) to work on /home/airflow/.local/lib/python3.7/site-packages/airflow/example_dags/example_branch_datetime_operator.py
[2022-08-18 01:22:26,246] {processor.py:641} INFO - Processing file /home/airflow/.local/lib/python3.7/site-packages/airflow/example_dags/example_branch_datetime_operator.py for tasks to queue
[2022-08-18 01:22:26,247] {logging_mixin.py:115} INFO - [2022-08-18 01:22:26,247] {dagbag.py:508} INFO - Filling up the DagBag from /home/airflow/.local/lib/python3.7/site-packages/airflow/example_dags/example_branch_datetime_operator.py
[2022-08-18 01:22:26,259] {processor.py:651} INFO - DAG(s) dict_keys(['example_branch_datetime_operator', 'example_branch_datetime_operator_2']) retrieved from /home/airflow/.local/lib/python3.7/site-packages/airflow/example_dags/example_branch_datetime_operator.py
[2022-08-18 01:22:26,291] {logging_mixin.py:115} INFO - [2022-08-18 01:22:26,291] {dag.py:2420} INFO - Sync 2 DAGs
[2022-08-18 01:22:26,316] {logging_mixin.py:115} INFO - [2022-08-18 01:22:26,316] {dag.py:2972} INFO - Setting next_dagrun for example_branch_datetime_operator to 2022-08-17T00:00:00+00:00, run_after=2022-08-18T00:00:00+00:00
[2022-08-18 01:22:26,318] {logging_mixin.py:115} INFO - [2022-08-18 01:22:26,318] {dag.py:2972} INFO - Setting next_dagrun for example_branch_datetime_operator_2 to 2022-08-17T00:00:00+00:00, run_after=2022-08-18T00:00:00+00:00
[2022-08-18 01:22:26,331] {processor.py:161} INFO - Processing /home/airflow/.local/lib/python3.7/site-packages/airflow/example_dags/example_branch_datetime_operator.py took 0.090 seconds
[2022-08-18 01:22:56,390] {processor.py:153} INFO - Started process (PID=400) to work on /home/airflow/.local/lib/python3.7/site-packages/airflow/example_dags/example_branch_datetime_operator.py
[2022-08-18 01:22:56,391] {processor.py:641} INFO - Processing file /home/airflow/.local/lib/python3.7/site-packages/airflow/example_dags/example_branch_datetime_operator.py for tasks to queue
[2022-08-18 01:22:56,391] {logging_mixin.py:115} INFO - [2022-08-18 01:22:56,391] {dagbag.py:508} INFO - Filling up the DagBag from /home/airflow/.local/lib/python3.7/site-packages/airflow/example_dags/example_branch_datetime_operator.py
[2022-08-18 01:22:56,399] {processor.py:651} INFO - DAG(s) dict_keys(['example_branch_datetime_operator', 'example_branch_datetime_operator_2']) retrieved from /home/airflow/.local/lib/python3.7/site-packages/airflow/example_dags/example_branch_datetime_operator.py
[2022-08-18 01:22:56,433] {logging_mixin.py:115} INFO - [2022-08-18 01:22:56,432] {dag.py:2420} INFO - Sync 2 DAGs
[2022-08-18 01:22:56,467] {logging_mixin.py:115} INFO - [2022-08-18 01:22:56,467] {dag.py:2972} INFO - Setting next_dagrun for example_branch_datetime_operator to 2022-08-17T00:00:00+00:00, run_after=2022-08-18T00:00:00+00:00
[2022-08-18 01:22:56,469] {logging_mixin.py:115} INFO - [2022-08-18 01:22:56,469] {dag.py:2972} INFO - Setting next_dagrun for example_branch_datetime_operator_2 to 2022-08-17T00:00:00+00:00, run_after=2022-08-18T00:00:00+00:00
[2022-08-18 01:22:56,493] {processor.py:161} INFO - Processing /home/airflow/.local/lib/python3.7/site-packages/airflow/example_dags/example_branch_datetime_operator.py took 0.108 seconds
[2022-08-18 01:23:26,529] {processor.py:153} INFO - Started process (PID=461) to work on /home/airflow/.local/lib/python3.7/site-packages/airflow/example_dags/example_branch_datetime_operator.py
[2022-08-18 01:23:26,530] {processor.py:641} INFO - Processing file /home/airflow/.local/lib/python3.7/site-packages/airflow/example_dags/example_branch_datetime_operator.py for tasks to queue
[2022-08-18 01:23:26,531] {logging_mixin.py:115} INFO - [2022-08-18 01:23:26,531] {dagbag.py:508} INFO - Filling up the DagBag from /home/airflow/.local/lib/python3.7/site-packages/airflow/example_dags/example_branch_datetime_operator.py
[2022-08-18 01:23:26,538] {processor.py:651} INFO - DAG(s) dict_keys(['example_branch_datetime_operator', 'example_branch_datetime_operator_2']) retrieved from /home/airflow/.local/lib/python3.7/site-packages/airflow/example_dags/example_branch_datetime_operator.py
[2022-08-18 01:23:26,569] {logging_mixin.py:115} INFO - [2022-08-18 01:23:26,569] {dag.py:2420} INFO - Sync 2 DAGs
[2022-08-18 01:23:26,592] {logging_mixin.py:115} INFO - [2022-08-18 01:23:26,592] {dag.py:2972} INFO - Setting next_dagrun for example_branch_datetime_operator to 2022-08-17T00:00:00+00:00, run_after=2022-08-18T00:00:00+00:00
[2022-08-18 01:23:26,594] {logging_mixin.py:115} INFO - [2022-08-18 01:23:26,593] {dag.py:2972} INFO - Setting next_dagrun for example_branch_datetime_operator_2 to 2022-08-17T00:00:00+00:00, run_after=2022-08-18T00:00:00+00:00
[2022-08-18 01:23:26,627] {processor.py:161} INFO - Processing /home/airflow/.local/lib/python3.7/site-packages/airflow/example_dags/example_branch_datetime_operator.py took 0.103 seconds
[2022-08-18 01:23:56,769] {processor.py:153} INFO - Started process (PID=522) to work on /home/airflow/.local/lib/python3.7/site-packages/airflow/example_dags/example_branch_datetime_operator.py
[2022-08-18 01:23:56,769] {processor.py:641} INFO - Processing file /home/airflow/.local/lib/python3.7/site-packages/airflow/example_dags/example_branch_datetime_operator.py for tasks to queue
[2022-08-18 01:23:56,770] {logging_mixin.py:115} INFO - [2022-08-18 01:23:56,770] {dagbag.py:508} INFO - Filling up the DagBag from /home/airflow/.local/lib/python3.7/site-packages/airflow/example_dags/example_branch_datetime_operator.py
[2022-08-18 01:23:56,778] {processor.py:651} INFO - DAG(s) dict_keys(['example_branch_datetime_operator', 'example_branch_datetime_operator_2']) retrieved from /home/airflow/.local/lib/python3.7/site-packages/airflow/example_dags/example_branch_datetime_operator.py
[2022-08-18 01:23:56,802] {logging_mixin.py:115} INFO - [2022-08-18 01:23:56,802] {dag.py:2420} INFO - Sync 2 DAGs
[2022-08-18 01:23:56,826] {logging_mixin.py:115} INFO - [2022-08-18 01:23:56,826] {dag.py:2972} INFO - Setting next_dagrun for example_branch_datetime_operator to 2022-08-17T00:00:00+00:00, run_after=2022-08-18T00:00:00+00:00
[2022-08-18 01:23:56,828] {logging_mixin.py:115} INFO - [2022-08-18 01:23:56,828] {dag.py:2972} INFO - Setting next_dagrun for example_branch_datetime_operator_2 to 2022-08-17T00:00:00+00:00, run_after=2022-08-18T00:00:00+00:00
[2022-08-18 01:23:56,848] {processor.py:161} INFO - Processing /home/airflow/.local/lib/python3.7/site-packages/airflow/example_dags/example_branch_datetime_operator.py took 0.081 seconds
[2022-08-18 01:24:27,093] {processor.py:153} INFO - Started process (PID=574) to work on /home/airflow/.local/lib/python3.7/site-packages/airflow/example_dags/example_branch_datetime_operator.py
[2022-08-18 01:24:27,111] {processor.py:641} INFO - Processing file /home/airflow/.local/lib/python3.7/site-packages/airflow/example_dags/example_branch_datetime_operator.py for tasks to queue
[2022-08-18 01:24:27,111] {logging_mixin.py:115} INFO - [2022-08-18 01:24:27,111] {dagbag.py:508} INFO - Filling up the DagBag from /home/airflow/.local/lib/python3.7/site-packages/airflow/example_dags/example_branch_datetime_operator.py
[2022-08-18 01:24:27,125] {processor.py:651} INFO - DAG(s) dict_keys(['example_branch_datetime_operator', 'example_branch_datetime_operator_2']) retrieved from /home/airflow/.local/lib/python3.7/site-packages/airflow/example_dags/example_branch_datetime_operator.py
[2022-08-18 01:24:27,149] {logging_mixin.py:115} INFO - [2022-08-18 01:24:27,149] {dag.py:2420} INFO - Sync 2 DAGs
[2022-08-18 01:24:27,172] {logging_mixin.py:115} INFO - [2022-08-18 01:24:27,172] {dag.py:2972} INFO - Setting next_dagrun for example_branch_datetime_operator to 2022-08-17T00:00:00+00:00, run_after=2022-08-18T00:00:00+00:00
[2022-08-18 01:24:27,174] {logging_mixin.py:115} INFO - [2022-08-18 01:24:27,174] {dag.py:2972} INFO - Setting next_dagrun for example_branch_datetime_operator_2 to 2022-08-17T00:00:00+00:00, run_after=2022-08-18T00:00:00+00:00
[2022-08-18 01:24:27,189] {processor.py:161} INFO - Processing /home/airflow/.local/lib/python3.7/site-packages/airflow/example_dags/example_branch_datetime_operator.py took 0.098 seconds
[2022-08-18 01:24:57,529] {processor.py:153} INFO - Started process (PID=635) to work on /home/airflow/.local/lib/python3.7/site-packages/airflow/example_dags/example_branch_datetime_operator.py
[2022-08-18 01:24:57,546] {processor.py:641} INFO - Processing file /home/airflow/.local/lib/python3.7/site-packages/airflow/example_dags/example_branch_datetime_operator.py for tasks to queue
[2022-08-18 01:24:57,547] {logging_mixin.py:115} INFO - [2022-08-18 01:24:57,547] {dagbag.py:508} INFO - Filling up the DagBag from /home/airflow/.local/lib/python3.7/site-packages/airflow/example_dags/example_branch_datetime_operator.py
[2022-08-18 01:24:57,563] {processor.py:651} INFO - DAG(s) dict_keys(['example_branch_datetime_operator', 'example_branch_datetime_operator_2']) retrieved from /home/airflow/.local/lib/python3.7/site-packages/airflow/example_dags/example_branch_datetime_operator.py
[2022-08-18 01:24:57,587] {logging_mixin.py:115} INFO - [2022-08-18 01:24:57,587] {dag.py:2420} INFO - Sync 2 DAGs
[2022-08-18 01:24:57,610] {logging_mixin.py:115} INFO - [2022-08-18 01:24:57,610] {dag.py:2972} INFO - Setting next_dagrun for example_branch_datetime_operator to 2022-08-17T00:00:00+00:00, run_after=2022-08-18T00:00:00+00:00
[2022-08-18 01:24:57,612] {logging_mixin.py:115} INFO - [2022-08-18 01:24:57,612] {dag.py:2972} INFO - Setting next_dagrun for example_branch_datetime_operator_2 to 2022-08-17T00:00:00+00:00, run_after=2022-08-18T00:00:00+00:00
[2022-08-18 01:24:57,639] {processor.py:161} INFO - Processing /home/airflow/.local/lib/python3.7/site-packages/airflow/example_dags/example_branch_datetime_operator.py took 0.114 seconds
[2022-08-18 01:25:27,838] {processor.py:153} INFO - Started process (PID=697) to work on /home/airflow/.local/lib/python3.7/site-packages/airflow/example_dags/example_branch_datetime_operator.py
[2022-08-18 01:25:27,854] {processor.py:641} INFO - Processing file /home/airflow/.local/lib/python3.7/site-packages/airflow/example_dags/example_branch_datetime_operator.py for tasks to queue
[2022-08-18 01:25:27,855] {logging_mixin.py:115} INFO - [2022-08-18 01:25:27,854] {dagbag.py:508} INFO - Filling up the DagBag from /home/airflow/.local/lib/python3.7/site-packages/airflow/example_dags/example_branch_datetime_operator.py
[2022-08-18 01:25:27,866] {processor.py:651} INFO - DAG(s) dict_keys(['example_branch_datetime_operator', 'example_branch_datetime_operator_2']) retrieved from /home/airflow/.local/lib/python3.7/site-packages/airflow/example_dags/example_branch_datetime_operator.py
[2022-08-18 01:25:27,898] {logging_mixin.py:115} INFO - [2022-08-18 01:25:27,898] {dag.py:2420} INFO - Sync 2 DAGs
[2022-08-18 01:25:27,929] {logging_mixin.py:115} INFO - [2022-08-18 01:25:27,929] {dag.py:2972} INFO - Setting next_dagrun for example_branch_datetime_operator to 2022-08-17T00:00:00+00:00, run_after=2022-08-18T00:00:00+00:00
[2022-08-18 01:25:27,932] {logging_mixin.py:115} INFO - [2022-08-18 01:25:27,932] {dag.py:2972} INFO - Setting next_dagrun for example_branch_datetime_operator_2 to 2022-08-17T00:00:00+00:00, run_after=2022-08-18T00:00:00+00:00
[2022-08-18 01:25:27,949] {processor.py:161} INFO - Processing /home/airflow/.local/lib/python3.7/site-packages/airflow/example_dags/example_branch_datetime_operator.py took 0.113 seconds
[2022-08-18 01:25:58,061] {processor.py:153} INFO - Started process (PID=749) to work on /home/airflow/.local/lib/python3.7/site-packages/airflow/example_dags/example_branch_datetime_operator.py
[2022-08-18 01:25:58,061] {processor.py:641} INFO - Processing file /home/airflow/.local/lib/python3.7/site-packages/airflow/example_dags/example_branch_datetime_operator.py for tasks to queue
[2022-08-18 01:25:58,062] {logging_mixin.py:115} INFO - [2022-08-18 01:25:58,062] {dagbag.py:508} INFO - Filling up the DagBag from /home/airflow/.local/lib/python3.7/site-packages/airflow/example_dags/example_branch_datetime_operator.py
[2022-08-18 01:25:58,070] {processor.py:651} INFO - DAG(s) dict_keys(['example_branch_datetime_operator', 'example_branch_datetime_operator_2']) retrieved from /home/airflow/.local/lib/python3.7/site-packages/airflow/example_dags/example_branch_datetime_operator.py
[2022-08-18 01:25:58,100] {logging_mixin.py:115} INFO - [2022-08-18 01:25:58,100] {dag.py:2420} INFO - Sync 2 DAGs
[2022-08-18 01:25:58,123] {logging_mixin.py:115} INFO - [2022-08-18 01:25:58,123] {dag.py:2972} INFO - Setting next_dagrun for example_branch_datetime_operator to 2022-08-17T00:00:00+00:00, run_after=2022-08-18T00:00:00+00:00
[2022-08-18 01:25:58,125] {logging_mixin.py:115} INFO - [2022-08-18 01:25:58,125] {dag.py:2972} INFO - Setting next_dagrun for example_branch_datetime_operator_2 to 2022-08-17T00:00:00+00:00, run_after=2022-08-18T00:00:00+00:00
[2022-08-18 01:25:58,138] {processor.py:161} INFO - Processing /home/airflow/.local/lib/python3.7/site-packages/airflow/example_dags/example_branch_datetime_operator.py took 0.080 seconds
[2022-08-18 01:26:28,646] {processor.py:153} INFO - Started process (PID=811) to work on /home/airflow/.local/lib/python3.7/site-packages/airflow/example_dags/example_branch_datetime_operator.py
[2022-08-18 01:26:28,647] {processor.py:641} INFO - Processing file /home/airflow/.local/lib/python3.7/site-packages/airflow/example_dags/example_branch_datetime_operator.py for tasks to queue
[2022-08-18 01:26:28,648] {logging_mixin.py:115} INFO - [2022-08-18 01:26:28,648] {dagbag.py:508} INFO - Filling up the DagBag from /home/airflow/.local/lib/python3.7/site-packages/airflow/example_dags/example_branch_datetime_operator.py
[2022-08-18 01:26:28,656] {processor.py:651} INFO - DAG(s) dict_keys(['example_branch_datetime_operator', 'example_branch_datetime_operator_2']) retrieved from /home/airflow/.local/lib/python3.7/site-packages/airflow/example_dags/example_branch_datetime_operator.py
[2022-08-18 01:26:28,689] {logging_mixin.py:115} INFO - [2022-08-18 01:26:28,689] {dag.py:2420} INFO - Sync 2 DAGs
[2022-08-18 01:26:28,715] {logging_mixin.py:115} INFO - [2022-08-18 01:26:28,715] {dag.py:2972} INFO - Setting next_dagrun for example_branch_datetime_operator to 2022-08-17T00:00:00+00:00, run_after=2022-08-18T00:00:00+00:00
[2022-08-18 01:26:28,717] {logging_mixin.py:115} INFO - [2022-08-18 01:26:28,717] {dag.py:2972} INFO - Setting next_dagrun for example_branch_datetime_operator_2 to 2022-08-17T00:00:00+00:00, run_after=2022-08-18T00:00:00+00:00
[2022-08-18 01:26:28,743] {processor.py:161} INFO - Processing /home/airflow/.local/lib/python3.7/site-packages/airflow/example_dags/example_branch_datetime_operator.py took 0.101 seconds
[2022-08-18 01:26:58,912] {processor.py:153} INFO - Started process (PID=862) to work on /home/airflow/.local/lib/python3.7/site-packages/airflow/example_dags/example_branch_datetime_operator.py
[2022-08-18 01:26:58,927] {processor.py:641} INFO - Processing file /home/airflow/.local/lib/python3.7/site-packages/airflow/example_dags/example_branch_datetime_operator.py for tasks to queue
[2022-08-18 01:26:58,928] {logging_mixin.py:115} INFO - [2022-08-18 01:26:58,928] {dagbag.py:508} INFO - Filling up the DagBag from /home/airflow/.local/lib/python3.7/site-packages/airflow/example_dags/example_branch_datetime_operator.py
[2022-08-18 01:26:58,944] {processor.py:651} INFO - DAG(s) dict_keys(['example_branch_datetime_operator', 'example_branch_datetime_operator_2']) retrieved from /home/airflow/.local/lib/python3.7/site-packages/airflow/example_dags/example_branch_datetime_operator.py
[2022-08-18 01:26:58,974] {logging_mixin.py:115} INFO - [2022-08-18 01:26:58,973] {dag.py:2420} INFO - Sync 2 DAGs
[2022-08-18 01:26:59,001] {logging_mixin.py:115} INFO - [2022-08-18 01:26:59,001] {dag.py:2972} INFO - Setting next_dagrun for example_branch_datetime_operator to 2022-08-17T00:00:00+00:00, run_after=2022-08-18T00:00:00+00:00
[2022-08-18 01:26:59,003] {logging_mixin.py:115} INFO - [2022-08-18 01:26:59,003] {dag.py:2972} INFO - Setting next_dagrun for example_branch_datetime_operator_2 to 2022-08-17T00:00:00+00:00, run_after=2022-08-18T00:00:00+00:00
[2022-08-18 01:26:59,035] {processor.py:161} INFO - Processing /home/airflow/.local/lib/python3.7/site-packages/airflow/example_dags/example_branch_datetime_operator.py took 0.127 seconds
[2022-08-18 01:27:29,135] {processor.py:153} INFO - Started process (PID=923) to work on /home/airflow/.local/lib/python3.7/site-packages/airflow/example_dags/example_branch_datetime_operator.py
[2022-08-18 01:27:29,136] {processor.py:641} INFO - Processing file /home/airflow/.local/lib/python3.7/site-packages/airflow/example_dags/example_branch_datetime_operator.py for tasks to queue
[2022-08-18 01:27:29,137] {logging_mixin.py:115} INFO - [2022-08-18 01:27:29,137] {dagbag.py:508} INFO - Filling up the DagBag from /home/airflow/.local/lib/python3.7/site-packages/airflow/example_dags/example_branch_datetime_operator.py
[2022-08-18 01:27:29,147] {processor.py:651} INFO - DAG(s) dict_keys(['example_branch_datetime_operator', 'example_branch_datetime_operator_2']) retrieved from /home/airflow/.local/lib/python3.7/site-packages/airflow/example_dags/example_branch_datetime_operator.py
[2022-08-18 01:27:29,180] {logging_mixin.py:115} INFO - [2022-08-18 01:27:29,180] {dag.py:2420} INFO - Sync 2 DAGs
[2022-08-18 01:27:29,207] {logging_mixin.py:115} INFO - [2022-08-18 01:27:29,207] {dag.py:2972} INFO - Setting next_dagrun for example_branch_datetime_operator to 2022-08-17T00:00:00+00:00, run_after=2022-08-18T00:00:00+00:00
[2022-08-18 01:27:29,209] {logging_mixin.py:115} INFO - [2022-08-18 01:27:29,209] {dag.py:2972} INFO - Setting next_dagrun for example_branch_datetime_operator_2 to 2022-08-17T00:00:00+00:00, run_after=2022-08-18T00:00:00+00:00
[2022-08-18 01:27:29,221] {processor.py:161} INFO - Processing /home/airflow/.local/lib/python3.7/site-packages/airflow/example_dags/example_branch_datetime_operator.py took 0.090 seconds
[2022-08-18 01:27:59,310] {processor.py:153} INFO - Started process (PID=984) to work on /home/airflow/.local/lib/python3.7/site-packages/airflow/example_dags/example_branch_datetime_operator.py
[2022-08-18 01:27:59,310] {processor.py:641} INFO - Processing file /home/airflow/.local/lib/python3.7/site-packages/airflow/example_dags/example_branch_datetime_operator.py for tasks to queue
[2022-08-18 01:27:59,311] {logging_mixin.py:115} INFO - [2022-08-18 01:27:59,311] {dagbag.py:508} INFO - Filling up the DagBag from /home/airflow/.local/lib/python3.7/site-packages/airflow/example_dags/example_branch_datetime_operator.py
[2022-08-18 01:27:59,321] {processor.py:651} INFO - DAG(s) dict_keys(['example_branch_datetime_operator', 'example_branch_datetime_operator_2']) retrieved from /home/airflow/.local/lib/python3.7/site-packages/airflow/example_dags/example_branch_datetime_operator.py
[2022-08-18 01:27:59,345] {logging_mixin.py:115} INFO - [2022-08-18 01:27:59,345] {dag.py:2420} INFO - Sync 2 DAGs
[2022-08-18 01:27:59,368] {logging_mixin.py:115} INFO - [2022-08-18 01:27:59,368] {dag.py:2972} INFO - Setting next_dagrun for example_branch_datetime_operator to 2022-08-17T00:00:00+00:00, run_after=2022-08-18T00:00:00+00:00
[2022-08-18 01:27:59,370] {logging_mixin.py:115} INFO - [2022-08-18 01:27:59,370] {dag.py:2972} INFO - Setting next_dagrun for example_branch_datetime_operator_2 to 2022-08-17T00:00:00+00:00, run_after=2022-08-18T00:00:00+00:00
[2022-08-18 01:27:59,387] {processor.py:161} INFO - Processing /home/airflow/.local/lib/python3.7/site-packages/airflow/example_dags/example_branch_datetime_operator.py took 0.080 seconds
[2022-08-18 01:28:29,517] {processor.py:153} INFO - Started process (PID=1036) to work on /home/airflow/.local/lib/python3.7/site-packages/airflow/example_dags/example_branch_datetime_operator.py
[2022-08-18 01:28:29,517] {processor.py:641} INFO - Processing file /home/airflow/.local/lib/python3.7/site-packages/airflow/example_dags/example_branch_datetime_operator.py for tasks to queue
[2022-08-18 01:28:29,518] {logging_mixin.py:115} INFO - [2022-08-18 01:28:29,518] {dagbag.py:508} INFO - Filling up the DagBag from /home/airflow/.local/lib/python3.7/site-packages/airflow/example_dags/example_branch_datetime_operator.py
[2022-08-18 01:28:29,529] {processor.py:651} INFO - DAG(s) dict_keys(['example_branch_datetime_operator', 'example_branch_datetime_operator_2']) retrieved from /home/airflow/.local/lib/python3.7/site-packages/airflow/example_dags/example_branch_datetime_operator.py
[2022-08-18 01:28:29,563] {logging_mixin.py:115} INFO - [2022-08-18 01:28:29,563] {dag.py:2420} INFO - Sync 2 DAGs
[2022-08-18 01:28:29,585] {logging_mixin.py:115} INFO - [2022-08-18 01:28:29,585] {dag.py:2972} INFO - Setting next_dagrun for example_branch_datetime_operator to 2022-08-17T00:00:00+00:00, run_after=2022-08-18T00:00:00+00:00
[2022-08-18 01:28:29,587] {logging_mixin.py:115} INFO - [2022-08-18 01:28:29,587] {dag.py:2972} INFO - Setting next_dagrun for example_branch_datetime_operator_2 to 2022-08-17T00:00:00+00:00, run_after=2022-08-18T00:00:00+00:00
[2022-08-18 01:28:29,611] {processor.py:161} INFO - Processing /home/airflow/.local/lib/python3.7/site-packages/airflow/example_dags/example_branch_datetime_operator.py took 0.096 seconds
[2022-08-18 01:28:59,928] {processor.py:153} INFO - Started process (PID=1097) to work on /home/airflow/.local/lib/python3.7/site-packages/airflow/example_dags/example_branch_datetime_operator.py
[2022-08-18 01:28:59,929] {processor.py:641} INFO - Processing file /home/airflow/.local/lib/python3.7/site-packages/airflow/example_dags/example_branch_datetime_operator.py for tasks to queue
[2022-08-18 01:28:59,929] {logging_mixin.py:115} INFO - [2022-08-18 01:28:59,929] {dagbag.py:508} INFO - Filling up the DagBag from /home/airflow/.local/lib/python3.7/site-packages/airflow/example_dags/example_branch_datetime_operator.py
[2022-08-18 01:28:59,937] {processor.py:651} INFO - DAG(s) dict_keys(['example_branch_datetime_operator', 'example_branch_datetime_operator_2']) retrieved from /home/airflow/.local/lib/python3.7/site-packages/airflow/example_dags/example_branch_datetime_operator.py
[2022-08-18 01:28:59,969] {logging_mixin.py:115} INFO - [2022-08-18 01:28:59,969] {dag.py:2420} INFO - Sync 2 DAGs
[2022-08-18 01:28:59,994] {logging_mixin.py:115} INFO - [2022-08-18 01:28:59,994] {dag.py:2972} INFO - Setting next_dagrun for example_branch_datetime_operator to 2022-08-17T00:00:00+00:00, run_after=2022-08-18T00:00:00+00:00
[2022-08-18 01:28:59,996] {logging_mixin.py:115} INFO - [2022-08-18 01:28:59,996] {dag.py:2972} INFO - Setting next_dagrun for example_branch_datetime_operator_2 to 2022-08-17T00:00:00+00:00, run_after=2022-08-18T00:00:00+00:00
[2022-08-18 01:29:00,014] {processor.py:161} INFO - Processing /home/airflow/.local/lib/python3.7/site-packages/airflow/example_dags/example_branch_datetime_operator.py took 0.088 seconds
[2022-08-18 01:29:30,464] {processor.py:153} INFO - Started process (PID=1149) to work on /home/airflow/.local/lib/python3.7/site-packages/airflow/example_dags/example_branch_datetime_operator.py
[2022-08-18 01:29:30,479] {processor.py:641} INFO - Processing file /home/airflow/.local/lib/python3.7/site-packages/airflow/example_dags/example_branch_datetime_operator.py for tasks to queue
[2022-08-18 01:29:30,479] {logging_mixin.py:115} INFO - [2022-08-18 01:29:30,479] {dagbag.py:508} INFO - Filling up the DagBag from /home/airflow/.local/lib/python3.7/site-packages/airflow/example_dags/example_branch_datetime_operator.py
[2022-08-18 01:29:30,490] {processor.py:651} INFO - DAG(s) dict_keys(['example_branch_datetime_operator', 'example_branch_datetime_operator_2']) retrieved from /home/airflow/.local/lib/python3.7/site-packages/airflow/example_dags/example_branch_datetime_operator.py
[2022-08-18 01:29:30,524] {logging_mixin.py:115} INFO - [2022-08-18 01:29:30,524] {dag.py:2420} INFO - Sync 2 DAGs
[2022-08-18 01:29:30,551] {logging_mixin.py:115} INFO - [2022-08-18 01:29:30,551] {dag.py:2972} INFO - Setting next_dagrun for example_branch_datetime_operator to 2022-08-17T00:00:00+00:00, run_after=2022-08-18T00:00:00+00:00
[2022-08-18 01:29:30,553] {logging_mixin.py:115} INFO - [2022-08-18 01:29:30,553] {dag.py:2972} INFO - Setting next_dagrun for example_branch_datetime_operator_2 to 2022-08-17T00:00:00+00:00, run_after=2022-08-18T00:00:00+00:00
[2022-08-18 01:29:30,573] {processor.py:161} INFO - Processing /home/airflow/.local/lib/python3.7/site-packages/airflow/example_dags/example_branch_datetime_operator.py took 0.112 seconds
[2022-08-18 01:30:01,340] {processor.py:153} INFO - Started process (PID=1210) to work on /home/airflow/.local/lib/python3.7/site-packages/airflow/example_dags/example_branch_datetime_operator.py
[2022-08-18 01:30:01,340] {processor.py:641} INFO - Processing file /home/airflow/.local/lib/python3.7/site-packages/airflow/example_dags/example_branch_datetime_operator.py for tasks to queue
[2022-08-18 01:30:01,340] {logging_mixin.py:115} INFO - [2022-08-18 01:30:01,340] {dagbag.py:508} INFO - Filling up the DagBag from /home/airflow/.local/lib/python3.7/site-packages/airflow/example_dags/example_branch_datetime_operator.py
[2022-08-18 01:30:01,347] {processor.py:651} INFO - DAG(s) dict_keys(['example_branch_datetime_operator', 'example_branch_datetime_operator_2']) retrieved from /home/airflow/.local/lib/python3.7/site-packages/airflow/example_dags/example_branch_datetime_operator.py
[2022-08-18 01:30:01,375] {logging_mixin.py:115} INFO - [2022-08-18 01:30:01,375] {dag.py:2420} INFO - Sync 2 DAGs
[2022-08-18 01:30:01,413] {logging_mixin.py:115} INFO - [2022-08-18 01:30:01,413] {dag.py:2972} INFO - Setting next_dagrun for example_branch_datetime_operator to 2022-08-17T00:00:00+00:00, run_after=2022-08-18T00:00:00+00:00
[2022-08-18 01:30:01,415] {logging_mixin.py:115} INFO - [2022-08-18 01:30:01,415] {dag.py:2972} INFO - Setting next_dagrun for example_branch_datetime_operator_2 to 2022-08-17T00:00:00+00:00, run_after=2022-08-18T00:00:00+00:00
[2022-08-18 01:30:01,469] {processor.py:161} INFO - Processing /home/airflow/.local/lib/python3.7/site-packages/airflow/example_dags/example_branch_datetime_operator.py took 0.131 seconds
[2022-08-18 01:30:31,678] {processor.py:153} INFO - Started process (PID=1271) to work on /home/airflow/.local/lib/python3.7/site-packages/airflow/example_dags/example_branch_datetime_operator.py
[2022-08-18 01:30:31,679] {processor.py:641} INFO - Processing file /home/airflow/.local/lib/python3.7/site-packages/airflow/example_dags/example_branch_datetime_operator.py for tasks to queue
[2022-08-18 01:30:31,679] {logging_mixin.py:115} INFO - [2022-08-18 01:30:31,679] {dagbag.py:508} INFO - Filling up the DagBag from /home/airflow/.local/lib/python3.7/site-packages/airflow/example_dags/example_branch_datetime_operator.py
[2022-08-18 01:30:31,687] {processor.py:651} INFO - DAG(s) dict_keys(['example_branch_datetime_operator', 'example_branch_datetime_operator_2']) retrieved from /home/airflow/.local/lib/python3.7/site-packages/airflow/example_dags/example_branch_datetime_operator.py
[2022-08-18 01:30:31,716] {logging_mixin.py:115} INFO - [2022-08-18 01:30:31,716] {dag.py:2420} INFO - Sync 2 DAGs
[2022-08-18 01:30:31,740] {logging_mixin.py:115} INFO - [2022-08-18 01:30:31,740] {dag.py:2972} INFO - Setting next_dagrun for example_branch_datetime_operator to 2022-08-17T00:00:00+00:00, run_after=2022-08-18T00:00:00+00:00
[2022-08-18 01:30:31,741] {logging_mixin.py:115} INFO - [2022-08-18 01:30:31,741] {dag.py:2972} INFO - Setting next_dagrun for example_branch_datetime_operator_2 to 2022-08-17T00:00:00+00:00, run_after=2022-08-18T00:00:00+00:00
[2022-08-18 01:30:31,755] {processor.py:161} INFO - Processing /home/airflow/.local/lib/python3.7/site-packages/airflow/example_dags/example_branch_datetime_operator.py took 0.082 seconds
[2022-08-18 01:31:02,630] {processor.py:153} INFO - Started process (PID=1323) to work on /home/airflow/.local/lib/python3.7/site-packages/airflow/example_dags/example_branch_datetime_operator.py
[2022-08-18 01:31:02,630] {processor.py:641} INFO - Processing file /home/airflow/.local/lib/python3.7/site-packages/airflow/example_dags/example_branch_datetime_operator.py for tasks to queue
[2022-08-18 01:31:02,630] {logging_mixin.py:115} INFO - [2022-08-18 01:31:02,630] {dagbag.py:508} INFO - Filling up the DagBag from /home/airflow/.local/lib/python3.7/site-packages/airflow/example_dags/example_branch_datetime_operator.py
[2022-08-18 01:31:02,644] {processor.py:651} INFO - DAG(s) dict_keys(['example_branch_datetime_operator', 'example_branch_datetime_operator_2']) retrieved from /home/airflow/.local/lib/python3.7/site-packages/airflow/example_dags/example_branch_datetime_operator.py
[2022-08-18 01:31:02,667] {logging_mixin.py:115} INFO - [2022-08-18 01:31:02,667] {dag.py:2420} INFO - Sync 2 DAGs
[2022-08-18 01:31:02,692] {logging_mixin.py:115} INFO - [2022-08-18 01:31:02,691] {dag.py:2972} INFO - Setting next_dagrun for example_branch_datetime_operator to 2022-08-17T00:00:00+00:00, run_after=2022-08-18T00:00:00+00:00
[2022-08-18 01:31:02,693] {logging_mixin.py:115} INFO - [2022-08-18 01:31:02,693] {dag.py:2972} INFO - Setting next_dagrun for example_branch_datetime_operator_2 to 2022-08-17T00:00:00+00:00, run_after=2022-08-18T00:00:00+00:00
[2022-08-18 01:31:02,705] {processor.py:161} INFO - Processing /home/airflow/.local/lib/python3.7/site-packages/airflow/example_dags/example_branch_datetime_operator.py took 0.077 seconds
[2022-08-18 01:31:32,944] {processor.py:153} INFO - Started process (PID=1384) to work on /home/airflow/.local/lib/python3.7/site-packages/airflow/example_dags/example_branch_datetime_operator.py
[2022-08-18 01:31:32,945] {processor.py:641} INFO - Processing file /home/airflow/.local/lib/python3.7/site-packages/airflow/example_dags/example_branch_datetime_operator.py for tasks to queue
[2022-08-18 01:31:32,946] {logging_mixin.py:115} INFO - [2022-08-18 01:31:32,946] {dagbag.py:508} INFO - Filling up the DagBag from /home/airflow/.local/lib/python3.7/site-packages/airflow/example_dags/example_branch_datetime_operator.py
[2022-08-18 01:31:32,954] {processor.py:651} INFO - DAG(s) dict_keys(['example_branch_datetime_operator', 'example_branch_datetime_operator_2']) retrieved from /home/airflow/.local/lib/python3.7/site-packages/airflow/example_dags/example_branch_datetime_operator.py
[2022-08-18 01:31:32,984] {logging_mixin.py:115} INFO - [2022-08-18 01:31:32,984] {dag.py:2420} INFO - Sync 2 DAGs
[2022-08-18 01:31:33,008] {logging_mixin.py:115} INFO - [2022-08-18 01:31:33,008] {dag.py:2972} INFO - Setting next_dagrun for example_branch_datetime_operator to 2022-08-17T00:00:00+00:00, run_after=2022-08-18T00:00:00+00:00
[2022-08-18 01:31:33,010] {logging_mixin.py:115} INFO - [2022-08-18 01:31:33,010] {dag.py:2972} INFO - Setting next_dagrun for example_branch_datetime_operator_2 to 2022-08-17T00:00:00+00:00, run_after=2022-08-18T00:00:00+00:00
[2022-08-18 01:31:33,033] {processor.py:161} INFO - Processing /home/airflow/.local/lib/python3.7/site-packages/airflow/example_dags/example_branch_datetime_operator.py took 0.092 seconds
[2022-08-18 01:32:03,779] {processor.py:153} INFO - Started process (PID=1445) to work on /home/airflow/.local/lib/python3.7/site-packages/airflow/example_dags/example_branch_datetime_operator.py
[2022-08-18 01:32:03,780] {processor.py:641} INFO - Processing file /home/airflow/.local/lib/python3.7/site-packages/airflow/example_dags/example_branch_datetime_operator.py for tasks to queue
[2022-08-18 01:32:03,780] {logging_mixin.py:115} INFO - [2022-08-18 01:32:03,780] {dagbag.py:508} INFO - Filling up the DagBag from /home/airflow/.local/lib/python3.7/site-packages/airflow/example_dags/example_branch_datetime_operator.py
[2022-08-18 01:32:03,788] {processor.py:651} INFO - DAG(s) dict_keys(['example_branch_datetime_operator', 'example_branch_datetime_operator_2']) retrieved from /home/airflow/.local/lib/python3.7/site-packages/airflow/example_dags/example_branch_datetime_operator.py
[2022-08-18 01:32:03,821] {logging_mixin.py:115} INFO - [2022-08-18 01:32:03,821] {dag.py:2420} INFO - Sync 2 DAGs
[2022-08-18 01:32:03,852] {logging_mixin.py:115} INFO - [2022-08-18 01:32:03,852] {dag.py:2972} INFO - Setting next_dagrun for example_branch_datetime_operator to 2022-08-17T00:00:00+00:00, run_after=2022-08-18T00:00:00+00:00
[2022-08-18 01:32:03,854] {logging_mixin.py:115} INFO - [2022-08-18 01:32:03,854] {dag.py:2972} INFO - Setting next_dagrun for example_branch_datetime_operator_2 to 2022-08-17T00:00:00+00:00, run_after=2022-08-18T00:00:00+00:00
[2022-08-18 01:32:03,876] {processor.py:161} INFO - Processing /home/airflow/.local/lib/python3.7/site-packages/airflow/example_dags/example_branch_datetime_operator.py took 0.099 seconds
[2022-08-18 01:32:34,038] {processor.py:153} INFO - Started process (PID=1496) to work on /home/airflow/.local/lib/python3.7/site-packages/airflow/example_dags/example_branch_datetime_operator.py
[2022-08-18 01:32:34,039] {processor.py:641} INFO - Processing file /home/airflow/.local/lib/python3.7/site-packages/airflow/example_dags/example_branch_datetime_operator.py for tasks to queue
[2022-08-18 01:32:34,040] {logging_mixin.py:115} INFO - [2022-08-18 01:32:34,040] {dagbag.py:508} INFO - Filling up the DagBag from /home/airflow/.local/lib/python3.7/site-packages/airflow/example_dags/example_branch_datetime_operator.py
[2022-08-18 01:32:34,048] {processor.py:651} INFO - DAG(s) dict_keys(['example_branch_datetime_operator', 'example_branch_datetime_operator_2']) retrieved from /home/airflow/.local/lib/python3.7/site-packages/airflow/example_dags/example_branch_datetime_operator.py
[2022-08-18 01:32:34,079] {logging_mixin.py:115} INFO - [2022-08-18 01:32:34,079] {dag.py:2420} INFO - Sync 2 DAGs
[2022-08-18 01:32:34,104] {logging_mixin.py:115} INFO - [2022-08-18 01:32:34,104] {dag.py:2972} INFO - Setting next_dagrun for example_branch_datetime_operator to 2022-08-17T00:00:00+00:00, run_after=2022-08-18T00:00:00+00:00
[2022-08-18 01:32:34,106] {logging_mixin.py:115} INFO - [2022-08-18 01:32:34,106] {dag.py:2972} INFO - Setting next_dagrun for example_branch_datetime_operator_2 to 2022-08-17T00:00:00+00:00, run_after=2022-08-18T00:00:00+00:00
[2022-08-18 01:32:34,122] {processor.py:161} INFO - Processing /home/airflow/.local/lib/python3.7/site-packages/airflow/example_dags/example_branch_datetime_operator.py took 0.088 seconds
[2022-08-18 01:33:04,178] {processor.py:153} INFO - Started process (PID=1557) to work on /home/airflow/.local/lib/python3.7/site-packages/airflow/example_dags/example_branch_datetime_operator.py
[2022-08-18 01:33:04,179] {processor.py:641} INFO - Processing file /home/airflow/.local/lib/python3.7/site-packages/airflow/example_dags/example_branch_datetime_operator.py for tasks to queue
[2022-08-18 01:33:04,179] {logging_mixin.py:115} INFO - [2022-08-18 01:33:04,179] {dagbag.py:508} INFO - Filling up the DagBag from /home/airflow/.local/lib/python3.7/site-packages/airflow/example_dags/example_branch_datetime_operator.py
[2022-08-18 01:33:04,187] {processor.py:651} INFO - DAG(s) dict_keys(['example_branch_datetime_operator', 'example_branch_datetime_operator_2']) retrieved from /home/airflow/.local/lib/python3.7/site-packages/airflow/example_dags/example_branch_datetime_operator.py
[2022-08-18 01:33:04,224] {logging_mixin.py:115} INFO - [2022-08-18 01:33:04,223] {dag.py:2420} INFO - Sync 2 DAGs
[2022-08-18 01:33:04,260] {logging_mixin.py:115} INFO - [2022-08-18 01:33:04,260] {dag.py:2972} INFO - Setting next_dagrun for example_branch_datetime_operator to 2022-08-17T00:00:00+00:00, run_after=2022-08-18T00:00:00+00:00
[2022-08-18 01:33:04,262] {logging_mixin.py:115} INFO - [2022-08-18 01:33:04,262] {dag.py:2972} INFO - Setting next_dagrun for example_branch_datetime_operator_2 to 2022-08-17T00:00:00+00:00, run_after=2022-08-18T00:00:00+00:00
[2022-08-18 01:33:04,282] {processor.py:161} INFO - Processing /home/airflow/.local/lib/python3.7/site-packages/airflow/example_dags/example_branch_datetime_operator.py took 0.108 seconds
[2022-08-18 01:33:34,364] {processor.py:153} INFO - Started process (PID=1616) to work on /home/airflow/.local/lib/python3.7/site-packages/airflow/example_dags/example_branch_datetime_operator.py
[2022-08-18 01:33:34,365] {processor.py:641} INFO - Processing file /home/airflow/.local/lib/python3.7/site-packages/airflow/example_dags/example_branch_datetime_operator.py for tasks to queue
[2022-08-18 01:33:34,366] {logging_mixin.py:115} INFO - [2022-08-18 01:33:34,365] {dagbag.py:508} INFO - Filling up the DagBag from /home/airflow/.local/lib/python3.7/site-packages/airflow/example_dags/example_branch_datetime_operator.py
[2022-08-18 01:33:34,378] {processor.py:651} INFO - DAG(s) dict_keys(['example_branch_datetime_operator', 'example_branch_datetime_operator_2']) retrieved from /home/airflow/.local/lib/python3.7/site-packages/airflow/example_dags/example_branch_datetime_operator.py
[2022-08-18 01:33:34,403] {logging_mixin.py:115} INFO - [2022-08-18 01:33:34,403] {dag.py:2420} INFO - Sync 2 DAGs
[2022-08-18 01:33:34,426] {logging_mixin.py:115} INFO - [2022-08-18 01:33:34,426] {dag.py:2972} INFO - Setting next_dagrun for example_branch_datetime_operator to 2022-08-17T00:00:00+00:00, run_after=2022-08-18T00:00:00+00:00
[2022-08-18 01:33:34,428] {logging_mixin.py:115} INFO - [2022-08-18 01:33:34,428] {dag.py:2972} INFO - Setting next_dagrun for example_branch_datetime_operator_2 to 2022-08-17T00:00:00+00:00, run_after=2022-08-18T00:00:00+00:00
[2022-08-18 01:33:34,448] {processor.py:161} INFO - Processing /home/airflow/.local/lib/python3.7/site-packages/airflow/example_dags/example_branch_datetime_operator.py took 0.089 seconds
[2022-08-18 01:34:05,283] {processor.py:153} INFO - Started process (PID=1670) to work on /home/airflow/.local/lib/python3.7/site-packages/airflow/example_dags/example_branch_datetime_operator.py
[2022-08-18 01:34:05,284] {processor.py:641} INFO - Processing file /home/airflow/.local/lib/python3.7/site-packages/airflow/example_dags/example_branch_datetime_operator.py for tasks to queue
[2022-08-18 01:34:05,285] {logging_mixin.py:115} INFO - [2022-08-18 01:34:05,285] {dagbag.py:508} INFO - Filling up the DagBag from /home/airflow/.local/lib/python3.7/site-packages/airflow/example_dags/example_branch_datetime_operator.py
[2022-08-18 01:34:05,295] {processor.py:651} INFO - DAG(s) dict_keys(['example_branch_datetime_operator', 'example_branch_datetime_operator_2']) retrieved from /home/airflow/.local/lib/python3.7/site-packages/airflow/example_dags/example_branch_datetime_operator.py
[2022-08-18 01:34:05,321] {logging_mixin.py:115} INFO - [2022-08-18 01:34:05,320] {dag.py:2420} INFO - Sync 2 DAGs
[2022-08-18 01:34:05,345] {logging_mixin.py:115} INFO - [2022-08-18 01:34:05,345] {dag.py:2972} INFO - Setting next_dagrun for example_branch_datetime_operator to 2022-08-17T00:00:00+00:00, run_after=2022-08-18T00:00:00+00:00
[2022-08-18 01:34:05,347] {logging_mixin.py:115} INFO - [2022-08-18 01:34:05,347] {dag.py:2972} INFO - Setting next_dagrun for example_branch_datetime_operator_2 to 2022-08-17T00:00:00+00:00, run_after=2022-08-18T00:00:00+00:00
[2022-08-18 01:34:05,363] {processor.py:161} INFO - Processing /home/airflow/.local/lib/python3.7/site-packages/airflow/example_dags/example_branch_datetime_operator.py took 0.085 seconds
[2022-08-18 01:34:36,330] {processor.py:153} INFO - Started process (PID=1732) to work on /home/airflow/.local/lib/python3.7/site-packages/airflow/example_dags/example_branch_datetime_operator.py
[2022-08-18 01:34:36,342] {processor.py:641} INFO - Processing file /home/airflow/.local/lib/python3.7/site-packages/airflow/example_dags/example_branch_datetime_operator.py for tasks to queue
[2022-08-18 01:34:36,343] {logging_mixin.py:115} INFO - [2022-08-18 01:34:36,343] {dagbag.py:508} INFO - Filling up the DagBag from /home/airflow/.local/lib/python3.7/site-packages/airflow/example_dags/example_branch_datetime_operator.py
[2022-08-18 01:34:36,354] {processor.py:651} INFO - DAG(s) dict_keys(['example_branch_datetime_operator', 'example_branch_datetime_operator_2']) retrieved from /home/airflow/.local/lib/python3.7/site-packages/airflow/example_dags/example_branch_datetime_operator.py
[2022-08-18 01:34:36,383] {logging_mixin.py:115} INFO - [2022-08-18 01:34:36,383] {dag.py:2420} INFO - Sync 2 DAGs
[2022-08-18 01:34:36,409] {logging_mixin.py:115} INFO - [2022-08-18 01:34:36,409] {dag.py:2972} INFO - Setting next_dagrun for example_branch_datetime_operator to 2022-08-17T00:00:00+00:00, run_after=2022-08-18T00:00:00+00:00
[2022-08-18 01:34:36,411] {logging_mixin.py:115} INFO - [2022-08-18 01:34:36,411] {dag.py:2972} INFO - Setting next_dagrun for example_branch_datetime_operator_2 to 2022-08-17T00:00:00+00:00, run_after=2022-08-18T00:00:00+00:00
[2022-08-18 01:34:36,437] {processor.py:161} INFO - Processing /home/airflow/.local/lib/python3.7/site-packages/airflow/example_dags/example_branch_datetime_operator.py took 0.112 seconds
[2022-08-18 01:35:06,466] {processor.py:153} INFO - Started process (PID=1784) to work on /home/airflow/.local/lib/python3.7/site-packages/airflow/example_dags/example_branch_datetime_operator.py
[2022-08-18 01:35:06,466] {processor.py:641} INFO - Processing file /home/airflow/.local/lib/python3.7/site-packages/airflow/example_dags/example_branch_datetime_operator.py for tasks to queue
[2022-08-18 01:35:06,467] {logging_mixin.py:115} INFO - [2022-08-18 01:35:06,467] {dagbag.py:508} INFO - Filling up the DagBag from /home/airflow/.local/lib/python3.7/site-packages/airflow/example_dags/example_branch_datetime_operator.py
[2022-08-18 01:35:06,475] {processor.py:651} INFO - DAG(s) dict_keys(['example_branch_datetime_operator', 'example_branch_datetime_operator_2']) retrieved from /home/airflow/.local/lib/python3.7/site-packages/airflow/example_dags/example_branch_datetime_operator.py
[2022-08-18 01:35:06,504] {logging_mixin.py:115} INFO - [2022-08-18 01:35:06,504] {dag.py:2420} INFO - Sync 2 DAGs
[2022-08-18 01:35:06,532] {logging_mixin.py:115} INFO - [2022-08-18 01:35:06,532] {dag.py:2972} INFO - Setting next_dagrun for example_branch_datetime_operator to 2022-08-17T00:00:00+00:00, run_after=2022-08-18T00:00:00+00:00
[2022-08-18 01:35:06,537] {logging_mixin.py:115} INFO - [2022-08-18 01:35:06,537] {dag.py:2972} INFO - Setting next_dagrun for example_branch_datetime_operator_2 to 2022-08-17T00:00:00+00:00, run_after=2022-08-18T00:00:00+00:00
[2022-08-18 01:35:06,555] {processor.py:161} INFO - Processing /home/airflow/.local/lib/python3.7/site-packages/airflow/example_dags/example_branch_datetime_operator.py took 0.092 seconds
[2022-08-18 01:35:36,774] {processor.py:153} INFO - Started process (PID=1846) to work on /home/airflow/.local/lib/python3.7/site-packages/airflow/example_dags/example_branch_datetime_operator.py
[2022-08-18 01:35:36,791] {processor.py:641} INFO - Processing file /home/airflow/.local/lib/python3.7/site-packages/airflow/example_dags/example_branch_datetime_operator.py for tasks to queue
[2022-08-18 01:35:36,792] {logging_mixin.py:115} INFO - [2022-08-18 01:35:36,792] {dagbag.py:508} INFO - Filling up the DagBag from /home/airflow/.local/lib/python3.7/site-packages/airflow/example_dags/example_branch_datetime_operator.py
[2022-08-18 01:35:36,805] {processor.py:651} INFO - DAG(s) dict_keys(['example_branch_datetime_operator', 'example_branch_datetime_operator_2']) retrieved from /home/airflow/.local/lib/python3.7/site-packages/airflow/example_dags/example_branch_datetime_operator.py
[2022-08-18 01:35:36,832] {logging_mixin.py:115} INFO - [2022-08-18 01:35:36,832] {dag.py:2420} INFO - Sync 2 DAGs
[2022-08-18 01:35:36,855] {logging_mixin.py:115} INFO - [2022-08-18 01:35:36,855] {dag.py:2972} INFO - Setting next_dagrun for example_branch_datetime_operator to 2022-08-17T00:00:00+00:00, run_after=2022-08-18T00:00:00+00:00
[2022-08-18 01:35:36,857] {logging_mixin.py:115} INFO - [2022-08-18 01:35:36,857] {dag.py:2972} INFO - Setting next_dagrun for example_branch_datetime_operator_2 to 2022-08-17T00:00:00+00:00, run_after=2022-08-18T00:00:00+00:00
[2022-08-18 01:35:36,882] {processor.py:161} INFO - Processing /home/airflow/.local/lib/python3.7/site-packages/airflow/example_dags/example_branch_datetime_operator.py took 0.113 seconds
