[2022-08-18 01:19:56,808] {processor.py:153} INFO - Started process (PID=78) to work on /home/airflow/.local/lib/python3.7/site-packages/airflow/example_dags/example_branch_operator_decorator.py
[2022-08-18 01:19:56,808] {processor.py:641} INFO - Processing file /home/airflow/.local/lib/python3.7/site-packages/airflow/example_dags/example_branch_operator_decorator.py for tasks to queue
[2022-08-18 01:19:56,809] {logging_mixin.py:115} INFO - [2022-08-18 01:19:56,809] {dagbag.py:508} INFO - Filling up the DagBag from /home/airflow/.local/lib/python3.7/site-packages/airflow/example_dags/example_branch_operator_decorator.py
[2022-08-18 01:19:56,832] {processor.py:651} INFO - DAG(s) dict_keys(['example_branch_python_operator_decorator']) retrieved from /home/airflow/.local/lib/python3.7/site-packages/airflow/example_dags/example_branch_operator_decorator.py
[2022-08-18 01:19:56,935] {logging_mixin.py:115} INFO - [2022-08-18 01:19:56,935] {manager.py:508} INFO - Created Permission View: can edit on DAG:example_branch_python_operator_decorator
[2022-08-18 01:19:56,952] {logging_mixin.py:115} INFO - [2022-08-18 01:19:56,952] {manager.py:508} INFO - Created Permission View: can read on DAG:example_branch_python_operator_decorator
[2022-08-18 01:19:56,969] {logging_mixin.py:115} INFO - [2022-08-18 01:19:56,968] {manager.py:508} INFO - Created Permission View: can delete on DAG:example_branch_python_operator_decorator
[2022-08-18 01:19:56,969] {logging_mixin.py:115} INFO - [2022-08-18 01:19:56,969] {dag.py:2420} INFO - Sync 1 DAGs
[2022-08-18 01:19:56,984] {logging_mixin.py:115} INFO - [2022-08-18 01:19:56,984] {dag.py:2439} INFO - Creating ORM DAG for example_branch_python_operator_decorator
[2022-08-18 01:19:56,999] {logging_mixin.py:115} INFO - [2022-08-18 01:19:56,999] {dag.py:2972} INFO - Setting next_dagrun for example_branch_python_operator_decorator to 2022-08-17T00:00:00+00:00, run_after=2022-08-18T00:00:00+00:00
[2022-08-18 01:19:57,023] {processor.py:161} INFO - Processing /home/airflow/.local/lib/python3.7/site-packages/airflow/example_dags/example_branch_operator_decorator.py took 0.218 seconds
[2022-08-18 01:20:27,174] {processor.py:153} INFO - Started process (PID=140) to work on /home/airflow/.local/lib/python3.7/site-packages/airflow/example_dags/example_branch_operator_decorator.py
[2022-08-18 01:20:27,178] {processor.py:641} INFO - Processing file /home/airflow/.local/lib/python3.7/site-packages/airflow/example_dags/example_branch_operator_decorator.py for tasks to queue
[2022-08-18 01:20:27,178] {logging_mixin.py:115} INFO - [2022-08-18 01:20:27,178] {dagbag.py:508} INFO - Filling up the DagBag from /home/airflow/.local/lib/python3.7/site-packages/airflow/example_dags/example_branch_operator_decorator.py
[2022-08-18 01:20:27,194] {processor.py:651} INFO - DAG(s) dict_keys(['example_branch_python_operator_decorator']) retrieved from /home/airflow/.local/lib/python3.7/site-packages/airflow/example_dags/example_branch_operator_decorator.py
[2022-08-18 01:20:27,223] {logging_mixin.py:115} INFO - [2022-08-18 01:20:27,223] {dag.py:2420} INFO - Sync 1 DAGs
[2022-08-18 01:20:27,247] {logging_mixin.py:115} INFO - [2022-08-18 01:20:27,247] {dag.py:2972} INFO - Setting next_dagrun for example_branch_python_operator_decorator to 2022-08-17T00:00:00+00:00, run_after=2022-08-18T00:00:00+00:00
[2022-08-18 01:20:27,274] {processor.py:161} INFO - Processing /home/airflow/.local/lib/python3.7/site-packages/airflow/example_dags/example_branch_operator_decorator.py took 0.104 seconds
[2022-08-18 01:20:57,554] {processor.py:153} INFO - Started process (PID=192) to work on /home/airflow/.local/lib/python3.7/site-packages/airflow/example_dags/example_branch_operator_decorator.py
[2022-08-18 01:20:57,555] {processor.py:641} INFO - Processing file /home/airflow/.local/lib/python3.7/site-packages/airflow/example_dags/example_branch_operator_decorator.py for tasks to queue
[2022-08-18 01:20:57,556] {logging_mixin.py:115} INFO - [2022-08-18 01:20:57,555] {dagbag.py:508} INFO - Filling up the DagBag from /home/airflow/.local/lib/python3.7/site-packages/airflow/example_dags/example_branch_operator_decorator.py
[2022-08-18 01:20:57,573] {processor.py:651} INFO - DAG(s) dict_keys(['example_branch_python_operator_decorator']) retrieved from /home/airflow/.local/lib/python3.7/site-packages/airflow/example_dags/example_branch_operator_decorator.py
[2022-08-18 01:20:57,595] {logging_mixin.py:115} INFO - [2022-08-18 01:20:57,595] {dag.py:2420} INFO - Sync 1 DAGs
[2022-08-18 01:20:57,622] {logging_mixin.py:115} INFO - [2022-08-18 01:20:57,621] {dag.py:2972} INFO - Setting next_dagrun for example_branch_python_operator_decorator to 2022-08-17T00:00:00+00:00, run_after=2022-08-18T00:00:00+00:00
[2022-08-18 01:20:57,642] {processor.py:161} INFO - Processing /home/airflow/.local/lib/python3.7/site-packages/airflow/example_dags/example_branch_operator_decorator.py took 0.092 seconds
[2022-08-18 01:21:28,822] {processor.py:153} INFO - Started process (PID=253) to work on /home/airflow/.local/lib/python3.7/site-packages/airflow/example_dags/example_branch_operator_decorator.py
[2022-08-18 01:21:28,823] {processor.py:641} INFO - Processing file /home/airflow/.local/lib/python3.7/site-packages/airflow/example_dags/example_branch_operator_decorator.py for tasks to queue
[2022-08-18 01:21:28,823] {logging_mixin.py:115} INFO - [2022-08-18 01:21:28,823] {dagbag.py:508} INFO - Filling up the DagBag from /home/airflow/.local/lib/python3.7/site-packages/airflow/example_dags/example_branch_operator_decorator.py
[2022-08-18 01:21:28,838] {processor.py:651} INFO - DAG(s) dict_keys(['example_branch_python_operator_decorator']) retrieved from /home/airflow/.local/lib/python3.7/site-packages/airflow/example_dags/example_branch_operator_decorator.py
[2022-08-18 01:21:28,860] {logging_mixin.py:115} INFO - [2022-08-18 01:21:28,860] {dag.py:2420} INFO - Sync 1 DAGs
[2022-08-18 01:21:28,883] {logging_mixin.py:115} INFO - [2022-08-18 01:21:28,883] {dag.py:2972} INFO - Setting next_dagrun for example_branch_python_operator_decorator to 2022-08-17T00:00:00+00:00, run_after=2022-08-18T00:00:00+00:00
[2022-08-18 01:21:28,902] {processor.py:161} INFO - Processing /home/airflow/.local/lib/python3.7/site-packages/airflow/example_dags/example_branch_operator_decorator.py took 0.083 seconds
[2022-08-18 01:21:59,069] {processor.py:153} INFO - Started process (PID=314) to work on /home/airflow/.local/lib/python3.7/site-packages/airflow/example_dags/example_branch_operator_decorator.py
[2022-08-18 01:21:59,070] {processor.py:641} INFO - Processing file /home/airflow/.local/lib/python3.7/site-packages/airflow/example_dags/example_branch_operator_decorator.py for tasks to queue
[2022-08-18 01:21:59,070] {logging_mixin.py:115} INFO - [2022-08-18 01:21:59,070] {dagbag.py:508} INFO - Filling up the DagBag from /home/airflow/.local/lib/python3.7/site-packages/airflow/example_dags/example_branch_operator_decorator.py
[2022-08-18 01:21:59,088] {processor.py:651} INFO - DAG(s) dict_keys(['example_branch_python_operator_decorator']) retrieved from /home/airflow/.local/lib/python3.7/site-packages/airflow/example_dags/example_branch_operator_decorator.py
[2022-08-18 01:21:59,115] {logging_mixin.py:115} INFO - [2022-08-18 01:21:59,115] {dag.py:2420} INFO - Sync 1 DAGs
[2022-08-18 01:21:59,143] {logging_mixin.py:115} INFO - [2022-08-18 01:21:59,143] {dag.py:2972} INFO - Setting next_dagrun for example_branch_python_operator_decorator to 2022-08-17T00:00:00+00:00, run_after=2022-08-18T00:00:00+00:00
[2022-08-18 01:21:59,172] {processor.py:161} INFO - Processing /home/airflow/.local/lib/python3.7/site-packages/airflow/example_dags/example_branch_operator_decorator.py took 0.108 seconds
[2022-08-18 01:22:29,284] {processor.py:153} INFO - Started process (PID=366) to work on /home/airflow/.local/lib/python3.7/site-packages/airflow/example_dags/example_branch_operator_decorator.py
[2022-08-18 01:22:29,285] {processor.py:641} INFO - Processing file /home/airflow/.local/lib/python3.7/site-packages/airflow/example_dags/example_branch_operator_decorator.py for tasks to queue
[2022-08-18 01:22:29,285] {logging_mixin.py:115} INFO - [2022-08-18 01:22:29,285] {dagbag.py:508} INFO - Filling up the DagBag from /home/airflow/.local/lib/python3.7/site-packages/airflow/example_dags/example_branch_operator_decorator.py
[2022-08-18 01:22:29,301] {processor.py:651} INFO - DAG(s) dict_keys(['example_branch_python_operator_decorator']) retrieved from /home/airflow/.local/lib/python3.7/site-packages/airflow/example_dags/example_branch_operator_decorator.py
[2022-08-18 01:22:29,330] {logging_mixin.py:115} INFO - [2022-08-18 01:22:29,330] {dag.py:2420} INFO - Sync 1 DAGs
[2022-08-18 01:22:29,355] {logging_mixin.py:115} INFO - [2022-08-18 01:22:29,355] {dag.py:2972} INFO - Setting next_dagrun for example_branch_python_operator_decorator to 2022-08-17T00:00:00+00:00, run_after=2022-08-18T00:00:00+00:00
[2022-08-18 01:22:29,378] {processor.py:161} INFO - Processing /home/airflow/.local/lib/python3.7/site-packages/airflow/example_dags/example_branch_operator_decorator.py took 0.096 seconds
[2022-08-18 01:22:59,495] {processor.py:153} INFO - Started process (PID=427) to work on /home/airflow/.local/lib/python3.7/site-packages/airflow/example_dags/example_branch_operator_decorator.py
[2022-08-18 01:22:59,496] {processor.py:641} INFO - Processing file /home/airflow/.local/lib/python3.7/site-packages/airflow/example_dags/example_branch_operator_decorator.py for tasks to queue
[2022-08-18 01:22:59,497] {logging_mixin.py:115} INFO - [2022-08-18 01:22:59,497] {dagbag.py:508} INFO - Filling up the DagBag from /home/airflow/.local/lib/python3.7/site-packages/airflow/example_dags/example_branch_operator_decorator.py
[2022-08-18 01:22:59,515] {processor.py:651} INFO - DAG(s) dict_keys(['example_branch_python_operator_decorator']) retrieved from /home/airflow/.local/lib/python3.7/site-packages/airflow/example_dags/example_branch_operator_decorator.py
[2022-08-18 01:22:59,542] {logging_mixin.py:115} INFO - [2022-08-18 01:22:59,542] {dag.py:2420} INFO - Sync 1 DAGs
[2022-08-18 01:22:59,566] {logging_mixin.py:115} INFO - [2022-08-18 01:22:59,566] {dag.py:2972} INFO - Setting next_dagrun for example_branch_python_operator_decorator to 2022-08-17T00:00:00+00:00, run_after=2022-08-18T00:00:00+00:00
[2022-08-18 01:22:59,583] {processor.py:161} INFO - Processing /home/airflow/.local/lib/python3.7/site-packages/airflow/example_dags/example_branch_operator_decorator.py took 0.091 seconds
[2022-08-18 01:23:29,797] {processor.py:153} INFO - Started process (PID=479) to work on /home/airflow/.local/lib/python3.7/site-packages/airflow/example_dags/example_branch_operator_decorator.py
[2022-08-18 01:23:29,803] {processor.py:641} INFO - Processing file /home/airflow/.local/lib/python3.7/site-packages/airflow/example_dags/example_branch_operator_decorator.py for tasks to queue
[2022-08-18 01:23:29,804] {logging_mixin.py:115} INFO - [2022-08-18 01:23:29,804] {dagbag.py:508} INFO - Filling up the DagBag from /home/airflow/.local/lib/python3.7/site-packages/airflow/example_dags/example_branch_operator_decorator.py
[2022-08-18 01:23:29,829] {processor.py:651} INFO - DAG(s) dict_keys(['example_branch_python_operator_decorator']) retrieved from /home/airflow/.local/lib/python3.7/site-packages/airflow/example_dags/example_branch_operator_decorator.py
[2022-08-18 01:23:29,855] {logging_mixin.py:115} INFO - [2022-08-18 01:23:29,855] {dag.py:2420} INFO - Sync 1 DAGs
[2022-08-18 01:23:29,881] {logging_mixin.py:115} INFO - [2022-08-18 01:23:29,881] {dag.py:2972} INFO - Setting next_dagrun for example_branch_python_operator_decorator to 2022-08-17T00:00:00+00:00, run_after=2022-08-18T00:00:00+00:00
[2022-08-18 01:23:29,920] {processor.py:161} INFO - Processing /home/airflow/.local/lib/python3.7/site-packages/airflow/example_dags/example_branch_operator_decorator.py took 0.125 seconds
[2022-08-18 01:24:00,066] {processor.py:153} INFO - Started process (PID=540) to work on /home/airflow/.local/lib/python3.7/site-packages/airflow/example_dags/example_branch_operator_decorator.py
[2022-08-18 01:24:00,067] {processor.py:641} INFO - Processing file /home/airflow/.local/lib/python3.7/site-packages/airflow/example_dags/example_branch_operator_decorator.py for tasks to queue
[2022-08-18 01:24:00,067] {logging_mixin.py:115} INFO - [2022-08-18 01:24:00,067] {dagbag.py:508} INFO - Filling up the DagBag from /home/airflow/.local/lib/python3.7/site-packages/airflow/example_dags/example_branch_operator_decorator.py
[2022-08-18 01:24:00,090] {processor.py:651} INFO - DAG(s) dict_keys(['example_branch_python_operator_decorator']) retrieved from /home/airflow/.local/lib/python3.7/site-packages/airflow/example_dags/example_branch_operator_decorator.py
[2022-08-18 01:24:00,129] {logging_mixin.py:115} INFO - [2022-08-18 01:24:00,129] {dag.py:2420} INFO - Sync 1 DAGs
[2022-08-18 01:24:00,160] {logging_mixin.py:115} INFO - [2022-08-18 01:24:00,160] {dag.py:2972} INFO - Setting next_dagrun for example_branch_python_operator_decorator to 2022-08-17T00:00:00+00:00, run_after=2022-08-18T00:00:00+00:00
[2022-08-18 01:24:00,183] {processor.py:161} INFO - Processing /home/airflow/.local/lib/python3.7/site-packages/airflow/example_dags/example_branch_operator_decorator.py took 0.120 seconds
[2022-08-18 01:24:30,321] {processor.py:153} INFO - Started process (PID=602) to work on /home/airflow/.local/lib/python3.7/site-packages/airflow/example_dags/example_branch_operator_decorator.py
[2022-08-18 01:24:30,322] {processor.py:641} INFO - Processing file /home/airflow/.local/lib/python3.7/site-packages/airflow/example_dags/example_branch_operator_decorator.py for tasks to queue
[2022-08-18 01:24:30,322] {logging_mixin.py:115} INFO - [2022-08-18 01:24:30,322] {dagbag.py:508} INFO - Filling up the DagBag from /home/airflow/.local/lib/python3.7/site-packages/airflow/example_dags/example_branch_operator_decorator.py
[2022-08-18 01:24:30,337] {processor.py:651} INFO - DAG(s) dict_keys(['example_branch_python_operator_decorator']) retrieved from /home/airflow/.local/lib/python3.7/site-packages/airflow/example_dags/example_branch_operator_decorator.py
[2022-08-18 01:24:30,359] {logging_mixin.py:115} INFO - [2022-08-18 01:24:30,359] {dag.py:2420} INFO - Sync 1 DAGs
[2022-08-18 01:24:30,381] {logging_mixin.py:115} INFO - [2022-08-18 01:24:30,381] {dag.py:2972} INFO - Setting next_dagrun for example_branch_python_operator_decorator to 2022-08-17T00:00:00+00:00, run_after=2022-08-18T00:00:00+00:00
[2022-08-18 01:24:30,401] {processor.py:161} INFO - Processing /home/airflow/.local/lib/python3.7/site-packages/airflow/example_dags/example_branch_operator_decorator.py took 0.084 seconds
[2022-08-18 01:25:00,768] {processor.py:153} INFO - Started process (PID=653) to work on /home/airflow/.local/lib/python3.7/site-packages/airflow/example_dags/example_branch_operator_decorator.py
[2022-08-18 01:25:00,768] {processor.py:641} INFO - Processing file /home/airflow/.local/lib/python3.7/site-packages/airflow/example_dags/example_branch_operator_decorator.py for tasks to queue
[2022-08-18 01:25:00,769] {logging_mixin.py:115} INFO - [2022-08-18 01:25:00,769] {dagbag.py:508} INFO - Filling up the DagBag from /home/airflow/.local/lib/python3.7/site-packages/airflow/example_dags/example_branch_operator_decorator.py
[2022-08-18 01:25:00,787] {processor.py:651} INFO - DAG(s) dict_keys(['example_branch_python_operator_decorator']) retrieved from /home/airflow/.local/lib/python3.7/site-packages/airflow/example_dags/example_branch_operator_decorator.py
[2022-08-18 01:25:00,816] {logging_mixin.py:115} INFO - [2022-08-18 01:25:00,816] {dag.py:2420} INFO - Sync 1 DAGs
[2022-08-18 01:25:00,840] {logging_mixin.py:115} INFO - [2022-08-18 01:25:00,840] {dag.py:2972} INFO - Setting next_dagrun for example_branch_python_operator_decorator to 2022-08-17T00:00:00+00:00, run_after=2022-08-18T00:00:00+00:00
[2022-08-18 01:25:00,859] {processor.py:161} INFO - Processing /home/airflow/.local/lib/python3.7/site-packages/airflow/example_dags/example_branch_operator_decorator.py took 0.095 seconds
[2022-08-18 01:25:30,954] {processor.py:153} INFO - Started process (PID=715) to work on /home/airflow/.local/lib/python3.7/site-packages/airflow/example_dags/example_branch_operator_decorator.py
[2022-08-18 01:25:30,955] {processor.py:641} INFO - Processing file /home/airflow/.local/lib/python3.7/site-packages/airflow/example_dags/example_branch_operator_decorator.py for tasks to queue
[2022-08-18 01:25:30,955] {logging_mixin.py:115} INFO - [2022-08-18 01:25:30,955] {dagbag.py:508} INFO - Filling up the DagBag from /home/airflow/.local/lib/python3.7/site-packages/airflow/example_dags/example_branch_operator_decorator.py
[2022-08-18 01:25:30,970] {processor.py:651} INFO - DAG(s) dict_keys(['example_branch_python_operator_decorator']) retrieved from /home/airflow/.local/lib/python3.7/site-packages/airflow/example_dags/example_branch_operator_decorator.py
[2022-08-18 01:25:31,001] {logging_mixin.py:115} INFO - [2022-08-18 01:25:31,001] {dag.py:2420} INFO - Sync 1 DAGs
[2022-08-18 01:25:31,026] {logging_mixin.py:115} INFO - [2022-08-18 01:25:31,026] {dag.py:2972} INFO - Setting next_dagrun for example_branch_python_operator_decorator to 2022-08-17T00:00:00+00:00, run_after=2022-08-18T00:00:00+00:00
[2022-08-18 01:25:31,050] {processor.py:161} INFO - Processing /home/airflow/.local/lib/python3.7/site-packages/airflow/example_dags/example_branch_operator_decorator.py took 0.100 seconds
[2022-08-18 01:26:01,382] {processor.py:153} INFO - Started process (PID=767) to work on /home/airflow/.local/lib/python3.7/site-packages/airflow/example_dags/example_branch_operator_decorator.py
[2022-08-18 01:26:01,382] {processor.py:641} INFO - Processing file /home/airflow/.local/lib/python3.7/site-packages/airflow/example_dags/example_branch_operator_decorator.py for tasks to queue
[2022-08-18 01:26:01,383] {logging_mixin.py:115} INFO - [2022-08-18 01:26:01,383] {dagbag.py:508} INFO - Filling up the DagBag from /home/airflow/.local/lib/python3.7/site-packages/airflow/example_dags/example_branch_operator_decorator.py
[2022-08-18 01:26:01,399] {processor.py:651} INFO - DAG(s) dict_keys(['example_branch_python_operator_decorator']) retrieved from /home/airflow/.local/lib/python3.7/site-packages/airflow/example_dags/example_branch_operator_decorator.py
[2022-08-18 01:26:01,428] {logging_mixin.py:115} INFO - [2022-08-18 01:26:01,428] {dag.py:2420} INFO - Sync 1 DAGs
[2022-08-18 01:26:01,452] {logging_mixin.py:115} INFO - [2022-08-18 01:26:01,452] {dag.py:2972} INFO - Setting next_dagrun for example_branch_python_operator_decorator to 2022-08-17T00:00:00+00:00, run_after=2022-08-18T00:00:00+00:00
[2022-08-18 01:26:01,476] {processor.py:161} INFO - Processing /home/airflow/.local/lib/python3.7/site-packages/airflow/example_dags/example_branch_operator_decorator.py took 0.096 seconds
[2022-08-18 01:26:31,537] {processor.py:153} INFO - Started process (PID=829) to work on /home/airflow/.local/lib/python3.7/site-packages/airflow/example_dags/example_branch_operator_decorator.py
[2022-08-18 01:26:31,538] {processor.py:641} INFO - Processing file /home/airflow/.local/lib/python3.7/site-packages/airflow/example_dags/example_branch_operator_decorator.py for tasks to queue
[2022-08-18 01:26:31,538] {logging_mixin.py:115} INFO - [2022-08-18 01:26:31,538] {dagbag.py:508} INFO - Filling up the DagBag from /home/airflow/.local/lib/python3.7/site-packages/airflow/example_dags/example_branch_operator_decorator.py
[2022-08-18 01:26:31,557] {processor.py:651} INFO - DAG(s) dict_keys(['example_branch_python_operator_decorator']) retrieved from /home/airflow/.local/lib/python3.7/site-packages/airflow/example_dags/example_branch_operator_decorator.py
[2022-08-18 01:26:31,579] {logging_mixin.py:115} INFO - [2022-08-18 01:26:31,579] {dag.py:2420} INFO - Sync 1 DAGs
[2022-08-18 01:26:31,602] {logging_mixin.py:115} INFO - [2022-08-18 01:26:31,602] {dag.py:2972} INFO - Setting next_dagrun for example_branch_python_operator_decorator to 2022-08-17T00:00:00+00:00, run_after=2022-08-18T00:00:00+00:00
[2022-08-18 01:26:31,613] {processor.py:161} INFO - Processing /home/airflow/.local/lib/python3.7/site-packages/airflow/example_dags/example_branch_operator_decorator.py took 0.078 seconds
[2022-08-18 01:27:01,987] {processor.py:153} INFO - Started process (PID=889) to work on /home/airflow/.local/lib/python3.7/site-packages/airflow/example_dags/example_branch_operator_decorator.py
[2022-08-18 01:27:01,994] {processor.py:641} INFO - Processing file /home/airflow/.local/lib/python3.7/site-packages/airflow/example_dags/example_branch_operator_decorator.py for tasks to queue
[2022-08-18 01:27:01,994] {logging_mixin.py:115} INFO - [2022-08-18 01:27:01,994] {dagbag.py:508} INFO - Filling up the DagBag from /home/airflow/.local/lib/python3.7/site-packages/airflow/example_dags/example_branch_operator_decorator.py
[2022-08-18 01:27:02,014] {processor.py:651} INFO - DAG(s) dict_keys(['example_branch_python_operator_decorator']) retrieved from /home/airflow/.local/lib/python3.7/site-packages/airflow/example_dags/example_branch_operator_decorator.py
[2022-08-18 01:27:02,037] {logging_mixin.py:115} INFO - [2022-08-18 01:27:02,037] {dag.py:2420} INFO - Sync 1 DAGs
[2022-08-18 01:27:02,060] {logging_mixin.py:115} INFO - [2022-08-18 01:27:02,060] {dag.py:2972} INFO - Setting next_dagrun for example_branch_python_operator_decorator to 2022-08-17T00:00:00+00:00, run_after=2022-08-18T00:00:00+00:00
[2022-08-18 01:27:02,071] {processor.py:161} INFO - Processing /home/airflow/.local/lib/python3.7/site-packages/airflow/example_dags/example_branch_operator_decorator.py took 0.086 seconds
[2022-08-18 01:27:32,217] {processor.py:153} INFO - Started process (PID=941) to work on /home/airflow/.local/lib/python3.7/site-packages/airflow/example_dags/example_branch_operator_decorator.py
[2022-08-18 01:27:32,217] {processor.py:641} INFO - Processing file /home/airflow/.local/lib/python3.7/site-packages/airflow/example_dags/example_branch_operator_decorator.py for tasks to queue
[2022-08-18 01:27:32,218] {logging_mixin.py:115} INFO - [2022-08-18 01:27:32,218] {dagbag.py:508} INFO - Filling up the DagBag from /home/airflow/.local/lib/python3.7/site-packages/airflow/example_dags/example_branch_operator_decorator.py
[2022-08-18 01:27:32,234] {processor.py:651} INFO - DAG(s) dict_keys(['example_branch_python_operator_decorator']) retrieved from /home/airflow/.local/lib/python3.7/site-packages/airflow/example_dags/example_branch_operator_decorator.py
[2022-08-18 01:27:32,258] {logging_mixin.py:115} INFO - [2022-08-18 01:27:32,258] {dag.py:2420} INFO - Sync 1 DAGs
[2022-08-18 01:27:32,287] {logging_mixin.py:115} INFO - [2022-08-18 01:27:32,287] {dag.py:2972} INFO - Setting next_dagrun for example_branch_python_operator_decorator to 2022-08-17T00:00:00+00:00, run_after=2022-08-18T00:00:00+00:00
[2022-08-18 01:27:32,308] {processor.py:161} INFO - Processing /home/airflow/.local/lib/python3.7/site-packages/airflow/example_dags/example_branch_operator_decorator.py took 0.097 seconds
[2022-08-18 01:28:02,447] {processor.py:153} INFO - Started process (PID=1002) to work on /home/airflow/.local/lib/python3.7/site-packages/airflow/example_dags/example_branch_operator_decorator.py
[2022-08-18 01:28:02,448] {processor.py:641} INFO - Processing file /home/airflow/.local/lib/python3.7/site-packages/airflow/example_dags/example_branch_operator_decorator.py for tasks to queue
[2022-08-18 01:28:02,449] {logging_mixin.py:115} INFO - [2022-08-18 01:28:02,448] {dagbag.py:508} INFO - Filling up the DagBag from /home/airflow/.local/lib/python3.7/site-packages/airflow/example_dags/example_branch_operator_decorator.py
[2022-08-18 01:28:02,465] {processor.py:651} INFO - DAG(s) dict_keys(['example_branch_python_operator_decorator']) retrieved from /home/airflow/.local/lib/python3.7/site-packages/airflow/example_dags/example_branch_operator_decorator.py
[2022-08-18 01:28:02,497] {logging_mixin.py:115} INFO - [2022-08-18 01:28:02,497] {dag.py:2420} INFO - Sync 1 DAGs
[2022-08-18 01:28:02,525] {logging_mixin.py:115} INFO - [2022-08-18 01:28:02,525] {dag.py:2972} INFO - Setting next_dagrun for example_branch_python_operator_decorator to 2022-08-17T00:00:00+00:00, run_after=2022-08-18T00:00:00+00:00
[2022-08-18 01:28:02,540] {processor.py:161} INFO - Processing /home/airflow/.local/lib/python3.7/site-packages/airflow/example_dags/example_branch_operator_decorator.py took 0.097 seconds
[2022-08-18 01:28:32,990] {processor.py:153} INFO - Started process (PID=1063) to work on /home/airflow/.local/lib/python3.7/site-packages/airflow/example_dags/example_branch_operator_decorator.py
[2022-08-18 01:28:33,007] {processor.py:641} INFO - Processing file /home/airflow/.local/lib/python3.7/site-packages/airflow/example_dags/example_branch_operator_decorator.py for tasks to queue
[2022-08-18 01:28:33,008] {logging_mixin.py:115} INFO - [2022-08-18 01:28:33,008] {dagbag.py:508} INFO - Filling up the DagBag from /home/airflow/.local/lib/python3.7/site-packages/airflow/example_dags/example_branch_operator_decorator.py
[2022-08-18 01:28:33,036] {processor.py:651} INFO - DAG(s) dict_keys(['example_branch_python_operator_decorator']) retrieved from /home/airflow/.local/lib/python3.7/site-packages/airflow/example_dags/example_branch_operator_decorator.py
[2022-08-18 01:28:33,061] {logging_mixin.py:115} INFO - [2022-08-18 01:28:33,061] {dag.py:2420} INFO - Sync 1 DAGs
[2022-08-18 01:28:33,086] {logging_mixin.py:115} INFO - [2022-08-18 01:28:33,086] {dag.py:2972} INFO - Setting next_dagrun for example_branch_python_operator_decorator to 2022-08-17T00:00:00+00:00, run_after=2022-08-18T00:00:00+00:00
[2022-08-18 01:28:33,108] {processor.py:161} INFO - Processing /home/airflow/.local/lib/python3.7/site-packages/airflow/example_dags/example_branch_operator_decorator.py took 0.120 seconds
[2022-08-18 01:29:04,193] {processor.py:153} INFO - Started process (PID=1115) to work on /home/airflow/.local/lib/python3.7/site-packages/airflow/example_dags/example_branch_operator_decorator.py
[2022-08-18 01:29:04,216] {processor.py:641} INFO - Processing file /home/airflow/.local/lib/python3.7/site-packages/airflow/example_dags/example_branch_operator_decorator.py for tasks to queue
[2022-08-18 01:29:04,217] {logging_mixin.py:115} INFO - [2022-08-18 01:29:04,217] {dagbag.py:508} INFO - Filling up the DagBag from /home/airflow/.local/lib/python3.7/site-packages/airflow/example_dags/example_branch_operator_decorator.py
[2022-08-18 01:29:04,239] {processor.py:651} INFO - DAG(s) dict_keys(['example_branch_python_operator_decorator']) retrieved from /home/airflow/.local/lib/python3.7/site-packages/airflow/example_dags/example_branch_operator_decorator.py
[2022-08-18 01:29:04,263] {logging_mixin.py:115} INFO - [2022-08-18 01:29:04,262] {dag.py:2420} INFO - Sync 1 DAGs
[2022-08-18 01:29:04,286] {logging_mixin.py:115} INFO - [2022-08-18 01:29:04,286] {dag.py:2972} INFO - Setting next_dagrun for example_branch_python_operator_decorator to 2022-08-17T00:00:00+00:00, run_after=2022-08-18T00:00:00+00:00
[2022-08-18 01:29:04,309] {processor.py:161} INFO - Processing /home/airflow/.local/lib/python3.7/site-packages/airflow/example_dags/example_branch_operator_decorator.py took 0.118 seconds
[2022-08-18 01:29:34,478] {processor.py:153} INFO - Started process (PID=1176) to work on /home/airflow/.local/lib/python3.7/site-packages/airflow/example_dags/example_branch_operator_decorator.py
[2022-08-18 01:29:34,478] {processor.py:641} INFO - Processing file /home/airflow/.local/lib/python3.7/site-packages/airflow/example_dags/example_branch_operator_decorator.py for tasks to queue
[2022-08-18 01:29:34,479] {logging_mixin.py:115} INFO - [2022-08-18 01:29:34,479] {dagbag.py:508} INFO - Filling up the DagBag from /home/airflow/.local/lib/python3.7/site-packages/airflow/example_dags/example_branch_operator_decorator.py
[2022-08-18 01:29:34,494] {processor.py:651} INFO - DAG(s) dict_keys(['example_branch_python_operator_decorator']) retrieved from /home/airflow/.local/lib/python3.7/site-packages/airflow/example_dags/example_branch_operator_decorator.py
[2022-08-18 01:29:34,516] {logging_mixin.py:115} INFO - [2022-08-18 01:29:34,516] {dag.py:2420} INFO - Sync 1 DAGs
[2022-08-18 01:29:34,538] {logging_mixin.py:115} INFO - [2022-08-18 01:29:34,538] {dag.py:2972} INFO - Setting next_dagrun for example_branch_python_operator_decorator to 2022-08-17T00:00:00+00:00, run_after=2022-08-18T00:00:00+00:00
[2022-08-18 01:29:34,559] {processor.py:161} INFO - Processing /home/airflow/.local/lib/python3.7/site-packages/airflow/example_dags/example_branch_operator_decorator.py took 0.086 seconds
[2022-08-18 01:30:05,428] {processor.py:153} INFO - Started process (PID=1228) to work on /home/airflow/.local/lib/python3.7/site-packages/airflow/example_dags/example_branch_operator_decorator.py
[2022-08-18 01:30:05,428] {processor.py:641} INFO - Processing file /home/airflow/.local/lib/python3.7/site-packages/airflow/example_dags/example_branch_operator_decorator.py for tasks to queue
[2022-08-18 01:30:05,429] {logging_mixin.py:115} INFO - [2022-08-18 01:30:05,428] {dagbag.py:508} INFO - Filling up the DagBag from /home/airflow/.local/lib/python3.7/site-packages/airflow/example_dags/example_branch_operator_decorator.py
[2022-08-18 01:30:05,447] {processor.py:651} INFO - DAG(s) dict_keys(['example_branch_python_operator_decorator']) retrieved from /home/airflow/.local/lib/python3.7/site-packages/airflow/example_dags/example_branch_operator_decorator.py
[2022-08-18 01:30:05,470] {logging_mixin.py:115} INFO - [2022-08-18 01:30:05,470] {dag.py:2420} INFO - Sync 1 DAGs
[2022-08-18 01:30:05,498] {logging_mixin.py:115} INFO - [2022-08-18 01:30:05,498] {dag.py:2972} INFO - Setting next_dagrun for example_branch_python_operator_decorator to 2022-08-17T00:00:00+00:00, run_after=2022-08-18T00:00:00+00:00
[2022-08-18 01:30:05,518] {processor.py:161} INFO - Processing /home/airflow/.local/lib/python3.7/site-packages/airflow/example_dags/example_branch_operator_decorator.py took 0.094 seconds
[2022-08-18 01:30:35,666] {processor.py:153} INFO - Started process (PID=1289) to work on /home/airflow/.local/lib/python3.7/site-packages/airflow/example_dags/example_branch_operator_decorator.py
[2022-08-18 01:30:35,666] {processor.py:641} INFO - Processing file /home/airflow/.local/lib/python3.7/site-packages/airflow/example_dags/example_branch_operator_decorator.py for tasks to queue
[2022-08-18 01:30:35,667] {logging_mixin.py:115} INFO - [2022-08-18 01:30:35,667] {dagbag.py:508} INFO - Filling up the DagBag from /home/airflow/.local/lib/python3.7/site-packages/airflow/example_dags/example_branch_operator_decorator.py
[2022-08-18 01:30:35,686] {processor.py:651} INFO - DAG(s) dict_keys(['example_branch_python_operator_decorator']) retrieved from /home/airflow/.local/lib/python3.7/site-packages/airflow/example_dags/example_branch_operator_decorator.py
[2022-08-18 01:30:35,715] {logging_mixin.py:115} INFO - [2022-08-18 01:30:35,715] {dag.py:2420} INFO - Sync 1 DAGs
[2022-08-18 01:30:35,738] {logging_mixin.py:115} INFO - [2022-08-18 01:30:35,738] {dag.py:2972} INFO - Setting next_dagrun for example_branch_python_operator_decorator to 2022-08-17T00:00:00+00:00, run_after=2022-08-18T00:00:00+00:00
[2022-08-18 01:30:35,760] {processor.py:161} INFO - Processing /home/airflow/.local/lib/python3.7/site-packages/airflow/example_dags/example_branch_operator_decorator.py took 0.098 seconds
[2022-08-18 01:31:05,844] {processor.py:153} INFO - Started process (PID=1350) to work on /home/airflow/.local/lib/python3.7/site-packages/airflow/example_dags/example_branch_operator_decorator.py
[2022-08-18 01:31:05,845] {processor.py:641} INFO - Processing file /home/airflow/.local/lib/python3.7/site-packages/airflow/example_dags/example_branch_operator_decorator.py for tasks to queue
[2022-08-18 01:31:05,845] {logging_mixin.py:115} INFO - [2022-08-18 01:31:05,845] {dagbag.py:508} INFO - Filling up the DagBag from /home/airflow/.local/lib/python3.7/site-packages/airflow/example_dags/example_branch_operator_decorator.py
[2022-08-18 01:31:05,860] {processor.py:651} INFO - DAG(s) dict_keys(['example_branch_python_operator_decorator']) retrieved from /home/airflow/.local/lib/python3.7/site-packages/airflow/example_dags/example_branch_operator_decorator.py
[2022-08-18 01:31:05,889] {logging_mixin.py:115} INFO - [2022-08-18 01:31:05,889] {dag.py:2420} INFO - Sync 1 DAGs
[2022-08-18 01:31:05,920] {logging_mixin.py:115} INFO - [2022-08-18 01:31:05,919] {dag.py:2972} INFO - Setting next_dagrun for example_branch_python_operator_decorator to 2022-08-17T00:00:00+00:00, run_after=2022-08-18T00:00:00+00:00
[2022-08-18 01:31:05,942] {processor.py:161} INFO - Processing /home/airflow/.local/lib/python3.7/site-packages/airflow/example_dags/example_branch_operator_decorator.py took 0.102 seconds
[2022-08-18 01:31:36,815] {processor.py:153} INFO - Started process (PID=1402) to work on /home/airflow/.local/lib/python3.7/site-packages/airflow/example_dags/example_branch_operator_decorator.py
[2022-08-18 01:31:36,816] {processor.py:641} INFO - Processing file /home/airflow/.local/lib/python3.7/site-packages/airflow/example_dags/example_branch_operator_decorator.py for tasks to queue
[2022-08-18 01:31:36,816] {logging_mixin.py:115} INFO - [2022-08-18 01:31:36,816] {dagbag.py:508} INFO - Filling up the DagBag from /home/airflow/.local/lib/python3.7/site-packages/airflow/example_dags/example_branch_operator_decorator.py
[2022-08-18 01:31:36,836] {processor.py:651} INFO - DAG(s) dict_keys(['example_branch_python_operator_decorator']) retrieved from /home/airflow/.local/lib/python3.7/site-packages/airflow/example_dags/example_branch_operator_decorator.py
[2022-08-18 01:31:36,860] {logging_mixin.py:115} INFO - [2022-08-18 01:31:36,860] {dag.py:2420} INFO - Sync 1 DAGs
[2022-08-18 01:31:36,888] {logging_mixin.py:115} INFO - [2022-08-18 01:31:36,888] {dag.py:2972} INFO - Setting next_dagrun for example_branch_python_operator_decorator to 2022-08-17T00:00:00+00:00, run_after=2022-08-18T00:00:00+00:00
[2022-08-18 01:31:36,907] {processor.py:161} INFO - Processing /home/airflow/.local/lib/python3.7/site-packages/airflow/example_dags/example_branch_operator_decorator.py took 0.094 seconds
[2022-08-18 01:32:07,820] {processor.py:153} INFO - Started process (PID=1463) to work on /home/airflow/.local/lib/python3.7/site-packages/airflow/example_dags/example_branch_operator_decorator.py
[2022-08-18 01:32:07,820] {processor.py:641} INFO - Processing file /home/airflow/.local/lib/python3.7/site-packages/airflow/example_dags/example_branch_operator_decorator.py for tasks to queue
[2022-08-18 01:32:07,821] {logging_mixin.py:115} INFO - [2022-08-18 01:32:07,821] {dagbag.py:508} INFO - Filling up the DagBag from /home/airflow/.local/lib/python3.7/site-packages/airflow/example_dags/example_branch_operator_decorator.py
[2022-08-18 01:32:07,840] {processor.py:651} INFO - DAG(s) dict_keys(['example_branch_python_operator_decorator']) retrieved from /home/airflow/.local/lib/python3.7/site-packages/airflow/example_dags/example_branch_operator_decorator.py
[2022-08-18 01:32:07,870] {logging_mixin.py:115} INFO - [2022-08-18 01:32:07,870] {dag.py:2420} INFO - Sync 1 DAGs
[2022-08-18 01:32:07,893] {logging_mixin.py:115} INFO - [2022-08-18 01:32:07,893] {dag.py:2972} INFO - Setting next_dagrun for example_branch_python_operator_decorator to 2022-08-17T00:00:00+00:00, run_after=2022-08-18T00:00:00+00:00
[2022-08-18 01:32:07,907] {processor.py:161} INFO - Processing /home/airflow/.local/lib/python3.7/site-packages/airflow/example_dags/example_branch_operator_decorator.py took 0.091 seconds
[2022-08-18 01:32:38,092] {processor.py:153} INFO - Started process (PID=1523) to work on /home/airflow/.local/lib/python3.7/site-packages/airflow/example_dags/example_branch_operator_decorator.py
[2022-08-18 01:32:38,093] {processor.py:641} INFO - Processing file /home/airflow/.local/lib/python3.7/site-packages/airflow/example_dags/example_branch_operator_decorator.py for tasks to queue
[2022-08-18 01:32:38,093] {logging_mixin.py:115} INFO - [2022-08-18 01:32:38,093] {dagbag.py:508} INFO - Filling up the DagBag from /home/airflow/.local/lib/python3.7/site-packages/airflow/example_dags/example_branch_operator_decorator.py
[2022-08-18 01:32:38,113] {processor.py:651} INFO - DAG(s) dict_keys(['example_branch_python_operator_decorator']) retrieved from /home/airflow/.local/lib/python3.7/site-packages/airflow/example_dags/example_branch_operator_decorator.py
[2022-08-18 01:32:38,143] {logging_mixin.py:115} INFO - [2022-08-18 01:32:38,143] {dag.py:2420} INFO - Sync 1 DAGs
[2022-08-18 01:32:38,169] {logging_mixin.py:115} INFO - [2022-08-18 01:32:38,169] {dag.py:2972} INFO - Setting next_dagrun for example_branch_python_operator_decorator to 2022-08-17T00:00:00+00:00, run_after=2022-08-18T00:00:00+00:00
[2022-08-18 01:32:38,189] {processor.py:161} INFO - Processing /home/airflow/.local/lib/python3.7/site-packages/airflow/example_dags/example_branch_operator_decorator.py took 0.102 seconds
[2022-08-18 01:33:08,251] {processor.py:153} INFO - Started process (PID=1575) to work on /home/airflow/.local/lib/python3.7/site-packages/airflow/example_dags/example_branch_operator_decorator.py
[2022-08-18 01:33:08,252] {processor.py:641} INFO - Processing file /home/airflow/.local/lib/python3.7/site-packages/airflow/example_dags/example_branch_operator_decorator.py for tasks to queue
[2022-08-18 01:33:08,252] {logging_mixin.py:115} INFO - [2022-08-18 01:33:08,252] {dagbag.py:508} INFO - Filling up the DagBag from /home/airflow/.local/lib/python3.7/site-packages/airflow/example_dags/example_branch_operator_decorator.py
[2022-08-18 01:33:08,268] {processor.py:651} INFO - DAG(s) dict_keys(['example_branch_python_operator_decorator']) retrieved from /home/airflow/.local/lib/python3.7/site-packages/airflow/example_dags/example_branch_operator_decorator.py
[2022-08-18 01:33:08,296] {logging_mixin.py:115} INFO - [2022-08-18 01:33:08,296] {dag.py:2420} INFO - Sync 1 DAGs
[2022-08-18 01:33:08,320] {logging_mixin.py:115} INFO - [2022-08-18 01:33:08,320] {dag.py:2972} INFO - Setting next_dagrun for example_branch_python_operator_decorator to 2022-08-17T00:00:00+00:00, run_after=2022-08-18T00:00:00+00:00
[2022-08-18 01:33:08,341] {processor.py:161} INFO - Processing /home/airflow/.local/lib/python3.7/site-packages/airflow/example_dags/example_branch_operator_decorator.py took 0.092 seconds
[2022-08-18 01:33:38,433] {processor.py:153} INFO - Started process (PID=1636) to work on /home/airflow/.local/lib/python3.7/site-packages/airflow/example_dags/example_branch_operator_decorator.py
[2022-08-18 01:33:38,433] {processor.py:641} INFO - Processing file /home/airflow/.local/lib/python3.7/site-packages/airflow/example_dags/example_branch_operator_decorator.py for tasks to queue
[2022-08-18 01:33:38,434] {logging_mixin.py:115} INFO - [2022-08-18 01:33:38,433] {dagbag.py:508} INFO - Filling up the DagBag from /home/airflow/.local/lib/python3.7/site-packages/airflow/example_dags/example_branch_operator_decorator.py
[2022-08-18 01:33:38,450] {processor.py:651} INFO - DAG(s) dict_keys(['example_branch_python_operator_decorator']) retrieved from /home/airflow/.local/lib/python3.7/site-packages/airflow/example_dags/example_branch_operator_decorator.py
[2022-08-18 01:33:38,477] {logging_mixin.py:115} INFO - [2022-08-18 01:33:38,476] {dag.py:2420} INFO - Sync 1 DAGs
[2022-08-18 01:33:38,499] {logging_mixin.py:115} INFO - [2022-08-18 01:33:38,499] {dag.py:2972} INFO - Setting next_dagrun for example_branch_python_operator_decorator to 2022-08-17T00:00:00+00:00, run_after=2022-08-18T00:00:00+00:00
[2022-08-18 01:33:38,514] {processor.py:161} INFO - Processing /home/airflow/.local/lib/python3.7/site-packages/airflow/example_dags/example_branch_operator_decorator.py took 0.084 seconds
[2022-08-18 01:34:09,284] {processor.py:153} INFO - Started process (PID=1698) to work on /home/airflow/.local/lib/python3.7/site-packages/airflow/example_dags/example_branch_operator_decorator.py
[2022-08-18 01:34:09,284] {processor.py:641} INFO - Processing file /home/airflow/.local/lib/python3.7/site-packages/airflow/example_dags/example_branch_operator_decorator.py for tasks to queue
[2022-08-18 01:34:09,285] {logging_mixin.py:115} INFO - [2022-08-18 01:34:09,285] {dagbag.py:508} INFO - Filling up the DagBag from /home/airflow/.local/lib/python3.7/site-packages/airflow/example_dags/example_branch_operator_decorator.py
[2022-08-18 01:34:09,302] {processor.py:651} INFO - DAG(s) dict_keys(['example_branch_python_operator_decorator']) retrieved from /home/airflow/.local/lib/python3.7/site-packages/airflow/example_dags/example_branch_operator_decorator.py
[2022-08-18 01:34:09,329] {logging_mixin.py:115} INFO - [2022-08-18 01:34:09,329] {dag.py:2420} INFO - Sync 1 DAGs
[2022-08-18 01:34:09,366] {logging_mixin.py:115} INFO - [2022-08-18 01:34:09,365] {dag.py:2972} INFO - Setting next_dagrun for example_branch_python_operator_decorator to 2022-08-17T00:00:00+00:00, run_after=2022-08-18T00:00:00+00:00
[2022-08-18 01:34:09,380] {processor.py:161} INFO - Processing /home/airflow/.local/lib/python3.7/site-packages/airflow/example_dags/example_branch_operator_decorator.py took 0.099 seconds
[2022-08-18 01:34:39,446] {processor.py:153} INFO - Started process (PID=1750) to work on /home/airflow/.local/lib/python3.7/site-packages/airflow/example_dags/example_branch_operator_decorator.py
[2022-08-18 01:34:39,447] {processor.py:641} INFO - Processing file /home/airflow/.local/lib/python3.7/site-packages/airflow/example_dags/example_branch_operator_decorator.py for tasks to queue
[2022-08-18 01:34:39,447] {logging_mixin.py:115} INFO - [2022-08-18 01:34:39,447] {dagbag.py:508} INFO - Filling up the DagBag from /home/airflow/.local/lib/python3.7/site-packages/airflow/example_dags/example_branch_operator_decorator.py
[2022-08-18 01:34:39,462] {processor.py:651} INFO - DAG(s) dict_keys(['example_branch_python_operator_decorator']) retrieved from /home/airflow/.local/lib/python3.7/site-packages/airflow/example_dags/example_branch_operator_decorator.py
[2022-08-18 01:34:39,484] {logging_mixin.py:115} INFO - [2022-08-18 01:34:39,484] {dag.py:2420} INFO - Sync 1 DAGs
[2022-08-18 01:34:39,507] {logging_mixin.py:115} INFO - [2022-08-18 01:34:39,507] {dag.py:2972} INFO - Setting next_dagrun for example_branch_python_operator_decorator to 2022-08-17T00:00:00+00:00, run_after=2022-08-18T00:00:00+00:00
[2022-08-18 01:34:39,522] {processor.py:161} INFO - Processing /home/airflow/.local/lib/python3.7/site-packages/airflow/example_dags/example_branch_operator_decorator.py took 0.080 seconds
[2022-08-18 01:35:09,661] {processor.py:153} INFO - Started process (PID=1811) to work on /home/airflow/.local/lib/python3.7/site-packages/airflow/example_dags/example_branch_operator_decorator.py
[2022-08-18 01:35:09,662] {processor.py:641} INFO - Processing file /home/airflow/.local/lib/python3.7/site-packages/airflow/example_dags/example_branch_operator_decorator.py for tasks to queue
[2022-08-18 01:35:09,663] {logging_mixin.py:115} INFO - [2022-08-18 01:35:09,663] {dagbag.py:508} INFO - Filling up the DagBag from /home/airflow/.local/lib/python3.7/site-packages/airflow/example_dags/example_branch_operator_decorator.py
[2022-08-18 01:35:09,681] {processor.py:651} INFO - DAG(s) dict_keys(['example_branch_python_operator_decorator']) retrieved from /home/airflow/.local/lib/python3.7/site-packages/airflow/example_dags/example_branch_operator_decorator.py
[2022-08-18 01:35:09,708] {logging_mixin.py:115} INFO - [2022-08-18 01:35:09,708] {dag.py:2420} INFO - Sync 1 DAGs
[2022-08-18 01:35:09,731] {logging_mixin.py:115} INFO - [2022-08-18 01:35:09,731] {dag.py:2972} INFO - Setting next_dagrun for example_branch_python_operator_decorator to 2022-08-17T00:00:00+00:00, run_after=2022-08-18T00:00:00+00:00
[2022-08-18 01:35:09,751] {processor.py:161} INFO - Processing /home/airflow/.local/lib/python3.7/site-packages/airflow/example_dags/example_branch_operator_decorator.py took 0.094 seconds
[2022-08-18 01:35:40,049] {processor.py:153} INFO - Started process (PID=1864) to work on /home/airflow/.local/lib/python3.7/site-packages/airflow/example_dags/example_branch_operator_decorator.py
[2022-08-18 01:35:40,050] {processor.py:641} INFO - Processing file /home/airflow/.local/lib/python3.7/site-packages/airflow/example_dags/example_branch_operator_decorator.py for tasks to queue
[2022-08-18 01:35:40,050] {logging_mixin.py:115} INFO - [2022-08-18 01:35:40,050] {dagbag.py:508} INFO - Filling up the DagBag from /home/airflow/.local/lib/python3.7/site-packages/airflow/example_dags/example_branch_operator_decorator.py
[2022-08-18 01:35:40,067] {processor.py:651} INFO - DAG(s) dict_keys(['example_branch_python_operator_decorator']) retrieved from /home/airflow/.local/lib/python3.7/site-packages/airflow/example_dags/example_branch_operator_decorator.py
[2022-08-18 01:35:40,093] {logging_mixin.py:115} INFO - [2022-08-18 01:35:40,093] {dag.py:2420} INFO - Sync 1 DAGs
[2022-08-18 01:35:40,119] {logging_mixin.py:115} INFO - [2022-08-18 01:35:40,118] {dag.py:2972} INFO - Setting next_dagrun for example_branch_python_operator_decorator to 2022-08-17T00:00:00+00:00, run_after=2022-08-18T00:00:00+00:00
[2022-08-18 01:35:40,139] {processor.py:161} INFO - Processing /home/airflow/.local/lib/python3.7/site-packages/airflow/example_dags/example_branch_operator_decorator.py took 0.092 seconds
