[2022-08-19 19:05:13,271] {taskinstance.py:1179} INFO - Dependencies all met for <TaskInstance: Satellite_Data.using_pyspark_to_analyze_streaming_data manual__2022-08-19T19:05:02.703881+00:00 [queued]>
[2022-08-19 19:05:13,282] {taskinstance.py:1179} INFO - Dependencies all met for <TaskInstance: Satellite_Data.using_pyspark_to_analyze_streaming_data manual__2022-08-19T19:05:02.703881+00:00 [queued]>
[2022-08-19 19:05:13,282] {taskinstance.py:1376} INFO - 
--------------------------------------------------------------------------------
[2022-08-19 19:05:13,282] {taskinstance.py:1377} INFO - Starting attempt 1 of 2
[2022-08-19 19:05:13,283] {taskinstance.py:1378} INFO - 
--------------------------------------------------------------------------------
[2022-08-19 19:05:13,301] {taskinstance.py:1397} INFO - Executing <Task(PythonOperator): using_pyspark_to_analyze_streaming_data> on 2022-08-19 19:05:02.703881+00:00
[2022-08-19 19:05:13,310] {standard_task_runner.py:52} INFO - Started process 200 to run task
[2022-08-19 19:05:13,314] {standard_task_runner.py:79} INFO - Running: ['***', 'tasks', 'run', 'Satellite_Data', 'using_pyspark_to_analyze_streaming_data', 'manual__2022-08-19T19:05:02.703881+00:00', '--job-id', '136', '--raw', '--subdir', 'DAGS_FOLDER/data_loader.py', '--cfg-path', '/tmp/tmpiko_zr9w', '--error-file', '/tmp/tmpntvxmvxu']
[2022-08-19 19:05:13,315] {standard_task_runner.py:80} INFO - Job 136: Subtask using_pyspark_to_analyze_streaming_data
[2022-08-19 19:05:13,414] {task_command.py:371} INFO - Running <TaskInstance: Satellite_Data.using_pyspark_to_analyze_streaming_data manual__2022-08-19T19:05:02.703881+00:00 [running]> on host cd3dd6eb44d2
[2022-08-19 19:05:13,548] {taskinstance.py:1591} INFO - Exporting the following env vars:
AIRFLOW_CTX_DAG_OWNER=***
AIRFLOW_CTX_DAG_ID=Satellite_Data
AIRFLOW_CTX_TASK_ID=using_pyspark_to_analyze_streaming_data
AIRFLOW_CTX_EXECUTION_DATE=2022-08-19T19:05:02.703881+00:00
AIRFLOW_CTX_TRY_NUMBER=1
AIRFLOW_CTX_DAG_RUN_ID=manual__2022-08-19T19:05:02.703881+00:00
[2022-08-19 19:05:13,785] {taskinstance.py:1909} ERROR - Task failed with exception
Traceback (most recent call last):
  File "/home/airflow/.local/lib/python3.7/site-packages/airflow/operators/python.py", line 171, in execute
    return_value = self.execute_callable()
  File "/home/airflow/.local/lib/python3.7/site-packages/airflow/operators/python.py", line 189, in execute_callable
    return self.python_callable(*self.op_args, **self.op_kwargs)
  File "/opt/airflow/dags/Streaming/read_data.py", line 19, in consume_streaming_data
    .config(conf=conf) \
  File "/home/airflow/.local/lib/python3.7/site-packages/pyspark/sql/session.py", line 269, in getOrCreate
    sc = SparkContext.getOrCreate(sparkConf)
  File "/home/airflow/.local/lib/python3.7/site-packages/pyspark/context.py", line 483, in getOrCreate
    SparkContext(conf=conf or SparkConf())
  File "/home/airflow/.local/lib/python3.7/site-packages/pyspark/context.py", line 195, in __init__
    SparkContext._ensure_initialized(self, gateway=gateway, conf=conf)
  File "/home/airflow/.local/lib/python3.7/site-packages/pyspark/context.py", line 417, in _ensure_initialized
    SparkContext._gateway = gateway or launch_gateway(conf)
  File "/home/airflow/.local/lib/python3.7/site-packages/pyspark/java_gateway.py", line 106, in launch_gateway
    raise RuntimeError("Java gateway process exited before sending its port number")
RuntimeError: Java gateway process exited before sending its port number
[2022-08-19 19:05:13,800] {taskinstance.py:1420} INFO - Marking task as UP_FOR_RETRY. dag_id=Satellite_Data, task_id=using_pyspark_to_analyze_streaming_data, execution_date=20220819T190502, start_date=20220819T190513, end_date=20220819T190513
[2022-08-19 19:05:13,869] {standard_task_runner.py:97} ERROR - Failed to execute job 136 for task using_pyspark_to_analyze_streaming_data (Java gateway process exited before sending its port number; 200)
[2022-08-19 19:05:13,884] {local_task_job.py:156} INFO - Task exited with return code 1
[2022-08-19 19:05:13,934] {local_task_job.py:273} INFO - 0 downstream tasks scheduled from follow-on schedule check
